#
# There is insufficient memory for the Java Runtime Environment to continue.
# Native memory allocation (mmap) failed to map 105906176 bytes for Failed to commit area from 0x0000000090a00000 to 0x0000000096f00000 of length 105906176.
# Possible reasons:
#   The system is out of physical RAM or swap space
#   The process is running with CompressedOops enabled, and the Java Heap may be blocking the growth of the native heap
# Possible solutions:
#   Reduce memory load on the system
#   Increase physical memory or swap space
#   Check if swap backing store is full
#   Decrease Java heap size (-Xmx/-Xms)
#   Decrease number of Java threads
#   Decrease Java thread stack sizes (-Xss)
#   Set larger code cache with -XX:ReservedCodeCacheSize=
#   JVM is running with Unscaled Compressed Oops mode in which the Java heap is
#     placed in the first 4GB address space. The Java Heap base address is the
#     maximum limit for the native heap growth. Please use -XX:HeapBaseMinAddress
#     to set the Java Heap base and to place the Java Heap above 4GB virtual address.
# This output file may be truncated or incomplete.
#
#  Out of Memory Error (os_windows.cpp:3386), pid=11348, tid=13336
#
# JRE version: OpenJDK Runtime Environment Microsoft-8035250 (11.0.20+8) (build 11.0.20+8-LTS)
# Java VM: OpenJDK 64-Bit Server VM Microsoft-8035250 (11.0.20+8-LTS, mixed mode, tiered, compressed oops, g1 gc, windows-amd64)
# No core dump will be written. Minidumps are not enabled by default on client versions of Windows
#

---------------  S U M M A R Y ------------

Command Line: -XX:MaxMetaspaceSize=512m --add-opens=java.base/java.util=ALL-UNNAMED --add-opens=java.base/java.lang=ALL-UNNAMED --add-opens=java.base/java.lang.invoke=ALL-UNNAMED --add-opens=java.prefs/java.util.prefs=ALL-UNNAMED --add-opens=java.base/java.nio.charset=ALL-UNNAMED --add-opens=java.base/java.net=ALL-UNNAMED --add-opens=java.base/java.util.concurrent.atomic=ALL-UNNAMED -Xmx2048m -Dfile.encoding=windows-1252 -Duser.country=FR -Duser.language=fr -Duser.variant org.gradle.launcher.daemon.bootstrap.GradleDaemon 8.0.1

Host: AMD Athlon Silver 3050e with Radeon Graphics   , 4 cores, 3G,  Windows 10 , 64 bit Build 19041 (10.0.19041.3636)
Time: Thu Dec 21 10:45:40 2023 Paris, Madrid elapsed time: 63.788690 seconds (0d 0h 1m 3s)

---------------  T H R E A D  ---------------

Current thread (0x0000020886953000):  VMThread "VM Thread" [stack: 0x000000624e400000,0x000000624e500000] [id=13336]

Stack: [0x000000624e400000,0x000000624e500000]
[error occurred during error reporting (printing stack bounds), id 0xc0000005, EXCEPTION_ACCESS_VIOLATION (0xc0000005) at pc=0x00000208efff112d]

Native frames: (J=compiled Java code, j=interpreted, Vv=VM code, C=native code)
V  [jvm.dll+0x62e9da]
V  [jvm.dll+0x7bc4e9]
V  [jvm.dll+0x7bdbd8]
V  [jvm.dll+0x7be215]
V  [jvm.dll+0x7be1cb]
V  [jvm.dll+0x62dd67]
V  [jvm.dll+0x62e478]
C  [ntdll.dll+0xa23af]
C  [ntdll.dll+0x514b4]
C  [ntdll.dll+0xa0ebe]
C  0x00000208efff112d

VM_Operation (0x0000006251cfa6a0): G1CollectForAllocation, mode: safepoint, requested by thread 0x000002088b1b4000


---------------  P R O C E S S  ---------------

Threads class SMR info:
_java_thread_list=0x000002088e33d020, length=86, elements={
0x00000208e7872800, 0x0000020886965000, 0x000002088695c800, 0x00000208869b2800,
0x00000208869b3800, 0x00000208869b4800, 0x00000208869b8000, 0x00000208869bc000,
0x00000208869bd000, 0x0000020886c5b800, 0x0000020887db5800, 0x000002088826c800,
0x0000020887f8e000, 0x00000208870be800, 0x0000020887be4000, 0x0000020887dd1000,
0x0000020887a94800, 0x0000020887a8a800, 0x00000208869f5800, 0x00000208870fe000,
0x0000020887ab5800, 0x0000020887ab6800, 0x0000020887ab3000, 0x0000020887ab7000,
0x0000020887ab8000, 0x0000020887ab2800, 0x0000020887ab4000, 0x0000020887ab9000,
0x0000020887ab5000, 0x000002088af43000, 0x000002088af49800, 0x000002088af44000,
0x000002088af48000, 0x000002088af44800, 0x000002088af4b800, 0x000002088af4a800,
0x000002088af45800, 0x000002088af46800, 0x000002088af4c000, 0x000002088af4d000,
0x000002088af47000, 0x000002088af51000, 0x000002088af4f800, 0x000002088af52000,
0x000002088af4d800, 0x000002088af50000, 0x000002088af4e800, 0x000002088b1b1800,
0x000002088b1b7000, 0x000002088b1b5800, 0x000002088b1b6000, 0x000002088b1b8000,
0x000002088b1b4000, 0x000002088b1b2000, 0x000002088b1b3000, 0x000002088b1b4800,
0x0000020886e7d800, 0x0000020886e7e000, 0x0000020886e7b000, 0x0000020886e7c800,
0x0000020886e79000, 0x0000020886e7f000, 0x0000020886e7f800, 0x0000020886e7a000,
0x0000020886e80800, 0x0000020886e81800, 0x0000020886e7b800, 0x0000020886e85800,
0x0000020886e87000, 0x0000020886e86800, 0x0000020886e84000, 0x0000020886e88000,
0x0000020886e82000, 0x0000020886e83000, 0x0000020886e84800, 0x00000208894e3800,
0x00000208894e6000, 0x00000208894e7800, 0x00000208894e6800, 0x00000208894e4800,
0x00000208894e2800, 0x00000208894e8800, 0x00000208894e9000, 0x00000208894ea000,
0x00000208894e5000, 0x00000208894eb000
}

Java Threads: ( => current thread )
  0x00000208e7872800 JavaThread "main" [_thread_blocked, id=10428, stack(0x000000624de00000,0x000000624df00000)]
  0x0000020886965000 JavaThread "Reference Handler" daemon [_thread_blocked, id=13340, stack(0x000000624e500000,0x000000624e600000)]
  0x000002088695c800 JavaThread "Finalizer" daemon [_thread_blocked, id=13344, stack(0x000000624e600000,0x000000624e700000)]
  0x00000208869b2800 JavaThread "Signal Dispatcher" daemon [_thread_blocked, id=13348, stack(0x000000624e700000,0x000000624e800000)]
  0x00000208869b3800 JavaThread "Attach Listener" daemon [_thread_blocked, id=13352, stack(0x000000624e800000,0x000000624e900000)]
  0x00000208869b4800 JavaThread "Service Thread" daemon [_thread_blocked, id=13356, stack(0x000000624e900000,0x000000624ea00000)]
  0x00000208869b8000 JavaThread "C2 CompilerThread0" daemon [_thread_blocked, id=13360, stack(0x000000624ea00000,0x000000624eb00000)]
  0x00000208869bc000 JavaThread "C1 CompilerThread0" daemon [_thread_blocked, id=13364, stack(0x000000624eb00000,0x000000624ec00000)]
  0x00000208869bd000 JavaThread "Sweeper thread" daemon [_thread_blocked, id=13368, stack(0x000000624ec00000,0x000000624ed00000)]
  0x0000020886c5b800 JavaThread "Common-Cleaner" daemon [_thread_blocked, id=13376, stack(0x000000624ed00000,0x000000624ee00000)]
  0x0000020887db5800 JavaThread "Daemon health stats" [_thread_blocked, id=13512, stack(0x000000624f000000,0x000000624f100000)]
  0x000002088826c800 JavaThread "Incoming local TCP Connector on port 62319" [_thread_in_native, id=13556, stack(0x000000624f300000,0x000000624f400000)]
  0x0000020887f8e000 JavaThread "Daemon periodic checks" [_thread_blocked, id=13560, stack(0x000000624f400000,0x000000624f500000)]
  0x00000208870be800 JavaThread "Daemon" [_thread_blocked, id=13568, stack(0x000000624f500000,0x000000624f600000)]
  0x0000020887be4000 JavaThread "Handler for socket connection from /127.0.0.1:62319 to /127.0.0.1:62320" [_thread_in_native, id=13572, stack(0x000000624f600000,0x000000624f700000)]
  0x0000020887dd1000 JavaThread "Cancel handler" [_thread_blocked, id=13576, stack(0x000000624f700000,0x000000624f800000)]
  0x0000020887a94800 JavaThread "Daemon worker" [_thread_blocked, id=13580, stack(0x000000624f800000,0x000000624f900000)]
  0x0000020887a8a800 JavaThread "Asynchronous log dispatcher for DefaultDaemonConnection: socket connection from /127.0.0.1:62319 to /127.0.0.1:62320" [_thread_blocked, id=13592, stack(0x000000624f900000,0x000000624fa00000)]
  0x00000208869f5800 JavaThread "Stdin handler" [_thread_blocked, id=13596, stack(0x000000624fa00000,0x000000624fb00000)]
  0x00000208870fe000 JavaThread "Daemon client event forwarder" [_thread_blocked, id=13600, stack(0x000000624fb00000,0x000000624fc00000)]
  0x0000020887ab5800 JavaThread "Cache worker for journal cache (C:\Users\nana jordan\.gradle\caches\journal-1)" [_thread_blocked, id=13628, stack(0x000000624fc00000,0x000000624fd00000)]
  0x0000020887ab6800 JavaThread "File lock request listener" [_thread_in_native, id=13632, stack(0x000000624fd00000,0x000000624fe00000)]
  0x0000020887ab3000 JavaThread "Cache worker for file hash cache (C:\Users\nana jordan\.gradle\caches\8.0.1\fileHashes)" [_thread_blocked, id=13636, stack(0x000000624fe00000,0x000000624ff00000)]
  0x0000020887ab7000 JavaThread "File watcher server" daemon [_thread_blocked, id=13668, stack(0x000000624ff00000,0x0000006250000000)]
  0x0000020887ab8000 JavaThread "File watcher consumer" daemon [_thread_blocked, id=13672, stack(0x0000006250000000,0x0000006250100000)]
  0x0000020887ab2800 JavaThread "Cache worker for checksums cache (C:\Users\nana jordan\Desktop\Actif\poc_app\poc-app\android\.gradle\8.0.1\checksums)" [_thread_blocked, id=13680, stack(0x0000006250100000,0x0000006250200000)]
  0x0000020887ab4000 JavaThread "Cache worker for cache directory md-rule (C:\Users\nana jordan\.gradle\caches\8.0.1\md-rule)" [_thread_blocked, id=13684, stack(0x0000006250200000,0x0000006250300000)]
  0x0000020887ab9000 JavaThread "Cache worker for file content cache (C:\Users\nana jordan\.gradle\caches\8.0.1\fileContent)" [_thread_blocked, id=13688, stack(0x0000006250300000,0x0000006250400000)]
  0x0000020887ab5000 JavaThread "Cache worker for file hash cache (C:\Users\nana jordan\Desktop\Actif\poc_app\poc-app\android\.gradle\8.0.1\fileHashes)" [_thread_blocked, id=13692, stack(0x0000006250400000,0x0000006250500000)]
  0x000002088af43000 JavaThread "Cache worker for cache directory md-supplier (C:\Users\nana jordan\.gradle\caches\8.0.1\md-supplier)" [_thread_blocked, id=13696, stack(0x0000006250500000,0x0000006250600000)]
  0x000002088af49800 JavaThread "Cache worker for execution history cache (C:\Users\nana jordan\.gradle\caches\8.0.1\executionHistory)" [_thread_blocked, id=13704, stack(0x0000006250600000,0x0000006250700000)]
  0x000002088af44000 JavaThread "jar transforms" [_thread_blocked, id=13988, stack(0x0000006250700000,0x0000006250800000)]
  0x000002088af48000 JavaThread "jar transforms Thread 2" [_thread_blocked, id=13992, stack(0x0000006250800000,0x0000006250900000)]
  0x000002088af44800 JavaThread "jar transforms Thread 3" [_thread_blocked, id=14000, stack(0x0000006250900000,0x0000006250a00000)]
  0x000002088af4b800 JavaThread "jar transforms Thread 4" [_thread_blocked, id=14004, stack(0x0000006250a00000,0x0000006250b00000)]
  0x000002088af4a800 JavaThread "Cache worker for kotlin-dsl (C:\Users\nana jordan\.gradle\caches\8.0.1\kotlin-dsl)" [_thread_blocked, id=11336, stack(0x0000006250b00000,0x0000006250c00000)]
  0x000002088af45800 JavaThread "Cache worker for dependencies-accessors (C:\Users\nana jordan\Desktop\Actif\poc_app\poc-app\android\.gradle\8.0.1\dependencies-accessors)" [_thread_blocked, id=12180, stack(0x0000006250c00000,0x0000006250d00000)]
  0x000002088af46800 JavaThread "Cache worker for Build Output Cleanup Cache (C:\Users\nana jordan\Desktop\Actif\poc_app\poc-app\node_modules\@react-native\gradle-plugin\.gradle\buildOutputCleanup)" [_thread_blocked, id=11524, stack(0x0000006250d00000,0x0000006250e00000)]
  0x000002088af4c000 JavaThread "Unconstrained build operations" [_thread_blocked, id=13852, stack(0x0000006250e00000,0x0000006250f00000)]
  0x000002088af4d000 JavaThread "Unconstrained build operations Thread 2" [_thread_blocked, id=13848, stack(0x0000006250f00000,0x0000006251000000)]
  0x000002088af47000 JavaThread "Unconstrained build operations Thread 3" [_thread_blocked, id=13780, stack(0x0000006251000000,0x0000006251100000)]
  0x000002088af51000 JavaThread "Unconstrained build operations Thread 4" [_thread_blocked, id=13808, stack(0x0000006251100000,0x0000006251200000)]
  0x000002088af4f800 JavaThread "Unconstrained build operations Thread 5" [_thread_blocked, id=13820, stack(0x0000006251200000,0x0000006251300000)]
  0x000002088af52000 JavaThread "Unconstrained build operations Thread 6" [_thread_blocked, id=13804, stack(0x0000006251300000,0x0000006251400000)]
  0x000002088af4d800 JavaThread "Unconstrained build operations Thread 7" [_thread_blocked, id=13816, stack(0x0000006251400000,0x0000006251500000)]
  0x000002088af50000 JavaThread "Unconstrained build operations Thread 8" [_thread_blocked, id=13748, stack(0x0000006251500000,0x0000006251600000)]
  0x000002088af4e800 JavaThread "Unconstrained build operations Thread 9" [_thread_blocked, id=13784, stack(0x0000006251600000,0x0000006251700000)]
  0x000002088b1b1800 JavaThread "Unconstrained build operations Thread 10" [_thread_blocked, id=13792, stack(0x0000006251700000,0x0000006251800000)]
  0x000002088b1b7000 JavaThread "Unconstrained build operations Thread 11" [_thread_blocked, id=13828, stack(0x0000006251800000,0x0000006251900000)]
  0x000002088b1b5800 JavaThread "Unconstrained build operations Thread 12" [_thread_blocked, id=13844, stack(0x0000006251900000,0x0000006251a00000)]
  0x000002088b1b6000 JavaThread "Unconstrained build operations Thread 13" [_thread_blocked, id=13840, stack(0x0000006251a00000,0x0000006251b00000)]
  0x000002088b1b8000 JavaThread "Unconstrained build operations Thread 14" [_thread_blocked, id=13752, stack(0x0000006251b00000,0x0000006251c00000)]
  0x000002088b1b4000 JavaThread "Unconstrained build operations Thread 15" [_thread_blocked, id=13800, stack(0x0000006251c00000,0x0000006251d00000)]
  0x000002088b1b2000 JavaThread "Unconstrained build operations Thread 16" [_thread_blocked, id=13776, stack(0x0000006251d00000,0x0000006251e00000)]
  0x000002088b1b3000 JavaThread "Unconstrained build operations Thread 17" [_thread_blocked, id=13768, stack(0x0000006251e00000,0x0000006251f00000)]
  0x000002088b1b4800 JavaThread "Unconstrained build operations Thread 18" [_thread_blocked, id=13824, stack(0x0000006251f00000,0x0000006252000000)]
  0x0000020886e7d800 JavaThread "Unconstrained build operations Thread 19" [_thread_blocked, id=13744, stack(0x0000006252000000,0x0000006252100000)]
  0x0000020886e7e000 JavaThread "Unconstrained build operations Thread 20" [_thread_blocked, id=13796, stack(0x0000006252100000,0x0000006252200000)]
  0x0000020886e7b000 JavaThread "Unconstrained build operations Thread 21" [_thread_blocked, id=13812, stack(0x0000006252200000,0x0000006252300000)]
  0x0000020886e7c800 JavaThread "Unconstrained build operations Thread 22" [_thread_blocked, id=13788, stack(0x0000006252300000,0x0000006252400000)]
  0x0000020886e79000 JavaThread "Unconstrained build operations Thread 23" [_thread_blocked, id=13760, stack(0x0000006252400000,0x0000006252500000)]
  0x0000020886e7f000 JavaThread "Unconstrained build operations Thread 24" [_thread_blocked, id=13872, stack(0x0000006252500000,0x0000006252600000)]
  0x0000020886e7f800 JavaThread "Unconstrained build operations Thread 25" [_thread_blocked, id=13912, stack(0x0000006252600000,0x0000006252700000)]
  0x0000020886e7a000 JavaThread "Unconstrained build operations Thread 26" [_thread_blocked, id=13908, stack(0x0000006252700000,0x0000006252800000)]
  0x0000020886e80800 JavaThread "Memory manager" [_thread_blocked, id=13860, stack(0x0000006252800000,0x0000006252900000)]
  0x0000020886e81800 JavaThread "Cache worker for Build Output Cleanup Cache (C:\Users\nana jordan\Desktop\Actif\poc_app\poc-app\android\.gradle\buildOutputCleanup)" [_thread_blocked, id=13916, stack(0x0000006252900000,0x0000006252a00000)]
  0x0000020886e7b800 JavaThread "included builds" [_thread_blocked, id=3492, stack(0x0000006252a00000,0x0000006252b00000)]
  0x0000020886e85800 JavaThread "Execution worker" [_thread_blocked, id=13372, stack(0x0000006252b00000,0x0000006252c00000)]
  0x0000020886e87000 JavaThread "Execution worker Thread 2" [_thread_blocked, id=12992, stack(0x0000006252c00000,0x0000006252d00000)]
  0x0000020886e86800 JavaThread "Execution worker Thread 3" [_thread_blocked, id=14324, stack(0x0000006252d00000,0x0000006252e00000)]
  0x0000020886e84000 JavaThread "Cache worker for execution history cache (C:\Users\nana jordan\Desktop\Actif\poc_app\poc-app\node_modules\@react-native\gradle-plugin\.gradle\8.0.1\executionHistory)" [_thread_blocked, id=11052, stack(0x0000006252e00000,0x0000006252f00000)]
  0x0000020886e88000 JavaThread "Unconstrained build operations Thread 27" [_thread_blocked, id=5336, stack(0x0000006252f00000,0x0000006253000000)]
  0x0000020886e82000 JavaThread "Unconstrained build operations Thread 28" [_thread_blocked, id=13432, stack(0x0000006253000000,0x0000006253100000)]
  0x0000020886e83000 JavaThread "Unconstrained build operations Thread 29" [_thread_blocked, id=11200, stack(0x0000006253100000,0x0000006253200000)]
  0x0000020886e84800 JavaThread "Unconstrained build operations Thread 30" [_thread_blocked, id=14216, stack(0x0000006253200000,0x0000006253300000)]
  0x00000208894e3800 JavaThread "Unconstrained build operations Thread 31" [_thread_blocked, id=14220, stack(0x0000006253300000,0x0000006253400000)]
  0x00000208894e6000 JavaThread "Unconstrained build operations Thread 32" [_thread_blocked, id=14228, stack(0x0000006253400000,0x0000006253500000)]
  0x00000208894e7800 JavaThread "Unconstrained build operations Thread 33" [_thread_blocked, id=14232, stack(0x0000006253500000,0x0000006253600000)]
  0x00000208894e6800 JavaThread "Unconstrained build operations Thread 34" [_thread_blocked, id=14224, stack(0x0000006253600000,0x0000006253700000)]
  0x00000208894e4800 JavaThread "Unconstrained build operations Thread 35" [_thread_blocked, id=14212, stack(0x0000006253700000,0x0000006253800000)]
  0x00000208894e2800 JavaThread "Unconstrained build operations Thread 36" [_thread_blocked, id=14208, stack(0x0000006253800000,0x0000006253900000)]
  0x00000208894e8800 JavaThread "Unconstrained build operations Thread 37" [_thread_blocked, id=14204, stack(0x0000006253900000,0x0000006253a00000)]
  0x00000208894e9000 JavaThread "Unconstrained build operations Thread 38" [_thread_blocked, id=14200, stack(0x0000006253a00000,0x0000006253b00000)]
  0x00000208894ea000 JavaThread "Unconstrained build operations Thread 39" [_thread_blocked, id=14196, stack(0x0000006253b00000,0x0000006253c00000)]
  0x00000208894e5000 JavaThread "Unconstrained build operations Thread 40" [_thread_blocked, id=14192, stack(0x0000006253c00000,0x0000006253d00000)]
  0x00000208894eb000 JavaThread "Cache worker for execution history cache (C:\Users\nana jordan\Desktop\Actif\poc_app\poc-app\android\.gradle\8.0.1\executionHistory)" [_thread_blocked, id=6584, stack(0x000000624db00000,0x000000624dc00000)]

Other Threads:
=>0x0000020886953000 VMThread "VM Thread" [stack: 0x000000624e400000,0x000000624e500000] [id=13336]
  0x0000020886c8e000 WatcherThread [stack: 0x000000624ee00000,0x000000624ef00000] [id=13380]
  0x00000208e788b000 GCTaskThread "GC Thread#0" [stack: 0x000000624df00000,0x000000624e000000] [id=13316]
  0x0000020887433800 GCTaskThread "GC Thread#1" [stack: 0x000000624ef00000,0x000000624f000000] [id=13440]
  0x0000020887bc2000 GCTaskThread "GC Thread#2" [stack: 0x000000624f100000,0x000000624f200000] [id=13516]
  0x0000020887f5d000 GCTaskThread "GC Thread#3" [stack: 0x000000624f200000,0x000000624f300000] [id=13520]
  0x00000208e78c6800 ConcurrentGCThread "G1 Main Marker" [stack: 0x000000624e000000,0x000000624e100000] [id=13320]
  0x00000208e78c8800 ConcurrentGCThread "G1 Conc#0" [stack: 0x000000624e100000,0x000000624e200000] [id=13324]
  0x00000208e7910800 ConcurrentGCThread "G1 Refine#0" [stack: 0x000000624e200000,0x000000624e300000] [id=13328]
  0x00000208e7911800 ConcurrentGCThread "G1 Young RemSet Sampling" [stack: 0x000000624e300000,0x000000624e400000] [id=13332]

Threads with active compile tasks:
C2 CompilerThread0    63839 14804       4       org.gradle.internal.snapshot.SearchUtil::binarySearch (160 bytes)
C1 CompilerThread0    63839 14821   !   3       org.gradle.internal.snapshot.impl.DirectorySnapshotter::snapshot (115 bytes)

VM state:at safepoint (normal execution)

VM Mutex/Monitor currently owned by a thread:  ([mutex/lock_event])
[0x00000208e786e650] Threads_lock - owner thread: 0x0000020886953000
[0x00000208e786f610] Heap_lock - owner thread: 0x000002088b1b4000

Heap address: 0x0000000080000000, size: 2048 MB, Compressed Oops mode: 32-bit
Narrow klass base: 0x0000000000000000, Narrow klass shift: 3
Compressed class space size: 528482304 Address: 0x0000000100000000

Heap:
 garbage-first heap   total 375808K, used 178165K [0x0000000080000000, 0x0000000100000000)
  region size 1024K, 3 young (3072K), 3 survivors (3072K)
 Metaspace       used 113575K, capacity 117408K, committed 117532K, reserved 618496K
  class space    used 14793K, capacity 16287K, committed 16332K, reserved 516096K
Heap Regions: E=young(eden), S=young(survivor), O=old, HS=humongous(starts), HC=humongous(continues), CS=collection set, F=free, A=archive, TAMS=top-at-mark-start (previous, next)
|   0|0x0000000080000000, 0x0000000080100000, 0x0000000080100000|100%| O|  |TAMS 0x0000000080100000, 0x0000000080100000| Untracked 
|   1|0x0000000080100000, 0x0000000080200000, 0x0000000080200000|100%| O|  |TAMS 0x0000000080200000, 0x0000000080200000| Untracked 
|   2|0x0000000080200000, 0x0000000080300000, 0x0000000080300000|100%|HS|  |TAMS 0x0000000080300000, 0x0000000080300000| Complete 
|   3|0x0000000080300000, 0x0000000080400000, 0x0000000080400000|100%|HC|  |TAMS 0x0000000080400000, 0x0000000080400000| Complete 
|   4|0x0000000080400000, 0x0000000080500000, 0x0000000080500000|100%|HC|  |TAMS 0x0000000080500000, 0x0000000080500000| Complete 
|   5|0x0000000080500000, 0x0000000080600000, 0x0000000080600000|100%|HC|  |TAMS 0x0000000080600000, 0x0000000080600000| Complete 
|   6|0x0000000080600000, 0x0000000080700000, 0x0000000080700000|100%| O|  |TAMS 0x0000000080700000, 0x0000000080700000| Untracked 
|   7|0x0000000080700000, 0x0000000080800000, 0x0000000080800000|100%| O|  |TAMS 0x0000000080800000, 0x0000000080800000| Untracked 
|   8|0x0000000080800000, 0x0000000080900000, 0x0000000080900000|100%| O|  |TAMS 0x0000000080900000, 0x0000000080900000| Untracked 
|   9|0x0000000080900000, 0x0000000080a00000, 0x0000000080a00000|100%| O|  |TAMS 0x0000000080a00000, 0x0000000080a00000| Untracked 
|  10|0x0000000080a00000, 0x0000000080b00000, 0x0000000080b00000|100%| O|  |TAMS 0x0000000080b00000, 0x0000000080b00000| Untracked 
|  11|0x0000000080b00000, 0x0000000080c00000, 0x0000000080c00000|100%| O|  |TAMS 0x0000000080c00000, 0x0000000080c00000| Untracked 
|  12|0x0000000080c00000, 0x0000000080d00000, 0x0000000080d00000|100%| O|  |TAMS 0x0000000080d00000, 0x0000000080d00000| Untracked 
|  13|0x0000000080d00000, 0x0000000080e00000, 0x0000000080e00000|100%| O|  |TAMS 0x0000000080e00000, 0x0000000080e00000| Untracked 
|  14|0x0000000080e00000, 0x0000000080f00000, 0x0000000080f00000|100%| O|  |TAMS 0x0000000080f00000, 0x0000000080f00000| Untracked 
|  15|0x0000000080f00000, 0x0000000081000000, 0x0000000081000000|100%| O|  |TAMS 0x0000000081000000, 0x0000000081000000| Untracked 
|  16|0x0000000081000000, 0x0000000081100000, 0x0000000081100000|100%| O|  |TAMS 0x0000000081100000, 0x0000000081100000| Untracked 
|  17|0x0000000081100000, 0x0000000081200000, 0x0000000081200000|100%| O|  |TAMS 0x0000000081200000, 0x0000000081200000| Untracked 
|  18|0x0000000081200000, 0x0000000081300000, 0x0000000081300000|100%| O|  |TAMS 0x0000000081300000, 0x0000000081300000| Untracked 
|  19|0x0000000081300000, 0x0000000081400000, 0x0000000081400000|100%| O|  |TAMS 0x0000000081400000, 0x0000000081400000| Untracked 
|  20|0x0000000081400000, 0x0000000081500000, 0x0000000081500000|100%| O|  |TAMS 0x0000000081500000, 0x0000000081500000| Untracked 
|  21|0x0000000081500000, 0x0000000081600000, 0x0000000081600000|100%| O|  |TAMS 0x0000000081600000, 0x0000000081600000| Untracked 
|  22|0x0000000081600000, 0x0000000081700000, 0x0000000081700000|100%| O|  |TAMS 0x0000000081700000, 0x0000000081700000| Untracked 
|  23|0x0000000081700000, 0x0000000081800000, 0x0000000081800000|100%| O|  |TAMS 0x0000000081800000, 0x0000000081800000| Untracked 
|  24|0x0000000081800000, 0x0000000081900000, 0x0000000081900000|100%| O|  |TAMS 0x0000000081900000, 0x0000000081900000| Untracked 
|  25|0x0000000081900000, 0x0000000081a00000, 0x0000000081a00000|100%| O|  |TAMS 0x0000000081a00000, 0x0000000081a00000| Untracked 
|  26|0x0000000081a00000, 0x0000000081b00000, 0x0000000081b00000|100%| O|  |TAMS 0x0000000081b00000, 0x0000000081b00000| Untracked 
|  27|0x0000000081b00000, 0x0000000081c00000, 0x0000000081c00000|100%| O|  |TAMS 0x0000000081c00000, 0x0000000081c00000| Untracked 
|  28|0x0000000081c00000, 0x0000000081d00000, 0x0000000081d00000|100%| O|  |TAMS 0x0000000081d00000, 0x0000000081d00000| Untracked 
|  29|0x0000000081d00000, 0x0000000081e00000, 0x0000000081e00000|100%| O|  |TAMS 0x0000000081e00000, 0x0000000081e00000| Untracked 
|  30|0x0000000081e00000, 0x0000000081f00000, 0x0000000081f00000|100%| O|  |TAMS 0x0000000081f00000, 0x0000000081f00000| Untracked 
|  31|0x0000000081f00000, 0x0000000082000000, 0x0000000082000000|100%| O|  |TAMS 0x0000000082000000, 0x0000000082000000| Untracked 
|  32|0x0000000082000000, 0x0000000082100000, 0x0000000082100000|100%| O|  |TAMS 0x0000000082100000, 0x0000000082100000| Untracked 
|  33|0x0000000082100000, 0x0000000082200000, 0x0000000082200000|100%|HS|  |TAMS 0x0000000082200000, 0x0000000082200000| Complete 
|  34|0x0000000082200000, 0x0000000082300000, 0x0000000082300000|100%|HC|  |TAMS 0x0000000082300000, 0x0000000082300000| Complete 
|  35|0x0000000082300000, 0x0000000082400000, 0x0000000082400000|100%| O|  |TAMS 0x0000000082400000, 0x0000000082400000| Untracked 
|  36|0x0000000082400000, 0x0000000082500000, 0x0000000082500000|100%|HS|  |TAMS 0x0000000082500000, 0x0000000082500000| Complete 
|  37|0x0000000082500000, 0x0000000082600000, 0x0000000082600000|100%|HC|  |TAMS 0x0000000082600000, 0x0000000082600000| Complete 
|  38|0x0000000082600000, 0x0000000082700000, 0x0000000082700000|100%|HC|  |TAMS 0x0000000082700000, 0x0000000082700000| Complete 
|  39|0x0000000082700000, 0x0000000082800000, 0x0000000082800000|100%|HC|  |TAMS 0x0000000082800000, 0x0000000082800000| Complete 
|  40|0x0000000082800000, 0x0000000082900000, 0x0000000082900000|100%| O|  |TAMS 0x0000000082900000, 0x0000000082900000| Untracked 
|  41|0x0000000082900000, 0x0000000082a00000, 0x0000000082a00000|100%| O|  |TAMS 0x0000000082a00000, 0x0000000082a00000| Untracked 
|  42|0x0000000082a00000, 0x0000000082b00000, 0x0000000082b00000|100%| O|  |TAMS 0x0000000082b00000, 0x0000000082b00000| Untracked 
|  43|0x0000000082b00000, 0x0000000082c00000, 0x0000000082c00000|100%| O|  |TAMS 0x0000000082c00000, 0x0000000082c00000| Untracked 
|  44|0x0000000082c00000, 0x0000000082d00000, 0x0000000082d00000|100%| O|  |TAMS 0x0000000082d00000, 0x0000000082d00000| Untracked 
|  45|0x0000000082d00000, 0x0000000082e00000, 0x0000000082e00000|100%| O|  |TAMS 0x0000000082e00000, 0x0000000082e00000| Untracked 
|  46|0x0000000082e00000, 0x0000000082f00000, 0x0000000082f00000|100%| O|  |TAMS 0x0000000082f00000, 0x0000000082f00000| Untracked 
|  47|0x0000000082f00000, 0x0000000083000000, 0x0000000083000000|100%| O|  |TAMS 0x0000000083000000, 0x0000000083000000| Untracked 
|  48|0x0000000083000000, 0x0000000083100000, 0x0000000083100000|100%| O|  |TAMS 0x0000000083100000, 0x0000000083100000| Untracked 
|  49|0x0000000083100000, 0x0000000083200000, 0x0000000083200000|100%| O|  |TAMS 0x0000000083200000, 0x0000000083200000| Untracked 
|  50|0x0000000083200000, 0x0000000083300000, 0x0000000083300000|100%| O|  |TAMS 0x0000000083300000, 0x0000000083300000| Untracked 
|  51|0x0000000083300000, 0x0000000083400000, 0x0000000083400000|100%| O|  |TAMS 0x0000000083400000, 0x0000000083400000| Untracked 
|  52|0x0000000083400000, 0x0000000083500000, 0x0000000083500000|100%| O|  |TAMS 0x0000000083500000, 0x0000000083500000| Untracked 
|  53|0x0000000083500000, 0x0000000083600000, 0x0000000083600000|100%| O|  |TAMS 0x0000000083600000, 0x0000000083600000| Untracked 
|  54|0x0000000083600000, 0x0000000083700000, 0x0000000083700000|100%| O|  |TAMS 0x0000000083700000, 0x0000000083700000| Untracked 
|  55|0x0000000083700000, 0x0000000083800000, 0x0000000083800000|100%| O|  |TAMS 0x0000000083800000, 0x0000000083800000| Untracked 
|  56|0x0000000083800000, 0x0000000083900000, 0x0000000083900000|100%|HS|  |TAMS 0x0000000083900000, 0x0000000083900000| Complete 
|  57|0x0000000083900000, 0x0000000083a00000, 0x0000000083a00000|100%|HS|  |TAMS 0x0000000083a00000, 0x0000000083a00000| Complete 
|  58|0x0000000083a00000, 0x0000000083b00000, 0x0000000083b00000|100%| O|  |TAMS 0x0000000083b00000, 0x0000000083b00000| Untracked 
|  59|0x0000000083b00000, 0x0000000083c00000, 0x0000000083c00000|100%| O|  |TAMS 0x0000000083c00000, 0x0000000083c00000| Untracked 
|  60|0x0000000083c00000, 0x0000000083d00000, 0x0000000083d00000|100%| O|  |TAMS 0x0000000083d00000, 0x0000000083d00000| Untracked 
|  61|0x0000000083d00000, 0x0000000083e00000, 0x0000000083e00000|100%| O|  |TAMS 0x0000000083e00000, 0x0000000083e00000| Untracked 
|  62|0x0000000083e00000, 0x0000000083f00000, 0x0000000083f00000|100%| O|  |TAMS 0x0000000083f00000, 0x0000000083f00000| Untracked 
|  63|0x0000000083f00000, 0x0000000084000000, 0x0000000084000000|100%| O|  |TAMS 0x0000000084000000, 0x0000000084000000| Untracked 
|  64|0x0000000084000000, 0x0000000084100000, 0x0000000084100000|100%| O|  |TAMS 0x0000000084100000, 0x0000000084100000| Untracked 
|  65|0x0000000084100000, 0x0000000084200000, 0x0000000084200000|100%| O|  |TAMS 0x0000000084200000, 0x0000000084200000| Untracked 
|  66|0x0000000084200000, 0x0000000084300000, 0x0000000084300000|100%| O|  |TAMS 0x0000000084300000, 0x0000000084300000| Untracked 
|  67|0x0000000084300000, 0x0000000084400000, 0x0000000084400000|100%| O|  |TAMS 0x0000000084400000, 0x0000000084400000| Untracked 
|  68|0x0000000084400000, 0x0000000084500000, 0x0000000084500000|100%| O|  |TAMS 0x0000000084500000, 0x0000000084500000| Untracked 
|  69|0x0000000084500000, 0x0000000084600000, 0x0000000084600000|100%| O|  |TAMS 0x0000000084600000, 0x0000000084600000| Untracked 
|  70|0x0000000084600000, 0x0000000084700000, 0x0000000084700000|100%| O|  |TAMS 0x0000000084700000, 0x0000000084700000| Untracked 
|  71|0x0000000084700000, 0x0000000084800000, 0x0000000084800000|100%| O|  |TAMS 0x0000000084800000, 0x0000000084800000| Untracked 
|  72|0x0000000084800000, 0x0000000084900000, 0x0000000084900000|100%| O|  |TAMS 0x0000000084900000, 0x0000000084900000| Untracked 
|  73|0x0000000084900000, 0x0000000084a00000, 0x0000000084a00000|100%| O|  |TAMS 0x0000000084a00000, 0x0000000084a00000| Untracked 
|  74|0x0000000084a00000, 0x0000000084b00000, 0x0000000084b00000|100%| O|  |TAMS 0x0000000084b00000, 0x0000000084b00000| Untracked 
|  75|0x0000000084b00000, 0x0000000084c00000, 0x0000000084c00000|100%| O|  |TAMS 0x0000000084c00000, 0x0000000084c00000| Untracked 
|  76|0x0000000084c00000, 0x0000000084d00000, 0x0000000084d00000|100%| O|  |TAMS 0x0000000084d00000, 0x0000000084d00000| Untracked 
|  77|0x0000000084d00000, 0x0000000084e00000, 0x0000000084e00000|100%|HS|  |TAMS 0x0000000084e00000, 0x0000000084e00000| Complete 
|  78|0x0000000084e00000, 0x0000000084f00000, 0x0000000084f00000|100%| O|  |TAMS 0x0000000084f00000, 0x0000000084f00000| Untracked 
|  79|0x0000000084f00000, 0x0000000085000000, 0x0000000085000000|100%| O|  |TAMS 0x0000000085000000, 0x0000000085000000| Untracked 
|  80|0x0000000085000000, 0x0000000085100000, 0x0000000085100000|100%| O|  |TAMS 0x0000000085100000, 0x0000000085100000| Untracked 
|  81|0x0000000085100000, 0x0000000085200000, 0x0000000085200000|100%| O|  |TAMS 0x0000000085200000, 0x0000000085200000| Untracked 
|  82|0x0000000085200000, 0x0000000085300000, 0x0000000085300000|100%| O|  |TAMS 0x0000000085300000, 0x0000000085300000| Untracked 
|  83|0x0000000085300000, 0x0000000085400000, 0x0000000085400000|100%| O|  |TAMS 0x0000000085400000, 0x0000000085400000| Untracked 
|  84|0x0000000085400000, 0x0000000085500000, 0x0000000085500000|100%| O|  |TAMS 0x0000000085500000, 0x0000000085500000| Untracked 
|  85|0x0000000085500000, 0x0000000085600000, 0x0000000085600000|100%| O|  |TAMS 0x0000000085600000, 0x0000000085600000| Untracked 
|  86|0x0000000085600000, 0x0000000085700000, 0x0000000085700000|100%|HS|  |TAMS 0x0000000085700000, 0x0000000085700000| Complete 
|  87|0x0000000085700000, 0x0000000085800000, 0x0000000085800000|100%|HS|  |TAMS 0x0000000085800000, 0x0000000085800000| Complete 
|  88|0x0000000085800000, 0x0000000085900000, 0x0000000085900000|100%|HC|  |TAMS 0x0000000085900000, 0x0000000085900000| Complete 
|  89|0x0000000085900000, 0x0000000085a00000, 0x0000000085a00000|100%|HC|  |TAMS 0x0000000085a00000, 0x0000000085a00000| Complete 
|  90|0x0000000085a00000, 0x0000000085b00000, 0x0000000085b00000|100%|HS|  |TAMS 0x0000000085b00000, 0x0000000085b00000| Complete 
|  91|0x0000000085b00000, 0x0000000085c00000, 0x0000000085c00000|100%|HC|  |TAMS 0x0000000085c00000, 0x0000000085c00000| Complete 
|  92|0x0000000085c00000, 0x0000000085d00000, 0x0000000085d00000|100%| O|  |TAMS 0x0000000085d00000, 0x0000000085d00000| Untracked 
|  93|0x0000000085d00000, 0x0000000085e00000, 0x0000000085e00000|100%| O|  |TAMS 0x0000000085e00000, 0x0000000085e00000| Untracked 
|  94|0x0000000085e00000, 0x0000000085f00000, 0x0000000085f00000|100%| O|  |TAMS 0x0000000085f00000, 0x0000000085f00000| Untracked 
|  95|0x0000000085f00000, 0x0000000086000000, 0x0000000086000000|100%| O|  |TAMS 0x0000000086000000, 0x0000000086000000| Untracked 
|  96|0x0000000086000000, 0x0000000086100000, 0x0000000086100000|100%| O|  |TAMS 0x0000000086100000, 0x0000000086100000| Untracked 
|  97|0x0000000086100000, 0x0000000086200000, 0x0000000086200000|100%| O|  |TAMS 0x0000000086200000, 0x0000000086200000| Untracked 
|  98|0x0000000086200000, 0x0000000086300000, 0x0000000086300000|100%| O|  |TAMS 0x0000000086300000, 0x0000000086300000| Untracked 
|  99|0x0000000086300000, 0x0000000086400000, 0x0000000086400000|100%| O|  |TAMS 0x0000000086400000, 0x0000000086400000| Untracked 
| 100|0x0000000086400000, 0x0000000086500000, 0x0000000086500000|100%| O|  |TAMS 0x0000000086500000, 0x0000000086500000| Untracked 
| 101|0x0000000086500000, 0x0000000086600000, 0x0000000086600000|100%| O|  |TAMS 0x0000000086600000, 0x0000000086600000| Untracked 
| 102|0x0000000086600000, 0x0000000086700000, 0x0000000086700000|100%|HS|  |TAMS 0x0000000086700000, 0x0000000086700000| Complete 
| 103|0x0000000086700000, 0x0000000086800000, 0x0000000086800000|100%|HS|  |TAMS 0x0000000086800000, 0x0000000086800000| Complete 
| 104|0x0000000086800000, 0x0000000086900000, 0x0000000086900000|100%|HS|  |TAMS 0x0000000086900000, 0x0000000086900000| Complete 
| 105|0x0000000086900000, 0x0000000086a00000, 0x0000000086a00000|100%|HS|  |TAMS 0x0000000086a00000, 0x0000000086a00000| Complete 
| 106|0x0000000086a00000, 0x0000000086b00000, 0x0000000086b00000|100%|HC|  |TAMS 0x0000000086b00000, 0x0000000086b00000| Complete 
| 107|0x0000000086b00000, 0x0000000086c00000, 0x0000000086c00000|100%|HC|  |TAMS 0x0000000086c00000, 0x0000000086c00000| Complete 
| 108|0x0000000086c00000, 0x0000000086d00000, 0x0000000086d00000|100%| O|  |TAMS 0x0000000086d00000, 0x0000000086d00000| Untracked 
| 109|0x0000000086d00000, 0x0000000086e00000, 0x0000000086e00000|100%| O|  |TAMS 0x0000000086e00000, 0x0000000086e00000| Untracked 
| 110|0x0000000086e00000, 0x0000000086f00000, 0x0000000086f00000|100%| O|  |TAMS 0x0000000086f00000, 0x0000000086f00000| Untracked 
| 111|0x0000000086f00000, 0x0000000087000000, 0x0000000087000000|100%| O|  |TAMS 0x0000000087000000, 0x0000000087000000| Untracked 
| 112|0x0000000087000000, 0x0000000087100000, 0x0000000087100000|100%| O|  |TAMS 0x0000000087100000, 0x0000000087100000| Untracked 
| 113|0x0000000087100000, 0x0000000087200000, 0x0000000087200000|100%| O|  |TAMS 0x0000000087200000, 0x0000000087200000| Untracked 
| 114|0x0000000087200000, 0x0000000087300000, 0x0000000087300000|100%| O|  |TAMS 0x0000000087300000, 0x0000000087300000| Untracked 
| 115|0x0000000087300000, 0x0000000087400000, 0x0000000087400000|100%| O|  |TAMS 0x0000000087400000, 0x0000000087400000| Untracked 
| 116|0x0000000087400000, 0x0000000087500000, 0x0000000087500000|100%| O|  |TAMS 0x0000000087500000, 0x0000000087500000| Untracked 
| 117|0x0000000087500000, 0x0000000087600000, 0x0000000087600000|100%| O|  |TAMS 0x0000000087600000, 0x0000000087600000| Untracked 
| 118|0x0000000087600000, 0x0000000087700000, 0x0000000087700000|100%|HS|  |TAMS 0x0000000087700000, 0x0000000087700000| Complete 
| 119|0x0000000087700000, 0x0000000087800000, 0x0000000087800000|100%|HC|  |TAMS 0x0000000087800000, 0x0000000087800000| Complete 
| 120|0x0000000087800000, 0x0000000087900000, 0x0000000087900000|100%|HS|  |TAMS 0x0000000087900000, 0x0000000087900000| Complete 
| 121|0x0000000087900000, 0x0000000087a00000, 0x0000000087a00000|100%|HC|  |TAMS 0x0000000087a00000, 0x0000000087a00000| Complete 
| 122|0x0000000087a00000, 0x0000000087b00000, 0x0000000087b00000|100%|HC|  |TAMS 0x0000000087b00000, 0x0000000087b00000| Complete 
| 123|0x0000000087b00000, 0x0000000087c00000, 0x0000000087c00000|100%|HC|  |TAMS 0x0000000087c00000, 0x0000000087c00000| Complete 
| 124|0x0000000087c00000, 0x0000000087d00000, 0x0000000087d00000|100%| O|  |TAMS 0x0000000087d00000, 0x0000000087d00000| Untracked 
| 125|0x0000000087d00000, 0x0000000087e00000, 0x0000000087e00000|100%| O|  |TAMS 0x0000000087e00000, 0x0000000087e00000| Untracked 
| 126|0x0000000087e00000, 0x0000000087f00000, 0x0000000087f00000|100%| O|  |TAMS 0x0000000087f00000, 0x0000000087f00000| Untracked 
| 127|0x0000000087f00000, 0x0000000088000000, 0x0000000088000000|100%| O|  |TAMS 0x0000000088000000, 0x0000000088000000| Untracked 
| 128|0x0000000088000000, 0x0000000088100000, 0x0000000088100000|100%| O|  |TAMS 0x0000000088100000, 0x0000000088100000| Untracked 
| 129|0x0000000088100000, 0x0000000088200000, 0x0000000088200000|100%| O|  |TAMS 0x0000000088200000, 0x0000000088200000| Untracked 
| 130|0x0000000088200000, 0x0000000088300000, 0x0000000088300000|100%| O|  |TAMS 0x0000000088300000, 0x0000000088300000| Untracked 
| 131|0x0000000088300000, 0x0000000088400000, 0x0000000088400000|100%| O|  |TAMS 0x0000000088400000, 0x0000000088400000| Untracked 
| 132|0x0000000088400000, 0x0000000088500000, 0x0000000088500000|100%| O|  |TAMS 0x0000000088500000, 0x0000000088500000| Untracked 
| 133|0x0000000088500000, 0x0000000088600000, 0x0000000088600000|100%| O|  |TAMS 0x0000000088600000, 0x0000000088600000| Untracked 
| 134|0x0000000088600000, 0x0000000088700000, 0x0000000088700000|100%| O|  |TAMS 0x0000000088700000, 0x0000000088700000| Untracked 
| 135|0x0000000088700000, 0x0000000088800000, 0x0000000088800000|100%| O|  |TAMS 0x0000000088800000, 0x0000000088800000| Untracked 
| 136|0x0000000088800000, 0x0000000088900000, 0x0000000088900000|100%| O|  |TAMS 0x0000000088900000, 0x0000000088900000| Untracked 
| 137|0x0000000088900000, 0x0000000088a00000, 0x0000000088a00000|100%|HS|  |TAMS 0x0000000088a00000, 0x0000000088a00000| Complete 
| 138|0x0000000088a00000, 0x0000000088b00000, 0x0000000088b00000|100%|HS|  |TAMS 0x0000000088b00000, 0x0000000088b00000| Complete 
| 139|0x0000000088b00000, 0x0000000088c00000, 0x0000000088c00000|100%| O|  |TAMS 0x0000000088c00000, 0x0000000088c00000| Untracked 
| 140|0x0000000088c00000, 0x0000000088d00000, 0x0000000088d00000|100%| O|  |TAMS 0x0000000088d00000, 0x0000000088d00000| Untracked 
| 141|0x0000000088d00000, 0x0000000088e00000, 0x0000000088e00000|100%| O|  |TAMS 0x0000000088e00000, 0x0000000088e00000| Untracked 
| 142|0x0000000088e00000, 0x0000000088f00000, 0x0000000088f00000|100%| O|  |TAMS 0x0000000088f00000, 0x0000000088f00000| Untracked 
| 143|0x0000000088f00000, 0x0000000089000000, 0x0000000089000000|100%| O|  |TAMS 0x0000000089000000, 0x0000000089000000| Untracked 
| 144|0x0000000089000000, 0x0000000089100000, 0x0000000089100000|100%| O|  |TAMS 0x0000000089100000, 0x0000000089100000| Untracked 
| 145|0x0000000089100000, 0x0000000089200000, 0x0000000089200000|100%| O|  |TAMS 0x0000000089200000, 0x0000000089200000| Untracked 
| 146|0x0000000089200000, 0x0000000089300000, 0x0000000089300000|100%| O|  |TAMS 0x0000000089300000, 0x0000000089300000| Untracked 
| 147|0x0000000089300000, 0x0000000089400000, 0x0000000089400000|100%| O|  |TAMS 0x0000000089400000, 0x0000000089400000| Untracked 
| 148|0x0000000089400000, 0x0000000089500000, 0x0000000089500000|100%| O|  |TAMS 0x0000000089500000, 0x0000000089500000| Untracked 
| 149|0x0000000089500000, 0x0000000089600000, 0x0000000089600000|100%| O|  |TAMS 0x0000000089600000, 0x0000000089600000| Untracked 
| 150|0x0000000089600000, 0x0000000089700000, 0x0000000089700000|100%| O|  |TAMS 0x0000000089700000, 0x0000000089700000| Untracked 
| 151|0x0000000089700000, 0x0000000089800000, 0x0000000089800000|100%| O|  |TAMS 0x0000000089800000, 0x0000000089800000| Untracked 
| 152|0x0000000089800000, 0x0000000089900000, 0x0000000089900000|100%| O|  |TAMS 0x0000000089900000, 0x0000000089900000| Untracked 
| 153|0x0000000089900000, 0x0000000089a00000, 0x0000000089a00000|100%| O|  |TAMS 0x0000000089a00000, 0x0000000089a00000| Untracked 
| 154|0x0000000089a00000, 0x0000000089b00000, 0x0000000089b00000|100%| O|  |TAMS 0x0000000089b00000, 0x0000000089b00000| Untracked 
| 155|0x0000000089b00000, 0x0000000089c00000, 0x0000000089c00000|100%| O|  |TAMS 0x0000000089c00000, 0x0000000089c00000| Untracked 
| 156|0x0000000089c00000, 0x0000000089d00000, 0x0000000089d00000|100%| O|  |TAMS 0x0000000089d00000, 0x0000000089d00000| Untracked 
| 157|0x0000000089d00000, 0x0000000089e00000, 0x0000000089e00000|100%| O|  |TAMS 0x0000000089e00000, 0x0000000089e00000| Untracked 
| 158|0x0000000089e00000, 0x0000000089f00000, 0x0000000089f00000|100%| O|  |TAMS 0x0000000089f00000, 0x0000000089f00000| Untracked 
| 159|0x0000000089f00000, 0x000000008a000000, 0x000000008a000000|100%| O|  |TAMS 0x000000008a000000, 0x000000008a000000| Untracked 
| 160|0x000000008a000000, 0x000000008a100000, 0x000000008a100000|100%| O|  |TAMS 0x000000008a100000, 0x000000008a100000| Untracked 
| 161|0x000000008a100000, 0x000000008a200000, 0x000000008a200000|100%| O|  |TAMS 0x000000008a200000, 0x000000008a200000| Untracked 
| 162|0x000000008a200000, 0x000000008a300000, 0x000000008a300000|100%| O|  |TAMS 0x000000008a300000, 0x000000008a300000| Untracked 
| 163|0x000000008a300000, 0x000000008a400000, 0x000000008a400000|100%| O|  |TAMS 0x000000008a400000, 0x000000008a400000| Untracked 
| 164|0x000000008a400000, 0x000000008a500000, 0x000000008a500000|100%| O|  |TAMS 0x000000008a400000, 0x000000008a500000| Untracked 
| 165|0x000000008a500000, 0x000000008a600000, 0x000000008a600000|100%| O|  |TAMS 0x000000008a500000, 0x000000008a600000| Untracked 
| 166|0x000000008a600000, 0x000000008a700000, 0x000000008a700000|100%| O|  |TAMS 0x000000008a600000, 0x000000008a700000| Untracked 
| 167|0x000000008a700000, 0x000000008a800000, 0x000000008a800000|100%| O|  |TAMS 0x000000008a700000, 0x000000008a800000| Untracked 
| 168|0x000000008a800000, 0x000000008a900000, 0x000000008a900000|100%| O|  |TAMS 0x000000008a800000, 0x000000008a900000| Untracked 
| 169|0x000000008a900000, 0x000000008aa00000, 0x000000008aa00000|100%| O|  |TAMS 0x000000008a900000, 0x000000008aa00000| Untracked 
| 170|0x000000008aa00000, 0x000000008ab00000, 0x000000008ab00000|100%| O|  |TAMS 0x000000008aa00000, 0x000000008ab00000| Untracked 
| 171|0x000000008ab00000, 0x000000008ab30800, 0x000000008ac00000| 18%| O|  |TAMS 0x000000008ab00000, 0x000000008ab30800| Untracked 
| 172|0x000000008ac00000, 0x000000008ac00000, 0x000000008ad00000|  0%| F|  |TAMS 0x000000008ac00000, 0x000000008ac00000| Untracked 
| 173|0x000000008ad00000, 0x000000008ad00000, 0x000000008ae00000|  0%| F|  |TAMS 0x000000008ad00000, 0x000000008ad00000| Untracked 
| 174|0x000000008ae00000, 0x000000008ae00000, 0x000000008af00000|  0%| F|  |TAMS 0x000000008ae00000, 0x000000008ae00000| Untracked 
| 175|0x000000008af00000, 0x000000008af00000, 0x000000008b000000|  0%| F|  |TAMS 0x000000008af00000, 0x000000008af00000| Untracked 
| 176|0x000000008b000000, 0x000000008b000000, 0x000000008b100000|  0%| F|  |TAMS 0x000000008b000000, 0x000000008b000000| Untracked 
| 177|0x000000008b100000, 0x000000008b100000, 0x000000008b200000|  0%| F|  |TAMS 0x000000008b100000, 0x000000008b100000| Untracked 
| 178|0x000000008b200000, 0x000000008b200000, 0x000000008b300000|  0%| F|  |TAMS 0x000000008b200000, 0x000000008b200000| Untracked 
| 179|0x000000008b300000, 0x000000008b300000, 0x000000008b400000|  0%| F|  |TAMS 0x000000008b300000, 0x000000008b300000| Untracked 
| 180|0x000000008b400000, 0x000000008b400000, 0x000000008b500000|  0%| F|  |TAMS 0x000000008b400000, 0x000000008b400000| Untracked 
| 181|0x000000008b500000, 0x000000008b500000, 0x000000008b600000|  0%| F|  |TAMS 0x000000008b500000, 0x000000008b500000| Untracked 
| 182|0x000000008b600000, 0x000000008b600000, 0x000000008b700000|  0%| F|  |TAMS 0x000000008b600000, 0x000000008b600000| Untracked 
| 183|0x000000008b700000, 0x000000008b700000, 0x000000008b800000|  0%| F|  |TAMS 0x000000008b700000, 0x000000008b700000| Untracked 
| 184|0x000000008b800000, 0x000000008b800000, 0x000000008b900000|  0%| F|  |TAMS 0x000000008b800000, 0x000000008b800000| Untracked 
| 185|0x000000008b900000, 0x000000008b900000, 0x000000008ba00000|  0%| F|  |TAMS 0x000000008b900000, 0x000000008b900000| Untracked 
| 186|0x000000008ba00000, 0x000000008ba00000, 0x000000008bb00000|  0%| F|  |TAMS 0x000000008ba00000, 0x000000008ba00000| Untracked 
| 187|0x000000008bb00000, 0x000000008bb00000, 0x000000008bc00000|  0%| F|  |TAMS 0x000000008bb00000, 0x000000008bb00000| Untracked 
| 188|0x000000008bc00000, 0x000000008bc00000, 0x000000008bd00000|  0%| F|  |TAMS 0x000000008bc00000, 0x000000008bc00000| Untracked 
| 189|0x000000008bd00000, 0x000000008bd00000, 0x000000008be00000|  0%| F|  |TAMS 0x000000008bd00000, 0x000000008bd00000| Untracked 
| 190|0x000000008be00000, 0x000000008be00000, 0x000000008bf00000|  0%| F|  |TAMS 0x000000008be00000, 0x000000008be00000| Untracked 
| 191|0x000000008bf00000, 0x000000008bf00000, 0x000000008c000000|  0%| F|  |TAMS 0x000000008bf00000, 0x000000008bf00000| Untracked 
| 192|0x000000008c000000, 0x000000008c000000, 0x000000008c100000|  0%| F|  |TAMS 0x000000008c000000, 0x000000008c000000| Untracked 
| 193|0x000000008c100000, 0x000000008c100000, 0x000000008c200000|  0%| F|  |TAMS 0x000000008c100000, 0x000000008c100000| Untracked 
| 194|0x000000008c200000, 0x000000008c200000, 0x000000008c300000|  0%| F|  |TAMS 0x000000008c200000, 0x000000008c200000| Untracked 
| 195|0x000000008c300000, 0x000000008c300000, 0x000000008c400000|  0%| F|  |TAMS 0x000000008c300000, 0x000000008c300000| Untracked 
| 196|0x000000008c400000, 0x000000008c400000, 0x000000008c500000|  0%| F|  |TAMS 0x000000008c400000, 0x000000008c400000| Untracked 
| 197|0x000000008c500000, 0x000000008c500000, 0x000000008c600000|  0%| F|  |TAMS 0x000000008c500000, 0x000000008c500000| Untracked 
| 198|0x000000008c600000, 0x000000008c600000, 0x000000008c700000|  0%| F|  |TAMS 0x000000008c600000, 0x000000008c600000| Untracked 
| 199|0x000000008c700000, 0x000000008c700000, 0x000000008c800000|  0%| F|  |TAMS 0x000000008c700000, 0x000000008c700000| Untracked 
| 200|0x000000008c800000, 0x000000008c800000, 0x000000008c900000|  0%| F|  |TAMS 0x000000008c800000, 0x000000008c800000| Untracked 
| 201|0x000000008c900000, 0x000000008c900000, 0x000000008ca00000|  0%| F|  |TAMS 0x000000008c900000, 0x000000008c900000| Untracked 
| 202|0x000000008ca00000, 0x000000008ca00000, 0x000000008cb00000|  0%| F|  |TAMS 0x000000008ca00000, 0x000000008ca00000| Untracked 
| 203|0x000000008cb00000, 0x000000008cb00000, 0x000000008cc00000|  0%| F|  |TAMS 0x000000008cb00000, 0x000000008cb00000| Untracked 
| 204|0x000000008cc00000, 0x000000008cc00000, 0x000000008cd00000|  0%| F|  |TAMS 0x000000008cc00000, 0x000000008cc00000| Untracked 
| 205|0x000000008cd00000, 0x000000008cd00000, 0x000000008ce00000|  0%| F|  |TAMS 0x000000008cd00000, 0x000000008cd00000| Untracked 
| 206|0x000000008ce00000, 0x000000008ce00000, 0x000000008cf00000|  0%| F|  |TAMS 0x000000008ce00000, 0x000000008ce00000| Untracked 
| 207|0x000000008cf00000, 0x000000008cf00000, 0x000000008d000000|  0%| F|  |TAMS 0x000000008cf00000, 0x000000008cf00000| Untracked 
| 208|0x000000008d000000, 0x000000008d000000, 0x000000008d100000|  0%| F|  |TAMS 0x000000008d000000, 0x000000008d000000| Untracked 
| 209|0x000000008d100000, 0x000000008d100000, 0x000000008d200000|  0%| F|  |TAMS 0x000000008d100000, 0x000000008d100000| Untracked 
| 210|0x000000008d200000, 0x000000008d200000, 0x000000008d300000|  0%| F|  |TAMS 0x000000008d200000, 0x000000008d200000| Untracked 
| 211|0x000000008d300000, 0x000000008d300000, 0x000000008d400000|  0%| F|  |TAMS 0x000000008d300000, 0x000000008d300000| Untracked 
| 212|0x000000008d400000, 0x000000008d400000, 0x000000008d500000|  0%| F|  |TAMS 0x000000008d400000, 0x000000008d400000| Untracked 
| 213|0x000000008d500000, 0x000000008d500000, 0x000000008d600000|  0%| F|  |TAMS 0x000000008d500000, 0x000000008d500000| Untracked 
| 214|0x000000008d600000, 0x000000008d600000, 0x000000008d700000|  0%| F|  |TAMS 0x000000008d600000, 0x000000008d600000| Untracked 
| 215|0x000000008d700000, 0x000000008d700000, 0x000000008d800000|  0%| F|  |TAMS 0x000000008d700000, 0x000000008d700000| Untracked 
| 216|0x000000008d800000, 0x000000008d8cccc0, 0x000000008d900000| 79%| S|CS|TAMS 0x000000008d800000, 0x000000008d800000| Complete 
| 217|0x000000008d900000, 0x000000008da00000, 0x000000008da00000|100%| S|CS|TAMS 0x000000008d900000, 0x000000008d900000| Complete 
| 218|0x000000008da00000, 0x000000008db00000, 0x000000008db00000|100%| S|CS|TAMS 0x000000008da00000, 0x000000008da00000| Complete 
| 219|0x000000008db00000, 0x000000008db00000, 0x000000008dc00000|  0%| F|  |TAMS 0x000000008db00000, 0x000000008db00000| Untracked 
| 220|0x000000008dc00000, 0x000000008dc00000, 0x000000008dd00000|  0%| F|  |TAMS 0x000000008dc00000, 0x000000008dc00000| Untracked 
| 221|0x000000008dd00000, 0x000000008dd00000, 0x000000008de00000|  0%| F|  |TAMS 0x000000008dd00000, 0x000000008dd00000| Untracked 
| 222|0x000000008de00000, 0x000000008de00000, 0x000000008df00000|  0%| F|  |TAMS 0x000000008de00000, 0x000000008de00000| Untracked 
| 223|0x000000008df00000, 0x000000008df00000, 0x000000008e000000|  0%| F|  |TAMS 0x000000008df00000, 0x000000008df00000| Untracked 
| 224|0x000000008e000000, 0x000000008e000000, 0x000000008e100000|  0%| F|  |TAMS 0x000000008e000000, 0x000000008e000000| Untracked 
| 225|0x000000008e100000, 0x000000008e100000, 0x000000008e200000|  0%| F|  |TAMS 0x000000008e100000, 0x000000008e100000| Untracked 
| 226|0x000000008e200000, 0x000000008e200000, 0x000000008e300000|  0%| F|  |TAMS 0x000000008e200000, 0x000000008e200000| Untracked 
| 227|0x000000008e300000, 0x000000008e300000, 0x000000008e400000|  0%| F|  |TAMS 0x000000008e300000, 0x000000008e300000| Untracked 
| 228|0x000000008e400000, 0x000000008e400000, 0x000000008e500000|  0%| F|  |TAMS 0x000000008e400000, 0x000000008e400000| Untracked 
| 229|0x000000008e500000, 0x000000008e500000, 0x000000008e600000|  0%| F|  |TAMS 0x000000008e500000, 0x000000008e500000| Untracked 
| 230|0x000000008e600000, 0x000000008e600000, 0x000000008e700000|  0%| F|  |TAMS 0x000000008e600000, 0x000000008e600000| Untracked 
| 231|0x000000008e700000, 0x000000008e700000, 0x000000008e800000|  0%| F|  |TAMS 0x000000008e700000, 0x000000008e700000| Untracked 
| 232|0x000000008e800000, 0x000000008e800000, 0x000000008e900000|  0%| F|  |TAMS 0x000000008e800000, 0x000000008e800000| Untracked 
| 233|0x000000008e900000, 0x000000008e900000, 0x000000008ea00000|  0%| F|  |TAMS 0x000000008e900000, 0x000000008e900000| Untracked 
| 234|0x000000008ea00000, 0x000000008ea00000, 0x000000008eb00000|  0%| F|  |TAMS 0x000000008ea00000, 0x000000008ea00000| Untracked 
| 235|0x000000008eb00000, 0x000000008eb00000, 0x000000008ec00000|  0%| F|  |TAMS 0x000000008eb00000, 0x000000008eb00000| Untracked 
| 236|0x000000008ec00000, 0x000000008ec00000, 0x000000008ed00000|  0%| F|  |TAMS 0x000000008ec00000, 0x000000008ec00000| Untracked 
| 237|0x000000008ed00000, 0x000000008ed00000, 0x000000008ee00000|  0%| F|  |TAMS 0x000000008ed00000, 0x000000008ed00000| Untracked 
| 238|0x000000008ee00000, 0x000000008ee00000, 0x000000008ef00000|  0%| F|  |TAMS 0x000000008ee00000, 0x000000008ee00000| Untracked 
| 239|0x000000008ef00000, 0x000000008ef00000, 0x000000008f000000|  0%| F|  |TAMS 0x000000008ef00000, 0x000000008ef00000| Untracked 
| 240|0x000000008f000000, 0x000000008f000000, 0x000000008f100000|  0%| F|  |TAMS 0x000000008f000000, 0x000000008f000000| Untracked 
| 241|0x000000008f100000, 0x000000008f100000, 0x000000008f200000|  0%| F|  |TAMS 0x000000008f100000, 0x000000008f100000| Untracked 
| 242|0x000000008f200000, 0x000000008f200000, 0x000000008f300000|  0%| F|  |TAMS 0x000000008f200000, 0x000000008f200000| Untracked 
| 243|0x000000008f300000, 0x000000008f300000, 0x000000008f400000|  0%| F|  |TAMS 0x000000008f300000, 0x000000008f300000| Untracked 
| 244|0x000000008f400000, 0x000000008f400000, 0x000000008f500000|  0%| F|  |TAMS 0x000000008f400000, 0x000000008f400000| Untracked 
| 245|0x000000008f500000, 0x000000008f500000, 0x000000008f600000|  0%| F|  |TAMS 0x000000008f500000, 0x000000008f500000| Untracked 
| 246|0x000000008f600000, 0x000000008f600000, 0x000000008f700000|  0%| F|  |TAMS 0x000000008f600000, 0x000000008f600000| Untracked 
| 247|0x000000008f700000, 0x000000008f700000, 0x000000008f800000|  0%| F|  |TAMS 0x000000008f700000, 0x000000008f700000| Untracked 
| 248|0x000000008f800000, 0x000000008f800000, 0x000000008f900000|  0%| F|  |TAMS 0x000000008f800000, 0x000000008f800000| Untracked 
| 249|0x000000008f900000, 0x000000008f900000, 0x000000008fa00000|  0%| F|  |TAMS 0x000000008f900000, 0x000000008f900000| Untracked 
| 250|0x000000008fa00000, 0x000000008fa00000, 0x000000008fb00000|  0%| F|  |TAMS 0x000000008fa00000, 0x000000008fa00000| Untracked 
| 251|0x000000008fb00000, 0x000000008fb00000, 0x000000008fc00000|  0%| F|  |TAMS 0x000000008fb00000, 0x000000008fb00000| Untracked 
| 252|0x000000008fc00000, 0x000000008fc00000, 0x000000008fd00000|  0%| F|  |TAMS 0x000000008fc00000, 0x000000008fc00000| Untracked 
| 253|0x000000008fd00000, 0x000000008fd00000, 0x000000008fe00000|  0%| F|  |TAMS 0x000000008fd00000, 0x000000008fd00000| Untracked 
| 254|0x000000008fe00000, 0x000000008fe00000, 0x000000008ff00000|  0%| F|  |TAMS 0x000000008fe00000, 0x000000008fe00000| Untracked 
| 255|0x000000008ff00000, 0x000000008ff00000, 0x0000000090000000|  0%| F|  |TAMS 0x000000008ff00000, 0x000000008ff00000| Untracked 
| 256|0x0000000090000000, 0x0000000090000000, 0x0000000090100000|  0%| F|  |TAMS 0x0000000090000000, 0x0000000090000000| Untracked 
| 257|0x0000000090100000, 0x0000000090100000, 0x0000000090200000|  0%| F|  |TAMS 0x0000000090100000, 0x0000000090100000| Untracked 
| 258|0x0000000090200000, 0x0000000090200000, 0x0000000090300000|  0%| F|  |TAMS 0x0000000090200000, 0x0000000090200000| Untracked 
| 259|0x0000000090300000, 0x0000000090300000, 0x0000000090400000|  0%| F|  |TAMS 0x0000000090300000, 0x0000000090300000| Untracked 
| 260|0x0000000090400000, 0x0000000090400000, 0x0000000090500000|  0%| F|  |TAMS 0x0000000090400000, 0x0000000090400000| Untracked 
| 261|0x0000000090500000, 0x0000000090500000, 0x0000000090600000|  0%| F|  |TAMS 0x0000000090500000, 0x0000000090500000| Untracked 
| 262|0x0000000090600000, 0x0000000090600000, 0x0000000090700000|  0%| F|  |TAMS 0x0000000090600000, 0x0000000090600000| Untracked 
| 263|0x0000000090700000, 0x0000000090700000, 0x0000000090800000|  0%| F|  |TAMS 0x0000000090700000, 0x0000000090700000| Untracked 
| 264|0x0000000090800000, 0x0000000090800000, 0x0000000090900000|  0%| F|  |TAMS 0x0000000090800000, 0x0000000090800000| Untracked 
| 265|0x0000000090900000, 0x0000000090900000, 0x0000000090a00000|  0%| F|  |TAMS 0x0000000090900000, 0x0000000090900000| Untracked 

Card table byte_map: [0x00000208ff3f0000,0x00000208ff7f0000] _byte_map_base: 0x00000208feff0000

Marking Bits (Prev, Next): (CMBitMap*) 0x00000208e78bd8a8, (CMBitMap*) 0x00000208e78bd8e0
 Prev Bits: [0x0000020880000000, 0x0000020882000000)
 Next Bits: [0x0000020882000000, 0x0000020884000000)

Polling page: 0x00000208e5820000

Metaspace:

Usage:
  Non-class:     98.75 MB capacity,    96.47 MB ( 98%) used,     1.93 MB (  2%) free+waste,   364.69 KB ( <1%) overhead. 
      Class:     15.91 MB capacity,    14.45 MB ( 91%) used,     1.30 MB (  8%) free+waste,   165.19 KB (  1%) overhead. 
       Both:    114.66 MB capacity,   110.91 MB ( 97%) used,     3.22 MB (  3%) free+waste,   529.88 KB ( <1%) overhead. 

Virtual space:
  Non-class space:      100.00 MB reserved,      98.83 MB ( 99%) committed 
      Class space:      504.00 MB reserved,      15.95 MB (  3%) committed 
             Both:      604.00 MB reserved,     114.78 MB ( 19%) committed 

Chunk freelists:
   Non-Class:  15.00 KB
       Class:  0 bytes
        Both:  15.00 KB

MaxMetaspaceSize: 512.00 MB
CompressedClassSpaceSize: 504.00 MB
Initial GC threshold: 20.80 MB
Current GC threshold: 189.42 MB
CDS: off

CodeHeap 'non-profiled nmethods': size=120064Kb used=6238Kb max_used=6238Kb free=113825Kb
 bounds [0x00000208f7ab0000, 0x00000208f80d0000, 0x00000208feff0000]
CodeHeap 'profiled nmethods': size=120000Kb used=26985Kb max_used=26985Kb free=93014Kb
 bounds [0x00000208f0580000, 0x00000208f1fe0000, 0x00000208f7ab0000]
CodeHeap 'non-nmethods': size=5696Kb used=2401Kb max_used=2447Kb free=3294Kb
 bounds [0x00000208efff0000, 0x00000208f0260000, 0x00000208f0580000]
 total_blobs=15246 nmethods=14315 adapters=843
 compilation: enabled
              stopped_count=0, restarted_count=0
 full_count=0

Compilation events (20 events):
Event: 63.744 Thread 0x00000208869bc000 nmethod 14810 0x00000208f1fd0d90 code [0x00000208f1fd0f60, 0x00000208f1fd1368]
Event: 63.744 Thread 0x00000208869bc000 14812       3       java.nio.ByteBuffer::order (48 bytes)
Event: 63.744 Thread 0x00000208869bc000 nmethod 14812 0x00000208f1fd1590 code [0x00000208f1fd1740, 0x00000208f1fd1978]
Event: 63.744 Thread 0x00000208869bc000 14811       3       org.gradle.internal.snapshot.DirectorySnapshot$$Lambda$1323/0x0000000100fd4840::<init> (10 bytes)
Event: 63.744 Thread 0x00000208869bc000 nmethod 14811 0x00000208f1fd1a10 code [0x00000208f1fd1bc0, 0x00000208f1fd1d78]
Event: 63.746 Thread 0x00000208869b8000 nmethod 14798 0x00000208f80c6c10 code [0x00000208f80c6dc0, 0x00000208f80c77b8]
Event: 63.746 Thread 0x00000208869b8000 14804       4       org.gradle.internal.snapshot.SearchUtil::binarySearch (160 bytes)
Event: 63.746 Thread 0x00000208869bc000 14813       3       org.gradle.internal.execution.steps.ResolveCachingStateStep$$Lambda$623/0x00000001006a8840::get$Lambda (10 bytes)
Event: 63.746 Thread 0x00000208869bc000 nmethod 14813 0x00000208f1fd1e10 code [0x00000208f1fd1fe0, 0x00000208f1fd2298]
Event: 63.746 Thread 0x00000208869bc000 14814       3       org.gradle.internal.execution.caching.CachingState::apply (10 bytes)
Event: 63.747 Thread 0x00000208869bc000 nmethod 14814 0x00000208f1fd2390 code [0x00000208f1fd2540, 0x00000208f1fd2708]
Event: 63.747 Thread 0x00000208869bc000 14816       3       org.gradle.internal.execution.history.changes.InputValueChanges::<init> (131 bytes)
Event: 63.751 Thread 0x00000208869bc000 nmethod 14816 0x00000208f1fd2810 code [0x00000208f1fd2c00, 0x00000208f1fd4e58]
Event: 63.751 Thread 0x00000208869bc000 14815       3       org.gradle.internal.execution.steps.ResolveChangesStep$$Lambda$541/0x00000001005e0c40::get$Lambda (14 bytes)
Event: 63.751 Thread 0x00000208869bc000 nmethod 14815 0x00000208f1fd5910 code [0x00000208f1fd5ae0, 0x00000208f1fd5eb8]
Event: 63.751 Thread 0x00000208869bc000 14818       3       org.gradle.internal.snapshot.DirectorySnapshot::getChildSnapshot (30 bytes)
Event: 63.754 Thread 0x00000208869bc000 nmethod 14818 0x00000208f1fd6010 code [0x00000208f1fd6320, 0x00000208f1fd7618]
Event: 63.754 Thread 0x00000208869bc000 14820       3       org.gradle.internal.file.impl.DefaultFileMetadata::directory (52 bytes)
Event: 63.754 Thread 0x00000208869bc000 nmethod 14820 0x00000208f1fd7c90 code [0x00000208f1fd7e60, 0x00000208f1fd80e8]
Event: 63.754 Thread 0x00000208869bc000 14821   !   3       org.gradle.internal.snapshot.impl.DirectorySnapshotter::snapshot (115 bytes)

GC Heap History (20 events):
Event: 56.131 GC heap after
{Heap after GC invocations=72 (full 0):
 garbage-first heap   total 177152K, used 147400K [0x0000000080000000, 0x0000000100000000)
  region size 1024K, 2 young (2048K), 2 survivors (2048K)
 Metaspace       used 102649K, capacity 106246K, committed 106396K, reserved 608256K
  class space    used 13456K, capacity 14886K, committed 14924K, reserved 516096K
}
Event: 56.284 GC heap before
{Heap before GC invocations=72 (full 0):
 garbage-first heap   total 177152K, used 154568K [0x0000000080000000, 0x0000000100000000)
  region size 1024K, 9 young (9216K), 2 survivors (2048K)
 Metaspace       used 102683K, capacity 106311K, committed 106396K, reserved 608256K
  class space    used 13456K, capacity 14886K, committed 14924K, reserved 516096K
}
Event: 56.295 GC heap after
{Heap after GC invocations=73 (full 0):
 garbage-first heap   total 177152K, used 149498K [0x0000000080000000, 0x0000000100000000)
  region size 1024K, 2 young (2048K), 2 survivors (2048K)
 Metaspace       used 102683K, capacity 106311K, committed 106396K, reserved 608256K
  class space    used 13456K, capacity 14886K, committed 14924K, reserved 516096K
}
Event: 56.417 GC heap before
{Heap before GC invocations=73 (full 0):
 garbage-first heap   total 177152K, used 155642K [0x0000000080000000, 0x0000000100000000)
  region size 1024K, 8 young (8192K), 2 survivors (2048K)
 Metaspace       used 102945K, capacity 106578K, committed 106780K, reserved 608256K
  class space    used 13490K, capacity 14930K, committed 15052K, reserved 516096K
}
Event: 56.428 GC heap after
{Heap after GC invocations=74 (full 0):
 garbage-first heap   total 212992K, used 150468K [0x0000000080000000, 0x0000000100000000)
  region size 1024K, 1 young (1024K), 1 survivors (1024K)
 Metaspace       used 102945K, capacity 106578K, committed 106780K, reserved 608256K
  class space    used 13490K, capacity 14930K, committed 15052K, reserved 516096K
}
Event: 56.956 GC heap before
{Heap before GC invocations=75 (full 0):
 garbage-first heap   total 212992K, used 174020K [0x0000000080000000, 0x0000000100000000)
  region size 1024K, 24 young (24576K), 1 survivors (1024K)
 Metaspace       used 104928K, capacity 108579K, committed 108828K, reserved 610304K
  class space    used 13772K, capacity 15228K, committed 15308K, reserved 516096K
}
Event: 56.966 GC heap after
{Heap after GC invocations=76 (full 0):
 garbage-first heap   total 212992K, used 151652K [0x0000000080000000, 0x0000000100000000)
  region size 1024K, 3 young (3072K), 3 survivors (3072K)
 Metaspace       used 104928K, capacity 108579K, committed 108828K, reserved 610304K
  class space    used 13772K, capacity 15228K, committed 15308K, reserved 516096K
}
Event: 57.809 GC heap before
{Heap before GC invocations=76 (full 0):
 garbage-first heap   total 212992K, used 175204K [0x0000000080000000, 0x0000000100000000)
  region size 1024K, 26 young (26624K), 3 survivors (3072K)
 Metaspace       used 107857K, capacity 111615K, committed 111772K, reserved 612352K
  class space    used 14166K, capacity 15631K, committed 15692K, reserved 516096K
}
Event: 57.827 GC heap after
{Heap after GC invocations=77 (full 0):
 garbage-first heap   total 212992K, used 153393K [0x0000000080000000, 0x0000000100000000)
  region size 1024K, 4 young (4096K), 4 survivors (4096K)
 Metaspace       used 107857K, capacity 111615K, committed 111772K, reserved 612352K
  class space    used 14166K, capacity 15631K, committed 15692K, reserved 516096K
}
Event: 58.861 GC heap before
{Heap before GC invocations=78 (full 0):
 garbage-first heap   total 212992K, used 177969K [0x0000000080000000, 0x0000000100000000)
  region size 1024K, 28 young (28672K), 4 survivors (4096K)
 Metaspace       used 108472K, capacity 112172K, committed 112412K, reserved 614400K
  class space    used 14248K, capacity 15706K, committed 15820K, reserved 516096K
}
Event: 58.888 GC heap after
{Heap after GC invocations=79 (full 0):
 garbage-first heap   total 212992K, used 156787K [0x0000000080000000, 0x0000000100000000)
  region size 1024K, 4 young (4096K), 4 survivors (4096K)
 Metaspace       used 108472K, capacity 112172K, committed 112412K, reserved 614400K
  class space    used 14248K, capacity 15706K, committed 15820K, reserved 516096K
}
Event: 59.446 GC heap before
{Heap before GC invocations=79 (full 0):
 garbage-first heap   total 212992K, used 179315K [0x0000000080000000, 0x0000000100000000)
  region size 1024K, 26 young (26624K), 4 survivors (4096K)
 Metaspace       used 109259K, capacity 113076K, committed 113308K, reserved 614400K
  class space    used 14338K, capacity 15820K, committed 15948K, reserved 516096K
}
Event: 59.475 GC heap after
{Heap after GC invocations=80 (full 0):
 garbage-first heap   total 272384K, used 161002K [0x0000000080000000, 0x0000000100000000)
  region size 1024K, 4 young (4096K), 4 survivors (4096K)
 Metaspace       used 109259K, capacity 113076K, committed 113308K, reserved 614400K
  class space    used 14338K, capacity 15820K, committed 15948K, reserved 516096K
}
Event: 60.525 GC heap before
{Heap before GC invocations=81 (full 0):
 garbage-first heap   total 272384K, used 201962K [0x0000000080000000, 0x0000000100000000)
  region size 1024K, 44 young (45056K), 4 survivors (4096K)
 Metaspace       used 109768K, capacity 113454K, committed 113820K, reserved 614400K
  class space    used 14371K, capacity 15829K, committed 15948K, reserved 516096K
}
Event: 60.560 GC heap after
{Heap after GC invocations=82 (full 0):
 garbage-first heap   total 272384K, used 167638K [0x0000000080000000, 0x0000000100000000)
  region size 1024K, 6 young (6144K), 6 survivors (6144K)
 Metaspace       used 109768K, capacity 113454K, committed 113820K, reserved 614400K
  class space    used 14371K, capacity 15829K, committed 15948K, reserved 516096K
}
Event: 61.415 GC heap before
{Heap before GC invocations=82 (full 0):
 garbage-first heap   total 272384K, used 208598K [0x0000000080000000, 0x0000000100000000)
  region size 1024K, 46 young (47104K), 6 survivors (6144K)
 Metaspace       used 111896K, capacity 115712K, committed 115868K, reserved 616448K
  class space    used 14624K, capacity 16125K, committed 16204K, reserved 516096K
}
Event: 61.438 GC heap after
{Heap after GC invocations=83 (full 0):
 garbage-first heap   total 272384K, used 171286K [0x0000000080000000, 0x0000000100000000)
  region size 1024K, 4 young (4096K), 4 survivors (4096K)
 Metaspace       used 111896K, capacity 115712K, committed 115868K, reserved 616448K
  class space    used 14624K, capacity 16125K, committed 16204K, reserved 516096K
}
Event: 62.653 GC heap before
{Heap before GC invocations=84 (full 0):
 garbage-first heap   total 272384K, used 211222K [0x0000000080000000, 0x0000000100000000)
  region size 1024K, 44 young (45056K), 4 survivors (4096K)
 Metaspace       used 112826K, capacity 116585K, committed 116764K, reserved 618496K
  class space    used 14726K, capacity 16250K, committed 16332K, reserved 516096K
}
Event: 62.679 GC heap after
{Heap after GC invocations=85 (full 0):
 garbage-first heap   total 272384K, used 175104K [0x0000000080000000, 0x0000000100000000)
  region size 1024K, 6 young (6144K), 6 survivors (6144K)
 Metaspace       used 112826K, capacity 116585K, committed 116764K, reserved 618496K
  class space    used 14726K, capacity 16250K, committed 16332K, reserved 516096K
}
Event: 63.758 GC heap before
{Heap before GC invocations=85 (full 0):
 garbage-first heap   total 272384K, used 216064K [0x0000000080000000, 0x0000000100000000)
  region size 1024K, 47 young (48128K), 6 survivors (6144K)
 Metaspace       used 113575K, capacity 117408K, committed 117532K, reserved 618496K
  class space    used 14793K, capacity 16287K, committed 16332K, reserved 516096K
}

Deoptimization events (20 events):
Event: 63.665 Thread 0x000002088b1b4800 Uncommon trap: reason=array_check action=maybe_recompile pc=0x00000208f80c31cc method=java.util.TimSort.binarySort([Ljava/lang/Object;IIILjava/util/Comparator;)V @ 193 c2
Event: 63.665 Thread 0x000002088b1b4800 DEOPT PACKING pc=0x00000208f80c31cc sp=0x0000006251ffd290
Event: 63.665 Thread 0x0000020886e7f800 DEOPT UNPACKING pc=0x00000208f003a1af sp=0x00000062526fd2d8 mode 2
Event: 63.665 Thread 0x000002088b1b4800 DEOPT UNPACKING pc=0x00000208f003a1af sp=0x0000006251ffd238 mode 2
Event: 63.677 Thread 0x0000020886e86800 Uncommon trap: trap_request=0xffffffd6 fr.pc=0x00000208f80c31cc relative=0x000000000000078c
Event: 63.677 Thread 0x0000020886e86800 Uncommon trap: reason=array_check action=maybe_recompile pc=0x00000208f80c31cc method=java.util.TimSort.binarySort([Ljava/lang/Object;IIILjava/util/Comparator;)V @ 193 c2
Event: 63.677 Thread 0x0000020886e86800 DEOPT PACKING pc=0x00000208f80c31cc sp=0x0000006252dfa580
Event: 63.677 Thread 0x0000020886e86800 DEOPT UNPACKING pc=0x00000208f003a1af sp=0x0000006252dfa528 mode 2
Event: 63.678 Thread 0x000002088b1b4000 Uncommon trap: trap_request=0xffffffd6 fr.pc=0x00000208f80c31cc relative=0x000000000000078c
Event: 63.678 Thread 0x000002088b1b4000 Uncommon trap: reason=array_check action=maybe_recompile pc=0x00000208f80c31cc method=java.util.TimSort.binarySort([Ljava/lang/Object;IIILjava/util/Comparator;)V @ 193 c2
Event: 63.678 Thread 0x000002088b1b4000 DEOPT PACKING pc=0x00000208f80c31cc sp=0x0000006251cfd3e0
Event: 63.678 Thread 0x000002088b1b4000 DEOPT UNPACKING pc=0x00000208f003a1af sp=0x0000006251cfd388 mode 2
Event: 63.748 Thread 0x000002088b1b4800 Uncommon trap: trap_request=0xffffffd6 fr.pc=0x00000208f80c74bc relative=0x00000000000006fc
Event: 63.748 Thread 0x000002088b1b4800 Uncommon trap: reason=array_check action=maybe_recompile pc=0x00000208f80c74bc method=java.util.TimSort.binarySort([Ljava/lang/Object;IIILjava/util/Comparator;)V @ 215 c2
Event: 63.748 Thread 0x000002088b1b4800 DEOPT PACKING pc=0x00000208f80c74bc sp=0x0000006251ffd290
Event: 63.748 Thread 0x000002088b1b4800 DEOPT UNPACKING pc=0x00000208f003a1af sp=0x0000006251ffd238 mode 2
Event: 63.751 Thread 0x0000020886e86800 Uncommon trap: trap_request=0xffffffd6 fr.pc=0x00000208f80c74bc relative=0x00000000000006fc
Event: 63.751 Thread 0x0000020886e86800 Uncommon trap: reason=array_check action=maybe_recompile pc=0x00000208f80c74bc method=java.util.TimSort.binarySort([Ljava/lang/Object;IIILjava/util/Comparator;)V @ 215 c2
Event: 63.751 Thread 0x0000020886e86800 DEOPT PACKING pc=0x00000208f80c74bc sp=0x0000006252dfa580
Event: 63.751 Thread 0x0000020886e86800 DEOPT UNPACKING pc=0x00000208f003a1af sp=0x0000006252dfa528 mode 2

Classes redefined (0 events):
No events

Internal exceptions (20 events):
Event: 63.507 Thread 0x0000020886e86800 Exception <a 'sun/nio/fs/WindowsException'{0x000000008e82cc48}> (0x000000008e82cc48) thrown at [s\src\hotspot\share\prims\jni.cpp, line 617]
Event: 63.508 Thread 0x0000020886e86800 Exception <a 'sun/nio/fs/WindowsException'{0x000000008e82f298}> (0x000000008e82f298) thrown at [s\src\hotspot\share\prims\jni.cpp, line 617]
Event: 63.513 Thread 0x0000020886e86800 Exception <a 'sun/nio/fs/WindowsException'{0x000000008e84f3d8}> (0x000000008e84f3d8) thrown at [s\src\hotspot\share\prims\jni.cpp, line 617]
Event: 63.518 Thread 0x0000020886e86800 Exception <a 'sun/nio/fs/WindowsException'{0x000000008e86be00}> (0x000000008e86be00) thrown at [s\src\hotspot\share\prims\jni.cpp, line 617]
Event: 63.519 Thread 0x0000020886e86800 Exception <a 'sun/nio/fs/WindowsException'{0x000000008e86e5f0}> (0x000000008e86e5f0) thrown at [s\src\hotspot\share\prims\jni.cpp, line 617]
Event: 63.523 Thread 0x0000020886e86800 Exception <a 'sun/nio/fs/WindowsException'{0x000000008e87e198}> (0x000000008e87e198) thrown at [s\src\hotspot\share\prims\jni.cpp, line 617]
Event: 63.524 Thread 0x0000020886e86800 Exception <a 'sun/nio/fs/WindowsException'{0x000000008e88f688}> (0x000000008e88f688) thrown at [s\src\hotspot\share\prims\jni.cpp, line 617]
Event: 63.528 Thread 0x0000020886e86800 Exception <a 'sun/nio/fs/WindowsException'{0x000000008e89eb30}> (0x000000008e89eb30) thrown at [s\src\hotspot\share\prims\jni.cpp, line 617]
Event: 63.529 Thread 0x0000020886e86800 Exception <a 'sun/nio/fs/WindowsException'{0x000000008e8a10a0}> (0x000000008e8a10a0) thrown at [s\src\hotspot\share\prims\jni.cpp, line 617]
Event: 63.534 Thread 0x0000020886e86800 Exception <a 'sun/nio/fs/WindowsException'{0x000000008e8b07c0}> (0x000000008e8b07c0) thrown at [s\src\hotspot\share\prims\jni.cpp, line 617]
Event: 63.534 Thread 0x0000020886e86800 Exception <a 'sun/nio/fs/WindowsException'{0x000000008e8b2a28}> (0x000000008e8b2a28) thrown at [s\src\hotspot\share\prims\jni.cpp, line 617]
Event: 63.539 Thread 0x0000020886e86800 Exception <a 'sun/nio/fs/WindowsException'{0x000000008e8c5e10}> (0x000000008e8c5e10) thrown at [s\src\hotspot\share\prims\jni.cpp, line 617]
Event: 63.540 Thread 0x0000020886e86800 Exception <a 'sun/nio/fs/WindowsException'{0x000000008e8c8038}> (0x000000008e8c8038) thrown at [s\src\hotspot\share\prims\jni.cpp, line 617]
Event: 63.544 Thread 0x0000020886e86800 Exception <a 'sun/nio/fs/WindowsException'{0x000000008e8d7568}> (0x000000008e8d7568) thrown at [s\src\hotspot\share\prims\jni.cpp, line 617]
Event: 63.545 Thread 0x0000020886e86800 Exception <a 'sun/nio/fs/WindowsException'{0x000000008e8d9830}> (0x000000008e8d9830) thrown at [s\src\hotspot\share\prims\jni.cpp, line 617]
Event: 63.551 Thread 0x0000020886e86800 Exception <a 'sun/nio/fs/WindowsException'{0x000000008e8eb8f8}> (0x000000008e8eb8f8) thrown at [s\src\hotspot\share\prims\jni.cpp, line 617]
Event: 63.552 Thread 0x0000020886e86800 Exception <a 'sun/nio/fs/WindowsException'{0x000000008e8eda50}> (0x000000008e8eda50) thrown at [s\src\hotspot\share\prims\jni.cpp, line 617]
Event: 63.552 Thread 0x0000020886e86800 Exception <a 'sun/nio/fs/WindowsException'{0x000000008e8efdc8}> (0x000000008e8efdc8) thrown at [s\src\hotspot\share\prims\jni.cpp, line 617]
Event: 63.553 Thread 0x0000020886e86800 Exception <a 'sun/nio/fs/WindowsException'{0x000000008e8f2030}> (0x000000008e8f2030) thrown at [s\src\hotspot\share\prims\jni.cpp, line 617]
Event: 63.582 Thread 0x0000020886e86800 Exception <a 'java/lang/NoSuchMethodError'{0x000000008e752dd0}: <clinit>> (0x000000008e752dd0) thrown at [s\src\hotspot\share\prims\jni.cpp, line 1367]

Events (20 events):
Event: 63.582 loading class java/io/ObjectStreamClass$3 done
Event: 63.582 loading class java/io/ObjectStreamClass$4
Event: 63.582 loading class java/io/ObjectStreamClass$4 done
Event: 63.582 loading class java/io/ObjectStreamClass$5
Event: 63.582 loading class java/io/ObjectStreamClass$5 done
Event: 63.583 loading class java/io/ObjectStreamClass$ClassDataSlot
Event: 63.583 loading class java/io/ObjectStreamClass$ClassDataSlot done
Event: 63.583 loading class jdk/internal/reflect/UnsafeQualifiedStaticLongFieldAccessorImpl
Event: 63.584 loading class jdk/internal/reflect/UnsafeQualifiedStaticLongFieldAccessorImpl done
Event: 63.585 loading class com/android/build/gradle/internal/core/dsl/impl/ApplicationVariantDslInfoImpl$computeVersionNameSuffix$2
Event: 63.585 loading class com/android/build/gradle/internal/core/dsl/impl/ApplicationVariantDslInfoImpl$computeVersionNameSuffix$2 done
Event: 63.617 Executing VM operation: RevokeBias
Event: 63.618 Executing VM operation: RevokeBias done
Event: 63.618 Executing VM operation: RevokeBias
Event: 63.618 Executing VM operation: RevokeBias done
Event: 63.627 loading class com/android/build/gradle/internal/publishing/AndroidArtifacts$ClassesDirFormat
Event: 63.627 loading class com/android/build/gradle/internal/publishing/AndroidArtifacts$ClassesDirFormat done
Event: 63.670 loading class org/gradle/api/internal/artifacts/transform/TransformationResult$Builder$PartOfInputArtifact
Event: 63.670 loading class org/gradle/api/internal/artifacts/transform/TransformationResult$Builder$PartOfInputArtifact done
Event: 63.757 Executing VM operation: G1CollectForAllocation


Dynamic libraries:
0x00007ff65b300000 - 0x00007ff65b30d000 	C:\Program Files\Microsoft\jdk-11.0.20.8-hotspot\bin\java.exe
0x00007ffe023f0000 - 0x00007ffe025e8000 	C:\WINDOWS\SYSTEM32\ntdll.dll
0x00007ffe00c10000 - 0x00007ffe00ccd000 	C:\WINDOWS\System32\KERNEL32.DLL
0x00007ffdffeb0000 - 0x00007ffe001a6000 	C:\WINDOWS\System32\KERNELBASE.dll
0x00007ffdffb80000 - 0x00007ffdffc80000 	C:\WINDOWS\System32\ucrtbase.dll
0x00007ffdf5880000 - 0x00007ffdf5895000 	C:\Program Files\Microsoft\jdk-11.0.20.8-hotspot\bin\VCRUNTIME140.dll
0x00007ffdf5770000 - 0x00007ffdf5787000 	C:\Program Files\Microsoft\jdk-11.0.20.8-hotspot\bin\jli.dll
0x00007ffe011e0000 - 0x00007ffe0137e000 	C:\WINDOWS\System32\USER32.dll
0x00007ffdeb420000 - 0x00007ffdeb6ba000 	C:\WINDOWS\WinSxS\amd64_microsoft.windows.common-controls_6595b64144ccf1df_6.0.19041.3636_none_60b6a03d71f818d5\COMCTL32.dll
0x00007ffdffdf0000 - 0x00007ffdffe12000 	C:\WINDOWS\System32\win32u.dll
0x00007ffe00f20000 - 0x00007ffe00fbe000 	C:\WINDOWS\System32\msvcrt.dll
0x00007ffe022d0000 - 0x00007ffe022fc000 	C:\WINDOWS\System32\GDI32.dll
0x00007ffdffc80000 - 0x00007ffdffd9a000 	C:\WINDOWS\System32\gdi32full.dll
0x00007ffe001b0000 - 0x00007ffe0024d000 	C:\WINDOWS\System32\msvcp_win.dll
0x00007ffe00be0000 - 0x00007ffe00c10000 	C:\WINDOWS\System32\IMM32.DLL
0x00007ffdeefe0000 - 0x00007ffdef07b000 	C:\Program Files\Microsoft\jdk-11.0.20.8-hotspot\bin\msvcp140.dll
0x00007ffdbc750000 - 0x00007ffdbd2e6000 	C:\Program Files\Microsoft\jdk-11.0.20.8-hotspot\bin\server\jvm.dll
0x00007ffe01ad0000 - 0x00007ffe01b7f000 	C:\WINDOWS\System32\ADVAPI32.dll
0x00007ffe00cd0000 - 0x00007ffe00d6c000 	C:\WINDOWS\System32\sechost.dll
0x00007ffe00530000 - 0x00007ffe00656000 	C:\WINDOWS\System32\RPCRT4.dll
0x00007ffe01820000 - 0x00007ffe01828000 	C:\WINDOWS\System32\PSAPI.DLL
0x00007ffdfa840000 - 0x00007ffdfa849000 	C:\WINDOWS\SYSTEM32\WSOCK32.dll
0x00007ffdf6340000 - 0x00007ffdf6367000 	C:\WINDOWS\SYSTEM32\WINMM.dll
0x00007ffe01170000 - 0x00007ffe011db000 	C:\WINDOWS\System32\WS2_32.dll
0x00007ffdf6330000 - 0x00007ffdf633a000 	C:\WINDOWS\SYSTEM32\VERSION.dll
0x00007ffdfd990000 - 0x00007ffdfd9a2000 	C:\WINDOWS\SYSTEM32\kernel.appcore.dll
0x00007ffdf90d0000 - 0x00007ffdf90e0000 	C:\Program Files\Microsoft\jdk-11.0.20.8-hotspot\bin\verify.dll
0x00007ffdf3d70000 - 0x00007ffdf3f54000 	C:\WINDOWS\SYSTEM32\DBGHELP.DLL
0x00007ffdf3d30000 - 0x00007ffdf3d64000 	C:\WINDOWS\SYSTEM32\dbgcore.DLL
0x00007ffdffe20000 - 0x00007ffdffea2000 	C:\WINDOWS\System32\bcryptPrimitives.dll
0x00007ffdf4ea0000 - 0x00007ffdf4ec8000 	C:\Program Files\Microsoft\jdk-11.0.20.8-hotspot\bin\java.dll
0x00007ffdf8fa0000 - 0x00007ffdf8faa000 	C:\Program Files\Microsoft\jdk-11.0.20.8-hotspot\bin\jimage.dll
0x00007ffdf4f30000 - 0x00007ffdf4f48000 	C:\Program Files\Microsoft\jdk-11.0.20.8-hotspot\bin\zip.dll
0x00007ffe01b80000 - 0x00007ffe022c4000 	C:\WINDOWS\System32\SHELL32.dll
0x00007ffdfdb90000 - 0x00007ffdfe32b000 	C:\WINDOWS\SYSTEM32\windows.storage.dll
0x00007ffe014a0000 - 0x00007ffe017f4000 	C:\WINDOWS\System32\combase.dll
0x00007ffdff440000 - 0x00007ffdff46d000 	C:\WINDOWS\SYSTEM32\Wldp.dll
0x00007ffe02300000 - 0x00007ffe023ad000 	C:\WINDOWS\System32\SHCORE.dll
0x00007ffe013e0000 - 0x00007ffe01435000 	C:\WINDOWS\System32\shlwapi.dll
0x00007ffdffa00000 - 0x00007ffdffa25000 	C:\WINDOWS\SYSTEM32\profapi.dll
0x00007ffdef270000 - 0x00007ffdef289000 	C:\Program Files\Microsoft\jdk-11.0.20.8-hotspot\bin\net.dll
0x00007ffdf5cc0000 - 0x00007ffdf5dca000 	C:\WINDOWS\SYSTEM32\WINHTTP.dll
0x00007ffdff1a0000 - 0x00007ffdff20a000 	C:\WINDOWS\system32\mswsock.dll
0x00007ffdeefc0000 - 0x00007ffdeefd3000 	C:\Program Files\Microsoft\jdk-11.0.20.8-hotspot\bin\nio.dll
0x00007ffdeef50000 - 0x00007ffdeef77000 	C:\Users\nana jordan\.gradle\native\68d5fa5c4cc2d200863cafc0d521ce42e7d3e7ee720ec0a83991735586a16f82\windows-amd64\native-platform.dll
0x00007ffdc1cf0000 - 0x00007ffdc1e34000 	C:\Users\nana jordan\.gradle\native\e376f236ea51e6404a007f0833ffe2c6e607c4080706a723a18a27aeea778392\windows-amd64\native-platform-file-events.dll
0x00007ffdf8ad0000 - 0x00007ffdf8ad9000 	C:\Program Files\Microsoft\jdk-11.0.20.8-hotspot\bin\management.dll
0x00007ffdf5f90000 - 0x00007ffdf5f9b000 	C:\Program Files\Microsoft\jdk-11.0.20.8-hotspot\bin\management_ext.dll
0x00007ffdff390000 - 0x00007ffdff3a8000 	C:\WINDOWS\SYSTEM32\CRYPTSP.dll
0x00007ffdfead0000 - 0x00007ffdfeb04000 	C:\WINDOWS\system32\rsaenh.dll
0x00007ffe00420000 - 0x00007ffe00447000 	C:\WINDOWS\System32\bcrypt.dll
0x00007ffdff9c0000 - 0x00007ffdff9ee000 	C:\WINDOWS\SYSTEM32\USERENV.dll
0x00007ffdff3b0000 - 0x00007ffdff3bc000 	C:\WINDOWS\SYSTEM32\CRYPTBASE.dll
0x00007ffdfee90000 - 0x00007ffdfeecb000 	C:\WINDOWS\SYSTEM32\IPHLPAPI.DLL
0x00007ffe00450000 - 0x00007ffe00458000 	C:\WINDOWS\System32\NSI.dll
0x00007ffdf6940000 - 0x00007ffdf6957000 	C:\WINDOWS\SYSTEM32\dhcpcsvc6.DLL
0x00007ffdf6920000 - 0x00007ffdf693d000 	C:\WINDOWS\SYSTEM32\dhcpcsvc.DLL
0x00007ffdfeed0000 - 0x00007ffdfef9a000 	C:\WINDOWS\SYSTEM32\DNSAPI.dll
0x00007ffdfab10000 - 0x00007ffdfab27000 	C:\WINDOWS\system32\napinsp.dll
0x00007ffdfaae0000 - 0x00007ffdfaafb000 	C:\WINDOWS\system32\pnrpnsp.dll
0x00007ffdf8730000 - 0x00007ffdf8745000 	C:\WINDOWS\system32\wshbth.dll
0x00007ffdf6aa0000 - 0x00007ffdf6abd000 	C:\WINDOWS\system32\NLAapi.dll
0x00007ffdf6510000 - 0x00007ffdf6522000 	C:\WINDOWS\System32\winrnr.dll
0x00007ffdef530000 - 0x00007ffdef53a000 	C:\Windows\System32\rasadhlp.dll
0x00007ffdef550000 - 0x00007ffdef5d0000 	C:\WINDOWS\System32\fwpuclnt.dll

dbghelp: loaded successfully - version: 4.0.5 - missing functions: none
symbol engine: initialized successfully - sym options: 0x614 - pdb path: .;C:\Program Files\Microsoft\jdk-11.0.20.8-hotspot\bin;C:\WINDOWS\SYSTEM32;C:\WINDOWS\WinSxS\amd64_microsoft.windows.common-controls_6595b64144ccf1df_6.0.19041.3636_none_60b6a03d71f818d5;C:\Program Files\Microsoft\jdk-11.0.20.8-hotspot\bin\server;C:\Users\nana jordan\.gradle\native\68d5fa5c4cc2d200863cafc0d521ce42e7d3e7ee720ec0a83991735586a16f82\windows-amd64;C:\Users\nana jordan\.gradle\native\e376f236ea51e6404a007f0833ffe2c6e607c4080706a723a18a27aeea778392\windows-amd64

VM Arguments:
jvm_args: -XX:MaxMetaspaceSize=512m --add-opens=java.base/java.util=ALL-UNNAMED --add-opens=java.base/java.lang=ALL-UNNAMED --add-opens=java.base/java.lang.invoke=ALL-UNNAMED --add-opens=java.prefs/java.util.prefs=ALL-UNNAMED --add-opens=java.base/java.nio.charset=ALL-UNNAMED --add-opens=java.base/java.net=ALL-UNNAMED --add-opens=java.base/java.util.concurrent.atomic=ALL-UNNAMED -Xmx2048m -Dfile.encoding=windows-1252 -Duser.country=FR -Duser.language=fr -Duser.variant 
java_command: org.gradle.launcher.daemon.bootstrap.GradleDaemon 8.0.1
java_class_path (initial): C:\Users\nana jordan\.gradle\wrapper\dists\gradle-8.0.1-all\aro4hu1c3oeioove7l0i4i14o\gradle-8.0.1\lib\gradle-launcher-8.0.1.jar
Launcher Type: SUN_STANDARD

[Global flags]
     intx CICompilerCount                          = 3                                         {product} {ergonomic}
   size_t CompressedClassSpaceSize                 = 528482304                                 {product} {ergonomic}
     uint ConcGCThreads                            = 1                                         {product} {ergonomic}
     uint G1ConcRefinementThreads                  = 4                                         {product} {ergonomic}
   size_t G1HeapRegionSize                         = 1048576                                   {product} {ergonomic}
    uintx GCDrainStackTargetSize                   = 64                                        {product} {ergonomic}
   size_t InitialHeapSize                          = 58720256                                  {product} {ergonomic}
   size_t MarkStackSize                            = 4194304                                   {product} {ergonomic}
   size_t MaxHeapSize                              = 2147483648                                {product} {command line}
   size_t MaxMetaspaceSize                         = 536870912                                 {product} {command line}
   size_t MaxNewSize                               = 1287651328                                {product} {ergonomic}
   size_t MinHeapDeltaBytes                        = 1048576                                   {product} {ergonomic}
    uintx NonNMethodCodeHeapSize                   = 5830732                                {pd product} {ergonomic}
    uintx NonProfiledCodeHeapSize                  = 122913754                              {pd product} {ergonomic}
    uintx ProfiledCodeHeapSize                     = 122913754                              {pd product} {ergonomic}
    uintx ReservedCodeCacheSize                    = 251658240                              {pd product} {ergonomic}
     bool SegmentedCodeCache                       = true                                      {product} {ergonomic}
     bool UseCompressedClassPointers               = true                                 {lp64_product} {ergonomic}
     bool UseCompressedOops                        = true                                 {lp64_product} {ergonomic}
     bool UseG1GC                                  = true                                      {product} {ergonomic}
     bool UseLargePagesIndividualAllocation        = false                                  {pd product} {ergonomic}

Logging:
Log output configuration:
 #0: stdout all=warning uptime,level,tags
 #1: stderr all=off uptime,level,tags

Environment Variables:
JAVA_HOME=C:\Program Files\Microsoft\jdk-11.0.20.8-hotspot\
CLASSPATH=C:\Users\nana jordan\Desktop\Actif\poc_app\poc-app\android\\gradle\wrapper\gradle-wrapper.jar
PATH=C:\Users\nana jordan\Desktop\Actif\poc_app\poc-app\node_modules\.bin;C:\Users\nana jordan\Desktop\Actif\poc_app\node_modules\.bin;C:\Users\nana jordan\Desktop\Actif\node_modules\.bin;C:\Users\nana jordan\Desktop\node_modules\.bin;C:\Users\nana jordan\node_modules\.bin;C:\Users\node_modules\.bin;C:\node_modules\.bin;C:\Users\nana jordan\AppData\Roaming\npm\node_modules\npm\node_modules\@npmcli\run-script\lib\node-gyp-bin;C:\Program Files\Microsoft\jdk-11.0.20.8-hotspot\bin;C:\Program Files (x86)\NVIDIA Corporation\PhysX\Common;C:\Program Files\Python311\Scripts\;C:\Program Files\Python311\;C:\ProgramData\Oracle\Java\javapath;C:\WINDOWS\system32;C:\WINDOWS;C:\WINDOWS\System32\Wbem;C:\WINDOWS\System32\WindowsPowerShell\v1.0\;C:\WINDOWS\System32\OpenSSH\;C:\Users\nana jordan\AppData\Local\Programs\Python\Python311\Scripts;C:\Users\nana jordan\AppData\Local\Programs\Python\Python311\include;C:\Users\nana jordan\AppData\Local\Programs\Python\Python310\Scripts;C:\Users\nana jordan\AppData\Local\Programs\Python\Python310;C:\Program Files\Git\cmd;C:\Program Files\nodejs\;C:\ProgramData\chocolatey\bin;C:\composer;C:\wamp\bin\php\php8.2.0;C:\Users\nana jordan\AppData\Roaming\npm;C:\Users\nana jordan\AppData\Roaming\npm\node_modules\@angular\cli;C:\Users\nana jordan\AppData\Roaming\npm\node_modules\@angular;C:\Users\nana jordan\AppData\Local\Android\Sdk;C:\Users\nana jordan\AppData\Local\Android\Sdk\platform-tools;C:\Users\nana jordan\AppData\Local\Android\Sdk\platforms;C:\tools\php83;C:\Users\nana jordan\AppData\Local\Android\Sdk\tools;C:\Users\nana jordan\AppData\Local\Programs\Python\Python311\Scripts\;C:\Users\nana jordan\AppData\Local\Programs\Python\Python311\;C:\Users\nana jordan\AppData\Local\Programs\Microsoft VS Code\bin;C:\Users\nana jordan\AppData\Roaming\Composer\vendor\bin;C:\Users\nana jordan\AppData\Local\Android\Sdk\platform-tools;C:\Users\nana jordan\AppData\Local\Android\Sdk\platforms;
USERNAME=nana jordan
LANG=en_US.UTF-8
OS=Windows_NT
PROCESSOR_IDENTIFIER=AMD64 Family 23 Model 32 Stepping 1, AuthenticAMD
TMP=C:\Users\NANAJO~1\AppData\Local\Temp
TEMP=C:\Users\NANAJO~1\AppData\Local\Temp



---------------  S Y S T E M  ---------------

OS: Windows 10 , 64 bit Build 19041 (10.0.19041.3636)
OS uptime: 0 days 0:56 hours

CPU:total 4 (initial active 4) (4 cores per cpu, 2 threads per core) family 23 model 32 stepping 1 microcode 0x0, cmov, cx8, fxsr, mmx, sse, sse2, sse3, ssse3, sse4.1, sse4.2, popcnt, avx, avx2, aes, clmul, mmxext, 3dnowpref, lzcnt, sse4a, ht, tsc, tscinvbit, tscinv, bmi1, bmi2, adx, sha, fma

Memory: 4k page, system-wide physical 3467M (231M free)
TotalPageFile size 9267M (AvailPageFile size 18M)
current process WorkingSet (physical memory assigned to process): 549M, peak: 550M
current process commit charge ("private bytes"): 603M, peak: 704M

vm_info: OpenJDK 64-Bit Server VM (11.0.20+8-LTS) for windows-amd64 JRE (11.0.20+8-LTS), built on Jul  7 2023 17:05:21 by "MicrosoftCorporation" with MS VC++ 15.9 (VS2017)

END.
