#
# There is insufficient memory for the Java Runtime Environment to continue.
# Native memory allocation (mmap) failed to map 58720256 bytes for Failed to commit area from 0x0000000090100000 to 0x0000000093900000 of length 58720256.
# Possible reasons:
#   The system is out of physical RAM or swap space
#   The process is running with CompressedOops enabled, and the Java Heap may be blocking the growth of the native heap
# Possible solutions:
#   Reduce memory load on the system
#   Increase physical memory or swap space
#   Check if swap backing store is full
#   Decrease Java heap size (-Xmx/-Xms)
#   Decrease number of Java threads
#   Decrease Java thread stack sizes (-Xss)
#   Set larger code cache with -XX:ReservedCodeCacheSize=
#   JVM is running with Unscaled Compressed Oops mode in which the Java heap is
#     placed in the first 4GB address space. The Java Heap base address is the
#     maximum limit for the native heap growth. Please use -XX:HeapBaseMinAddress
#     to set the Java Heap base and to place the Java Heap above 4GB virtual address.
# This output file may be truncated or incomplete.
#
#  Out of Memory Error (os_windows.cpp:3386), pid=11544, tid=5272
#
# JRE version: OpenJDK Runtime Environment Microsoft-8035250 (11.0.20+8) (build 11.0.20+8-LTS)
# Java VM: OpenJDK 64-Bit Server VM Microsoft-8035250 (11.0.20+8-LTS, mixed mode, tiered, compressed oops, g1 gc, windows-amd64)
# No core dump will be written. Minidumps are not enabled by default on client versions of Windows
#

---------------  S U M M A R Y ------------

Command Line: -XX:MaxMetaspaceSize=512m --add-opens=java.base/java.util=ALL-UNNAMED --add-opens=java.base/java.lang=ALL-UNNAMED --add-opens=java.base/java.lang.invoke=ALL-UNNAMED --add-opens=java.prefs/java.util.prefs=ALL-UNNAMED --add-opens=java.base/java.nio.charset=ALL-UNNAMED --add-opens=java.base/java.net=ALL-UNNAMED --add-opens=java.base/java.util.concurrent.atomic=ALL-UNNAMED -Xmx2048m -Dfile.encoding=windows-1252 -Duser.country=FR -Duser.language=fr -Duser.variant org.gradle.launcher.daemon.bootstrap.GradleDaemon 8.0.1

Host: AMD Athlon Silver 3050e with Radeon Graphics   , 4 cores, 3G,  Windows 10 , 64 bit Build 19041 (10.0.19041.3636)
Time: Thu Dec 21 10:52:01 2023 Paris, Madrid elapsed time: 64.179326 seconds (0d 0h 1m 4s)

---------------  T H R E A D  ---------------

Current thread (0x000001f8b82fd800):  VMThread "VM Thread" [stack: 0x000000e38d900000,0x000000e38da00000] [id=5272]

Stack: [0x000000e38d900000,0x000000e38da00000]
[error occurred during error reporting (printing stack bounds), id 0xc0000005, EXCEPTION_ACCESS_VIOLATION (0xc0000005) at pc=0x000001f8a1a8112d]

Native frames: (J=compiled Java code, j=interpreted, Vv=VM code, C=native code)
V  [jvm.dll+0x62e9da]
V  [jvm.dll+0x7bc4e9]
V  [jvm.dll+0x7bdbd8]
V  [jvm.dll+0x7be215]
V  [jvm.dll+0x7be1cb]
V  [jvm.dll+0x62dd67]
V  [jvm.dll+0x62e478]
C  [ntdll.dll+0xa23af]
C  [ntdll.dll+0x514b4]
C  [ntdll.dll+0xa0ebe]
C  0x000001f8a1a8112d

VM_Operation (0x000000e3921f8870): G1CollectForAllocation, mode: safepoint, requested by thread 0x000001f8bbd4f000


---------------  P R O C E S S  ---------------

Threads class SMR info:
_java_thread_list=0x000001f8c510af90, length=87, elements={
0x000001f899303800, 0x000001f8b830f000, 0x000001f8b8310000, 0x000001f8b835d800,
0x000001f8b835e000, 0x000001f8b835f000, 0x000001f8b8366000, 0x000001f8b836a000,
0x000001f8b8373000, 0x000001f8b85ff000, 0x000001f8b9b9d800, 0x000001f8bb1aa800,
0x000001f8baaa6000, 0x000001f8b9ae1000, 0x000001f8ba5d9000, 0x000001f8bae85800,
0x000001f8b968c000, 0x000001f8ba012000, 0x000001f8ba013000, 0x000001f8baea3800,
0x000001f8ba9d2000, 0x000001f8ba9d7000, 0x000001f8ba9d4800, 0x000001f8ba9d1000,
0x000001f8ba9d8000, 0x000001f8ba9d6000, 0x000001f8ba9d3000, 0x000001f8ba9d3800,
0x000001f8ba9d5800, 0x000001f8bb800800, 0x000001f8bb804000, 0x000001f8bb802800,
0x000001f8bb803000, 0x000001f8bb7ff000, 0x000001f8bb805800, 0x000001f8bb800000,
0x000001f8bb807800, 0x000001f8bb80c000, 0x000001f8bb809000, 0x000001f8bb806800,
0x000001f8bb809800, 0x000001f8bb80a800, 0x000001f8bb80b800, 0x000001f8bb80d000,
0x000001f8bb808000, 0x000001f8bafd8800, 0x000001f8bafd9800, 0x000001f8bafda000,
0x000001f8bafdb000, 0x000001f8bafd7800, 0x000001f8bafd7000, 0x000001f8bafd5800,
0x000001f8bafdc000, 0x000001f8bafd6000, 0x000001f8bafde800, 0x000001f8bafe1800,
0x000001f8bafe2800, 0x000001f8bafdf000, 0x000001f8bafe0000, 0x000001f8bafe0800,
0x000001f8bafdc800, 0x000001f8bafe3000, 0x000001f8bafdd800, 0x000001f8bafe4000,
0x000001f8bbd50000, 0x000001f8bbd53000, 0x000001f8bbd54000, 0x000001f8bbd4f000,
0x000001f8bbd56800, 0x000001f8bbd50800, 0x000001f8bbd55800, 0x000001f8bbd57000,
0x000001f8bbd51800, 0x000001f8bbd58000, 0x000001f8bbd54800, 0x000001f8bbd52000,
0x000001f8bbd5d800, 0x000001f8bbd5a800, 0x000001f8bbd59800, 0x000001f8bbd5d000,
0x000001f8bbd5b000, 0x000001f8bbd59000, 0x000001f8bbd5c000, 0x000001f8bf94f800,
0x000001f8bf94d000, 0x000001f8c2cb6000, 0x000001f8bf94a000
}

Java Threads: ( => current thread )
  0x000001f899303800 JavaThread "main" [_thread_blocked, id=14292, stack(0x000000e38d300000,0x000000e38d400000)]
  0x000001f8b830f000 JavaThread "Reference Handler" daemon [_thread_blocked, id=6696, stack(0x000000e38da00000,0x000000e38db00000)]
  0x000001f8b8310000 JavaThread "Finalizer" daemon [_thread_blocked, id=14236, stack(0x000000e38db00000,0x000000e38dc00000)]
  0x000001f8b835d800 JavaThread "Signal Dispatcher" daemon [_thread_blocked, id=7272, stack(0x000000e38dc00000,0x000000e38dd00000)]
  0x000001f8b835e000 JavaThread "Attach Listener" daemon [_thread_blocked, id=13276, stack(0x000000e38dd00000,0x000000e38de00000)]
  0x000001f8b835f000 JavaThread "Service Thread" daemon [_thread_blocked, id=13548, stack(0x000000e38de00000,0x000000e38df00000)]
  0x000001f8b8366000 JavaThread "C2 CompilerThread0" daemon [_thread_in_native, id=3804, stack(0x000000e38df00000,0x000000e38e000000)]
  0x000001f8b836a000 JavaThread "C1 CompilerThread0" daemon [_thread_blocked, id=6484, stack(0x000000e38e000000,0x000000e38e100000)]
  0x000001f8b8373000 JavaThread "Sweeper thread" daemon [_thread_blocked, id=12988, stack(0x000000e38e100000,0x000000e38e200000)]
  0x000001f8b85ff000 JavaThread "Common-Cleaner" daemon [_thread_blocked, id=10676, stack(0x000000e38e200000,0x000000e38e300000)]
  0x000001f8b9b9d800 JavaThread "Daemon health stats" [_thread_blocked, id=14072, stack(0x000000e38e600000,0x000000e38e700000)]
  0x000001f8bb1aa800 JavaThread "Incoming local TCP Connector on port 62400" [_thread_in_native, id=5916, stack(0x000000e38e400000,0x000000e38e500000)]
  0x000001f8baaa6000 JavaThread "Daemon periodic checks" [_thread_blocked, id=14020, stack(0x000000e38e900000,0x000000e38ea00000)]
  0x000001f8b9ae1000 JavaThread "Daemon" [_thread_blocked, id=5288, stack(0x000000e38ea00000,0x000000e38eb00000)]
  0x000001f8ba5d9000 JavaThread "Handler for socket connection from /127.0.0.1:62400 to /127.0.0.1:62401" [_thread_in_native, id=1448, stack(0x000000e38eb00000,0x000000e38ec00000)]
  0x000001f8bae85800 JavaThread "Cancel handler" [_thread_blocked, id=13440, stack(0x000000e38ec00000,0x000000e38ed00000)]
  0x000001f8b968c000 JavaThread "Daemon worker" [_thread_blocked, id=12540, stack(0x000000e38ed00000,0x000000e38ee00000)]
  0x000001f8ba012000 JavaThread "Asynchronous log dispatcher for DefaultDaemonConnection: socket connection from /127.0.0.1:62400 to /127.0.0.1:62401" [_thread_blocked, id=14004, stack(0x000000e38ee00000,0x000000e38ef00000)]
  0x000001f8ba013000 JavaThread "Stdin handler" [_thread_blocked, id=1980, stack(0x000000e38ef00000,0x000000e38f000000)]
  0x000001f8baea3800 JavaThread "Daemon client event forwarder" [_thread_blocked, id=8568, stack(0x000000e38f000000,0x000000e38f100000)]
  0x000001f8ba9d2000 JavaThread "Cache worker for journal cache (C:\Users\nana jordan\.gradle\caches\journal-1)" [_thread_blocked, id=12420, stack(0x000000e38f100000,0x000000e38f200000)]
  0x000001f8ba9d7000 JavaThread "File lock request listener" [_thread_in_native, id=13816, stack(0x000000e38f200000,0x000000e38f300000)]
  0x000001f8ba9d4800 JavaThread "Cache worker for file hash cache (C:\Users\nana jordan\.gradle\caches\8.0.1\fileHashes)" [_thread_blocked, id=1456, stack(0x000000e38f300000,0x000000e38f400000)]
  0x000001f8ba9d1000 JavaThread "File watcher server" daemon [_thread_in_native, id=5876, stack(0x000000e38f500000,0x000000e38f600000)]
  0x000001f8ba9d8000 JavaThread "File watcher consumer" daemon [_thread_blocked, id=6248, stack(0x000000e38f600000,0x000000e38f700000)]
  0x000001f8ba9d6000 JavaThread "Cache worker for checksums cache (C:\Users\nana jordan\Desktop\Actif\poc_app\poc-app\android\.gradle\8.0.1\checksums)" [_thread_blocked, id=7060, stack(0x000000e38f700000,0x000000e38f800000)]
  0x000001f8ba9d3000 JavaThread "Cache worker for cache directory md-rule (C:\Users\nana jordan\.gradle\caches\8.0.1\md-rule)" [_thread_blocked, id=9580, stack(0x000000e38f800000,0x000000e38f900000)]
  0x000001f8ba9d3800 JavaThread "Cache worker for file content cache (C:\Users\nana jordan\.gradle\caches\8.0.1\fileContent)" [_thread_blocked, id=12176, stack(0x000000e38f900000,0x000000e38fa00000)]
  0x000001f8ba9d5800 JavaThread "Cache worker for file hash cache (C:\Users\nana jordan\Desktop\Actif\poc_app\poc-app\android\.gradle\8.0.1\fileHashes)" [_thread_blocked, id=13656, stack(0x000000e38fa00000,0x000000e38fb00000)]
  0x000001f8bb800800 JavaThread "Cache worker for cache directory md-supplier (C:\Users\nana jordan\.gradle\caches\8.0.1\md-supplier)" [_thread_blocked, id=9556, stack(0x000000e38fb00000,0x000000e38fc00000)]
  0x000001f8bb804000 JavaThread "Cache worker for execution history cache (C:\Users\nana jordan\.gradle\caches\8.0.1\executionHistory)" [_thread_blocked, id=12992, stack(0x000000e38fc00000,0x000000e38fd00000)]
  0x000001f8bb802800 JavaThread "jar transforms" [_thread_blocked, id=5500, stack(0x000000e38fd00000,0x000000e38fe00000)]
  0x000001f8bb803000 JavaThread "jar transforms Thread 2" [_thread_blocked, id=2648, stack(0x000000e38fe00000,0x000000e38ff00000)]
  0x000001f8bb7ff000 JavaThread "jar transforms Thread 3" [_thread_blocked, id=11976, stack(0x000000e38ff00000,0x000000e390000000)]
  0x000001f8bb805800 JavaThread "jar transforms Thread 4" [_thread_blocked, id=13728, stack(0x000000e390000000,0x000000e390100000)]
  0x000001f8bb800000 JavaThread "Cache worker for kotlin-dsl (C:\Users\nana jordan\.gradle\caches\8.0.1\kotlin-dsl)" [_thread_blocked, id=13912, stack(0x000000e390100000,0x000000e390200000)]
  0x000001f8bb807800 JavaThread "Cache worker for dependencies-accessors (C:\Users\nana jordan\Desktop\Actif\poc_app\poc-app\android\.gradle\8.0.1\dependencies-accessors)" [_thread_blocked, id=13908, stack(0x000000e390200000,0x000000e390300000)]
  0x000001f8bb80c000 JavaThread "Cache worker for Build Output Cleanup Cache (C:\Users\nana jordan\Desktop\Actif\poc_app\poc-app\node_modules\@react-native\gradle-plugin\.gradle\buildOutputCleanup)" [_thread_blocked, id=13776, stack(0x000000e390300000,0x000000e390400000)]
  0x000001f8bb809000 JavaThread "Unconstrained build operations" [_thread_blocked, id=6464, stack(0x000000e38f400000,0x000000e38f500000)]
  0x000001f8bb806800 JavaThread "Unconstrained build operations Thread 2" [_thread_blocked, id=13028, stack(0x000000e390400000,0x000000e390500000)]
  0x000001f8bb809800 JavaThread "Unconstrained build operations Thread 3" [_thread_blocked, id=14244, stack(0x000000e390500000,0x000000e390600000)]
  0x000001f8bb80a800 JavaThread "Unconstrained build operations Thread 4" [_thread_blocked, id=11708, stack(0x000000e390600000,0x000000e390700000)]
  0x000001f8bb80b800 JavaThread "Unconstrained build operations Thread 5" [_thread_blocked, id=5704, stack(0x000000e390700000,0x000000e390800000)]
  0x000001f8bb80d000 JavaThread "Unconstrained build operations Thread 6" [_thread_blocked, id=8548, stack(0x000000e390800000,0x000000e390900000)]
  0x000001f8bb808000 JavaThread "Unconstrained build operations Thread 7" [_thread_blocked, id=14184, stack(0x000000e390900000,0x000000e390a00000)]
  0x000001f8bafd8800 JavaThread "Unconstrained build operations Thread 8" [_thread_blocked, id=11024, stack(0x000000e390a00000,0x000000e390b00000)]
  0x000001f8bafd9800 JavaThread "Unconstrained build operations Thread 9" [_thread_blocked, id=13604, stack(0x000000e390b00000,0x000000e390c00000)]
  0x000001f8bafda000 JavaThread "Unconstrained build operations Thread 10" [_thread_blocked, id=13540, stack(0x000000e390c00000,0x000000e390d00000)]
  0x000001f8bafdb000 JavaThread "Unconstrained build operations Thread 11" [_thread_blocked, id=13808, stack(0x000000e390d00000,0x000000e390e00000)]
  0x000001f8bafd7800 JavaThread "Unconstrained build operations Thread 12" [_thread_blocked, id=12180, stack(0x000000e390e00000,0x000000e390f00000)]
  0x000001f8bafd7000 JavaThread "Unconstrained build operations Thread 13" [_thread_blocked, id=11008, stack(0x000000e390f00000,0x000000e391000000)]
  0x000001f8bafd5800 JavaThread "Unconstrained build operations Thread 14" [_thread_blocked, id=13684, stack(0x000000e391000000,0x000000e391100000)]
  0x000001f8bafdc000 JavaThread "Unconstrained build operations Thread 15" [_thread_blocked, id=10596, stack(0x000000e391100000,0x000000e391200000)]
  0x000001f8bafd6000 JavaThread "Unconstrained build operations Thread 16" [_thread_blocked, id=13292, stack(0x000000e391200000,0x000000e391300000)]
  0x000001f8bafde800 JavaThread "Unconstrained build operations Thread 17" [_thread_blocked, id=13296, stack(0x000000e391300000,0x000000e391400000)]
  0x000001f8bafe1800 JavaThread "Unconstrained build operations Thread 18" [_thread_blocked, id=10376, stack(0x000000e391400000,0x000000e391500000)]
  0x000001f8bafe2800 JavaThread "Unconstrained build operations Thread 19" [_thread_blocked, id=4780, stack(0x000000e391500000,0x000000e391600000)]
  0x000001f8bafdf000 JavaThread "Unconstrained build operations Thread 20" [_thread_blocked, id=12548, stack(0x000000e391600000,0x000000e391700000)]
  0x000001f8bafe0000 JavaThread "Unconstrained build operations Thread 21" [_thread_blocked, id=13572, stack(0x000000e391700000,0x000000e391800000)]
  0x000001f8bafe0800 JavaThread "Unconstrained build operations Thread 22" [_thread_blocked, id=12844, stack(0x000000e391800000,0x000000e391900000)]
  0x000001f8bafdc800 JavaThread "Unconstrained build operations Thread 23" [_thread_blocked, id=13748, stack(0x000000e391900000,0x000000e391a00000)]
  0x000001f8bafe3000 JavaThread "Unconstrained build operations Thread 24" [_thread_blocked, id=11972, stack(0x000000e391a00000,0x000000e391b00000)]
  0x000001f8bafdd800 JavaThread "Unconstrained build operations Thread 25" [_thread_blocked, id=6816, stack(0x000000e391b00000,0x000000e391c00000)]
  0x000001f8bafe4000 JavaThread "Unconstrained build operations Thread 26" [_thread_blocked, id=13848, stack(0x000000e391c00000,0x000000e391d00000)]
  0x000001f8bbd50000 JavaThread "Memory manager" [_thread_blocked, id=13460, stack(0x000000e391d00000,0x000000e391e00000)]
  0x000001f8bbd53000 JavaThread "Cache worker for Build Output Cleanup Cache (C:\Users\nana jordan\Desktop\Actif\poc_app\poc-app\android\.gradle\buildOutputCleanup)" [_thread_blocked, id=7180, stack(0x000000e391f00000,0x000000e392000000)]
  0x000001f8bbd54000 JavaThread "included builds" [_thread_blocked, id=13924, stack(0x000000e392000000,0x000000e392100000)]
  0x000001f8bbd4f000 JavaThread "Execution worker" [_thread_blocked, id=11028, stack(0x000000e392100000,0x000000e392200000)]
  0x000001f8bbd56800 JavaThread "Execution worker Thread 2" [_thread_blocked, id=11012, stack(0x000000e392200000,0x000000e392300000)]
  0x000001f8bbd50800 JavaThread "Execution worker Thread 3" [_thread_blocked, id=14140, stack(0x000000e392300000,0x000000e392400000)]
  0x000001f8bbd55800 JavaThread "Cache worker for execution history cache (C:\Users\nana jordan\Desktop\Actif\poc_app\poc-app\node_modules\@react-native\gradle-plugin\.gradle\8.0.1\executionHistory)" [_thread_blocked, id=13788, stack(0x000000e392400000,0x000000e392500000)]
  0x000001f8bbd57000 JavaThread "Unconstrained build operations Thread 27" [_thread_blocked, id=7244, stack(0x000000e392500000,0x000000e392600000)]
  0x000001f8bbd51800 JavaThread "Unconstrained build operations Thread 28" [_thread_blocked, id=7748, stack(0x000000e392600000,0x000000e392700000)]
  0x000001f8bbd58000 JavaThread "Unconstrained build operations Thread 29" [_thread_blocked, id=11116, stack(0x000000e392700000,0x000000e392800000)]
  0x000001f8bbd54800 JavaThread "Unconstrained build operations Thread 30" [_thread_blocked, id=13008, stack(0x000000e392800000,0x000000e392900000)]
  0x000001f8bbd52000 JavaThread "Unconstrained build operations Thread 31" [_thread_blocked, id=11260, stack(0x000000e392900000,0x000000e392a00000)]
  0x000001f8bbd5d800 JavaThread "Unconstrained build operations Thread 32" [_thread_blocked, id=7720, stack(0x000000e392a00000,0x000000e392b00000)]
  0x000001f8bbd5a800 JavaThread "Unconstrained build operations Thread 33" [_thread_blocked, id=11520, stack(0x000000e392b00000,0x000000e392c00000)]
  0x000001f8bbd59800 JavaThread "Unconstrained build operations Thread 34" [_thread_blocked, id=10824, stack(0x000000e392c00000,0x000000e392d00000)]
  0x000001f8bbd5d000 JavaThread "Unconstrained build operations Thread 35" [_thread_blocked, id=1392, stack(0x000000e392d00000,0x000000e392e00000)]
  0x000001f8bbd5b000 JavaThread "Unconstrained build operations Thread 36" [_thread_blocked, id=12784, stack(0x000000e392e00000,0x000000e392f00000)]
  0x000001f8bbd59000 JavaThread "Unconstrained build operations Thread 37" [_thread_blocked, id=13308, stack(0x000000e392f00000,0x000000e393000000)]
  0x000001f8bbd5c000 JavaThread "Unconstrained build operations Thread 38" [_thread_blocked, id=12104, stack(0x000000e393000000,0x000000e393100000)]
  0x000001f8bf94f800 JavaThread "Unconstrained build operations Thread 39" [_thread_blocked, id=12656, stack(0x000000e393100000,0x000000e393200000)]
  0x000001f8bf94d000 JavaThread "Unconstrained build operations Thread 40" [_thread_blocked, id=10108, stack(0x000000e393200000,0x000000e393300000)]
  0x000001f8c2cb6000 JavaThread "C2 CompilerThread1" daemon [_thread_in_native, id=4620, stack(0x000000e391e00000,0x000000e391f00000)]
  0x000001f8bf94a000 JavaThread "Cache worker for execution history cache (C:\Users\nana jordan\Desktop\Actif\poc_app\poc-app\android\.gradle\8.0.1\executionHistory)" [_thread_blocked, id=7992, stack(0x000000e38d000000,0x000000e38d100000)]

Other Threads:
=>0x000001f8b82fd800 VMThread "VM Thread" [stack: 0x000000e38d900000,0x000000e38da00000] [id=5272]
  0x000001f8b8618000 WatcherThread [stack: 0x000000e38e300000,0x000000e38e400000] [id=10476]
  0x000001f89931c000 GCTaskThread "GC Thread#0" [stack: 0x000000e38d400000,0x000000e38d500000] [id=12340]
  0x000001f8b8c9c800 GCTaskThread "GC Thread#1" [stack: 0x000000e38e500000,0x000000e38e600000] [id=7648]
  0x000001f8ba8a5800 GCTaskThread "GC Thread#2" [stack: 0x000000e38e700000,0x000000e38e800000] [id=12936]
  0x000001f8b9fd0800 GCTaskThread "GC Thread#3" [stack: 0x000000e38e800000,0x000000e38e900000] [id=592]
  0x000001f89934e000 ConcurrentGCThread "G1 Main Marker" [stack: 0x000000e38d500000,0x000000e38d600000] [id=12776]
  0x000001f89934f000 ConcurrentGCThread "G1 Conc#0" [stack: 0x000000e38d600000,0x000000e38d700000] [id=9128]
  0x000001f899396000 ConcurrentGCThread "G1 Refine#0" [stack: 0x000000e38d700000,0x000000e38d800000] [id=11068]
  0x000001f899397000 ConcurrentGCThread "G1 Young RemSet Sampling" [stack: 0x000000e38d800000,0x000000e38d900000] [id=13180]

Threads with active compile tasks:
C2 CompilerThread0    64231 14219       4       org.gradle.api.internal.artifacts.transform.AttributeMatchingVariantSelector::doSelect (365 bytes)
C2 CompilerThread1    64232 14511       4       org.gradle.api.internal.artifacts.transform.DefaultTransformedVariantFactory::locateOrCreate (150 bytes)

VM state:at safepoint (normal execution)

VM Mutex/Monitor currently owned by a thread:  ([mutex/lock_event])
[0x000001f8992ffd80] Threads_lock - owner thread: 0x000001f8b82fd800
[0x000001f8992ff900] Heap_lock - owner thread: 0x000001f8bbd4f000

Heap address: 0x0000000080000000, size: 2048 MB, Compressed Oops mode: 32-bit
Narrow klass base: 0x0000000000000000, Narrow klass shift: 3
Compressed class space size: 528482304 Address: 0x0000000100000000

Heap:
 garbage-first heap   total 320512K, used 177978K [0x0000000080000000, 0x0000000100000000)
  region size 1024K, 5 young (5120K), 5 survivors (5120K)
 Metaspace       used 113255K, capacity 117120K, committed 117276K, reserved 618496K
  class space    used 14740K, capacity 16268K, committed 16332K, reserved 516096K
Heap Regions: E=young(eden), S=young(survivor), O=old, HS=humongous(starts), HC=humongous(continues), CS=collection set, F=free, A=archive, TAMS=top-at-mark-start (previous, next)
|   0|0x0000000080000000, 0x0000000080100000, 0x0000000080100000|100%| O|  |TAMS 0x0000000080100000, 0x0000000080100000| Untracked 
|   1|0x0000000080100000, 0x0000000080200000, 0x0000000080200000|100%| O|  |TAMS 0x0000000080200000, 0x0000000080200000| Untracked 
|   2|0x0000000080200000, 0x0000000080300000, 0x0000000080300000|100%|HS|  |TAMS 0x0000000080300000, 0x0000000080300000| Complete 
|   3|0x0000000080300000, 0x0000000080400000, 0x0000000080400000|100%|HC|  |TAMS 0x0000000080400000, 0x0000000080400000| Complete 
|   4|0x0000000080400000, 0x0000000080500000, 0x0000000080500000|100%|HC|  |TAMS 0x0000000080500000, 0x0000000080500000| Complete 
|   5|0x0000000080500000, 0x0000000080600000, 0x0000000080600000|100%|HC|  |TAMS 0x0000000080600000, 0x0000000080600000| Complete 
|   6|0x0000000080600000, 0x0000000080700000, 0x0000000080700000|100%| O|  |TAMS 0x0000000080700000, 0x0000000080700000| Untracked 
|   7|0x0000000080700000, 0x0000000080800000, 0x0000000080800000|100%| O|  |TAMS 0x0000000080800000, 0x0000000080800000| Untracked 
|   8|0x0000000080800000, 0x0000000080900000, 0x0000000080900000|100%| O|  |TAMS 0x0000000080900000, 0x0000000080900000| Untracked 
|   9|0x0000000080900000, 0x0000000080a00000, 0x0000000080a00000|100%| O|  |TAMS 0x0000000080a00000, 0x0000000080a00000| Untracked 
|  10|0x0000000080a00000, 0x0000000080b00000, 0x0000000080b00000|100%| O|  |TAMS 0x0000000080b00000, 0x0000000080b00000| Untracked 
|  11|0x0000000080b00000, 0x0000000080c00000, 0x0000000080c00000|100%| O|  |TAMS 0x0000000080c00000, 0x0000000080c00000| Untracked 
|  12|0x0000000080c00000, 0x0000000080d00000, 0x0000000080d00000|100%| O|  |TAMS 0x0000000080d00000, 0x0000000080d00000| Untracked 
|  13|0x0000000080d00000, 0x0000000080e00000, 0x0000000080e00000|100%| O|  |TAMS 0x0000000080e00000, 0x0000000080e00000| Untracked 
|  14|0x0000000080e00000, 0x0000000080f00000, 0x0000000080f00000|100%| O|  |TAMS 0x0000000080f00000, 0x0000000080f00000| Untracked 
|  15|0x0000000080f00000, 0x0000000081000000, 0x0000000081000000|100%| O|  |TAMS 0x0000000081000000, 0x0000000081000000| Untracked 
|  16|0x0000000081000000, 0x0000000081100000, 0x0000000081100000|100%| O|  |TAMS 0x0000000081100000, 0x0000000081100000| Untracked 
|  17|0x0000000081100000, 0x0000000081200000, 0x0000000081200000|100%| O|  |TAMS 0x0000000081200000, 0x0000000081200000| Untracked 
|  18|0x0000000081200000, 0x0000000081300000, 0x0000000081300000|100%| O|  |TAMS 0x0000000081300000, 0x0000000081300000| Untracked 
|  19|0x0000000081300000, 0x0000000081400000, 0x0000000081400000|100%| O|  |TAMS 0x0000000081400000, 0x0000000081400000| Untracked 
|  20|0x0000000081400000, 0x0000000081500000, 0x0000000081500000|100%| O|  |TAMS 0x0000000081500000, 0x0000000081500000| Untracked 
|  21|0x0000000081500000, 0x0000000081600000, 0x0000000081600000|100%| O|  |TAMS 0x0000000081600000, 0x0000000081600000| Untracked 
|  22|0x0000000081600000, 0x0000000081700000, 0x0000000081700000|100%| O|  |TAMS 0x0000000081700000, 0x0000000081700000| Untracked 
|  23|0x0000000081700000, 0x0000000081800000, 0x0000000081800000|100%| O|  |TAMS 0x0000000081800000, 0x0000000081800000| Untracked 
|  24|0x0000000081800000, 0x0000000081900000, 0x0000000081900000|100%| O|  |TAMS 0x0000000081900000, 0x0000000081900000| Untracked 
|  25|0x0000000081900000, 0x0000000081a00000, 0x0000000081a00000|100%| O|  |TAMS 0x0000000081a00000, 0x0000000081a00000| Untracked 
|  26|0x0000000081a00000, 0x0000000081b00000, 0x0000000081b00000|100%| O|  |TAMS 0x0000000081b00000, 0x0000000081b00000| Untracked 
|  27|0x0000000081b00000, 0x0000000081c00000, 0x0000000081c00000|100%| O|  |TAMS 0x0000000081c00000, 0x0000000081c00000| Untracked 
|  28|0x0000000081c00000, 0x0000000081d00000, 0x0000000081d00000|100%| O|  |TAMS 0x0000000081d00000, 0x0000000081d00000| Untracked 
|  29|0x0000000081d00000, 0x0000000081e00000, 0x0000000081e00000|100%| O|  |TAMS 0x0000000081e00000, 0x0000000081e00000| Untracked 
|  30|0x0000000081e00000, 0x0000000081f00000, 0x0000000081f00000|100%| O|  |TAMS 0x0000000081f00000, 0x0000000081f00000| Untracked 
|  31|0x0000000081f00000, 0x0000000082000000, 0x0000000082000000|100%| O|  |TAMS 0x0000000082000000, 0x0000000082000000| Untracked 
|  32|0x0000000082000000, 0x0000000082100000, 0x0000000082100000|100%| O|  |TAMS 0x0000000082100000, 0x0000000082100000| Untracked 
|  33|0x0000000082100000, 0x0000000082200000, 0x0000000082200000|100%| O|  |TAMS 0x0000000082200000, 0x0000000082200000| Untracked 
|  34|0x0000000082200000, 0x0000000082300000, 0x0000000082300000|100%|HS|  |TAMS 0x0000000082300000, 0x0000000082300000| Complete 
|  35|0x0000000082300000, 0x0000000082400000, 0x0000000082400000|100%|HC|  |TAMS 0x0000000082400000, 0x0000000082400000| Complete 
|  36|0x0000000082400000, 0x0000000082500000, 0x0000000082500000|100%|HS|  |TAMS 0x0000000082500000, 0x0000000082500000| Complete 
|  37|0x0000000082500000, 0x0000000082600000, 0x0000000082600000|100%|HC|  |TAMS 0x0000000082600000, 0x0000000082600000| Complete 
|  38|0x0000000082600000, 0x0000000082700000, 0x0000000082700000|100%|HC|  |TAMS 0x0000000082700000, 0x0000000082700000| Complete 
|  39|0x0000000082700000, 0x0000000082800000, 0x0000000082800000|100%|HC|  |TAMS 0x0000000082800000, 0x0000000082800000| Complete 
|  40|0x0000000082800000, 0x0000000082900000, 0x0000000082900000|100%| O|  |TAMS 0x0000000082900000, 0x0000000082900000| Untracked 
|  41|0x0000000082900000, 0x0000000082a00000, 0x0000000082a00000|100%| O|  |TAMS 0x0000000082a00000, 0x0000000082a00000| Untracked 
|  42|0x0000000082a00000, 0x0000000082b00000, 0x0000000082b00000|100%| O|  |TAMS 0x0000000082b00000, 0x0000000082b00000| Untracked 
|  43|0x0000000082b00000, 0x0000000082c00000, 0x0000000082c00000|100%| O|  |TAMS 0x0000000082c00000, 0x0000000082c00000| Untracked 
|  44|0x0000000082c00000, 0x0000000082d00000, 0x0000000082d00000|100%| O|  |TAMS 0x0000000082d00000, 0x0000000082d00000| Untracked 
|  45|0x0000000082d00000, 0x0000000082e00000, 0x0000000082e00000|100%| O|  |TAMS 0x0000000082e00000, 0x0000000082e00000| Untracked 
|  46|0x0000000082e00000, 0x0000000082f00000, 0x0000000082f00000|100%| O|  |TAMS 0x0000000082f00000, 0x0000000082f00000| Untracked 
|  47|0x0000000082f00000, 0x0000000083000000, 0x0000000083000000|100%| O|  |TAMS 0x0000000083000000, 0x0000000083000000| Untracked 
|  48|0x0000000083000000, 0x0000000083100000, 0x0000000083100000|100%| O|  |TAMS 0x0000000083100000, 0x0000000083100000| Untracked 
|  49|0x0000000083100000, 0x0000000083200000, 0x0000000083200000|100%| O|  |TAMS 0x0000000083200000, 0x0000000083200000| Untracked 
|  50|0x0000000083200000, 0x0000000083300000, 0x0000000083300000|100%| O|  |TAMS 0x0000000083300000, 0x0000000083300000| Untracked 
|  51|0x0000000083300000, 0x0000000083400000, 0x0000000083400000|100%| O|  |TAMS 0x0000000083400000, 0x0000000083400000| Untracked 
|  52|0x0000000083400000, 0x0000000083500000, 0x0000000083500000|100%| O|  |TAMS 0x0000000083500000, 0x0000000083500000| Untracked 
|  53|0x0000000083500000, 0x0000000083600000, 0x0000000083600000|100%| O|  |TAMS 0x0000000083600000, 0x0000000083600000| Untracked 
|  54|0x0000000083600000, 0x0000000083700000, 0x0000000083700000|100%|HS|  |TAMS 0x0000000083700000, 0x0000000083700000| Complete 
|  55|0x0000000083700000, 0x0000000083800000, 0x0000000083800000|100%| O|  |TAMS 0x0000000083800000, 0x0000000083800000| Untracked 
|  56|0x0000000083800000, 0x0000000083900000, 0x0000000083900000|100%| O|  |TAMS 0x0000000083900000, 0x0000000083900000| Untracked 
|  57|0x0000000083900000, 0x0000000083a00000, 0x0000000083a00000|100%|HS|  |TAMS 0x0000000083a00000, 0x0000000083a00000| Complete 
|  58|0x0000000083a00000, 0x0000000083b00000, 0x0000000083b00000|100%| O|  |TAMS 0x0000000083b00000, 0x0000000083b00000| Untracked 
|  59|0x0000000083b00000, 0x0000000083c00000, 0x0000000083c00000|100%| O|  |TAMS 0x0000000083c00000, 0x0000000083c00000| Untracked 
|  60|0x0000000083c00000, 0x0000000083d00000, 0x0000000083d00000|100%| O|  |TAMS 0x0000000083d00000, 0x0000000083d00000| Untracked 
|  61|0x0000000083d00000, 0x0000000083e00000, 0x0000000083e00000|100%| O|  |TAMS 0x0000000083e00000, 0x0000000083e00000| Untracked 
|  62|0x0000000083e00000, 0x0000000083f00000, 0x0000000083f00000|100%| O|  |TAMS 0x0000000083f00000, 0x0000000083f00000| Untracked 
|  63|0x0000000083f00000, 0x0000000084000000, 0x0000000084000000|100%| O|  |TAMS 0x0000000084000000, 0x0000000084000000| Untracked 
|  64|0x0000000084000000, 0x0000000084100000, 0x0000000084100000|100%| O|  |TAMS 0x0000000084100000, 0x0000000084100000| Untracked 
|  65|0x0000000084100000, 0x0000000084200000, 0x0000000084200000|100%| O|  |TAMS 0x0000000084200000, 0x0000000084200000| Untracked 
|  66|0x0000000084200000, 0x0000000084300000, 0x0000000084300000|100%| O|  |TAMS 0x0000000084300000, 0x0000000084300000| Untracked 
|  67|0x0000000084300000, 0x0000000084400000, 0x0000000084400000|100%| O|  |TAMS 0x0000000084400000, 0x0000000084400000| Untracked 
|  68|0x0000000084400000, 0x0000000084500000, 0x0000000084500000|100%| O|  |TAMS 0x0000000084500000, 0x0000000084500000| Untracked 
|  69|0x0000000084500000, 0x0000000084600000, 0x0000000084600000|100%| O|  |TAMS 0x0000000084600000, 0x0000000084600000| Untracked 
|  70|0x0000000084600000, 0x0000000084700000, 0x0000000084700000|100%| O|  |TAMS 0x0000000084700000, 0x0000000084700000| Untracked 
|  71|0x0000000084700000, 0x0000000084800000, 0x0000000084800000|100%| O|  |TAMS 0x0000000084800000, 0x0000000084800000| Untracked 
|  72|0x0000000084800000, 0x0000000084900000, 0x0000000084900000|100%| O|  |TAMS 0x0000000084900000, 0x0000000084900000| Untracked 
|  73|0x0000000084900000, 0x0000000084a00000, 0x0000000084a00000|100%| O|  |TAMS 0x0000000084a00000, 0x0000000084a00000| Untracked 
|  74|0x0000000084a00000, 0x0000000084b00000, 0x0000000084b00000|100%| O|  |TAMS 0x0000000084b00000, 0x0000000084b00000| Untracked 
|  75|0x0000000084b00000, 0x0000000084c00000, 0x0000000084c00000|100%| O|  |TAMS 0x0000000084c00000, 0x0000000084c00000| Untracked 
|  76|0x0000000084c00000, 0x0000000084d00000, 0x0000000084d00000|100%| O|  |TAMS 0x0000000084d00000, 0x0000000084d00000| Untracked 
|  77|0x0000000084d00000, 0x0000000084e00000, 0x0000000084e00000|100%| O|  |TAMS 0x0000000084e00000, 0x0000000084e00000| Untracked 
|  78|0x0000000084e00000, 0x0000000084f00000, 0x0000000084f00000|100%| O|  |TAMS 0x0000000084f00000, 0x0000000084f00000| Untracked 
|  79|0x0000000084f00000, 0x0000000085000000, 0x0000000085000000|100%| O|  |TAMS 0x0000000085000000, 0x0000000085000000| Untracked 
|  80|0x0000000085000000, 0x0000000085100000, 0x0000000085100000|100%| O|  |TAMS 0x0000000085100000, 0x0000000085100000| Untracked 
|  81|0x0000000085100000, 0x0000000085200000, 0x0000000085200000|100%| O|  |TAMS 0x0000000085200000, 0x0000000085200000| Untracked 
|  82|0x0000000085200000, 0x0000000085300000, 0x0000000085300000|100%| O|  |TAMS 0x0000000085300000, 0x0000000085300000| Untracked 
|  83|0x0000000085300000, 0x0000000085400000, 0x0000000085400000|100%| O|  |TAMS 0x0000000085400000, 0x0000000085400000| Untracked 
|  84|0x0000000085400000, 0x0000000085500000, 0x0000000085500000|100%| O|  |TAMS 0x0000000085500000, 0x0000000085500000| Untracked 
|  85|0x0000000085500000, 0x0000000085600000, 0x0000000085600000|100%| O|  |TAMS 0x0000000085600000, 0x0000000085600000| Untracked 
|  86|0x0000000085600000, 0x0000000085700000, 0x0000000085700000|100%| O|  |TAMS 0x0000000085700000, 0x0000000085700000| Untracked 
|  87|0x0000000085700000, 0x0000000085800000, 0x0000000085800000|100%|HS|  |TAMS 0x0000000085800000, 0x0000000085800000| Complete 
|  88|0x0000000085800000, 0x0000000085900000, 0x0000000085900000|100%|HS|  |TAMS 0x0000000085900000, 0x0000000085900000| Complete 
|  89|0x0000000085900000, 0x0000000085a00000, 0x0000000085a00000|100%|HS|  |TAMS 0x0000000085a00000, 0x0000000085a00000| Complete 
|  90|0x0000000085a00000, 0x0000000085b00000, 0x0000000085b00000|100%|HC|  |TAMS 0x0000000085b00000, 0x0000000085b00000| Complete 
|  91|0x0000000085b00000, 0x0000000085c00000, 0x0000000085c00000|100%|HC|  |TAMS 0x0000000085c00000, 0x0000000085c00000| Complete 
|  92|0x0000000085c00000, 0x0000000085d00000, 0x0000000085d00000|100%|HS|  |TAMS 0x0000000085d00000, 0x0000000085d00000| Complete 
|  93|0x0000000085d00000, 0x0000000085e00000, 0x0000000085e00000|100%|HC|  |TAMS 0x0000000085e00000, 0x0000000085e00000| Complete 
|  94|0x0000000085e00000, 0x0000000085f00000, 0x0000000085f00000|100%| O|  |TAMS 0x0000000085f00000, 0x0000000085f00000| Untracked 
|  95|0x0000000085f00000, 0x0000000086000000, 0x0000000086000000|100%| O|  |TAMS 0x0000000086000000, 0x0000000086000000| Untracked 
|  96|0x0000000086000000, 0x0000000086100000, 0x0000000086100000|100%| O|  |TAMS 0x0000000086100000, 0x0000000086100000| Untracked 
|  97|0x0000000086100000, 0x0000000086200000, 0x0000000086200000|100%| O|  |TAMS 0x0000000086200000, 0x0000000086200000| Untracked 
|  98|0x0000000086200000, 0x0000000086300000, 0x0000000086300000|100%| O|  |TAMS 0x0000000086300000, 0x0000000086300000| Untracked 
|  99|0x0000000086300000, 0x0000000086400000, 0x0000000086400000|100%| O|  |TAMS 0x0000000086400000, 0x0000000086400000| Untracked 
| 100|0x0000000086400000, 0x0000000086500000, 0x0000000086500000|100%| O|  |TAMS 0x0000000086500000, 0x0000000086500000| Untracked 
| 101|0x0000000086500000, 0x0000000086600000, 0x0000000086600000|100%| O|  |TAMS 0x0000000086600000, 0x0000000086600000| Untracked 
| 102|0x0000000086600000, 0x0000000086700000, 0x0000000086700000|100%| O|  |TAMS 0x0000000086700000, 0x0000000086700000| Untracked 
| 103|0x0000000086700000, 0x0000000086800000, 0x0000000086800000|100%| O|  |TAMS 0x0000000086800000, 0x0000000086800000| Untracked 
| 104|0x0000000086800000, 0x0000000086900000, 0x0000000086900000|100%|HS|  |TAMS 0x0000000086900000, 0x0000000086900000| Complete 
| 105|0x0000000086900000, 0x0000000086a00000, 0x0000000086a00000|100%|HS|  |TAMS 0x0000000086a00000, 0x0000000086a00000| Complete 
| 106|0x0000000086a00000, 0x0000000086b00000, 0x0000000086b00000|100%|HS|  |TAMS 0x0000000086b00000, 0x0000000086b00000| Complete 
| 107|0x0000000086b00000, 0x0000000086c00000, 0x0000000086c00000|100%|HS|  |TAMS 0x0000000086c00000, 0x0000000086c00000| Complete 
| 108|0x0000000086c00000, 0x0000000086d00000, 0x0000000086d00000|100%|HC|  |TAMS 0x0000000086d00000, 0x0000000086d00000| Complete 
| 109|0x0000000086d00000, 0x0000000086e00000, 0x0000000086e00000|100%|HC|  |TAMS 0x0000000086e00000, 0x0000000086e00000| Complete 
| 110|0x0000000086e00000, 0x0000000086f00000, 0x0000000086f00000|100%| O|  |TAMS 0x0000000086f00000, 0x0000000086f00000| Untracked 
| 111|0x0000000086f00000, 0x0000000087000000, 0x0000000087000000|100%| O|  |TAMS 0x0000000087000000, 0x0000000087000000| Untracked 
| 112|0x0000000087000000, 0x0000000087100000, 0x0000000087100000|100%| O|  |TAMS 0x0000000087100000, 0x0000000087100000| Untracked 
| 113|0x0000000087100000, 0x0000000087200000, 0x0000000087200000|100%| O|  |TAMS 0x0000000087200000, 0x0000000087200000| Untracked 
| 114|0x0000000087200000, 0x0000000087300000, 0x0000000087300000|100%| O|  |TAMS 0x0000000087300000, 0x0000000087300000| Untracked 
| 115|0x0000000087300000, 0x0000000087400000, 0x0000000087400000|100%| O|  |TAMS 0x0000000087400000, 0x0000000087400000| Untracked 
| 116|0x0000000087400000, 0x0000000087500000, 0x0000000087500000|100%| O|  |TAMS 0x0000000087500000, 0x0000000087500000| Untracked 
| 117|0x0000000087500000, 0x0000000087600000, 0x0000000087600000|100%| O|  |TAMS 0x0000000087600000, 0x0000000087600000| Untracked 
| 118|0x0000000087600000, 0x0000000087700000, 0x0000000087700000|100%|HS|  |TAMS 0x0000000087700000, 0x0000000087700000| Complete 
| 119|0x0000000087700000, 0x0000000087800000, 0x0000000087800000|100%|HC|  |TAMS 0x0000000087800000, 0x0000000087800000| Complete 
| 120|0x0000000087800000, 0x0000000087900000, 0x0000000087900000|100%|HS|  |TAMS 0x0000000087900000, 0x0000000087900000| Complete 
| 121|0x0000000087900000, 0x0000000087a00000, 0x0000000087a00000|100%|HC|  |TAMS 0x0000000087a00000, 0x0000000087a00000| Complete 
| 122|0x0000000087a00000, 0x0000000087b00000, 0x0000000087b00000|100%|HC|  |TAMS 0x0000000087b00000, 0x0000000087b00000| Complete 
| 123|0x0000000087b00000, 0x0000000087c00000, 0x0000000087c00000|100%|HC|  |TAMS 0x0000000087c00000, 0x0000000087c00000| Complete 
| 124|0x0000000087c00000, 0x0000000087d00000, 0x0000000087d00000|100%| O|  |TAMS 0x0000000087d00000, 0x0000000087d00000| Untracked 
| 125|0x0000000087d00000, 0x0000000087e00000, 0x0000000087e00000|100%| O|  |TAMS 0x0000000087e00000, 0x0000000087e00000| Untracked 
| 126|0x0000000087e00000, 0x0000000087f00000, 0x0000000087f00000|100%| O|  |TAMS 0x0000000087f00000, 0x0000000087f00000| Untracked 
| 127|0x0000000087f00000, 0x0000000088000000, 0x0000000088000000|100%| O|  |TAMS 0x0000000088000000, 0x0000000088000000| Untracked 
| 128|0x0000000088000000, 0x0000000088100000, 0x0000000088100000|100%| O|  |TAMS 0x0000000088100000, 0x0000000088100000| Untracked 
| 129|0x0000000088100000, 0x0000000088200000, 0x0000000088200000|100%| O|  |TAMS 0x0000000088200000, 0x0000000088200000| Untracked 
| 130|0x0000000088200000, 0x0000000088300000, 0x0000000088300000|100%| O|  |TAMS 0x0000000088300000, 0x0000000088300000| Untracked 
| 131|0x0000000088300000, 0x0000000088400000, 0x0000000088400000|100%| O|  |TAMS 0x0000000088400000, 0x0000000088400000| Untracked 
| 132|0x0000000088400000, 0x0000000088500000, 0x0000000088500000|100%| O|  |TAMS 0x0000000088500000, 0x0000000088500000| Untracked 
| 133|0x0000000088500000, 0x0000000088600000, 0x0000000088600000|100%| O|  |TAMS 0x0000000088600000, 0x0000000088600000| Untracked 
| 134|0x0000000088600000, 0x0000000088700000, 0x0000000088700000|100%| O|  |TAMS 0x0000000088700000, 0x0000000088700000| Untracked 
| 135|0x0000000088700000, 0x0000000088800000, 0x0000000088800000|100%| O|  |TAMS 0x0000000088800000, 0x0000000088800000| Untracked 
| 136|0x0000000088800000, 0x0000000088900000, 0x0000000088900000|100%|HS|  |TAMS 0x0000000088900000, 0x0000000088900000| Complete 
| 137|0x0000000088900000, 0x0000000088a00000, 0x0000000088a00000|100%|HS|  |TAMS 0x0000000088a00000, 0x0000000088a00000| Complete 
| 138|0x0000000088a00000, 0x0000000088b00000, 0x0000000088b00000|100%| O|  |TAMS 0x0000000088b00000, 0x0000000088b00000| Untracked 
| 139|0x0000000088b00000, 0x0000000088c00000, 0x0000000088c00000|100%| O|  |TAMS 0x0000000088c00000, 0x0000000088c00000| Untracked 
| 140|0x0000000088c00000, 0x0000000088d00000, 0x0000000088d00000|100%| O|  |TAMS 0x0000000088d00000, 0x0000000088d00000| Untracked 
| 141|0x0000000088d00000, 0x0000000088e00000, 0x0000000088e00000|100%| O|  |TAMS 0x0000000088e00000, 0x0000000088e00000| Untracked 
| 142|0x0000000088e00000, 0x0000000088f00000, 0x0000000088f00000|100%| O|  |TAMS 0x0000000088f00000, 0x0000000088f00000| Untracked 
| 143|0x0000000088f00000, 0x0000000089000000, 0x0000000089000000|100%| O|  |TAMS 0x0000000089000000, 0x0000000089000000| Untracked 
| 144|0x0000000089000000, 0x0000000089100000, 0x0000000089100000|100%| O|  |TAMS 0x0000000089100000, 0x0000000089100000| Untracked 
| 145|0x0000000089100000, 0x0000000089200000, 0x0000000089200000|100%| O|  |TAMS 0x0000000089200000, 0x0000000089200000| Untracked 
| 146|0x0000000089200000, 0x0000000089300000, 0x0000000089300000|100%| O|  |TAMS 0x0000000089300000, 0x0000000089300000| Untracked 
| 147|0x0000000089300000, 0x0000000089400000, 0x0000000089400000|100%| O|  |TAMS 0x0000000089400000, 0x0000000089400000| Untracked 
| 148|0x0000000089400000, 0x0000000089500000, 0x0000000089500000|100%| O|  |TAMS 0x0000000089500000, 0x0000000089500000| Untracked 
| 149|0x0000000089500000, 0x0000000089600000, 0x0000000089600000|100%| O|  |TAMS 0x0000000089600000, 0x0000000089600000| Untracked 
| 150|0x0000000089600000, 0x0000000089700000, 0x0000000089700000|100%| O|  |TAMS 0x0000000089700000, 0x0000000089700000| Untracked 
| 151|0x0000000089700000, 0x0000000089800000, 0x0000000089800000|100%| O|  |TAMS 0x0000000089800000, 0x0000000089800000| Untracked 
| 152|0x0000000089800000, 0x0000000089900000, 0x0000000089900000|100%| O|  |TAMS 0x0000000089900000, 0x0000000089900000| Untracked 
| 153|0x0000000089900000, 0x0000000089a00000, 0x0000000089a00000|100%| O|  |TAMS 0x0000000089a00000, 0x0000000089a00000| Untracked 
| 154|0x0000000089a00000, 0x0000000089b00000, 0x0000000089b00000|100%| O|  |TAMS 0x0000000089b00000, 0x0000000089b00000| Untracked 
| 155|0x0000000089b00000, 0x0000000089c00000, 0x0000000089c00000|100%| O|  |TAMS 0x0000000089c00000, 0x0000000089c00000| Untracked 
| 156|0x0000000089c00000, 0x0000000089d00000, 0x0000000089d00000|100%| O|  |TAMS 0x0000000089d00000, 0x0000000089d00000| Untracked 
| 157|0x0000000089d00000, 0x0000000089e00000, 0x0000000089e00000|100%| O|  |TAMS 0x0000000089e00000, 0x0000000089e00000| Untracked 
| 158|0x0000000089e00000, 0x0000000089f00000, 0x0000000089f00000|100%| O|  |TAMS 0x0000000089f00000, 0x0000000089f00000| Untracked 
| 159|0x0000000089f00000, 0x000000008a000000, 0x000000008a000000|100%| O|  |TAMS 0x000000008a000000, 0x000000008a000000| Untracked 
| 160|0x000000008a000000, 0x000000008a100000, 0x000000008a100000|100%| O|  |TAMS 0x000000008a100000, 0x000000008a100000| Untracked 
| 161|0x000000008a100000, 0x000000008a200000, 0x000000008a200000|100%| O|  |TAMS 0x000000008a200000, 0x000000008a200000| Untracked 
| 162|0x000000008a200000, 0x000000008a300000, 0x000000008a300000|100%| O|  |TAMS 0x000000008a300000, 0x000000008a300000| Untracked 
| 163|0x000000008a300000, 0x000000008a400000, 0x000000008a400000|100%| O|  |TAMS 0x000000008a400000, 0x000000008a400000| Untracked 
| 164|0x000000008a400000, 0x000000008a500000, 0x000000008a500000|100%| O|  |TAMS 0x000000008a468400, 0x000000008a500000| Untracked 
| 165|0x000000008a500000, 0x000000008a600000, 0x000000008a600000|100%| O|  |TAMS 0x000000008a500000, 0x000000008a600000| Untracked 
| 166|0x000000008a600000, 0x000000008a700000, 0x000000008a700000|100%| O|  |TAMS 0x000000008a600000, 0x000000008a700000| Untracked 
| 167|0x000000008a700000, 0x000000008a800000, 0x000000008a800000|100%| O|  |TAMS 0x000000008a700000, 0x000000008a800000| Untracked 
| 168|0x000000008a800000, 0x000000008a900000, 0x000000008a900000|100%| O|  |TAMS 0x000000008a800000, 0x000000008a900000| Untracked 
| 169|0x000000008a900000, 0x000000008a91fc00, 0x000000008aa00000| 12%| O|  |TAMS 0x000000008a900000, 0x000000008a91fc00| Untracked 
| 170|0x000000008aa00000, 0x000000008aa00000, 0x000000008ab00000|  0%| F|  |TAMS 0x000000008aa00000, 0x000000008aa00000| Untracked 
| 171|0x000000008ab00000, 0x000000008ab00000, 0x000000008ac00000|  0%| F|  |TAMS 0x000000008ab00000, 0x000000008ab00000| Untracked 
| 172|0x000000008ac00000, 0x000000008ac00000, 0x000000008ad00000|  0%| F|  |TAMS 0x000000008ac00000, 0x000000008ac00000| Untracked 
| 173|0x000000008ad00000, 0x000000008ad00000, 0x000000008ae00000|  0%| F|  |TAMS 0x000000008ad00000, 0x000000008ad00000| Untracked 
| 174|0x000000008ae00000, 0x000000008ae00000, 0x000000008af00000|  0%| F|  |TAMS 0x000000008ae00000, 0x000000008ae00000| Untracked 
| 175|0x000000008af00000, 0x000000008af00000, 0x000000008b000000|  0%| F|  |TAMS 0x000000008af00000, 0x000000008af00000| Untracked 
| 176|0x000000008b000000, 0x000000008b000000, 0x000000008b100000|  0%| F|  |TAMS 0x000000008b000000, 0x000000008b000000| Untracked 
| 177|0x000000008b100000, 0x000000008b100000, 0x000000008b200000|  0%| F|  |TAMS 0x000000008b100000, 0x000000008b100000| Untracked 
| 178|0x000000008b200000, 0x000000008b200000, 0x000000008b300000|  0%| F|  |TAMS 0x000000008b200000, 0x000000008b200000| Untracked 
| 179|0x000000008b300000, 0x000000008b300000, 0x000000008b400000|  0%| F|  |TAMS 0x000000008b300000, 0x000000008b300000| Untracked 
| 180|0x000000008b400000, 0x000000008b400000, 0x000000008b500000|  0%| F|  |TAMS 0x000000008b400000, 0x000000008b400000| Untracked 
| 181|0x000000008b500000, 0x000000008b500000, 0x000000008b600000|  0%| F|  |TAMS 0x000000008b500000, 0x000000008b500000| Untracked 
| 182|0x000000008b600000, 0x000000008b600000, 0x000000008b700000|  0%| F|  |TAMS 0x000000008b600000, 0x000000008b600000| Untracked 
| 183|0x000000008b700000, 0x000000008b700000, 0x000000008b800000|  0%| F|  |TAMS 0x000000008b700000, 0x000000008b700000| Untracked 
| 184|0x000000008b800000, 0x000000008b800000, 0x000000008b900000|  0%| F|  |TAMS 0x000000008b800000, 0x000000008b800000| Untracked 
| 185|0x000000008b900000, 0x000000008b900000, 0x000000008ba00000|  0%| F|  |TAMS 0x000000008b900000, 0x000000008b900000| Untracked 
| 186|0x000000008ba00000, 0x000000008ba00000, 0x000000008bb00000|  0%| F|  |TAMS 0x000000008ba00000, 0x000000008ba00000| Untracked 
| 187|0x000000008bb00000, 0x000000008bb00000, 0x000000008bc00000|  0%| F|  |TAMS 0x000000008bb00000, 0x000000008bb00000| Untracked 
| 188|0x000000008bc00000, 0x000000008bc00000, 0x000000008bd00000|  0%| F|  |TAMS 0x000000008bc00000, 0x000000008bc00000| Untracked 
| 189|0x000000008bd00000, 0x000000008bd00000, 0x000000008be00000|  0%| F|  |TAMS 0x000000008bd00000, 0x000000008bd00000| Untracked 
| 190|0x000000008be00000, 0x000000008be00000, 0x000000008bf00000|  0%| F|  |TAMS 0x000000008be00000, 0x000000008be00000| Untracked 
| 191|0x000000008bf00000, 0x000000008bf00000, 0x000000008c000000|  0%| F|  |TAMS 0x000000008bf00000, 0x000000008bf00000| Untracked 
| 192|0x000000008c000000, 0x000000008c000000, 0x000000008c100000|  0%| F|  |TAMS 0x000000008c000000, 0x000000008c000000| Untracked 
| 193|0x000000008c100000, 0x000000008c100000, 0x000000008c200000|  0%| F|  |TAMS 0x000000008c100000, 0x000000008c100000| Untracked 
| 194|0x000000008c200000, 0x000000008c200000, 0x000000008c300000|  0%| F|  |TAMS 0x000000008c200000, 0x000000008c200000| Untracked 
| 195|0x000000008c300000, 0x000000008c300000, 0x000000008c400000|  0%| F|  |TAMS 0x000000008c300000, 0x000000008c300000| Untracked 
| 196|0x000000008c400000, 0x000000008c400000, 0x000000008c500000|  0%| F|  |TAMS 0x000000008c400000, 0x000000008c400000| Untracked 
| 197|0x000000008c500000, 0x000000008c500000, 0x000000008c600000|  0%| F|  |TAMS 0x000000008c500000, 0x000000008c500000| Untracked 
| 198|0x000000008c600000, 0x000000008c600000, 0x000000008c700000|  0%| F|  |TAMS 0x000000008c600000, 0x000000008c600000| Untracked 
| 199|0x000000008c700000, 0x000000008c700000, 0x000000008c800000|  0%| F|  |TAMS 0x000000008c700000, 0x000000008c700000| Untracked 
| 200|0x000000008c800000, 0x000000008c800000, 0x000000008c900000|  0%| F|  |TAMS 0x000000008c800000, 0x000000008c800000| Untracked 
| 201|0x000000008c900000, 0x000000008c900000, 0x000000008ca00000|  0%| F|  |TAMS 0x000000008c900000, 0x000000008c900000| Untracked 
| 202|0x000000008ca00000, 0x000000008ca00000, 0x000000008cb00000|  0%| F|  |TAMS 0x000000008ca00000, 0x000000008ca00000| Untracked 
| 203|0x000000008cb00000, 0x000000008cb00000, 0x000000008cc00000|  0%| F|  |TAMS 0x000000008cb00000, 0x000000008cb00000| Untracked 
| 204|0x000000008cc00000, 0x000000008cc00000, 0x000000008cd00000|  0%| F|  |TAMS 0x000000008cc00000, 0x000000008cc00000| Untracked 
| 205|0x000000008cd00000, 0x000000008cd00000, 0x000000008ce00000|  0%| F|  |TAMS 0x000000008cd00000, 0x000000008cd00000| Untracked 
| 206|0x000000008ce00000, 0x000000008ce00000, 0x000000008cf00000|  0%| F|  |TAMS 0x000000008ce00000, 0x000000008ce00000| Untracked 
| 207|0x000000008cf00000, 0x000000008cf00000, 0x000000008d000000|  0%| F|  |TAMS 0x000000008cf00000, 0x000000008cf00000| Untracked 
| 208|0x000000008d000000, 0x000000008d000000, 0x000000008d100000|  0%| F|  |TAMS 0x000000008d000000, 0x000000008d000000| Untracked 
| 209|0x000000008d100000, 0x000000008d100000, 0x000000008d200000|  0%| F|  |TAMS 0x000000008d100000, 0x000000008d100000| Untracked 
| 210|0x000000008d200000, 0x000000008d200000, 0x000000008d300000|  0%| F|  |TAMS 0x000000008d200000, 0x000000008d200000| Untracked 
| 211|0x000000008d300000, 0x000000008d3aee58, 0x000000008d400000| 68%| S|CS|TAMS 0x000000008d300000, 0x000000008d300000| Complete 
| 212|0x000000008d400000, 0x000000008d500000, 0x000000008d500000|100%| S|CS|TAMS 0x000000008d400000, 0x000000008d400000| Complete 
| 213|0x000000008d500000, 0x000000008d600000, 0x000000008d600000|100%| S|CS|TAMS 0x000000008d500000, 0x000000008d500000| Complete 
| 214|0x000000008d600000, 0x000000008d700000, 0x000000008d700000|100%| S|CS|TAMS 0x000000008d600000, 0x000000008d600000| Complete 
| 215|0x000000008d700000, 0x000000008d700000, 0x000000008d800000|  0%| F|  |TAMS 0x000000008d700000, 0x000000008d700000| Untracked 
| 216|0x000000008d800000, 0x000000008d800000, 0x000000008d900000|  0%| F|  |TAMS 0x000000008d800000, 0x000000008d800000| Untracked 
| 217|0x000000008d900000, 0x000000008d900000, 0x000000008da00000|  0%| F|  |TAMS 0x000000008d900000, 0x000000008d900000| Untracked 
| 218|0x000000008da00000, 0x000000008da00000, 0x000000008db00000|  0%| F|  |TAMS 0x000000008da00000, 0x000000008da00000| Untracked 
| 219|0x000000008db00000, 0x000000008db00000, 0x000000008dc00000|  0%| F|  |TAMS 0x000000008db00000, 0x000000008db00000| Untracked 
| 220|0x000000008dc00000, 0x000000008dd00000, 0x000000008dd00000|100%| S|CS|TAMS 0x000000008dc00000, 0x000000008dc00000| Complete 
| 221|0x000000008dd00000, 0x000000008dd00000, 0x000000008de00000|  0%| F|  |TAMS 0x000000008dd00000, 0x000000008dd00000| Untracked 
| 222|0x000000008de00000, 0x000000008de00000, 0x000000008df00000|  0%| F|  |TAMS 0x000000008de00000, 0x000000008de00000| Untracked 
| 223|0x000000008df00000, 0x000000008df00000, 0x000000008e000000|  0%| F|  |TAMS 0x000000008df00000, 0x000000008df00000| Untracked 
| 224|0x000000008e000000, 0x000000008e000000, 0x000000008e100000|  0%| F|  |TAMS 0x000000008e000000, 0x000000008e000000| Untracked 
| 225|0x000000008e100000, 0x000000008e100000, 0x000000008e200000|  0%| F|  |TAMS 0x000000008e100000, 0x000000008e100000| Untracked 
| 226|0x000000008e200000, 0x000000008e200000, 0x000000008e300000|  0%| F|  |TAMS 0x000000008e200000, 0x000000008e200000| Untracked 
| 227|0x000000008e300000, 0x000000008e300000, 0x000000008e400000|  0%| F|  |TAMS 0x000000008e300000, 0x000000008e300000| Untracked 
| 228|0x000000008e400000, 0x000000008e400000, 0x000000008e500000|  0%| F|  |TAMS 0x000000008e400000, 0x000000008e400000| Untracked 
| 229|0x000000008e500000, 0x000000008e500000, 0x000000008e600000|  0%| F|  |TAMS 0x000000008e500000, 0x000000008e500000| Untracked 
| 230|0x000000008e600000, 0x000000008e600000, 0x000000008e700000|  0%| F|  |TAMS 0x000000008e600000, 0x000000008e600000| Untracked 
| 231|0x000000008e700000, 0x000000008e700000, 0x000000008e800000|  0%| F|  |TAMS 0x000000008e700000, 0x000000008e700000| Untracked 
| 232|0x000000008e800000, 0x000000008e800000, 0x000000008e900000|  0%| F|  |TAMS 0x000000008e800000, 0x000000008e800000| Untracked 
| 233|0x000000008e900000, 0x000000008e900000, 0x000000008ea00000|  0%| F|  |TAMS 0x000000008e900000, 0x000000008e900000| Untracked 
| 234|0x000000008ea00000, 0x000000008ea00000, 0x000000008eb00000|  0%| F|  |TAMS 0x000000008ea00000, 0x000000008ea00000| Untracked 
| 235|0x000000008eb00000, 0x000000008eb00000, 0x000000008ec00000|  0%| F|  |TAMS 0x000000008eb00000, 0x000000008eb00000| Untracked 
| 236|0x000000008ec00000, 0x000000008ec00000, 0x000000008ed00000|  0%| F|  |TAMS 0x000000008ec00000, 0x000000008ec00000| Untracked 
| 237|0x000000008ed00000, 0x000000008ed00000, 0x000000008ee00000|  0%| F|  |TAMS 0x000000008ed00000, 0x000000008ed00000| Untracked 
| 238|0x000000008ee00000, 0x000000008ee00000, 0x000000008ef00000|  0%| F|  |TAMS 0x000000008ee00000, 0x000000008ee00000| Untracked 
| 239|0x000000008ef00000, 0x000000008ef00000, 0x000000008f000000|  0%| F|  |TAMS 0x000000008ef00000, 0x000000008ef00000| Untracked 
| 240|0x000000008f000000, 0x000000008f000000, 0x000000008f100000|  0%| F|  |TAMS 0x000000008f000000, 0x000000008f000000| Untracked 
| 241|0x000000008f100000, 0x000000008f100000, 0x000000008f200000|  0%| F|  |TAMS 0x000000008f100000, 0x000000008f100000| Untracked 
| 242|0x000000008f200000, 0x000000008f200000, 0x000000008f300000|  0%| F|  |TAMS 0x000000008f200000, 0x000000008f200000| Untracked 
| 243|0x000000008f300000, 0x000000008f300000, 0x000000008f400000|  0%| F|  |TAMS 0x000000008f300000, 0x000000008f300000| Untracked 
| 244|0x000000008f400000, 0x000000008f400000, 0x000000008f500000|  0%| F|  |TAMS 0x000000008f400000, 0x000000008f400000| Untracked 
| 245|0x000000008f500000, 0x000000008f500000, 0x000000008f600000|  0%| F|  |TAMS 0x000000008f500000, 0x000000008f500000| Untracked 
| 246|0x000000008f600000, 0x000000008f600000, 0x000000008f700000|  0%| F|  |TAMS 0x000000008f600000, 0x000000008f600000| Untracked 
| 247|0x000000008f700000, 0x000000008f700000, 0x000000008f800000|  0%| F|  |TAMS 0x000000008f700000, 0x000000008f700000| Untracked 
| 248|0x000000008f800000, 0x000000008f800000, 0x000000008f900000|  0%| F|  |TAMS 0x000000008f800000, 0x000000008f800000| Untracked 
| 249|0x000000008f900000, 0x000000008f900000, 0x000000008fa00000|  0%| F|  |TAMS 0x000000008f900000, 0x000000008f900000| Untracked 
| 250|0x000000008fa00000, 0x000000008fa00000, 0x000000008fb00000|  0%| F|  |TAMS 0x000000008fa00000, 0x000000008fa00000| Untracked 
| 251|0x000000008fb00000, 0x000000008fb00000, 0x000000008fc00000|  0%| F|  |TAMS 0x000000008fb00000, 0x000000008fb00000| Untracked 
| 252|0x000000008fc00000, 0x000000008fc00000, 0x000000008fd00000|  0%| F|  |TAMS 0x000000008fc00000, 0x000000008fc00000| Untracked 
| 253|0x000000008fd00000, 0x000000008fd00000, 0x000000008fe00000|  0%| F|  |TAMS 0x000000008fd00000, 0x000000008fd00000| Untracked 
| 254|0x000000008fe00000, 0x000000008fe00000, 0x000000008ff00000|  0%| F|  |TAMS 0x000000008fe00000, 0x000000008fe00000| Untracked 
| 255|0x000000008ff00000, 0x000000008ff00000, 0x0000000090000000|  0%| F|  |TAMS 0x000000008ff00000, 0x000000008ff00000| Untracked 
| 256|0x0000000090000000, 0x0000000090000000, 0x0000000090100000|  0%| F|  |TAMS 0x0000000090000000, 0x0000000090000000| Untracked 

Card table byte_map: [0x000001f8b0e80000,0x000001f8b1280000] _byte_map_base: 0x000001f8b0a80000

Marking Bits (Prev, Next): (CMBitMap*) 0x000001f899344fd8, (CMBitMap*) 0x000001f899345010
 Prev Bits: [0x000001f8b1680000, 0x000001f8b3680000)
 Next Bits: [0x000001f8b3680000, 0x000001f8b5680000)

Polling page: 0x000001f8974b0000

Metaspace:

Usage:
  Non-class:     98.49 MB capacity,    96.21 MB ( 98%) used,     1.93 MB (  2%) free+waste,   361.00 KB ( <1%) overhead. 
      Class:     15.89 MB capacity,    14.39 MB ( 91%) used,     1.33 MB (  8%) free+waste,   164.13 KB (  1%) overhead. 
       Both:    114.38 MB capacity,   110.60 MB ( 97%) used,     3.26 MB (  3%) free+waste,   525.13 KB ( <1%) overhead. 

Virtual space:
  Non-class space:      100.00 MB reserved,      98.58 MB ( 99%) committed 
      Class space:      504.00 MB reserved,      15.95 MB (  3%) committed 
             Both:      604.00 MB reserved,     114.53 MB ( 19%) committed 

Chunk freelists:
   Non-Class:  28.00 KB
       Class:  20.00 KB
        Both:  48.00 KB

MaxMetaspaceSize: 512.00 MB
CompressedClassSpaceSize: 504.00 MB
Initial GC threshold: 20.80 MB
Current GC threshold: 189.00 MB
CDS: off

CodeHeap 'non-profiled nmethods': size=120064Kb used=8732Kb max_used=8732Kb free=111331Kb
 bounds [0x000001f8a9540000, 0x000001f8a9dd0000, 0x000001f8b0a80000]
CodeHeap 'profiled nmethods': size=120000Kb used=32452Kb max_used=32452Kb free=87547Kb
 bounds [0x000001f8a2010000, 0x000001f8a3fd0000, 0x000001f8a9540000]
CodeHeap 'non-nmethods': size=5696Kb used=2401Kb max_used=2462Kb free=3294Kb
 bounds [0x000001f8a1a80000, 0x000001f8a1d00000, 0x000001f8a2010000]
 total_blobs=15421 nmethods=14488 adapters=843
 compilation: enabled
              stopped_count=0, restarted_count=0
 full_count=0

Compilation events (20 events):
Event: 64.084 Thread 0x000001f8b836a000 14670       2       org.gradle.execution.plan.DefaultFinalizedExecutionPlan::tryLockSharedResourceFor (56 bytes)
Event: 64.085 Thread 0x000001f8b836a000 nmethod 14670 0x000001f8a3fbd190 code [0x000001f8a3fbd3a0, 0x000001f8a3fbd698]
Event: 64.085 Thread 0x000001f8b836a000 14669       1       org.gradle.api.internal.artifacts.transform.DefaultTransformUpstreamDependenciesResolver$FinalizeTransformDependenciesFromSelectedArtifacts$CalculateFinalDependencies::getPostExecutionNodes (5 bytes)
Event: 64.085 Thread 0x000001f8b836a000 nmethod 14669 0x000001f8a9dc6b90 code [0x000001f8a9dc6d40, 0x000001f8a9dc6df8]
Event: 64.087 Thread 0x000001f8b836a000 14671       2       org.gradle.internal.snapshot.impl.DirectorySnapshotter$PathVisitor::<init> (92 bytes)
Event: 64.089 Thread 0x000001f8b836a000 nmethod 14671 0x000001f8a3fbd890 code [0x000001f8a3fbdac0, 0x000001f8a3fbe668]
Event: 64.089 Thread 0x000001f8b836a000 14672       2       org.gradle.internal.snapshot.MerkleDirectorySnapshotBuilder::sortingRequired (9 bytes)
Event: 64.090 Thread 0x000001f8b836a000 nmethod 14672 0x000001f8a3fbe990 code [0x000001f8a3fbeb40, 0x000001f8a3fbee38]
Event: 64.090 Thread 0x000001f8b836a000 14673   !   2       org.gradle.execution.plan.ActionNode::visitPostExecutionNodes (65 bytes)
Event: 64.091 Thread 0x000001f8b836a000 nmethod 14673 0x000001f8a3fbef10 code [0x000001f8a3fbf100, 0x000001f8a3fbf3f8]
Event: 64.092 Thread 0x000001f8b836a000 14674       2       org.gradle.internal.snapshot.impl.FilteredTrackingMerkleDirectorySnapshotBuilder::getResult (10 bytes)
Event: 64.092 Thread 0x000001f8b836a000 nmethod 14674 0x000001f8a3fbf590 code [0x000001f8a3fbf740, 0x000001f8a3fbf868]
Event: 64.096 Thread 0x000001f8b836a000 14675       2       org.gradle.internal.fingerprint.impl.DefaultCurrentFileCollectionFingerprint::<init> (53 bytes)
Event: 64.097 Thread 0x000001f8b836a000 nmethod 14675 0x000001f8a3fbf910 code [0x000001f8a3fbfae0, 0x000001f8a3fbfec8]
Event: 64.102 Thread 0x000001f8b836a000 14676  s    2       java.io.ExpiringCache::get (39 bytes)
Event: 64.102 Thread 0x000001f8b836a000 nmethod 14676 0x000001f8a3fc0010 code [0x000001f8a3fc01e0, 0x000001f8a3fc0518]
Event: 64.122 Thread 0x000001f8b836a000 14677       1       java.util.Collections$EmptySet::contains (2 bytes)
Event: 64.122 Thread 0x000001f8b836a000 nmethod 14677 0x000001f8a9dc6e90 code [0x000001f8a9dc7040, 0x000001f8a9dc70f8]
Event: 64.122 Thread 0x000001f8b836a000 14678       2       java.util.Arrays::copyOfRange (89 bytes)
Event: 64.124 Thread 0x000001f8b836a000 nmethod 14678 0x000001f8a3fc0610 code [0x000001f8a3fc0860, 0x000001f8a3fc0f78]

GC Heap History (20 events):
Event: 54.950 GC heap after
{Heap after GC invocations=82 (full 0):
 garbage-first heap   total 182272K, used 138714K [0x0000000080000000, 0x0000000100000000)
  region size 1024K, 3 young (3072K), 3 survivors (3072K)
 Metaspace       used 102408K, capacity 105844K, committed 106012K, reserved 608256K
  class space    used 13411K, capacity 14759K, committed 14796K, reserved 516096K
}
Event: 55.438 GC heap before
{Heap before GC invocations=83 (full 0):
 garbage-first heap   total 182272K, used 156122K [0x0000000080000000, 0x0000000100000000)
  region size 1024K, 22 young (22528K), 3 survivors (3072K)
 Metaspace       used 102549K, capacity 106157K, committed 106396K, reserved 608256K
  class space    used 13430K, capacity 14814K, committed 14924K, reserved 516096K
}
Event: 55.455 GC heap after
{Heap after GC invocations=84 (full 0):
 garbage-first heap   total 182272K, used 140697K [0x0000000080000000, 0x0000000100000000)
  region size 1024K, 2 young (2048K), 2 survivors (2048K)
 Metaspace       used 102549K, capacity 106157K, committed 106396K, reserved 608256K
  class space    used 13430K, capacity 14814K, committed 14924K, reserved 516096K
}
Event: 56.029 GC heap before
{Heap before GC invocations=84 (full 0):
 garbage-first heap   total 182272K, used 160153K [0x0000000080000000, 0x0000000100000000)
  region size 1024K, 19 young (19456K), 2 survivors (2048K)
 Metaspace       used 102754K, capacity 106435K, committed 106652K, reserved 608256K
  class space    used 13451K, capacity 14885K, committed 14924K, reserved 516096K
}
Event: 56.046 GC heap after
{Heap after GC invocations=85 (full 0):
 garbage-first heap   total 219136K, used 148112K [0x0000000080000000, 0x0000000100000000)
  region size 1024K, 3 young (3072K), 3 survivors (3072K)
 Metaspace       used 102754K, capacity 106435K, committed 106652K, reserved 608256K
  class space    used 13451K, capacity 14885K, committed 14924K, reserved 516096K
}
Event: 56.786 GC heap before
{Heap before GC invocations=86 (full 0):
 garbage-first heap   total 219136K, used 174736K [0x0000000080000000, 0x0000000100000000)
  region size 1024K, 29 young (29696K), 3 survivors (3072K)
 Metaspace       used 104478K, capacity 108192K, committed 108444K, reserved 610304K
  class space    used 13704K, capacity 15163K, committed 15180K, reserved 516096K
}
Event: 56.805 GC heap after
{Heap after GC invocations=87 (full 0):
 garbage-first heap   total 219136K, used 151530K [0x0000000080000000, 0x0000000100000000)
  region size 1024K, 3 young (3072K), 3 survivors (3072K)
 Metaspace       used 104478K, capacity 108192K, committed 108444K, reserved 610304K
  class space    used 13704K, capacity 15163K, committed 15180K, reserved 516096K
}
Event: 57.561 GC heap before
{Heap before GC invocations=87 (full 0):
 garbage-first heap   total 219136K, used 177130K [0x0000000080000000, 0x0000000100000000)
  region size 1024K, 28 young (28672K), 3 survivors (3072K)
 Metaspace       used 107735K, capacity 111514K, committed 111772K, reserved 612352K
  class space    used 14139K, capacity 15598K, committed 15692K, reserved 516096K
}
Event: 57.580 GC heap after
{Heap after GC invocations=88 (full 0):
 garbage-first heap   total 219136K, used 152955K [0x0000000080000000, 0x0000000100000000)
  region size 1024K, 2 young (2048K), 2 survivors (2048K)
 Metaspace       used 107735K, capacity 111514K, committed 111772K, reserved 612352K
  class space    used 14139K, capacity 15598K, committed 15692K, reserved 516096K
}
Event: 58.582 GC heap before
{Heap before GC invocations=89 (full 0):
 garbage-first heap   total 219136K, used 179579K [0x0000000080000000, 0x0000000100000000)
  region size 1024K, 28 young (28672K), 2 survivors (2048K)
 Metaspace       used 108474K, capacity 112234K, committed 112412K, reserved 614400K
  class space    used 14240K, capacity 15705K, committed 15820K, reserved 516096K
}
Event: 58.603 GC heap after
{Heap after GC invocations=90 (full 0):
 garbage-first heap   total 219136K, used 156672K [0x0000000080000000, 0x0000000100000000)
  region size 1024K, 4 young (4096K), 4 survivors (4096K)
 Metaspace       used 108474K, capacity 112234K, committed 112412K, reserved 614400K
  class space    used 14240K, capacity 15705K, committed 15820K, reserved 516096K
}
Event: 59.305 GC heap before
{Heap before GC invocations=90 (full 0):
 garbage-first heap   total 219136K, used 182272K [0x0000000080000000, 0x0000000100000000)
  region size 1024K, 29 young (29696K), 4 survivors (4096K)
 Metaspace       used 109347K, capacity 113141K, committed 113308K, reserved 614400K
  class space    used 14333K, capacity 15819K, committed 15948K, reserved 516096K
}
Event: 59.331 GC heap after
{Heap after GC invocations=91 (full 0):
 garbage-first heap   total 263168K, used 161026K [0x0000000080000000, 0x0000000100000000)
  region size 1024K, 4 young (4096K), 4 survivors (4096K)
 Metaspace       used 109347K, capacity 113141K, committed 113308K, reserved 614400K
  class space    used 14333K, capacity 15819K, committed 15948K, reserved 516096K
}
Event: 60.626 GC heap before
{Heap before GC invocations=92 (full 0):
 garbage-first heap   total 263168K, used 198914K [0x0000000080000000, 0x0000000100000000)
  region size 1024K, 41 young (41984K), 4 survivors (4096K)
 Metaspace       used 109848K, capacity 113581K, committed 113820K, reserved 614400K
  class space    used 14366K, capacity 15828K, committed 15948K, reserved 516096K
}
Event: 60.656 GC heap after
{Heap after GC invocations=93 (full 0):
 garbage-first heap   total 263168K, used 167936K [0x0000000080000000, 0x0000000100000000)
  region size 1024K, 6 young (6144K), 6 survivors (6144K)
 Metaspace       used 109848K, capacity 113581K, committed 113820K, reserved 614400K
  class space    used 14366K, capacity 15828K, committed 15948K, reserved 516096K
}
Event: 61.330 GC heap before
{Heap before GC invocations=93 (full 0):
 garbage-first heap   total 263168K, used 204800K [0x0000000080000000, 0x0000000100000000)
  region size 1024K, 42 young (43008K), 6 survivors (6144K)
 Metaspace       used 111785K, capacity 115481K, committed 115612K, reserved 616448K
  class space    used 14589K, capacity 16091K, committed 16204K, reserved 516096K
}
Event: 61.358 GC heap after
{Heap after GC invocations=94 (full 0):
 garbage-first heap   total 263168K, used 171235K [0x0000000080000000, 0x0000000100000000)
  region size 1024K, 3 young (3072K), 3 survivors (3072K)
 Metaspace       used 111785K, capacity 115481K, committed 115612K, reserved 616448K
  class space    used 14589K, capacity 16091K, committed 16204K, reserved 516096K
}
Event: 62.841 GC heap before
{Heap before GC invocations=95 (full 0):
 garbage-first heap   total 263168K, used 208099K [0x0000000080000000, 0x0000000100000000)
  region size 1024K, 39 young (39936K), 3 survivors (3072K)
 Metaspace       used 112891K, capacity 116618K, committed 116764K, reserved 618496K
  class space    used 14722K, capacity 16218K, committed 16332K, reserved 516096K
}
Event: 62.869 GC heap after
{Heap after GC invocations=96 (full 0):
 garbage-first heap   total 263168K, used 175665K [0x0000000080000000, 0x0000000100000000)
  region size 1024K, 5 young (5120K), 5 survivors (5120K)
 Metaspace       used 112891K, capacity 116618K, committed 116764K, reserved 618496K
  class space    used 14722K, capacity 16218K, committed 16332K, reserved 516096K
}
Event: 64.150 GC heap before
{Heap before GC invocations=96 (full 0):
 garbage-first heap   total 263168K, used 211505K [0x0000000080000000, 0x0000000100000000)
  region size 1024K, 41 young (41984K), 5 survivors (5120K)
 Metaspace       used 113255K, capacity 117120K, committed 117276K, reserved 618496K
  class space    used 14740K, capacity 16268K, committed 16332K, reserved 516096K
}

Deoptimization events (20 events):
Event: 64.060 Thread 0x000001f8bbd54000 DEOPT PACKING pc=0x000001f8a9d95328 sp=0x000000e3920fc9d0
Event: 64.060 Thread 0x000001f8bbd54000 DEOPT UNPACKING pc=0x000001f8a1aca1af sp=0x000000e3920fc950 mode 2
Event: 64.090 Thread 0x000001f8bbd4f000 Uncommon trap: trap_request=0xffffffc6 fr.pc=0x000001f8a9dad1d0 relative=0x0000000000000890
Event: 64.090 Thread 0x000001f8bbd4f000 Uncommon trap: reason=bimorphic_or_optimized_type_check action=maybe_recompile pc=0x000001f8a9dad1d0 method=org.gradle.internal.resources.AbstractTrackedResourceLock.tryLock()Z @ 39 c2
Event: 64.090 Thread 0x000001f8bbd4f000 DEOPT PACKING pc=0x000001f8a9dad1d0 sp=0x000000e3921fe580
Event: 64.090 Thread 0x000001f8bbd4f000 DEOPT UNPACKING pc=0x000001f8a1aca1af sp=0x000000e3921fe548 mode 2
Event: 64.100 Thread 0x000001f8bbd4f000 Uncommon trap: trap_request=0xffffffc6 fr.pc=0x000001f8a9dad1d0 relative=0x0000000000000890
Event: 64.100 Thread 0x000001f8bbd4f000 Uncommon trap: reason=bimorphic_or_optimized_type_check action=maybe_recompile pc=0x000001f8a9dad1d0 method=org.gradle.internal.resources.AbstractTrackedResourceLock.tryLock()Z @ 39 c2
Event: 64.100 Thread 0x000001f8bbd4f000 DEOPT PACKING pc=0x000001f8a9dad1d0 sp=0x000000e3921fe580
Event: 64.100 Thread 0x000001f8bbd4f000 DEOPT UNPACKING pc=0x000001f8a1aca1af sp=0x000000e3921fe548 mode 2
Event: 64.119 Thread 0x000001f8bbd4f000 Uncommon trap: trap_request=0xffffffc6 fr.pc=0x000001f8a9dad1d0 relative=0x0000000000000890
Event: 64.119 Thread 0x000001f8bbd4f000 Uncommon trap: reason=bimorphic_or_optimized_type_check action=maybe_recompile pc=0x000001f8a9dad1d0 method=org.gradle.internal.resources.AbstractTrackedResourceLock.tryLock()Z @ 39 c2
Event: 64.119 Thread 0x000001f8bbd4f000 DEOPT PACKING pc=0x000001f8a9dad1d0 sp=0x000000e3921fe580
Event: 64.119 Thread 0x000001f8bbd4f000 DEOPT UNPACKING pc=0x000001f8a1aca1af sp=0x000000e3921fe548 mode 2
Event: 64.120 Thread 0x000001f8bbd4f000 Uncommon trap: trap_request=0xffffffc6 fr.pc=0x000001f8a9dad1d0 relative=0x0000000000000890
Event: 64.120 Thread 0x000001f8bbd4f000 Uncommon trap: reason=bimorphic_or_optimized_type_check action=maybe_recompile pc=0x000001f8a9dad1d0 method=org.gradle.internal.resources.AbstractTrackedResourceLock.tryLock()Z @ 39 c2
Event: 64.120 Thread 0x000001f8bbd4f000 DEOPT PACKING pc=0x000001f8a9dad1d0 sp=0x000000e3921fe580
Event: 64.120 Thread 0x000001f8bbd4f000 DEOPT UNPACKING pc=0x000001f8a1aca1af sp=0x000000e3921fe548 mode 2
Event: 64.121 Thread 0x000001f8bbd4f000 DEOPT PACKING pc=0x000001f8a21c0564 sp=0x000000e3921fd710
Event: 64.122 Thread 0x000001f8bbd4f000 DEOPT UNPACKING pc=0x000001f8a1aca95e sp=0x000000e3921fcd08 mode 0

Classes redefined (0 events):
No events

Internal exceptions (20 events):
Event: 56.401 Thread 0x000001f8b968c000 Exception <a 'java/lang/NoSuchMethodError'{0x000000008caab270}: 'java.lang.Object java.lang.invoke.DirectMethodHandle$Holder.invokeStatic(java.lang.Object, java.lang.Object, java.lang.Object, java.lang.Object, java.lang.Object, java.lang.Object, int, int, java.lang.Object)'> (0x000000008caab270) thrown at [s\src\hotspot\share\interpreter\linkResolver.cpp, line 773]
Event: 56.645 Thread 0x000001f8b968c000 Exception <a 'sun/nio/fs/WindowsException'{0x000000008c024178}> (0x000000008c024178) thrown at [s\src\hotspot\share\prims\jni.cpp, line 617]
Event: 56.913 Thread 0x000001f8b968c000 Exception <a 'java/lang/NullPointerException'{0x000000008d0a25a0}> (0x000000008d0a25a0) thrown at [s\src\hotspot\share\interpreter\linkResolver.cpp, line 1440]
Event: 57.060 Thread 0x000001f8b968c000 Implicit null exception at 0x000001f8a98d7417 to 0x000001f8a98dd3d4
Event: 57.535 Thread 0x000001f8b968c000 Exception <a 'sun/nio/fs/WindowsException'{0x000000008bd6a810}> (0x000000008bd6a810) thrown at [s\src\hotspot\share\prims\jni.cpp, line 617]
Event: 57.536 Thread 0x000001f8b968c000 Exception <a 'sun/nio/fs/WindowsException'{0x000000008bd6be60}> (0x000000008bd6be60) thrown at [s\src\hotspot\share\prims\jni.cpp, line 617]
Event: 57.536 Thread 0x000001f8b968c000 Exception <a 'sun/nio/fs/WindowsException'{0x000000008bd6d500}> (0x000000008bd6d500) thrown at [s\src\hotspot\share\prims\jni.cpp, line 617]
Event: 57.536 Thread 0x000001f8b968c000 Exception <a 'sun/nio/fs/WindowsException'{0x000000008bd6eba0}> (0x000000008bd6eba0) thrown at [s\src\hotspot\share\prims\jni.cpp, line 617]
Event: 57.580 Thread 0x000001f8b8310000 Implicit null exception at 0x000001f8a9b50e2d to 0x000001f8a9b51570
Event: 57.937 Thread 0x000001f8b968c000 Implicit null exception at 0x000001f8a9a24e94 to 0x000001f8a9a254e0
Event: 59.169 Thread 0x000001f8b968c000 Implicit null exception at 0x000001f8a9cd764e to 0x000001f8a9cd7dc0
Event: 59.454 Thread 0x000001f8b968c000 Exception <a 'sun/nio/fs/WindowsException'{0x000000008fe68720}> (0x000000008fe68720) thrown at [s\src\hotspot\share\prims\jni.cpp, line 617]
Event: 59.455 Thread 0x000001f8b968c000 Exception <a 'sun/nio/fs/WindowsException'{0x000000008fe69ac8}> (0x000000008fe69ac8) thrown at [s\src\hotspot\share\prims\jni.cpp, line 617]
Event: 59.455 Thread 0x000001f8b968c000 Exception <a 'sun/nio/fs/WindowsException'{0x000000008fe6aec0}> (0x000000008fe6aec0) thrown at [s\src\hotspot\share\prims\jni.cpp, line 617]
Event: 59.455 Thread 0x000001f8b968c000 Exception <a 'sun/nio/fs/WindowsException'{0x000000008fe6c2b8}> (0x000000008fe6c2b8) thrown at [s\src\hotspot\share\prims\jni.cpp, line 617]
Event: 60.354 Thread 0x000001f8b968c000 Exception <a 'java/lang/IncompatibleClassChangeError'{0x000000008e8a4908}: Found class java.lang.Object, but interface was expected> (0x000000008e8a4908) thrown at [s\src\hotspot\share\interpreter\linkResolver.cpp, line 839]
Event: 61.681 Thread 0x000001f8b968c000 Implicit null exception at 0x000001f8a9a8c694 to 0x000001f8a9a8ccf0
Event: 62.537 Thread 0x000001f8bbd54000 Exception <a 'java/lang/NoSuchMethodError'{0x000000008e4c2df8}: 'void java.lang.invoke.DirectMethodHandle$Holder.invokeStatic(java.lang.Object, java.lang.Object, java.lang.Object, java.lang.Object, int, java.lang.Object, java.lang.Object)'> (0x000000008e4c2df8) thrown at [s\src\hotspot\share\interpreter\linkResolver.cpp, line 773]
Event: 62.584 Thread 0x000001f8bbd54000 Exception <a 'java/lang/NoSuchMethodError'{0x000000008e230bb8}: 'java.lang.Object java.lang.invoke.DirectMethodHandle$Holder.invokeSpecialIFC(java.lang.Object, java.lang.Object, java.lang.Object)'> (0x000000008e230bb8) thrown at [s\src\hotspot\share\interpreter\linkResolver.cpp, line 773]
Event: 62.702 Thread 0x000001f8bafe0800 Exception <a 'java/lang/NoSuchMethodError'{0x000000008df4d3e0}: 'void java.lang.invoke.DirectMethodHandle$Holder.invokeVirtual(java.lang.Object, java.lang.Object)'> (0x000000008df4d3e0) thrown at [s\src\hotspot\share\interpreter\linkResolver.cpp, line 773]

Events (20 events):
Event: 64.144 loading class com/google/common/collect/ImmutableSortedMap done
Event: 64.144 loading class com/google/common/collect/ImmutableSortedMap
Event: 64.144 loading class com/google/common/collect/ImmutableSortedMap done
Event: 64.144 loading class org/gradle/api/internal/tasks/execution/TaskExecution
Event: 64.144 loading class org/gradle/api/internal/tasks/execution/TaskExecution done
Event: 64.145 loading class org/gradle/api/internal/file/FileCollectionInternal
Event: 64.145 loading class org/gradle/api/internal/file/FileCollectionInternal done
Event: 64.146 loading class org/gradle/api/internal/tasks/execution/TaskExecution$3
Event: 64.146 loading class org/gradle/api/internal/tasks/execution/TaskExecution$3 done
Event: 64.147 loading class org/gradle/api/internal/tasks/execution/TaskExecution$MultipleTaskActionFailures
Event: 64.147 loading class org/gradle/api/internal/tasks/execution/TaskExecution$MultipleTaskActionFailures done
Event: 64.148 loading class org/gradle/api/internal/tasks/execution/ExecuteTaskActionBuildOperationType
Event: 64.148 loading class org/gradle/api/internal/tasks/execution/ExecuteTaskActionBuildOperationType done
Event: 64.149 loading class org/gradle/api/internal/tasks/execution/ExecuteTaskActionBuildOperationType$Details
Event: 64.149 loading class org/gradle/api/internal/tasks/execution/ExecuteTaskActionBuildOperationType$Details done
Event: 64.149 loading class org/gradle/api/internal/tasks/execution/ExecuteTaskActionBuildOperationType$Result
Event: 64.149 loading class org/gradle/api/internal/tasks/execution/ExecuteTaskActionBuildOperationType$Result done
Event: 64.150 loading class org/gradle/api/internal/tasks/execution/ExecuteTaskActionBuildOperationType$1
Event: 64.150 loading class org/gradle/api/internal/tasks/execution/ExecuteTaskActionBuildOperationType$1 done
Event: 64.150 Executing VM operation: G1CollectForAllocation


Dynamic libraries:
0x00007ff65b300000 - 0x00007ff65b30d000 	C:\Program Files\Microsoft\jdk-11.0.20.8-hotspot\bin\java.exe
0x00007ffe023f0000 - 0x00007ffe025e8000 	C:\WINDOWS\SYSTEM32\ntdll.dll
0x00007ffe00c10000 - 0x00007ffe00ccd000 	C:\WINDOWS\System32\KERNEL32.DLL
0x00007ffdffeb0000 - 0x00007ffe001a6000 	C:\WINDOWS\System32\KERNELBASE.dll
0x00007ffdffb80000 - 0x00007ffdffc80000 	C:\WINDOWS\System32\ucrtbase.dll
0x00007ffdf5880000 - 0x00007ffdf5895000 	C:\Program Files\Microsoft\jdk-11.0.20.8-hotspot\bin\VCRUNTIME140.dll
0x00007ffdf5770000 - 0x00007ffdf5787000 	C:\Program Files\Microsoft\jdk-11.0.20.8-hotspot\bin\jli.dll
0x00007ffe011e0000 - 0x00007ffe0137e000 	C:\WINDOWS\System32\USER32.dll
0x00007ffdffdf0000 - 0x00007ffdffe12000 	C:\WINDOWS\System32\win32u.dll
0x00007ffdeb420000 - 0x00007ffdeb6ba000 	C:\WINDOWS\WinSxS\amd64_microsoft.windows.common-controls_6595b64144ccf1df_6.0.19041.3636_none_60b6a03d71f818d5\COMCTL32.dll
0x00007ffe022d0000 - 0x00007ffe022fc000 	C:\WINDOWS\System32\GDI32.dll
0x00007ffe00f20000 - 0x00007ffe00fbe000 	C:\WINDOWS\System32\msvcrt.dll
0x00007ffdffc80000 - 0x00007ffdffd9a000 	C:\WINDOWS\System32\gdi32full.dll
0x00007ffe001b0000 - 0x00007ffe0024d000 	C:\WINDOWS\System32\msvcp_win.dll
0x00007ffe00be0000 - 0x00007ffe00c10000 	C:\WINDOWS\System32\IMM32.DLL
0x00007ffdeefe0000 - 0x00007ffdef07b000 	C:\Program Files\Microsoft\jdk-11.0.20.8-hotspot\bin\msvcp140.dll
0x00007ffdbc750000 - 0x00007ffdbd2e6000 	C:\Program Files\Microsoft\jdk-11.0.20.8-hotspot\bin\server\jvm.dll
0x00007ffe01ad0000 - 0x00007ffe01b7f000 	C:\WINDOWS\System32\ADVAPI32.dll
0x00007ffe00cd0000 - 0x00007ffe00d6c000 	C:\WINDOWS\System32\sechost.dll
0x00007ffe00530000 - 0x00007ffe00656000 	C:\WINDOWS\System32\RPCRT4.dll
0x00007ffe01820000 - 0x00007ffe01828000 	C:\WINDOWS\System32\PSAPI.DLL
0x00007ffdfa840000 - 0x00007ffdfa849000 	C:\WINDOWS\SYSTEM32\WSOCK32.dll
0x00007ffe01170000 - 0x00007ffe011db000 	C:\WINDOWS\System32\WS2_32.dll
0x00007ffdf6340000 - 0x00007ffdf6367000 	C:\WINDOWS\SYSTEM32\WINMM.dll
0x00007ffdf6330000 - 0x00007ffdf633a000 	C:\WINDOWS\SYSTEM32\VERSION.dll
0x00007ffdfd990000 - 0x00007ffdfd9a2000 	C:\WINDOWS\SYSTEM32\kernel.appcore.dll
0x00007ffdf90d0000 - 0x00007ffdf90e0000 	C:\Program Files\Microsoft\jdk-11.0.20.8-hotspot\bin\verify.dll
0x00007ffdf3d70000 - 0x00007ffdf3f54000 	C:\WINDOWS\SYSTEM32\DBGHELP.DLL
0x00007ffdf3d30000 - 0x00007ffdf3d64000 	C:\WINDOWS\SYSTEM32\dbgcore.DLL
0x00007ffdffe20000 - 0x00007ffdffea2000 	C:\WINDOWS\System32\bcryptPrimitives.dll
0x00007ffdf4ea0000 - 0x00007ffdf4ec8000 	C:\Program Files\Microsoft\jdk-11.0.20.8-hotspot\bin\java.dll
0x00007ffdf8fa0000 - 0x00007ffdf8faa000 	C:\Program Files\Microsoft\jdk-11.0.20.8-hotspot\bin\jimage.dll
0x00007ffdf4f30000 - 0x00007ffdf4f48000 	C:\Program Files\Microsoft\jdk-11.0.20.8-hotspot\bin\zip.dll
0x00007ffe01b80000 - 0x00007ffe022c4000 	C:\WINDOWS\System32\SHELL32.dll
0x00007ffdfdb90000 - 0x00007ffdfe32b000 	C:\WINDOWS\SYSTEM32\windows.storage.dll
0x00007ffe014a0000 - 0x00007ffe017f4000 	C:\WINDOWS\System32\combase.dll
0x00007ffdff440000 - 0x00007ffdff46d000 	C:\WINDOWS\SYSTEM32\Wldp.dll
0x00007ffe02300000 - 0x00007ffe023ad000 	C:\WINDOWS\System32\SHCORE.dll
0x00007ffe013e0000 - 0x00007ffe01435000 	C:\WINDOWS\System32\shlwapi.dll
0x00007ffdffa00000 - 0x00007ffdffa25000 	C:\WINDOWS\SYSTEM32\profapi.dll
0x00007ffdef270000 - 0x00007ffdef289000 	C:\Program Files\Microsoft\jdk-11.0.20.8-hotspot\bin\net.dll
0x00007ffdf5cc0000 - 0x00007ffdf5dca000 	C:\WINDOWS\SYSTEM32\WINHTTP.dll
0x00007ffdff1a0000 - 0x00007ffdff20a000 	C:\WINDOWS\system32\mswsock.dll
0x00007ffdeefc0000 - 0x00007ffdeefd3000 	C:\Program Files\Microsoft\jdk-11.0.20.8-hotspot\bin\nio.dll
0x00007ffdf5740000 - 0x00007ffdf5767000 	C:\Users\nana jordan\.gradle\native\68d5fa5c4cc2d200863cafc0d521ce42e7d3e7ee720ec0a83991735586a16f82\windows-amd64\native-platform.dll
0x00007ffdc4770000 - 0x00007ffdc48b4000 	C:\Users\nana jordan\.gradle\native\e376f236ea51e6404a007f0833ffe2c6e607c4080706a723a18a27aeea778392\windows-amd64\native-platform-file-events.dll
0x00007ffdf8ad0000 - 0x00007ffdf8ad9000 	C:\Program Files\Microsoft\jdk-11.0.20.8-hotspot\bin\management.dll
0x00007ffdf5f90000 - 0x00007ffdf5f9b000 	C:\Program Files\Microsoft\jdk-11.0.20.8-hotspot\bin\management_ext.dll
0x00007ffdff390000 - 0x00007ffdff3a8000 	C:\WINDOWS\SYSTEM32\CRYPTSP.dll
0x00007ffdfead0000 - 0x00007ffdfeb04000 	C:\WINDOWS\system32\rsaenh.dll
0x00007ffe00420000 - 0x00007ffe00447000 	C:\WINDOWS\System32\bcrypt.dll
0x00007ffdff9c0000 - 0x00007ffdff9ee000 	C:\WINDOWS\SYSTEM32\USERENV.dll
0x00007ffdff3b0000 - 0x00007ffdff3bc000 	C:\WINDOWS\SYSTEM32\CRYPTBASE.dll
0x00007ffdfee90000 - 0x00007ffdfeecb000 	C:\WINDOWS\SYSTEM32\IPHLPAPI.DLL
0x00007ffe00450000 - 0x00007ffe00458000 	C:\WINDOWS\System32\NSI.dll
0x00007ffdf6940000 - 0x00007ffdf6957000 	C:\WINDOWS\SYSTEM32\dhcpcsvc6.DLL
0x00007ffdf6920000 - 0x00007ffdf693d000 	C:\WINDOWS\SYSTEM32\dhcpcsvc.DLL
0x00007ffdfeed0000 - 0x00007ffdfef9a000 	C:\WINDOWS\SYSTEM32\DNSAPI.dll
0x00007ffdfab10000 - 0x00007ffdfab27000 	C:\WINDOWS\system32\napinsp.dll
0x00007ffdfaae0000 - 0x00007ffdfaafb000 	C:\WINDOWS\system32\pnrpnsp.dll
0x00007ffdf8730000 - 0x00007ffdf8745000 	C:\WINDOWS\system32\wshbth.dll
0x00007ffdf6aa0000 - 0x00007ffdf6abd000 	C:\WINDOWS\system32\NLAapi.dll
0x00007ffdf6510000 - 0x00007ffdf6522000 	C:\WINDOWS\System32\winrnr.dll
0x00007ffdef530000 - 0x00007ffdef53a000 	C:\Windows\System32\rasadhlp.dll
0x00007ffdef550000 - 0x00007ffdef5d0000 	C:\WINDOWS\System32\fwpuclnt.dll

dbghelp: loaded successfully - version: 4.0.5 - missing functions: none
symbol engine: initialized successfully - sym options: 0x614 - pdb path: .;C:\Program Files\Microsoft\jdk-11.0.20.8-hotspot\bin;C:\WINDOWS\SYSTEM32;C:\WINDOWS\WinSxS\amd64_microsoft.windows.common-controls_6595b64144ccf1df_6.0.19041.3636_none_60b6a03d71f818d5;C:\Program Files\Microsoft\jdk-11.0.20.8-hotspot\bin\server;C:\Users\nana jordan\.gradle\native\68d5fa5c4cc2d200863cafc0d521ce42e7d3e7ee720ec0a83991735586a16f82\windows-amd64;C:\Users\nana jordan\.gradle\native\e376f236ea51e6404a007f0833ffe2c6e607c4080706a723a18a27aeea778392\windows-amd64

VM Arguments:
jvm_args: -XX:MaxMetaspaceSize=512m --add-opens=java.base/java.util=ALL-UNNAMED --add-opens=java.base/java.lang=ALL-UNNAMED --add-opens=java.base/java.lang.invoke=ALL-UNNAMED --add-opens=java.prefs/java.util.prefs=ALL-UNNAMED --add-opens=java.base/java.nio.charset=ALL-UNNAMED --add-opens=java.base/java.net=ALL-UNNAMED --add-opens=java.base/java.util.concurrent.atomic=ALL-UNNAMED -Xmx2048m -Dfile.encoding=windows-1252 -Duser.country=FR -Duser.language=fr -Duser.variant 
java_command: org.gradle.launcher.daemon.bootstrap.GradleDaemon 8.0.1
java_class_path (initial): C:\Users\nana jordan\.gradle\wrapper\dists\gradle-8.0.1-all\aro4hu1c3oeioove7l0i4i14o\gradle-8.0.1\lib\gradle-launcher-8.0.1.jar
Launcher Type: SUN_STANDARD

[Global flags]
     intx CICompilerCount                          = 3                                         {product} {ergonomic}
   size_t CompressedClassSpaceSize                 = 528482304                                 {product} {ergonomic}
     uint ConcGCThreads                            = 1                                         {product} {ergonomic}
     uint G1ConcRefinementThreads                  = 4                                         {product} {ergonomic}
   size_t G1HeapRegionSize                         = 1048576                                   {product} {ergonomic}
    uintx GCDrainStackTargetSize                   = 64                                        {product} {ergonomic}
   size_t InitialHeapSize                          = 58720256                                  {product} {ergonomic}
   size_t MarkStackSize                            = 4194304                                   {product} {ergonomic}
   size_t MaxHeapSize                              = 2147483648                                {product} {command line}
   size_t MaxMetaspaceSize                         = 536870912                                 {product} {command line}
   size_t MaxNewSize                               = 1287651328                                {product} {ergonomic}
   size_t MinHeapDeltaBytes                        = 1048576                                   {product} {ergonomic}
    uintx NonNMethodCodeHeapSize                   = 5830732                                {pd product} {ergonomic}
    uintx NonProfiledCodeHeapSize                  = 122913754                              {pd product} {ergonomic}
    uintx ProfiledCodeHeapSize                     = 122913754                              {pd product} {ergonomic}
    uintx ReservedCodeCacheSize                    = 251658240                              {pd product} {ergonomic}
     bool SegmentedCodeCache                       = true                                      {product} {ergonomic}
     bool UseCompressedClassPointers               = true                                 {lp64_product} {ergonomic}
     bool UseCompressedOops                        = true                                 {lp64_product} {ergonomic}
     bool UseG1GC                                  = true                                      {product} {ergonomic}
     bool UseLargePagesIndividualAllocation        = false                                  {pd product} {ergonomic}

Logging:
Log output configuration:
 #0: stdout all=warning uptime,level,tags
 #1: stderr all=off uptime,level,tags

Environment Variables:
JAVA_HOME=C:\Program Files\Microsoft\jdk-11.0.20.8-hotspot\
CLASSPATH=C:\Users\nana jordan\Desktop\Actif\poc_app\poc-app\android\\gradle\wrapper\gradle-wrapper.jar
PATH=C:\Users\nana jordan\Desktop\Actif\poc_app\poc-app\node_modules\.bin;C:\Users\nana jordan\Desktop\Actif\poc_app\node_modules\.bin;C:\Users\nana jordan\Desktop\Actif\node_modules\.bin;C:\Users\nana jordan\Desktop\node_modules\.bin;C:\Users\nana jordan\node_modules\.bin;C:\Users\node_modules\.bin;C:\node_modules\.bin;C:\Users\nana jordan\AppData\Roaming\npm\node_modules\npm\node_modules\@npmcli\run-script\lib\node-gyp-bin;C:\Program Files\Microsoft\jdk-11.0.20.8-hotspot\bin;C:\Program Files (x86)\NVIDIA Corporation\PhysX\Common;C:\Program Files\Python311\Scripts\;C:\Program Files\Python311\;C:\ProgramData\Oracle\Java\javapath;C:\WINDOWS\system32;C:\WINDOWS;C:\WINDOWS\System32\Wbem;C:\WINDOWS\System32\WindowsPowerShell\v1.0\;C:\WINDOWS\System32\OpenSSH\;C:\Users\nana jordan\AppData\Local\Programs\Python\Python311\Scripts;C:\Users\nana jordan\AppData\Local\Programs\Python\Python311\include;C:\Users\nana jordan\AppData\Local\Programs\Python\Python310\Scripts;C:\Users\nana jordan\AppData\Local\Programs\Python\Python310;C:\Program Files\Git\cmd;C:\Program Files\nodejs\;C:\ProgramData\chocolatey\bin;C:\composer;C:\wamp\bin\php\php8.2.0;C:\Users\nana jordan\AppData\Roaming\npm;C:\Users\nana jordan\AppData\Roaming\npm\node_modules\@angular\cli;C:\Users\nana jordan\AppData\Roaming\npm\node_modules\@angular;C:\Users\nana jordan\AppData\Local\Android\Sdk;C:\Users\nana jordan\AppData\Local\Android\Sdk\platform-tools;C:\Users\nana jordan\AppData\Local\Android\Sdk\platforms;C:\tools\php83;C:\Users\nana jordan\AppData\Local\Android\Sdk\tools;C:\Users\nana jordan\AppData\Local\Programs\Python\Python311\Scripts\;C:\Users\nana jordan\AppData\Local\Programs\Python\Python311\;C:\Users\nana jordan\AppData\Local\Programs\Microsoft VS Code\bin;C:\Users\nana jordan\AppData\Roaming\Composer\vendor\bin;C:\Users\nana jordan\AppData\Local\Android\Sdk\platform-tools;C:\Users\nana jordan\AppData\Local\Android\Sdk\platforms;
USERNAME=nana jordan
LANG=en_US.UTF-8
OS=Windows_NT
PROCESSOR_IDENTIFIER=AMD64 Family 23 Model 32 Stepping 1, AuthenticAMD
TMP=C:\Users\NANAJO~1\AppData\Local\Temp
TEMP=C:\Users\NANAJO~1\AppData\Local\Temp



---------------  S Y S T E M  ---------------

OS: Windows 10 , 64 bit Build 19041 (10.0.19041.3636)
OS uptime: 0 days 1:02 hours

CPU:total 4 (initial active 4) (4 cores per cpu, 2 threads per core) family 23 model 32 stepping 1 microcode 0x0, cmov, cx8, fxsr, mmx, sse, sse2, sse3, ssse3, sse4.1, sse4.2, popcnt, avx, avx2, aes, clmul, mmxext, 3dnowpref, lzcnt, sse4a, ht, tsc, tscinvbit, tscinv, bmi1, bmi2, adx, sha, fma

Memory: 4k page, system-wide physical 3467M (339M free)
TotalPageFile size 9267M (AvailPageFile size 19M)
current process WorkingSet (physical memory assigned to process): 574M, peak: 578M
current process commit charge ("private bytes"): 616M, peak: 672M

vm_info: OpenJDK 64-Bit Server VM (11.0.20+8-LTS) for windows-amd64 JRE (11.0.20+8-LTS), built on Jul  7 2023 17:05:21 by "MicrosoftCorporation" with MS VC++ 15.9 (VS2017)

END.
