#
# There is insufficient memory for the Java Runtime Environment to continue.
# Native memory allocation (malloc) failed to allocate 1549168 bytes for Chunk::new
# Possible reasons:
#   The system is out of physical RAM or swap space
#   The process is running with CompressedOops enabled, and the Java Heap may be blocking the growth of the native heap
# Possible solutions:
#   Reduce memory load on the system
#   Increase physical memory or swap space
#   Check if swap backing store is full
#   Decrease Java heap size (-Xmx/-Xms)
#   Decrease number of Java threads
#   Decrease Java thread stack sizes (-Xss)
#   Set larger code cache with -XX:ReservedCodeCacheSize=
#   JVM is running with Unscaled Compressed Oops mode in which the Java heap is
#     placed in the first 4GB address space. The Java Heap base address is the
#     maximum limit for the native heap growth. Please use -XX:HeapBaseMinAddress
#     to set the Java Heap base and to place the Java Heap above 4GB virtual address.
# This output file may be truncated or incomplete.
#
#  Out of Memory Error (arena.cpp:189), pid=1876, tid=2904
#
# JRE version: Java(TM) SE Runtime Environment (17.0.8+9) (build 17.0.8+9-LTS-211)
# Java VM: Java HotSpot(TM) 64-Bit Server VM (17.0.8+9-LTS-211, mixed mode, sharing, tiered, compressed oops, compressed class ptrs, g1 gc, windows-amd64)
# No core dump will be written. Minidumps are not enabled by default on client versions of Windows
#

---------------  S U M M A R Y ------------

Command Line: -XX:MaxMetaspaceSize=512m --add-opens=java.base/java.util=ALL-UNNAMED --add-opens=java.base/java.lang=ALL-UNNAMED --add-opens=java.base/java.lang.invoke=ALL-UNNAMED --add-opens=java.prefs/java.util.prefs=ALL-UNNAMED --add-opens=java.base/java.nio.charset=ALL-UNNAMED --add-opens=java.base/java.net=ALL-UNNAMED --add-opens=java.base/java.util.concurrent.atomic=ALL-UNNAMED -Xmx2048m -Dfile.encoding=windows-1252 -Duser.country=CM -Duser.language=fr -Duser.variant org.gradle.launcher.daemon.bootstrap.GradleDaemon 8.0.1

Host: Intel(R) Core(TM) i7-7600U CPU @ 2.80GHz, 4 cores, 7G,  Windows 11 , 64 bit Build 22000 (10.0.22000.2538)
Time: Thu Dec 21 10:09:01 2023 Paris, Madrid elapsed time: 9.948747 seconds (0d 0h 0m 9s)

---------------  T H R E A D  ---------------

Current thread (0x0000018dd0ec4690):  JavaThread "C2 CompilerThread0" daemon [_thread_in_native, id=2904, stack(0x0000007334a00000,0x0000007334b00000)]


Current CompileTask:
C2:   9948 2408   !   4       java.net.URLClassLoader::findClass (47 bytes)

Stack: [0x0000007334a00000,0x0000007334b00000]
Native frames: (J=compiled Java code, j=interpreted, Vv=VM code, C=native code)
V  [jvm.dll+0x677d0a]
V  [jvm.dll+0x7d8c54]
V  [jvm.dll+0x7da3fe]
V  [jvm.dll+0x7daa63]
V  [jvm.dll+0x245c5f]
V  [jvm.dll+0xaaa6b]
V  [jvm.dll+0xab00c]
V  [jvm.dll+0x361e8e]
V  [jvm.dll+0x1bba6a]
V  [jvm.dll+0x218157]
V  [jvm.dll+0x217431]
V  [jvm.dll+0x1a3af0]
V  [jvm.dll+0x2270be]
V  [jvm.dll+0x22535b]
V  [jvm.dll+0x78e7bc]
V  [jvm.dll+0x788bba]
V  [jvm.dll+0x676b35]
C  [ucrtbase.dll+0x26c0c]
C  [KERNEL32.DLL+0x153e0]
C  [ntdll.dll+0x485b]


---------------  P R O C E S S  ---------------

Threads class SMR info:
_java_thread_list=0x0000018df1c35660, length=26, elements={
0x0000018db3589750, 0x0000018dd0ea21f0, 0x0000018dd0ea3060, 0x0000018dd0ec1bf0,
0x0000018dd0ec25a0, 0x0000018dd0ec2f50, 0x0000018dd0ec3900, 0x0000018dd0ec4690,
0x0000018dd0ec5130, 0x0000018dd0f2f9a0, 0x0000018df01d1e80, 0x0000018df01da380,
0x0000018df0c27150, 0x0000018df224f7d0, 0x0000018df1ccf450, 0x0000018df0dc7990,
0x0000018df0432ef0, 0x0000018df0d2d330, 0x0000018df0da8640, 0x0000018df17bdc30,
0x0000018df17bc8f0, 0x0000018df17bf440, 0x0000018df17bfde0, 0x0000018df17bd760,
0x0000018df17bcdc0, 0x0000018df27e4da0
}

Java Threads: ( => current thread )
  0x0000018db3589750 JavaThread "main" [_thread_blocked, id=2320, stack(0x0000007333d00000,0x0000007333e00000)]
  0x0000018dd0ea21f0 JavaThread "Reference Handler" daemon [_thread_blocked, id=20456, stack(0x0000007334400000,0x0000007334500000)]
  0x0000018dd0ea3060 JavaThread "Finalizer" daemon [_thread_blocked, id=13364, stack(0x0000007334500000,0x0000007334600000)]
  0x0000018dd0ec1bf0 JavaThread "Signal Dispatcher" daemon [_thread_blocked, id=9420, stack(0x0000007334600000,0x0000007334700000)]
  0x0000018dd0ec25a0 JavaThread "Attach Listener" daemon [_thread_blocked, id=19144, stack(0x0000007334700000,0x0000007334800000)]
  0x0000018dd0ec2f50 JavaThread "Service Thread" daemon [_thread_blocked, id=18492, stack(0x0000007334800000,0x0000007334900000)]
  0x0000018dd0ec3900 JavaThread "Monitor Deflation Thread" daemon [_thread_blocked, id=2628, stack(0x0000007334900000,0x0000007334a00000)]
=>0x0000018dd0ec4690 JavaThread "C2 CompilerThread0" daemon [_thread_in_native, id=2904, stack(0x0000007334a00000,0x0000007334b00000)]
  0x0000018dd0ec5130 JavaThread "C1 CompilerThread0" daemon [_thread_blocked, id=20128, stack(0x0000007334b00000,0x0000007334c00000)]
  0x0000018dd0f2f9a0 JavaThread "Sweeper thread" daemon [_thread_blocked, id=9132, stack(0x0000007334c00000,0x0000007334d00000)]
  0x0000018df01d1e80 JavaThread "Common-Cleaner" daemon [_thread_blocked, id=8540, stack(0x0000007334d00000,0x0000007334e00000)]
  0x0000018df01da380 JavaThread "Notification Thread" daemon [_thread_blocked, id=19772, stack(0x0000007334e00000,0x0000007334f00000)]
  0x0000018df0c27150 JavaThread "Daemon health stats" [_thread_blocked, id=16624, stack(0x0000007335000000,0x0000007335100000)]
  0x0000018df224f7d0 JavaThread "Incoming local TCP Connector on port 54075" [_thread_in_native, id=15812, stack(0x0000007335400000,0x0000007335500000)]
  0x0000018df1ccf450 JavaThread "Daemon periodic checks" [_thread_blocked, id=17880, stack(0x0000007335500000,0x0000007335600000)]
  0x0000018df0dc7990 JavaThread "Daemon" [_thread_blocked, id=15984, stack(0x0000007335700000,0x0000007335800000)]
  0x0000018df0432ef0 JavaThread "Handler for socket connection from /127.0.0.1:54075 to /127.0.0.1:54076" [_thread_in_native, id=20336, stack(0x0000007335800000,0x0000007335900000)]
  0x0000018df0d2d330 JavaThread "Cancel handler" [_thread_blocked, id=20264, stack(0x0000007335900000,0x0000007335a00000)]
  0x0000018df0da8640 JavaThread "Daemon worker" [_thread_blocked, id=16672, stack(0x0000007335a00000,0x0000007335b00000)]
  0x0000018df17bdc30 JavaThread "Asynchronous log dispatcher for DefaultDaemonConnection: socket connection from /127.0.0.1:54075 to /127.0.0.1:54076" [_thread_blocked, id=14112, stack(0x0000007335b00000,0x0000007335c00000)]
  0x0000018df17bc8f0 JavaThread "Stdin handler" [_thread_blocked, id=8884, stack(0x0000007335c00000,0x0000007335d00000)]
  0x0000018df17bf440 JavaThread "Daemon client event forwarder" [_thread_blocked, id=15992, stack(0x0000007335d00000,0x0000007335e00000)]
  0x0000018df17bfde0 JavaThread "Cache worker for journal cache (C:\Users\HP\.gradle\caches\journal-1)" [_thread_blocked, id=10896, stack(0x0000007335600000,0x0000007335700000)]
  0x0000018df17bd760 JavaThread "File lock request listener" [_thread_in_native, id=19052, stack(0x0000007335e00000,0x0000007335f00000)]
  0x0000018df17bcdc0 JavaThread "Cache worker for file hash cache (C:\Users\HP\.gradle\caches\8.0.1\fileHashes)" [_thread_blocked, id=18304, stack(0x0000007335f00000,0x0000007336000000)]
  0x0000018df27e4da0 JavaThread "C2 CompilerThread1" daemon [_thread_in_native, id=8360, stack(0x0000007336000000,0x0000007336100000)]

Other Threads:
  0x0000018dd0e9ca50 VMThread "VM Thread" [stack: 0x0000007334300000,0x0000007334400000] [id=18228]
  0x0000018df01da850 WatcherThread [stack: 0x0000007334f00000,0x0000007335000000] [id=7040]
  0x0000018db35e2070 GCTaskThread "GC Thread#0" [stack: 0x0000007333e00000,0x0000007333f00000] [id=17856]
  0x0000018df0a2a290 GCTaskThread "GC Thread#1" [stack: 0x0000007335100000,0x0000007335200000] [id=19576]
  0x0000018df0452bc0 GCTaskThread "GC Thread#2" [stack: 0x0000007335200000,0x0000007335300000] [id=19776]
  0x0000018df0edf8c0 GCTaskThread "GC Thread#3" [stack: 0x0000007335300000,0x0000007335400000] [id=3284]
  0x0000018db35f2fb0 ConcurrentGCThread "G1 Main Marker" [stack: 0x0000007333f00000,0x0000007334000000] [id=6004]
  0x0000018db35f49d0 ConcurrentGCThread "G1 Conc#0" [stack: 0x0000007334000000,0x0000007334100000] [id=15584]
  0x0000018db365a1e0 ConcurrentGCThread "G1 Refine#0" [stack: 0x0000007334100000,0x0000007334200000] [id=20356]
  0x0000018db365ac00 ConcurrentGCThread "G1 Service" [stack: 0x0000007334200000,0x0000007334300000] [id=16468]

Threads with active compile tasks:
C2 CompilerThread0    10000 2408   !   4       java.net.URLClassLoader::findClass (47 bytes)
C2 CompilerThread1    10000 2409       4       java.net.URLClassLoader$1::run (5 bytes)

VM state: not at safepoint (normal execution)

VM Mutex/Monitor currently owned by a thread: None

Heap address: 0x0000000080000000, size: 2048 MB, Compressed Oops mode: 32-bit

CDS archive(s) mapped at: [0x0000018dd1000000-0x0000018dd1bd0000-0x0000018dd1bd0000), size 12386304, SharedBaseAddress: 0x0000018dd1000000, ArchiveRelocationMode: 1.
Compressed class space mapped at: 0x0000018dd2000000-0x0000018dec000000, reserved size: 436207616
Narrow klass base: 0x0000018dd1000000, Narrow klass shift: 0, Narrow klass range: 0x100000000

GC Precious Log:
 CPUs: 4 total, 4 available
 Memory: 7591M
 Large Page Support: Disabled
 NUMA Support: Disabled
 Compressed Oops: Enabled (32-bit)
 Heap Region Size: 1M
 Heap Min Capacity: 8M
 Heap Initial Capacity: 120M
 Heap Max Capacity: 2G
 Pre-touch: Disabled
 Parallel Workers: 4
 Concurrent Workers: 1
 Concurrent Refinement Workers: 4
 Periodic GC: Disabled

Heap:
 garbage-first heap   total 122880K, used 30593K [0x0000000080000000, 0x0000000100000000)
  region size 1024K, 20 young (20480K), 9 survivors (9216K)
 Metaspace       used 18358K, committed 18688K, reserved 491520K
  class space    used 2699K, committed 2880K, reserved 425984K

Heap Regions: E=young(eden), S=young(survivor), O=old, HS=humongous(starts), HC=humongous(continues), CS=collection set, F=free, OA=open archive, CA=closed archive, TAMS=top-at-mark-start (previous, next)
|   0|0x0000000080000000, 0x0000000080100000, 0x0000000080100000|100%| O|  |TAMS 0x0000000080000000, 0x0000000080000000| Untracked 
|   1|0x0000000080100000, 0x0000000080200000, 0x0000000080200000|100%| O|  |TAMS 0x0000000080100000, 0x0000000080100000| Untracked 
|   2|0x0000000080200000, 0x0000000080300000, 0x0000000080300000|100%|HS|  |TAMS 0x0000000080200000, 0x0000000080200000| Complete 
|   3|0x0000000080300000, 0x0000000080400000, 0x0000000080400000|100%|HC|  |TAMS 0x0000000080300000, 0x0000000080300000| Complete 
|   4|0x0000000080400000, 0x0000000080500000, 0x0000000080500000|100%|HC|  |TAMS 0x0000000080400000, 0x0000000080400000| Complete 
|   5|0x0000000080500000, 0x0000000080600000, 0x0000000080600000|100%|HC|  |TAMS 0x0000000080500000, 0x0000000080500000| Complete 
|   6|0x0000000080600000, 0x0000000080700000, 0x0000000080700000|100%| O|  |TAMS 0x0000000080600000, 0x0000000080600000| Untracked 
|   7|0x0000000080700000, 0x0000000080800000, 0x0000000080800000|100%| O|  |TAMS 0x0000000080700000, 0x0000000080700000| Untracked 
|   8|0x0000000080800000, 0x0000000080800000, 0x0000000080900000|  0%| F|  |TAMS 0x0000000080800000, 0x0000000080800000| Untracked 
|   9|0x0000000080900000, 0x0000000080a00000, 0x0000000080a00000|100%| O|  |TAMS 0x0000000080900000, 0x0000000080900000| Untracked 
|  10|0x0000000080a00000, 0x0000000080b00000, 0x0000000080b00000|100%| O|  |TAMS 0x0000000080a00000, 0x0000000080a00000| Untracked 
|  11|0x0000000080b00000, 0x0000000080be0400, 0x0000000080c00000| 87%| O|  |TAMS 0x0000000080b00000, 0x0000000080b00000| Untracked 
|  12|0x0000000080c00000, 0x0000000080c00000, 0x0000000080d00000|  0%| F|  |TAMS 0x0000000080c00000, 0x0000000080c00000| Untracked 
|  13|0x0000000080d00000, 0x0000000080d00000, 0x0000000080e00000|  0%| F|  |TAMS 0x0000000080d00000, 0x0000000080d00000| Untracked 
|  14|0x0000000080e00000, 0x0000000080e00000, 0x0000000080f00000|  0%| F|  |TAMS 0x0000000080e00000, 0x0000000080e00000| Untracked 
|  15|0x0000000080f00000, 0x0000000080f00000, 0x0000000081000000|  0%| F|  |TAMS 0x0000000080f00000, 0x0000000080f00000| Untracked 
|  16|0x0000000081000000, 0x0000000081000000, 0x0000000081100000|  0%| F|  |TAMS 0x0000000081000000, 0x0000000081000000| Untracked 
|  17|0x0000000081100000, 0x0000000081100000, 0x0000000081200000|  0%| F|  |TAMS 0x0000000081100000, 0x0000000081100000| Untracked 
|  18|0x0000000081200000, 0x0000000081200000, 0x0000000081300000|  0%| F|  |TAMS 0x0000000081200000, 0x0000000081200000| Untracked 
|  19|0x0000000081300000, 0x0000000081300000, 0x0000000081400000|  0%| F|  |TAMS 0x0000000081300000, 0x0000000081300000| Untracked 
|  20|0x0000000081400000, 0x0000000081400000, 0x0000000081500000|  0%| F|  |TAMS 0x0000000081400000, 0x0000000081400000| Untracked 
|  21|0x0000000081500000, 0x0000000081500000, 0x0000000081600000|  0%| F|  |TAMS 0x0000000081500000, 0x0000000081500000| Untracked 
|  22|0x0000000081600000, 0x0000000081600000, 0x0000000081700000|  0%| F|  |TAMS 0x0000000081600000, 0x0000000081600000| Untracked 
|  23|0x0000000081700000, 0x0000000081700000, 0x0000000081800000|  0%| F|  |TAMS 0x0000000081700000, 0x0000000081700000| Untracked 
|  24|0x0000000081800000, 0x0000000081800000, 0x0000000081900000|  0%| F|  |TAMS 0x0000000081800000, 0x0000000081800000| Untracked 
|  25|0x0000000081900000, 0x0000000081900000, 0x0000000081a00000|  0%| F|  |TAMS 0x0000000081900000, 0x0000000081900000| Untracked 
|  26|0x0000000081a00000, 0x0000000081a00000, 0x0000000081b00000|  0%| F|  |TAMS 0x0000000081a00000, 0x0000000081a00000| Untracked 
|  27|0x0000000081b00000, 0x0000000081b00000, 0x0000000081c00000|  0%| F|  |TAMS 0x0000000081b00000, 0x0000000081b00000| Untracked 
|  28|0x0000000081c00000, 0x0000000081c00000, 0x0000000081d00000|  0%| F|  |TAMS 0x0000000081c00000, 0x0000000081c00000| Untracked 
|  29|0x0000000081d00000, 0x0000000081d00000, 0x0000000081e00000|  0%| F|  |TAMS 0x0000000081d00000, 0x0000000081d00000| Untracked 
|  30|0x0000000081e00000, 0x0000000081e00000, 0x0000000081f00000|  0%| F|  |TAMS 0x0000000081e00000, 0x0000000081e00000| Untracked 
|  31|0x0000000081f00000, 0x0000000081f00000, 0x0000000082000000|  0%| F|  |TAMS 0x0000000081f00000, 0x0000000081f00000| Untracked 
|  32|0x0000000082000000, 0x0000000082000000, 0x0000000082100000|  0%| F|  |TAMS 0x0000000082000000, 0x0000000082000000| Untracked 
|  33|0x0000000082100000, 0x0000000082100000, 0x0000000082200000|  0%| F|  |TAMS 0x0000000082100000, 0x0000000082100000| Untracked 
|  34|0x0000000082200000, 0x0000000082200000, 0x0000000082300000|  0%| F|  |TAMS 0x0000000082200000, 0x0000000082200000| Untracked 
|  35|0x0000000082300000, 0x0000000082300000, 0x0000000082400000|  0%| F|  |TAMS 0x0000000082300000, 0x0000000082300000| Untracked 
|  36|0x0000000082400000, 0x0000000082400000, 0x0000000082500000|  0%| F|  |TAMS 0x0000000082400000, 0x0000000082400000| Untracked 
|  37|0x0000000082500000, 0x0000000082500000, 0x0000000082600000|  0%| F|  |TAMS 0x0000000082500000, 0x0000000082500000| Untracked 
|  38|0x0000000082600000, 0x0000000082600000, 0x0000000082700000|  0%| F|  |TAMS 0x0000000082600000, 0x0000000082600000| Untracked 
|  39|0x0000000082700000, 0x0000000082800000, 0x0000000082800000|100%| S|CS|TAMS 0x0000000082700000, 0x0000000082700000| Complete 
|  40|0x0000000082800000, 0x0000000082900000, 0x0000000082900000|100%| S|CS|TAMS 0x0000000082800000, 0x0000000082800000| Complete 
|  41|0x0000000082900000, 0x0000000082a00000, 0x0000000082a00000|100%| S|CS|TAMS 0x0000000082900000, 0x0000000082900000| Complete 
|  42|0x0000000082a00000, 0x0000000082b00000, 0x0000000082b00000|100%| S|CS|TAMS 0x0000000082a00000, 0x0000000082a00000| Complete 
|  43|0x0000000082b00000, 0x0000000082c00000, 0x0000000082c00000|100%| S|CS|TAMS 0x0000000082b00000, 0x0000000082b00000| Complete 
|  44|0x0000000082c00000, 0x0000000082d00000, 0x0000000082d00000|100%| S|CS|TAMS 0x0000000082c00000, 0x0000000082c00000| Complete 
|  45|0x0000000082d00000, 0x0000000082e00000, 0x0000000082e00000|100%| S|CS|TAMS 0x0000000082d00000, 0x0000000082d00000| Complete 
|  46|0x0000000082e00000, 0x0000000082f00000, 0x0000000082f00000|100%| S|CS|TAMS 0x0000000082e00000, 0x0000000082e00000| Complete 
|  47|0x0000000082f00000, 0x0000000083000000, 0x0000000083000000|100%| S|CS|TAMS 0x0000000082f00000, 0x0000000082f00000| Complete 
|  48|0x0000000083000000, 0x0000000083000000, 0x0000000083100000|  0%| F|  |TAMS 0x0000000083000000, 0x0000000083000000| Untracked 
|  49|0x0000000083100000, 0x0000000083100000, 0x0000000083200000|  0%| F|  |TAMS 0x0000000083100000, 0x0000000083100000| Untracked 
|  50|0x0000000083200000, 0x0000000083200000, 0x0000000083300000|  0%| F|  |TAMS 0x0000000083200000, 0x0000000083200000| Untracked 
|  51|0x0000000083300000, 0x0000000083300000, 0x0000000083400000|  0%| F|  |TAMS 0x0000000083300000, 0x0000000083300000| Untracked 
|  52|0x0000000083400000, 0x0000000083400000, 0x0000000083500000|  0%| F|  |TAMS 0x0000000083400000, 0x0000000083400000| Untracked 
|  53|0x0000000083500000, 0x0000000083500000, 0x0000000083600000|  0%| F|  |TAMS 0x0000000083500000, 0x0000000083500000| Untracked 
|  54|0x0000000083600000, 0x0000000083600000, 0x0000000083700000|  0%| F|  |TAMS 0x0000000083600000, 0x0000000083600000| Untracked 
|  55|0x0000000083700000, 0x0000000083700000, 0x0000000083800000|  0%| F|  |TAMS 0x0000000083700000, 0x0000000083700000| Untracked 
|  56|0x0000000083800000, 0x0000000083800000, 0x0000000083900000|  0%| F|  |TAMS 0x0000000083800000, 0x0000000083800000| Untracked 
|  57|0x0000000083900000, 0x0000000083900000, 0x0000000083a00000|  0%| F|  |TAMS 0x0000000083900000, 0x0000000083900000| Untracked 
|  58|0x0000000083a00000, 0x0000000083a00000, 0x0000000083b00000|  0%| F|  |TAMS 0x0000000083a00000, 0x0000000083a00000| Untracked 
|  59|0x0000000083b00000, 0x0000000083b00000, 0x0000000083c00000|  0%| F|  |TAMS 0x0000000083b00000, 0x0000000083b00000| Untracked 
|  60|0x0000000083c00000, 0x0000000083c00000, 0x0000000083d00000|  0%| F|  |TAMS 0x0000000083c00000, 0x0000000083c00000| Untracked 
|  61|0x0000000083d00000, 0x0000000083d00000, 0x0000000083e00000|  0%| F|  |TAMS 0x0000000083d00000, 0x0000000083d00000| Untracked 
|  62|0x0000000083e00000, 0x0000000083e00000, 0x0000000083f00000|  0%| F|  |TAMS 0x0000000083e00000, 0x0000000083e00000| Untracked 
|  63|0x0000000083f00000, 0x0000000083f00000, 0x0000000084000000|  0%| F|  |TAMS 0x0000000083f00000, 0x0000000083f00000| Untracked 
|  64|0x0000000084000000, 0x0000000084000000, 0x0000000084100000|  0%| F|  |TAMS 0x0000000084000000, 0x0000000084000000| Untracked 
|  65|0x0000000084100000, 0x0000000084100000, 0x0000000084200000|  0%| F|  |TAMS 0x0000000084100000, 0x0000000084100000| Untracked 
|  66|0x0000000084200000, 0x0000000084200000, 0x0000000084300000|  0%| F|  |TAMS 0x0000000084200000, 0x0000000084200000| Untracked 
|  67|0x0000000084300000, 0x0000000084300000, 0x0000000084400000|  0%| F|  |TAMS 0x0000000084300000, 0x0000000084300000| Untracked 
|  68|0x0000000084400000, 0x0000000084400000, 0x0000000084500000|  0%| F|  |TAMS 0x0000000084400000, 0x0000000084400000| Untracked 
|  69|0x0000000084500000, 0x0000000084500000, 0x0000000084600000|  0%| F|  |TAMS 0x0000000084500000, 0x0000000084500000| Untracked 
|  70|0x0000000084600000, 0x0000000084600000, 0x0000000084700000|  0%| F|  |TAMS 0x0000000084600000, 0x0000000084600000| Untracked 
|  71|0x0000000084700000, 0x0000000084700000, 0x0000000084800000|  0%| F|  |TAMS 0x0000000084700000, 0x0000000084700000| Untracked 
|  72|0x0000000084800000, 0x0000000084800000, 0x0000000084900000|  0%| F|  |TAMS 0x0000000084800000, 0x0000000084800000| Untracked 
|  73|0x0000000084900000, 0x0000000084900000, 0x0000000084a00000|  0%| F|  |TAMS 0x0000000084900000, 0x0000000084900000| Untracked 
|  74|0x0000000084a00000, 0x0000000084a00000, 0x0000000084b00000|  0%| F|  |TAMS 0x0000000084a00000, 0x0000000084a00000| Untracked 
|  75|0x0000000084b00000, 0x0000000084b00000, 0x0000000084c00000|  0%| F|  |TAMS 0x0000000084b00000, 0x0000000084b00000| Untracked 
|  76|0x0000000084c00000, 0x0000000084c00000, 0x0000000084d00000|  0%| F|  |TAMS 0x0000000084c00000, 0x0000000084c00000| Untracked 
|  77|0x0000000084d00000, 0x0000000084d00000, 0x0000000084e00000|  0%| F|  |TAMS 0x0000000084d00000, 0x0000000084d00000| Untracked 
|  78|0x0000000084e00000, 0x0000000084e00000, 0x0000000084f00000|  0%| F|  |TAMS 0x0000000084e00000, 0x0000000084e00000| Untracked 
|  79|0x0000000084f00000, 0x0000000084f00000, 0x0000000085000000|  0%| F|  |TAMS 0x0000000084f00000, 0x0000000084f00000| Untracked 
|  80|0x0000000085000000, 0x0000000085000000, 0x0000000085100000|  0%| F|  |TAMS 0x0000000085000000, 0x0000000085000000| Untracked 
|  81|0x0000000085100000, 0x0000000085100000, 0x0000000085200000|  0%| F|  |TAMS 0x0000000085100000, 0x0000000085100000| Untracked 
|  82|0x0000000085200000, 0x0000000085200000, 0x0000000085300000|  0%| F|  |TAMS 0x0000000085200000, 0x0000000085200000| Untracked 
|  83|0x0000000085300000, 0x0000000085300000, 0x0000000085400000|  0%| F|  |TAMS 0x0000000085300000, 0x0000000085300000| Untracked 
|  84|0x0000000085400000, 0x0000000085400000, 0x0000000085500000|  0%| F|  |TAMS 0x0000000085400000, 0x0000000085400000| Untracked 
|  85|0x0000000085500000, 0x0000000085500000, 0x0000000085600000|  0%| F|  |TAMS 0x0000000085500000, 0x0000000085500000| Untracked 
|  86|0x0000000085600000, 0x0000000085600000, 0x0000000085700000|  0%| F|  |TAMS 0x0000000085600000, 0x0000000085600000| Untracked 
|  87|0x0000000085700000, 0x0000000085700000, 0x0000000085800000|  0%| F|  |TAMS 0x0000000085700000, 0x0000000085700000| Untracked 
|  88|0x0000000085800000, 0x0000000085800000, 0x0000000085900000|  0%| F|  |TAMS 0x0000000085800000, 0x0000000085800000| Untracked 
|  89|0x0000000085900000, 0x0000000085900000, 0x0000000085a00000|  0%| F|  |TAMS 0x0000000085900000, 0x0000000085900000| Untracked 
|  90|0x0000000085a00000, 0x0000000085a00000, 0x0000000085b00000|  0%| F|  |TAMS 0x0000000085a00000, 0x0000000085a00000| Untracked 
|  91|0x0000000085b00000, 0x0000000085b00000, 0x0000000085c00000|  0%| F|  |TAMS 0x0000000085b00000, 0x0000000085b00000| Untracked 
|  92|0x0000000085c00000, 0x0000000085c00000, 0x0000000085d00000|  0%| F|  |TAMS 0x0000000085c00000, 0x0000000085c00000| Untracked 
|  93|0x0000000085d00000, 0x0000000085d00000, 0x0000000085e00000|  0%| F|  |TAMS 0x0000000085d00000, 0x0000000085d00000| Untracked 
|  94|0x0000000085e00000, 0x0000000085e00000, 0x0000000085f00000|  0%| F|  |TAMS 0x0000000085e00000, 0x0000000085e00000| Untracked 
|  95|0x0000000085f00000, 0x0000000085f00000, 0x0000000086000000|  0%| F|  |TAMS 0x0000000085f00000, 0x0000000085f00000| Untracked 
|  96|0x0000000086000000, 0x0000000086000000, 0x0000000086100000|  0%| F|  |TAMS 0x0000000086000000, 0x0000000086000000| Untracked 
|  97|0x0000000086100000, 0x0000000086100000, 0x0000000086200000|  0%| F|  |TAMS 0x0000000086100000, 0x0000000086100000| Untracked 
|  98|0x0000000086200000, 0x0000000086200000, 0x0000000086300000|  0%| F|  |TAMS 0x0000000086200000, 0x0000000086200000| Untracked 
|  99|0x0000000086300000, 0x0000000086300000, 0x0000000086400000|  0%| F|  |TAMS 0x0000000086300000, 0x0000000086300000| Untracked 
| 100|0x0000000086400000, 0x0000000086400000, 0x0000000086500000|  0%| F|  |TAMS 0x0000000086400000, 0x0000000086400000| Untracked 
| 101|0x0000000086500000, 0x0000000086500000, 0x0000000086600000|  0%| F|  |TAMS 0x0000000086500000, 0x0000000086500000| Untracked 
| 102|0x0000000086600000, 0x0000000086600000, 0x0000000086700000|  0%| F|  |TAMS 0x0000000086600000, 0x0000000086600000| Untracked 
| 103|0x0000000086700000, 0x0000000086700000, 0x0000000086800000|  0%| F|  |TAMS 0x0000000086700000, 0x0000000086700000| Untracked 
| 104|0x0000000086800000, 0x0000000086800000, 0x0000000086900000|  0%| F|  |TAMS 0x0000000086800000, 0x0000000086800000| Untracked 
| 105|0x0000000086900000, 0x0000000086900000, 0x0000000086a00000|  0%| F|  |TAMS 0x0000000086900000, 0x0000000086900000| Untracked 
| 106|0x0000000086a00000, 0x0000000086a00000, 0x0000000086b00000|  0%| F|  |TAMS 0x0000000086a00000, 0x0000000086a00000| Untracked 
| 107|0x0000000086b00000, 0x0000000086b00000, 0x0000000086c00000|  0%| F|  |TAMS 0x0000000086b00000, 0x0000000086b00000| Untracked 
| 108|0x0000000086c00000, 0x0000000086c00000, 0x0000000086d00000|  0%| F|  |TAMS 0x0000000086c00000, 0x0000000086c00000| Untracked 
| 109|0x0000000086d00000, 0x0000000086d80800, 0x0000000086e00000| 50%| E|  |TAMS 0x0000000086d00000, 0x0000000086d00000| Complete 
| 110|0x0000000086e00000, 0x0000000086f00000, 0x0000000086f00000|100%| E|CS|TAMS 0x0000000086e00000, 0x0000000086e00000| Complete 
| 111|0x0000000086f00000, 0x0000000087000000, 0x0000000087000000|100%| E|CS|TAMS 0x0000000086f00000, 0x0000000086f00000| Complete 
| 112|0x0000000087000000, 0x0000000087100000, 0x0000000087100000|100%| E|CS|TAMS 0x0000000087000000, 0x0000000087000000| Complete 
| 113|0x0000000087100000, 0x0000000087200000, 0x0000000087200000|100%| E|CS|TAMS 0x0000000087100000, 0x0000000087100000| Complete 
| 114|0x0000000087200000, 0x0000000087300000, 0x0000000087300000|100%| E|CS|TAMS 0x0000000087200000, 0x0000000087200000| Complete 
| 115|0x0000000087300000, 0x0000000087400000, 0x0000000087400000|100%| E|CS|TAMS 0x0000000087300000, 0x0000000087300000| Complete 
| 116|0x0000000087400000, 0x0000000087500000, 0x0000000087500000|100%| E|CS|TAMS 0x0000000087400000, 0x0000000087400000| Complete 
| 117|0x0000000087500000, 0x0000000087600000, 0x0000000087600000|100%| E|CS|TAMS 0x0000000087500000, 0x0000000087500000| Complete 
| 118|0x0000000087600000, 0x0000000087700000, 0x0000000087700000|100%| E|CS|TAMS 0x0000000087600000, 0x0000000087600000| Complete 
| 119|0x0000000087700000, 0x0000000087800000, 0x0000000087800000|100%| E|CS|TAMS 0x0000000087700000, 0x0000000087700000| Complete 

Card table byte_map: [0x0000018dca230000,0x0000018dca630000] _byte_map_base: 0x0000018dc9e30000

Marking Bits (Prev, Next): (CMBitMap*) 0x0000018db35e2680, (CMBitMap*) 0x0000018db35e26c0
 Prev Bits: [0x0000018dcaa30000, 0x0000018dcca30000)
 Next Bits: [0x0000018dcca30000, 0x0000018dcea30000)

Polling page: 0x0000018db2d60000

Metaspace:

Usage:
  Non-class:     15.29 MB used.
      Class:      2.64 MB used.
       Both:     17.93 MB used.

Virtual space:
  Non-class space:       64.00 MB reserved,      15.44 MB ( 24%) committed,  1 nodes.
      Class space:      416.00 MB reserved,       2.81 MB ( <1%) committed,  1 nodes.
             Both:      480.00 MB reserved,      18.25 MB (  4%) committed. 

Chunk freelists:
   Non-Class:  0 bytes
       Class:  13.22 MB
        Both:  13.22 MB

MaxMetaspaceSize: 512.00 MB
CompressedClassSpaceSize: 416.00 MB
Initial GC threshold: 21.00 MB
Current GC threshold: 21.00 MB
CDS: on
MetaspaceReclaimPolicy: balanced
 - commit_granule_bytes: 65536.
 - commit_granule_words: 8192.
 - virtual_space_node_default_size: 8388608.
 - enlarge_chunks_in_place: 1.
 - new_chunks_are_fully_committed: 0.
 - uncommit_free_chunks: 1.
 - use_allocation_guard: 0.
 - handle_deallocations: 1.


Internal statistics:

num_allocs_failed_limit: 0.
num_arena_births: 224.
num_arena_deaths: 0.
num_vsnodes_births: 2.
num_vsnodes_deaths: 0.
num_space_committed: 292.
num_space_uncommitted: 0.
num_chunks_returned_to_freelist: 0.
num_chunks_taken_from_freelist: 840.
num_chunk_merges: 0.
num_chunk_splits: 564.
num_chunks_enlarged: 426.
num_purges: 0.
num_inconsistent_stats: 0.

CodeHeap 'non-profiled nmethods': size=120000Kb used=1305Kb max_used=1305Kb free=118694Kb
 bounds [0x0000018dc2900000, 0x0000018dc2b70000, 0x0000018dc9e30000]
CodeHeap 'profiled nmethods': size=120000Kb used=5180Kb max_used=5180Kb free=114819Kb
 bounds [0x0000018dbae30000, 0x0000018dbb340000, 0x0000018dc2360000]
CodeHeap 'non-nmethods': size=5760Kb used=1293Kb max_used=1306Kb free=4467Kb
 bounds [0x0000018dc2360000, 0x0000018dc25d0000, 0x0000018dc2900000]
 total_blobs=3045 nmethods=2508 adapters=447
 compilation: enabled
              stopped_count=0, restarted_count=0
 full_count=0

Compilation events (20 events):
Event: 9.844 Thread 0x0000018dd0ec5130 2506       3       java.net.URLConnection::<init> (62 bytes)
Event: 9.845 Thread 0x0000018dd0ec5130 nmethod 2506 0x0000018dbb33a290 code [0x0000018dbb33a4a0, 0x0000018dbb33ab88]
Event: 9.845 Thread 0x0000018dd0ec5130 2507       3       java.net.URLConnection::getDefaultUseCaches (30 bytes)
Event: 9.845 Thread 0x0000018dd0ec5130 nmethod 2507 0x0000018dbb33ad90 code [0x0000018dbb33af80, 0x0000018dbb33b468]
Event: 9.888 Thread 0x0000018dd0ec5130 2508       3       com.google.common.base.CharMatcher$IsEither::matches (22 bytes)
Event: 9.888 Thread 0x0000018dd0ec5130 nmethod 2508 0x0000018dbb33b610 code [0x0000018dbb33b7a0, 0x0000018dbb33b958]
Event: 9.889 Thread 0x0000018dd0ec5130 2509       3       java.util.concurrent.locks.ReentrantLock::<init> (16 bytes)
Event: 9.889 Thread 0x0000018dd0ec5130 nmethod 2509 0x0000018dbb33ba10 code [0x0000018dbb33bbe0, 0x0000018dbb33bfd8]
Event: 9.891 Thread 0x0000018dd0ec5130 2510       3       java.util.Collections$UnmodifiableCollection::size (10 bytes)
Event: 9.891 Thread 0x0000018dd0ec5130 nmethod 2510 0x0000018dbb33c190 code [0x0000018dbb33c340, 0x0000018dbb33c508]
Event: 9.892 Thread 0x0000018dd0ec5130 2511       3       java.util.Collections$UnmodifiableList::get (11 bytes)
Event: 9.892 Thread 0x0000018dd0ec5130 nmethod 2511 0x0000018dbb33c610 code [0x0000018dbb33c7c0, 0x0000018dbb33c988]
Event: 9.892 Thread 0x0000018dd0ec5130 2513       3       org.gradle.api.internal.file.pattern.PatternMatcherFactory::compile (117 bytes)
Event: 9.893 Thread 0x0000018dd0ec5130 nmethod 2513 0x0000018dbb33ca90 code [0x0000018dbb33cd20, 0x0000018dbb33da78]
Event: 9.893 Thread 0x0000018dd0ec5130 2512       1       org.gradle.api.internal.file.pattern.EndOfPathMatcher::getMaxSegments (2 bytes)
Event: 9.893 Thread 0x0000018dd0ec5130 nmethod 2512 0x0000018dc2a46210 code [0x0000018dc2a463a0, 0x0000018dc2a46478]
Event: 9.896 Thread 0x0000018dd0ec5130 2514       3       java.io.File::getName (42 bytes)
Event: 9.897 Thread 0x0000018dd0ec5130 nmethod 2514 0x0000018dbb33de10 code [0x0000018dbb33e060, 0x0000018dbb33e898]
Event: 9.922 Thread 0x0000018dd0ec5130 2515       3       java.lang.invoke.InnerClassLambdaMetafactory::getOpcodeOffset (38 bytes)
Event: 9.923 Thread 0x0000018dd0ec5130 nmethod 2515 0x0000018dbb33ec10 code [0x0000018dbb33ede0, 0x0000018dbb33f0b8]

GC Heap History (8 events):
Event: 1.212 GC heap before
{Heap before GC invocations=0 (full 0):
 garbage-first heap   total 122880K, used 13312K [0x0000000080000000, 0x0000000100000000)
  region size 1024K, 13 young (13312K), 0 survivors (0K)
 Metaspace       used 964K, committed 1088K, reserved 491520K
  class space    used 74K, committed 128K, reserved 425984K
}
Event: 1.258 GC heap after
{Heap after GC invocations=1 (full 0):
 garbage-first heap   total 122880K, used 3748K [0x0000000080000000, 0x0000000100000000)
  region size 1024K, 2 young (2048K), 2 survivors (2048K)
 Metaspace       used 964K, committed 1088K, reserved 491520K
  class space    used 74K, committed 128K, reserved 425984K
}
Event: 2.762 GC heap before
{Heap before GC invocations=1 (full 0):
 garbage-first heap   total 122880K, used 22180K [0x0000000080000000, 0x0000000100000000)
  region size 1024K, 17 young (17408K), 2 survivors (2048K)
 Metaspace       used 3815K, committed 3968K, reserved 491520K
  class space    used 474K, committed 576K, reserved 425984K
}
Event: 2.769 GC heap after
{Heap after GC invocations=2 (full 0):
 garbage-first heap   total 122880K, used 10603K [0x0000000080000000, 0x0000000100000000)
  region size 1024K, 3 young (3072K), 3 survivors (3072K)
 Metaspace       used 3815K, committed 3968K, reserved 491520K
  class space    used 474K, committed 576K, reserved 425984K
}
Event: 3.891 GC heap before
{Heap before GC invocations=2 (full 0):
 garbage-first heap   total 122880K, used 33131K [0x0000000080000000, 0x0000000100000000)
  region size 1024K, 24 young (24576K), 3 survivors (3072K)
 Metaspace       used 3910K, committed 4096K, reserved 491520K
  class space    used 475K, committed 576K, reserved 425984K
}
Event: 3.898 GC heap after
{Heap after GC invocations=3 (full 0):
 garbage-first heap   total 122880K, used 12970K [0x0000000080000000, 0x0000000100000000)
  region size 1024K, 3 young (3072K), 3 survivors (3072K)
 Metaspace       used 3910K, committed 4096K, reserved 491520K
  class space    used 475K, committed 576K, reserved 425984K
}
Event: 9.373 GC heap before
{Heap before GC invocations=3 (full 0):
 garbage-first heap   total 122880K, used 83626K [0x0000000080000000, 0x0000000100000000)
  region size 1024K, 72 young (73728K), 3 survivors (3072K)
 Metaspace       used 16672K, committed 16960K, reserved 491520K
  class space    used 2419K, committed 2560K, reserved 425984K
}
Event: 9.387 GC heap after
{Heap after GC invocations=4 (full 0):
 garbage-first heap   total 122880K, used 20353K [0x0000000080000000, 0x0000000100000000)
  region size 1024K, 9 young (9216K), 9 survivors (9216K)
 Metaspace       used 16672K, committed 16960K, reserved 491520K
  class space    used 2419K, committed 2560K, reserved 425984K
}

Deoptimization events (20 events):
Event: 8.161 Thread 0x0000018df0da8640 Uncommon trap: trap_request=0xffffff45 fr.pc=0x0000018dc2917f94 relative=0x0000000000000434
Event: 8.161 Thread 0x0000018df0da8640 Uncommon trap: reason=unstable_if action=reinterpret pc=0x0000018dc2917f94 method=java.util.regex.Matcher.match(II)Z @ 76 c2
Event: 8.161 Thread 0x0000018df0da8640 DEOPT PACKING pc=0x0000018dc2917f94 sp=0x0000007335afb0d0
Event: 8.161 Thread 0x0000018df0da8640 DEOPT UNPACKING pc=0x0000018dc23b23a3 sp=0x0000007335afb0a0 mode 2
Event: 8.198 Thread 0x0000018df0da8640 Uncommon trap: trap_request=0xffffff45 fr.pc=0x0000018dc299f7fc relative=0x000000000000075c
Event: 8.198 Thread 0x0000018df0da8640 Uncommon trap: reason=unstable_if action=reinterpret pc=0x0000018dc299f7fc method=java.util.ArrayList.grow(I)[Ljava/lang/Object; @ 17 c2
Event: 8.198 Thread 0x0000018df0da8640 DEOPT PACKING pc=0x0000018dc299f7fc sp=0x0000007335afd050
Event: 8.198 Thread 0x0000018df0da8640 DEOPT UNPACKING pc=0x0000018dc23b23a3 sp=0x0000007335afcee8 mode 2
Event: 8.253 Thread 0x0000018df0da8640 Uncommon trap: trap_request=0xffffff45 fr.pc=0x0000018dc291ae84 relative=0x0000000000000b04
Event: 8.253 Thread 0x0000018df0da8640 Uncommon trap: reason=unstable_if action=reinterpret pc=0x0000018dc291ae84 method=java.io.WinNTFileSystem.resolve(Ljava/lang/String;Ljava/lang/String;)Ljava/lang/String; @ 19 c2
Event: 8.253 Thread 0x0000018df0da8640 DEOPT PACKING pc=0x0000018dc291ae84 sp=0x0000007335afcf50
Event: 8.253 Thread 0x0000018df0da8640 DEOPT UNPACKING pc=0x0000018dc23b23a3 sp=0x0000007335afcef8 mode 2
Event: 8.255 Thread 0x0000018df0da8640 Uncommon trap: trap_request=0xffffff45 fr.pc=0x0000018dc2977c28 relative=0x0000000000000608
Event: 8.255 Thread 0x0000018df0da8640 Uncommon trap: reason=unstable_if action=reinterpret pc=0x0000018dc2977c28 method=java.io.File.getName()Ljava/lang/String; @ 16 c2
Event: 8.255 Thread 0x0000018df0da8640 DEOPT PACKING pc=0x0000018dc2977c28 sp=0x0000007335afcef0
Event: 8.255 Thread 0x0000018df0da8640 DEOPT UNPACKING pc=0x0000018dc23b23a3 sp=0x0000007335afcec0 mode 2
Event: 9.423 Thread 0x0000018df0da8640 Uncommon trap: trap_request=0xffffff45 fr.pc=0x0000018dc2964984 relative=0x00000000000000e4
Event: 9.423 Thread 0x0000018df0da8640 Uncommon trap: reason=unstable_if action=reinterpret pc=0x0000018dc2964984 method=java.util.HashMap.hash(Ljava/lang/Object;)I @ 1 c2
Event: 9.423 Thread 0x0000018df0da8640 DEOPT PACKING pc=0x0000018dc2964984 sp=0x0000007335af9fa0
Event: 9.423 Thread 0x0000018df0da8640 DEOPT UNPACKING pc=0x0000018dc23b23a3 sp=0x0000007335af9ee0 mode 2

Classes unloaded (0 events):
No events

Classes redefined (0 events):
No events

Internal exceptions (20 events):
Event: 7.737 Thread 0x0000018df0da8640 Exception <a 'java/lang/NoSuchMethodError'{0x0000000084e78810}: 'java.lang.Object java.lang.invoke.DirectMethodHandle$Holder.invokeSpecial(java.lang.Object, java.lang.Object, java.lang.Object, java.lang.Object, java.lang.Object, java.lang.Object, java.lang.Object, java.lang.Object, java.lang.Object, java.lang.Object, java.lang.Object, java.lang.Object)'> (0x0000000084e78810) 
thrown [s\open\src\hotspot\share\interpreter\linkResolver.cpp, line 759]
Event: 7.823 Thread 0x0000018df0da8640 Exception <a 'java/lang/NoSuchMethodError'{0x0000000084d85350}: 'java.lang.Object java.lang.invoke.DirectMethodHandle$Holder.invokeSpecial(java.lang.Object, java.lang.Object, java.lang.Object, java.lang.Object, java.lang.Object, java.lang.Object, java.lang.Object, java.lang.Object, java.lang.Object)'> (0x0000000084d85350) 
thrown [s\open\src\hotspot\share\interpreter\linkResolver.cpp, line 759]
Event: 8.070 Thread 0x0000018df0da8640 Exception <a 'java/lang/NoSuchMethodError'{0x0000000084ab5300}: 'void java.lang.invoke.DirectMethodHandle$Holder.invokeStaticInit(java.lang.Object)'> (0x0000000084ab5300) 
thrown [s\open\src\hotspot\share\interpreter\linkResolver.cpp, line 759]
Event: 8.116 Thread 0x0000018df0da8640 Exception <a 'java/lang/NoSuchMethodError'{0x0000000084947ee0}: 'java.lang.Object java.lang.invoke.DirectMethodHandle$Holder.newInvokeSpecial(java.lang.Object, java.lang.Object, java.lang.Object, int)'> (0x0000000084947ee0) 
thrown [s\open\src\hotspot\share\interpreter\linkResolver.cpp, line 759]
Event: 8.116 Thread 0x0000018df0da8640 Exception <a 'java/lang/NoSuchMethodError'{0x000000008494c810}: 'java.lang.Object java.lang.invoke.DirectMethodHandle$Holder.invokeSpecial(java.lang.Object, java.lang.Object, java.lang.Object, java.lang.Object, int)'> (0x000000008494c810) 
thrown [s\open\src\hotspot\share\interpreter\linkResolver.cpp, line 759]
Event: 8.119 Thread 0x0000018df0da8640 Exception <a 'java/lang/NoSuchMethodError'{0x0000000084950928}: 'java.lang.Object java.lang.invoke.Invokers$Holder.linkToTargetMethod(java.lang.Object, java.lang.Object, int, java.lang.Object)'> (0x0000000084950928) 
thrown [s\open\src\hotspot\share\interpreter\linkResolver.cpp, line 759]
Event: 8.630 Thread 0x0000018df0da8640 Exception <a 'java/lang/NoSuchMethodError'{0x0000000083fb6760}: 'int java.lang.invoke.DirectMethodHandle$Holder.invokeSpecialIFC(java.lang.Object, java.lang.Object, java.lang.Object, java.lang.Object)'> (0x0000000083fb6760) 
thrown [s\open\src\hotspot\share\interpreter\linkResolver.cpp, line 759]
Event: 8.636 Thread 0x0000018df0da8640 Exception <a 'java/lang/NoSuchMethodError'{0x0000000083fc5738}: 'java.lang.Object java.lang.invoke.DirectMethodHandle$Holder.invokeInterface(java.lang.Object, java.lang.Object, java.lang.Object)'> (0x0000000083fc5738) 
thrown [s\open\src\hotspot\share\interpreter\linkResolver.cpp, line 759]
Event: 8.637 Thread 0x0000018df0da8640 Exception <a 'java/lang/IncompatibleClassChangeError'{0x0000000083fc9350}: Found class java.lang.Object, but interface was expected> (0x0000000083fc9350) 
thrown [s\open\src\hotspot\share\interpreter\linkResolver.cpp, line 826]
Event: 8.677 Thread 0x0000018df0da8640 Exception <a 'java/lang/NoSuchMethodError'{0x0000000083e9fad0}: 'int java.lang.invoke.DirectMethodHandle$Holder.invokeStatic(java.lang.Object, java.lang.Object, java.lang.Object, java.lang.Object)'> (0x0000000083e9fad0) 
thrown [s\open\src\hotspot\share\interpreter\linkResolver.cpp, line 759]
Event: 8.677 Thread 0x0000018df0da8640 Exception <a 'java/lang/NoSuchMethodError'{0x0000000083ea36f8}: 'java.lang.Object java.lang.invoke.Invokers$Holder.invokeExact_MT(java.lang.Object, java.lang.Object, java.lang.Object, java.lang.Object, java.lang.Object, java.lang.Object)'> (0x0000000083ea36f8) 
thrown [s\open\src\hotspot\share\interpreter\linkResolver.cpp, line 759]
Event: 9.029 Thread 0x0000018df0da8640 Exception <a 'java/lang/NoSuchMethodError'{0x00000000836d9818}: 'void java.lang.invoke.DirectMethodHandle$Holder.invokeStatic(java.lang.Object, java.lang.Object)'> (0x00000000836d9818) 
thrown [s\open\src\hotspot\share\interpreter\linkResolver.cpp, line 759]
Event: 9.046 Thread 0x0000018df0da8640 Exception <a 'java/lang/NoSuchMethodError'{0x000000008353a108}: 'java.lang.Object java.lang.invoke.DirectMethodHandle$Holder.invokeVirtual(java.lang.Object, java.lang.Object, java.lang.Object, java.lang.Object)'> (0x000000008353a108) 
thrown [s\open\src\hotspot\share\interpreter\linkResolver.cpp, line 759]
Event: 9.206 Thread 0x0000018df0da8640 Exception <a 'java/lang/NoSuchMethodError'{0x00000000834e8240}: 'java.lang.Object java.lang.invoke.DirectMethodHandle$Holder.newInvokeSpecial(java.lang.Object, java.lang.Object, java.lang.Object, java.lang.Object, java.lang.Object, java.lang.Object, java.lang.Object)'> (0x00000000834e8240) 
thrown [s\open\src\hotspot\share\interpreter\linkResolver.cpp, line 759]
Event: 9.215 Thread 0x0000018df0da8640 Exception <a 'java/lang/NoSuchMethodError'{0x00000000834ecf10}: 'java.lang.Object java.lang.invoke.Invokers$Holder.linkToTargetMethod(java.lang.Object, java.lang.Object, java.lang.Object, java.lang.Object, java.lang.Object, java.lang.Object, java.lang.Object)'> (0x00000000834ecf10) 
thrown [s\open\src\hotspot\share\interpreter\linkResolver.cpp, line 759]
Event: 9.272 Thread 0x0000018df0da8640 Exception <a 'java/lang/NoSuchMethodError'{0x000000008324b3c0}: 'java.lang.Object java.lang.invoke.DirectMethodHandle$Holder.invokeVirtual(java.lang.Object, java.lang.Object, java.lang.Object, java.lang.Object, java.lang.Object, java.lang.Object, java.lang.Object, java.lang.Object, java.lang.Object, java.lang.Object, java.lang.Object, java.lang.Object, java.lang.Object, java.lang.Object, java.lang.Object, java.lang.Object, java.lang.Object, java.lang.Object, java.lang.Object, java.lang.Object, java.lang.Ob
Event: 9.423 Thread 0x0000018df0da8640 Implicit null exception at 0x0000018dc29648e0 to 0x0000018dc296497a
Event: 9.623 Thread 0x0000018df0da8640 Exception <a 'java/lang/NoSuchMethodError'{0x00000000872c0900}: 'void java.lang.invoke.DirectMethodHandle$Holder.invokeStaticInit(java.lang.Object, java.lang.Object)'> (0x00000000872c0900) 
thrown [s\open\src\hotspot\share\interpreter\linkResolver.cpp, line 759]
Event: 9.719 Thread 0x0000018df0da8640 Exception <a 'java/lang/NoSuchMethodError'{0x00000000871e0e98}: 'java.lang.Object java.lang.invoke.DirectMethodHandle$Holder.invokeStaticInit(java.lang.Object, java.lang.Object, java.lang.Object)'> (0x00000000871e0e98) 
thrown [s\open\src\hotspot\share\interpreter\linkResolver.cpp, line 759]
Event: 9.720 Thread 0x0000018df0da8640 Exception <a 'java/lang/NoSuchMethodError'{0x00000000871eaf88}: 'void java.lang.invoke.DirectMethodHandle$Holder.invokeStatic(java.lang.Object, java.lang.Object, java.lang.Object, java.lang.Object, java.lang.Object, java.lang.Object)'> (0x00000000871eaf88) 
thrown [s\open\src\hotspot\share\interpreter\linkResolver.cpp, line 759]

VM Operations (20 events):
Event: 6.025 Executing VM operation: HandshakeAllThreads
Event: 6.025 Executing VM operation: HandshakeAllThreads done
Event: 6.025 Executing VM operation: Cleanup
Event: 6.025 Executing VM operation: Cleanup done
Event: 6.720 Executing VM operation: HandshakeAllThreads
Event: 6.720 Executing VM operation: HandshakeAllThreads done
Event: 6.835 Executing VM operation: HandshakeAllThreads
Event: 6.835 Executing VM operation: HandshakeAllThreads done
Event: 7.840 Executing VM operation: Cleanup
Event: 7.840 Executing VM operation: Cleanup done
Event: 8.271 Executing VM operation: HandshakeAllThreads
Event: 8.272 Executing VM operation: HandshakeAllThreads done
Event: 8.272 Executing VM operation: HandshakeAllThreads
Event: 8.272 Executing VM operation: HandshakeAllThreads done
Event: 8.372 Executing VM operation: HandshakeAllThreads
Event: 8.372 Executing VM operation: HandshakeAllThreads done
Event: 8.373 Executing VM operation: HandshakeAllThreads
Event: 8.373 Executing VM operation: HandshakeAllThreads done
Event: 9.373 Executing VM operation: G1CollectForAllocation
Event: 9.387 Executing VM operation: G1CollectForAllocation done

Events (20 events):
Event: 8.960 loading class javax/xml/parsers/ParserConfigurationException done
Event: 8.960 loading class org/xml/sax/SAXException
Event: 8.961 loading class org/xml/sax/SAXException done
Event: 8.961 loading class javax/xml/xpath/XPathExpressionException
Event: 8.961 loading class javax/xml/xpath/XPathException
Event: 8.962 loading class javax/xml/xpath/XPathException done
Event: 8.962 loading class javax/xml/xpath/XPathExpressionException done
Event: 8.962 loading class org/xml/sax/ErrorHandler
Event: 8.962 loading class org/xml/sax/ErrorHandler done
Event: 9.067 Thread 0x0000018df27e4da0 Thread added: 0x0000018df27e4da0
Event: 9.716 loading class java/lang/annotation/IncompleteAnnotationException
Event: 9.716 loading class java/lang/annotation/IncompleteAnnotationException done
Event: 9.824 loading class java/util/function/UnaryOperator
Event: 9.825 loading class java/util/function/UnaryOperator done
Event: 9.853 loading class java/util/concurrent/TimeoutException
Event: 9.853 loading class java/util/concurrent/TimeoutException done
Event: 9.853 loading class java/util/concurrent/CancellationException
Event: 9.853 loading class java/util/concurrent/CancellationException done
Event: 9.858 loading class java/util/ServiceConfigurationError
Event: 9.858 loading class java/util/ServiceConfigurationError done


Dynamic libraries:
0x00007ff7f0800000 - 0x00007ff7f0810000 	C:\Program Files\Java\jdk-17.0.8\bin\java.exe
0x00007ff8c73c0000 - 0x00007ff8c75c9000 	C:\Windows\SYSTEM32\ntdll.dll
0x00007ff8c59e0000 - 0x00007ff8c5a9d000 	C:\Windows\System32\KERNEL32.DLL
0x00007ff8c4a10000 - 0x00007ff8c4d94000 	C:\Windows\System32\KERNELBASE.dll
0x00007ff8c4f10000 - 0x00007ff8c5021000 	C:\Windows\System32\ucrtbase.dll
0x00007ff8b9c60000 - 0x00007ff8b9c79000 	C:\Program Files\Java\jdk-17.0.8\bin\jli.dll
0x00007ff8c60e0000 - 0x00007ff8c618e000 	C:\Windows\System32\ADVAPI32.dll
0x00007ff8b9a50000 - 0x00007ff8b9a6b000 	C:\Program Files\Java\jdk-17.0.8\bin\VCRUNTIME140.dll
0x00007ff8c6300000 - 0x00007ff8c63a3000 	C:\Windows\System32\msvcrt.dll
0x00007ff8c6250000 - 0x00007ff8c62ee000 	C:\Windows\System32\sechost.dll
0x00007ff8c5eb0000 - 0x00007ff8c5fd1000 	C:\Windows\System32\RPCRT4.dll
0x00007ff8c5aa0000 - 0x00007ff8c5c4d000 	C:\Windows\System32\USER32.dll
0x00007ff8c49e0000 - 0x00007ff8c4a06000 	C:\Windows\System32\win32u.dll
0x00007ff8c6b50000 - 0x00007ff8c6b7a000 	C:\Windows\System32\GDI32.dll
0x00007ff8c4850000 - 0x00007ff8c496e000 	C:\Windows\System32\gdi32full.dll
0x00007ff8c5030000 - 0x00007ff8c50cd000 	C:\Windows\System32\msvcp_win.dll
0x00007ff8b2e30000 - 0x00007ff8b30d5000 	C:\Windows\WinSxS\amd64_microsoft.windows.common-controls_6595b64144ccf1df_6.0.22000.120_none_9d947278b86cc467\COMCTL32.dll
0x00007ff8ba370000 - 0x00007ff8ba37a000 	C:\Windows\SYSTEM32\VERSION.dll
0x00007ff8c6950000 - 0x00007ff8c6981000 	C:\Windows\System32\IMM32.DLL
0x00007ff8bc9c0000 - 0x00007ff8bc9cc000 	C:\Program Files\Java\jdk-17.0.8\bin\vcruntime140_1.dll
0x00007ff8a0060000 - 0x00007ff8a00ee000 	C:\Program Files\Java\jdk-17.0.8\bin\msvcp140.dll
0x00007ff8407d0000 - 0x00007ff8413ae000 	C:\Program Files\Java\jdk-17.0.8\bin\server\jvm.dll
0x00007ff8c67e0000 - 0x00007ff8c67e8000 	C:\Windows\System32\PSAPI.DLL
0x00007ff8bc640000 - 0x00007ff8bc649000 	C:\Windows\SYSTEM32\WSOCK32.dll
0x00007ff8c5db0000 - 0x00007ff8c5e1f000 	C:\Windows\System32\WS2_32.dll
0x00007ff8bbd20000 - 0x00007ff8bbd53000 	C:\Windows\SYSTEM32\WINMM.dll
0x00007ff8c3880000 - 0x00007ff8c3898000 	C:\Windows\SYSTEM32\kernel.appcore.dll
0x00007ff8ba3d0000 - 0x00007ff8ba3da000 	C:\Program Files\Java\jdk-17.0.8\bin\jimage.dll
0x00007ff8bf250000 - 0x00007ff8bf471000 	C:\Windows\SYSTEM32\DBGHELP.DLL
0x00007ff8ad0c0000 - 0x00007ff8ad0f1000 	C:\Windows\SYSTEM32\dbgcore.DLL
0x00007ff8c5190000 - 0x00007ff8c520f000 	C:\Windows\System32\bcryptPrimitives.dll
0x00007ff8b1130000 - 0x00007ff8b1155000 	C:\Program Files\Java\jdk-17.0.8\bin\java.dll
0x00007ff893800000 - 0x00007ff8938d7000 	C:\Program Files\Java\jdk-17.0.8\bin\jsvml.dll
0x00007ff8c5210000 - 0x00007ff8c59d5000 	C:\Windows\System32\SHELL32.dll
0x00007ff8c2780000 - 0x00007ff8c2fe2000 	C:\Windows\SYSTEM32\windows.storage.dll
0x00007ff8c6b80000 - 0x00007ff8c6ef6000 	C:\Windows\System32\combase.dll
0x00007ff8c2610000 - 0x00007ff8c2777000 	C:\Windows\SYSTEM32\wintypes.dll
0x00007ff8c5cc0000 - 0x00007ff8c5daa000 	C:\Windows\System32\SHCORE.dll
0x00007ff8c6060000 - 0x00007ff8c60bd000 	C:\Windows\System32\shlwapi.dll
0x00007ff8c4780000 - 0x00007ff8c47a5000 	C:\Windows\SYSTEM32\profapi.dll
0x00007ff8b1a20000 - 0x00007ff8b1a39000 	C:\Program Files\Java\jdk-17.0.8\bin\net.dll
0x00007ff8bc150000 - 0x00007ff8bc264000 	C:\Windows\SYSTEM32\WINHTTP.dll
0x00007ff8c3d20000 - 0x00007ff8c3d87000 	C:\Windows\system32\mswsock.dll
0x00007ff8b0b70000 - 0x00007ff8b0b86000 	C:\Program Files\Java\jdk-17.0.8\bin\nio.dll
0x00007ff8b0b00000 - 0x00007ff8b0b18000 	C:\Program Files\Java\jdk-17.0.8\bin\zip.dll
0x00007ff8bd510000 - 0x00007ff8bd520000 	C:\Program Files\Java\jdk-17.0.8\bin\verify.dll
0x00007ff8a79f0000 - 0x00007ff8a7a17000 	C:\Users\HP\.gradle\native\68d5fa5c4cc2d200863cafc0d521ce42e7d3e7ee720ec0a83991735586a16f82\windows-amd64\native-platform.dll
0x00007ff8938e0000 - 0x00007ff893a24000 	C:\Users\HP\.gradle\native\e376f236ea51e6404a007f0833ffe2c6e607c4080706a723a18a27aeea778392\windows-amd64\native-platform-file-events.dll
0x00007ff8b95e0000 - 0x00007ff8b95ea000 	C:\Program Files\Java\jdk-17.0.8\bin\management.dll
0x00007ff8b8880000 - 0x00007ff8b888b000 	C:\Program Files\Java\jdk-17.0.8\bin\management_ext.dll
0x00007ff8c3ff0000 - 0x00007ff8c4008000 	C:\Windows\SYSTEM32\CRYPTSP.dll
0x00007ff8c37e0000 - 0x00007ff8c3815000 	C:\Windows\system32\rsaenh.dll
0x00007ff8c3dc0000 - 0x00007ff8c3dec000 	C:\Windows\SYSTEM32\USERENV.dll
0x00007ff8c4130000 - 0x00007ff8c4157000 	C:\Windows\SYSTEM32\bcrypt.dll
0x00007ff8c3fd0000 - 0x00007ff8c3fdc000 	C:\Windows\SYSTEM32\CRYPTBASE.dll
0x00007ff8c33a0000 - 0x00007ff8c33cd000 	C:\Windows\SYSTEM32\IPHLPAPI.DLL
0x00007ff8c62f0000 - 0x00007ff8c62f9000 	C:\Windows\System32\NSI.dll
0x00007ff8bc040000 - 0x00007ff8bc059000 	C:\Windows\SYSTEM32\dhcpcsvc6.DLL
0x00007ff8bc5b0000 - 0x00007ff8bc5ce000 	C:\Windows\SYSTEM32\dhcpcsvc.DLL
0x00007ff8c3410000 - 0x00007ff8c34f7000 	C:\Windows\SYSTEM32\DNSAPI.dll
0x00007ff8b1430000 - 0x00007ff8b143e000 	C:\Program Files\Java\jdk-17.0.8\bin\sunmscapi.dll
0x00007ff8c4da0000 - 0x00007ff8c4f02000 	C:\Windows\System32\CRYPT32.dll
0x00007ff8c4100000 - 0x00007ff8c4128000 	C:\Windows\SYSTEM32\ncrypt.dll
0x00007ff8c40c0000 - 0x00007ff8c40f7000 	C:\Windows\SYSTEM32\NTASN1.dll
0x00007ff8b12f0000 - 0x00007ff8b12f8000 	C:\Windows\system32\wshunix.dll

dbghelp: loaded successfully - version: 4.0.5 - missing functions: none
symbol engine: initialized successfully - sym options: 0x614 - pdb path: .;C:\Program Files\Java\jdk-17.0.8\bin;C:\Windows\SYSTEM32;C:\Windows\WinSxS\amd64_microsoft.windows.common-controls_6595b64144ccf1df_6.0.22000.120_none_9d947278b86cc467;C:\Program Files\Java\jdk-17.0.8\bin\server;C:\Users\HP\.gradle\native\68d5fa5c4cc2d200863cafc0d521ce42e7d3e7ee720ec0a83991735586a16f82\windows-amd64;C:\Users\HP\.gradle\native\e376f236ea51e6404a007f0833ffe2c6e607c4080706a723a18a27aeea778392\windows-amd64

VM Arguments:
jvm_args: -XX:MaxMetaspaceSize=512m --add-opens=java.base/java.util=ALL-UNNAMED --add-opens=java.base/java.lang=ALL-UNNAMED --add-opens=java.base/java.lang.invoke=ALL-UNNAMED --add-opens=java.prefs/java.util.prefs=ALL-UNNAMED --add-opens=java.base/java.nio.charset=ALL-UNNAMED --add-opens=java.base/java.net=ALL-UNNAMED --add-opens=java.base/java.util.concurrent.atomic=ALL-UNNAMED -Xmx2048m -Dfile.encoding=windows-1252 -Duser.country=CM -Duser.language=fr -Duser.variant 
java_command: org.gradle.launcher.daemon.bootstrap.GradleDaemon 8.0.1
java_class_path (initial): C:\Users\HP\.gradle\wrapper\dists\gradle-8.0.1-all\aro4hu1c3oeioove7l0i4i14o\gradle-8.0.1\lib\gradle-launcher-8.0.1.jar
Launcher Type: SUN_STANDARD

[Global flags]
     intx CICompilerCount                          = 3                                         {product} {ergonomic}
   size_t CompressedClassSpaceSize                 = 436207616                                 {product} {ergonomic}
     uint ConcGCThreads                            = 1                                         {product} {ergonomic}
     uint G1ConcRefinementThreads                  = 4                                         {product} {ergonomic}
   size_t G1HeapRegionSize                         = 1048576                                   {product} {ergonomic}
    uintx GCDrainStackTargetSize                   = 64                                        {product} {ergonomic}
   size_t InitialHeapSize                          = 125829120                                 {product} {ergonomic}
   size_t MarkStackSize                            = 4194304                                   {product} {ergonomic}
   size_t MaxHeapSize                              = 2147483648                                {product} {command line}
   size_t MaxMetaspaceSize                         = 536870912                                 {product} {command line}
   size_t MaxNewSize                               = 1287651328                                {product} {ergonomic}
   size_t MinHeapDeltaBytes                        = 1048576                                   {product} {ergonomic}
   size_t MinHeapSize                              = 8388608                                   {product} {ergonomic}
    uintx NonNMethodCodeHeapSize                   = 5832780                                {pd product} {ergonomic}
    uintx NonProfiledCodeHeapSize                  = 122912730                              {pd product} {ergonomic}
    uintx ProfiledCodeHeapSize                     = 122912730                              {pd product} {ergonomic}
    uintx ReservedCodeCacheSize                    = 251658240                              {pd product} {ergonomic}
     bool SegmentedCodeCache                       = true                                      {product} {ergonomic}
   size_t SoftMaxHeapSize                          = 2147483648                             {manageable} {ergonomic}
     bool UseCompressedClassPointers               = true                           {product lp64_product} {ergonomic}
     bool UseCompressedOops                        = true                           {product lp64_product} {ergonomic}
     bool UseG1GC                                  = true                                      {product} {ergonomic}
     bool UseLargePagesIndividualAllocation        = false                                  {pd product} {ergonomic}

Logging:
Log output configuration:
 #0: stdout all=warning uptime,level,tags
 #1: stderr all=off uptime,level,tags

Environment Variables:
JAVA_HOME=C:\Program Files\Java\jdk-17.0.8
CLASSPATH=C:\Users\HP\Desktop\projetAG\ACTIF\POC App\poc-app\android\\gradle\wrapper\gradle-wrapper.jar
PATH=C:\Users\HP\Desktop\projetAG\ACTIF\POC App\poc-app\node_modules\.bin;C:\Users\HP\Desktop\projetAG\ACTIF\POC App\poc-app\node_modules\.bin;C:\Users\HP\Desktop\projetAG\ACTIF\POC App\node_modules\.bin;C:\Users\HP\Desktop\projetAG\ACTIF\node_modules\.bin;C:\Users\HP\Desktop\projetAG\node_modules\.bin;C:\Users\HP\Desktop\node_modules\.bin;C:\Users\HP\node_modules\.bin;C:\Users\node_modules\.bin;C:\node_modules\.bin;C:\Program Files\nodejs\node_modules\npm\node_modules\@npmcli\run-script\lib\node-gyp-bin;C:\Users\HP\Desktop\projetAG\ACTIF\POC App\poc-app\node_modules\.bin;C:\Users\HP\Desktop\projetAG\ACTIF\POC App\node_modules\.bin;C:\Users\HP\Desktop\projetAG\ACTIF\node_modules\.bin;C:\Users\HP\Desktop\projetAG\node_modules\.bin;C:\Users\HP\Desktop\node_modules\.bin;C:\Users\HP\node_modules\.bin;C:\Users\node_modules\.bin;C:\node_modules\.bin;C:\Program Files\nodejs\node_modules\npm\node_modules\@npmcli\run-script\lib\node-gyp-bin;C:\Windows\system32;C:\Windows;C:\Windows\System32\Wbem;C:\Windows\System32\WindowsPowerShell\v1.0\;C:\Windows\System32\OpenSSH\;C:\Program Files\Git\cmd;C:\ProgramData\chocolatey\bin;C:\Program Files\nodejs\;C:\Users\HP\AppData\Local\Android\Sdk;C:\Users\HP\AppData\Local\Android\Sdk\platform-tools;C:\Users\HP\AppData\Local\Android\Sdk\platforms;C:\Users\HP\AppData\Local\Android\Sdk\tools;C:\Users\HP\AppData\Local\Microsoft\WindowsApps;C:\Users\HP\AppData\Local\Programs\Microsoft VS Code\bin;C:\Users\HP\AppData\Local\Android\Sdk\platform-tools;C:\Users\HP\AppData\Roaming\npm;C:\Program Files\Java\jdk-17.0.8\bin;
USERNAME=HP
LANG=en_US.UTF-8
OS=Windows_NT
PROCESSOR_IDENTIFIER=Intel64 Family 6 Model 142 Stepping 9, GenuineIntel



---------------  S Y S T E M  ---------------

OS:
 Windows 11 , 64 bit Build 22000 (10.0.22000.2538)
OS uptime: 0 days 19:10 hours
Hyper-V role detected

CPU: total 4 (initial active 4) (2 cores per cpu, 2 threads per core) family 6 model 142 stepping 9 microcode 0xde, cx8, cmov, fxsr, ht, mmx, 3dnowpref, sse, sse2, sse3, ssse3, sse4.1, sse4.2, popcnt, lzcnt, tsc, tscinvbit, avx, avx2, aes, erms, clmul, bmi1, bmi2, rtm, adx, fma, vzeroupper, clflush, clflushopt, hv

Memory: 4k page, system-wide physical 7591M (459M free)
TotalPageFile size 15591M (AvailPageFile size 10M)
current process WorkingSet (physical memory assigned to process): 199M, peak: 207M
current process commit charge ("private bytes"): 268M, peak: 276M

vm_info: Java HotSpot(TM) 64-Bit Server VM (17.0.8+9-LTS-211) for windows-amd64 JRE (17.0.8+9-LTS-211), built on Jun 14 2023 10:34:31 by "mach5one" with MS VC++ 17.1 (VS2022)

END.
