#
# There is insufficient memory for the Java Runtime Environment to continue.
# Native memory allocation (mmap) failed to map 50331648 bytes for Failed to commit area from 0x000000008ee00000 to 0x0000000091e00000 of length 50331648.
# Possible reasons:
#   The system is out of physical RAM or swap space
#   The process is running with CompressedOops enabled, and the Java Heap may be blocking the growth of the native heap
# Possible solutions:
#   Reduce memory load on the system
#   Increase physical memory or swap space
#   Check if swap backing store is full
#   Decrease Java heap size (-Xmx/-Xms)
#   Decrease number of Java threads
#   Decrease Java thread stack sizes (-Xss)
#   Set larger code cache with -XX:ReservedCodeCacheSize=
#   JVM is running with Unscaled Compressed Oops mode in which the Java heap is
#     placed in the first 4GB address space. The Java Heap base address is the
#     maximum limit for the native heap growth. Please use -XX:HeapBaseMinAddress
#     to set the Java Heap base and to place the Java Heap above 4GB virtual address.
# This output file may be truncated or incomplete.
#
#  Out of Memory Error (os_windows.cpp:3386), pid=14108, tid=14008
#
# JRE version: OpenJDK Runtime Environment Microsoft-8035250 (11.0.20+8) (build 11.0.20+8-LTS)
# Java VM: OpenJDK 64-Bit Server VM Microsoft-8035250 (11.0.20+8-LTS, mixed mode, tiered, compressed oops, g1 gc, windows-amd64)
# No core dump will be written. Minidumps are not enabled by default on client versions of Windows
#

---------------  S U M M A R Y ------------

Command Line: -XX:MaxMetaspaceSize=512m --add-opens=java.base/java.util=ALL-UNNAMED --add-opens=java.base/java.lang=ALL-UNNAMED --add-opens=java.base/java.lang.invoke=ALL-UNNAMED --add-opens=java.prefs/java.util.prefs=ALL-UNNAMED --add-opens=java.base/java.nio.charset=ALL-UNNAMED --add-opens=java.base/java.net=ALL-UNNAMED --add-opens=java.base/java.util.concurrent.atomic=ALL-UNNAMED -Xmx2048m -Dfile.encoding=windows-1252 -Duser.country=FR -Duser.language=fr -Duser.variant org.gradle.launcher.daemon.bootstrap.GradleDaemon 8.0.1

Host: AMD Athlon Silver 3050e with Radeon Graphics   , 4 cores, 3G,  Windows 10 , 64 bit Build 19041 (10.0.19041.3636)
Time: Thu Dec 21 10:48:08 2023 Paris, Madrid elapsed time: 69.515243 seconds (0d 0h 1m 9s)

---------------  T H R E A D  ---------------

Current thread (0x0000026c7ba0e800):  VMThread "VM Thread" [stack: 0x000000953ad00000,0x000000953ae00000] [id=14008]

Stack: [0x000000953ad00000,0x000000953ae00000]
[error occurred during error reporting (printing stack bounds), id 0xc0000005, EXCEPTION_ACCESS_VIOLATION (0xc0000005) at pc=0x0000026c64a0112d]

Native frames: (J=compiled Java code, j=interpreted, Vv=VM code, C=native code)
V  [jvm.dll+0x62e9da]
V  [jvm.dll+0x7bc4e9]
V  [jvm.dll+0x7bdbd8]
V  [jvm.dll+0x7be215]
V  [jvm.dll+0x7be1cb]
V  [jvm.dll+0x62dd67]
V  [jvm.dll+0x62e478]
C  [ntdll.dll+0xa23af]
C  [ntdll.dll+0x514b4]
C  [ntdll.dll+0xa0ebe]
C  0x0000026c64a0112d

VM_Operation (0x000000953f6fdf20): G1CollectForAllocation, mode: safepoint, requested by thread 0x0000026c009a7800


---------------  P R O C E S S  ---------------

Threads class SMR info:
_java_thread_list=0x0000026c078b2630, length=86, elements={
0x0000026c5aab2800, 0x0000026c7ba10800, 0x0000026c7ba19800, 0x0000026c7ba6f000,
0x0000026c7ba70000, 0x0000026c7ba71000, 0x0000026c7ba7c800, 0x0000026c7baa3800,
0x0000026c7baad000, 0x0000026c7bd44800, 0x0000026c7ccd1000, 0x0000026c7d717800,
0x0000026c7d30f800, 0x0000026c7d74f800, 0x0000026c7dd71800, 0x0000026c7d74c000,
0x0000026c7e005000, 0x0000026c7e0ff000, 0x0000026c7d0ea000, 0x0000026c7d059000,
0x0000026c7bcce000, 0x0000026c7bcc9000, 0x0000026c7bcca000, 0x0000026c7bcce800,
0x0000026c7bccb800, 0x0000026c7bcca800, 0x0000026c7bccc000, 0x0000026c7bccd000,
0x0000026c7bccf800, 0x0000026c7bcd5000, 0x0000026c7bcd4000, 0x0000026c7bcd6000,
0x0000026c7bcd2000, 0x0000026c7bcd1000, 0x0000026c7bcd3800, 0x0000026c7bcd7800,
0x0000026c7bcd8800, 0x0000026c7bcd2800, 0x0000026c7bcd9000, 0x0000026c7bcdb800,
0x0000026c7bcde000, 0x0000026c7bcdf800, 0x0000026c7bcda000, 0x0000026c7bcdd000,
0x0000026c7bcdf000, 0x0000026c7bcdb000, 0x0000026c7bcdc800, 0x0000026c00643800,
0x0000026c00641800, 0x0000026c00640800, 0x0000026c00646000, 0x0000026c00647000,
0x0000026c00644800, 0x0000026c00648000, 0x0000026c00643000, 0x0000026c00645800,
0x0000026c00642000, 0x0000026c0064d800, 0x0000026c0064c000, 0x0000026c00649800,
0x0000026c0064a800, 0x0000026c00648800, 0x0000026c0064b000, 0x0000026c0064c800,
0x0000026c0064e800, 0x0000026c0064f000, 0x0000026c009a7000, 0x0000026c009a9800,
0x0000026c009a7800, 0x0000026c009a4800, 0x0000026c009a5000, 0x0000026c009a6000,
0x0000026c009a3800, 0x0000026c009a8800, 0x0000026c009aa000, 0x0000026c03a4f800,
0x0000026c03a52000, 0x0000026c03a53800, 0x0000026c03a4d800, 0x0000026c03a52800,
0x0000026c03a50000, 0x0000026c03a51000, 0x0000026c03a54000, 0x0000026c03a4e800,
0x0000026c03a5a800, 0x0000026c01a8c000
}

Java Threads: ( => current thread )
  0x0000026c5aab2800 JavaThread "main" [_thread_blocked, id=13224, stack(0x000000953a700000,0x000000953a800000)]
  0x0000026c7ba10800 JavaThread "Reference Handler" daemon [_thread_blocked, id=13584, stack(0x000000953ae00000,0x000000953af00000)]
  0x0000026c7ba19800 JavaThread "Finalizer" daemon [_thread_blocked, id=12760, stack(0x000000953af00000,0x000000953b000000)]
  0x0000026c7ba6f000 JavaThread "Signal Dispatcher" daemon [_thread_blocked, id=12112, stack(0x000000953b000000,0x000000953b100000)]
  0x0000026c7ba70000 JavaThread "Attach Listener" daemon [_thread_blocked, id=9836, stack(0x000000953b100000,0x000000953b200000)]
  0x0000026c7ba71000 JavaThread "Service Thread" daemon [_thread_blocked, id=6224, stack(0x000000953b200000,0x000000953b300000)]
  0x0000026c7ba7c800 JavaThread "C2 CompilerThread0" daemon [_thread_blocked, id=13824, stack(0x000000953b300000,0x000000953b400000)]
  0x0000026c7baa3800 JavaThread "C1 CompilerThread0" daemon [_thread_blocked, id=13844, stack(0x000000953b400000,0x000000953b500000)]
  0x0000026c7baad000 JavaThread "Sweeper thread" daemon [_thread_blocked, id=11472, stack(0x000000953b500000,0x000000953b600000)]
  0x0000026c7bd44800 JavaThread "Common-Cleaner" daemon [_thread_blocked, id=12276, stack(0x000000953b600000,0x000000953b700000)]
  0x0000026c7ccd1000 JavaThread "Daemon health stats" [_thread_blocked, id=4744, stack(0x000000953b900000,0x000000953ba00000)]
  0x0000026c7d717800 JavaThread "Incoming local TCP Connector on port 62344" [_thread_in_native, id=12844, stack(0x000000953bc00000,0x000000953bd00000)]
  0x0000026c7d30f800 JavaThread "Daemon periodic checks" [_thread_blocked, id=11424, stack(0x000000953be00000,0x000000953bf00000)]
  0x0000026c7d74f800 JavaThread "Daemon" [_thread_blocked, id=11536, stack(0x000000953bf00000,0x000000953c000000)]
  0x0000026c7dd71800 JavaThread "Handler for socket connection from /127.0.0.1:62344 to /127.0.0.1:62345" [_thread_in_native, id=13012, stack(0x000000953c000000,0x000000953c100000)]
  0x0000026c7d74c000 JavaThread "Cancel handler" [_thread_blocked, id=13508, stack(0x000000953c100000,0x000000953c200000)]
  0x0000026c7e005000 JavaThread "Daemon worker" [_thread_blocked, id=13248, stack(0x000000953c200000,0x000000953c300000)]
  0x0000026c7e0ff000 JavaThread "Asynchronous log dispatcher for DefaultDaemonConnection: socket connection from /127.0.0.1:62344 to /127.0.0.1:62345" [_thread_blocked, id=12072, stack(0x000000953c300000,0x000000953c400000)]
  0x0000026c7d0ea000 JavaThread "Stdin handler" [_thread_blocked, id=3100, stack(0x000000953c400000,0x000000953c500000)]
  0x0000026c7d059000 JavaThread "Daemon client event forwarder" [_thread_blocked, id=12548, stack(0x000000953c500000,0x000000953c600000)]
  0x0000026c7bcce000 JavaThread "Cache worker for journal cache (C:\Users\nana jordan\.gradle\caches\journal-1)" [_thread_blocked, id=7056, stack(0x000000953c600000,0x000000953c700000)]
  0x0000026c7bcc9000 JavaThread "File lock request listener" [_thread_in_native, id=11540, stack(0x000000953c700000,0x000000953c800000)]
  0x0000026c7bcca000 JavaThread "Cache worker for file hash cache (C:\Users\nana jordan\.gradle\caches\8.0.1\fileHashes)" [_thread_blocked, id=13088, stack(0x000000953bd00000,0x000000953be00000)]
  0x0000026c7bcce800 JavaThread "File watcher server" daemon [_thread_in_native, id=13084, stack(0x000000953c900000,0x000000953ca00000)]
  0x0000026c7bccb800 JavaThread "File watcher consumer" daemon [_thread_blocked, id=13044, stack(0x000000953ca00000,0x000000953cb00000)]
  0x0000026c7bcca800 JavaThread "Cache worker for checksums cache (C:\Users\nana jordan\Desktop\Actif\poc_app\poc-app\android\.gradle\8.0.1\checksums)" [_thread_blocked, id=4396, stack(0x000000953c800000,0x000000953c900000)]
  0x0000026c7bccc000 JavaThread "Cache worker for cache directory md-rule (C:\Users\nana jordan\.gradle\caches\8.0.1\md-rule)" [_thread_blocked, id=13132, stack(0x000000953cb00000,0x000000953cc00000)]
  0x0000026c7bccd000 JavaThread "Cache worker for file content cache (C:\Users\nana jordan\.gradle\caches\8.0.1\fileContent)" [_thread_blocked, id=4356, stack(0x000000953cc00000,0x000000953cd00000)]
  0x0000026c7bccf800 JavaThread "Cache worker for file hash cache (C:\Users\nana jordan\Desktop\Actif\poc_app\poc-app\android\.gradle\8.0.1\fileHashes)" [_thread_blocked, id=14260, stack(0x000000953cd00000,0x000000953ce00000)]
  0x0000026c7bcd5000 JavaThread "Cache worker for cache directory md-supplier (C:\Users\nana jordan\.gradle\caches\8.0.1\md-supplier)" [_thread_blocked, id=14048, stack(0x000000953ce00000,0x000000953cf00000)]
  0x0000026c7bcd4000 JavaThread "Cache worker for execution history cache (C:\Users\nana jordan\.gradle\caches\8.0.1\executionHistory)" [_thread_blocked, id=4780, stack(0x000000953cf00000,0x000000953d000000)]
  0x0000026c7bcd6000 JavaThread "jar transforms" [_thread_blocked, id=8772, stack(0x000000953d100000,0x000000953d200000)]
  0x0000026c7bcd2000 JavaThread "jar transforms Thread 2" [_thread_blocked, id=12136, stack(0x000000953d200000,0x000000953d300000)]
  0x0000026c7bcd1000 JavaThread "jar transforms Thread 3" [_thread_blocked, id=9012, stack(0x000000953d300000,0x000000953d400000)]
  0x0000026c7bcd3800 JavaThread "jar transforms Thread 4" [_thread_blocked, id=11024, stack(0x000000953d400000,0x000000953d500000)]
  0x0000026c7bcd7800 JavaThread "Cache worker for kotlin-dsl (C:\Users\nana jordan\.gradle\caches\8.0.1\kotlin-dsl)" [_thread_blocked, id=6432, stack(0x000000953d500000,0x000000953d600000)]
  0x0000026c7bcd8800 JavaThread "Cache worker for dependencies-accessors (C:\Users\nana jordan\Desktop\Actif\poc_app\poc-app\android\.gradle\8.0.1\dependencies-accessors)" [_thread_blocked, id=13968, stack(0x000000953d600000,0x000000953d700000)]
  0x0000026c7bcd2800 JavaThread "Cache worker for Build Output Cleanup Cache (C:\Users\nana jordan\Desktop\Actif\poc_app\poc-app\node_modules\@react-native\gradle-plugin\.gradle\buildOutputCleanup)" [_thread_blocked, id=6380, stack(0x000000953d000000,0x000000953d100000)]
  0x0000026c7bcd9000 JavaThread "Unconstrained build operations" [_thread_blocked, id=13672, stack(0x000000953d800000,0x000000953d900000)]
  0x0000026c7bcdb800 JavaThread "Unconstrained build operations Thread 2" [_thread_blocked, id=13680, stack(0x000000953d900000,0x000000953da00000)]
  0x0000026c7bcde000 JavaThread "Unconstrained build operations Thread 3" [_thread_blocked, id=14184, stack(0x000000953da00000,0x000000953db00000)]
  0x0000026c7bcdf800 JavaThread "Unconstrained build operations Thread 4" [_thread_blocked, id=14188, stack(0x000000953db00000,0x000000953dc00000)]
  0x0000026c7bcda000 JavaThread "Unconstrained build operations Thread 5" [_thread_blocked, id=14180, stack(0x000000953dc00000,0x000000953dd00000)]
  0x0000026c7bcdd000 JavaThread "Unconstrained build operations Thread 6" [_thread_blocked, id=13596, stack(0x000000953dd00000,0x000000953de00000)]
  0x0000026c7bcdf000 JavaThread "Unconstrained build operations Thread 7" [_thread_blocked, id=13364, stack(0x000000953de00000,0x000000953df00000)]
  0x0000026c7bcdb000 JavaThread "Unconstrained build operations Thread 8" [_thread_blocked, id=13800, stack(0x000000953df00000,0x000000953e000000)]
  0x0000026c7bcdc800 JavaThread "Unconstrained build operations Thread 9" [_thread_blocked, id=13336, stack(0x000000953e000000,0x000000953e100000)]
  0x0000026c00643800 JavaThread "Unconstrained build operations Thread 10" [_thread_blocked, id=9812, stack(0x000000953e100000,0x000000953e200000)]
  0x0000026c00641800 JavaThread "Unconstrained build operations Thread 11" [_thread_blocked, id=12184, stack(0x000000953e200000,0x000000953e300000)]
  0x0000026c00640800 JavaThread "Unconstrained build operations Thread 12" [_thread_blocked, id=14024, stack(0x000000953e300000,0x000000953e400000)]
  0x0000026c00646000 JavaThread "Unconstrained build operations Thread 13" [_thread_blocked, id=12468, stack(0x000000953e400000,0x000000953e500000)]
  0x0000026c00647000 JavaThread "Unconstrained build operations Thread 14" [_thread_blocked, id=13368, stack(0x000000953e500000,0x000000953e600000)]
  0x0000026c00644800 JavaThread "Unconstrained build operations Thread 15" [_thread_blocked, id=13812, stack(0x000000953e600000,0x000000953e700000)]
  0x0000026c00648000 JavaThread "Unconstrained build operations Thread 16" [_thread_blocked, id=13768, stack(0x000000953e700000,0x000000953e800000)]
  0x0000026c00643000 JavaThread "Unconstrained build operations Thread 17" [_thread_blocked, id=13776, stack(0x000000953e800000,0x000000953e900000)]
  0x0000026c00645800 JavaThread "Unconstrained build operations Thread 18" [_thread_blocked, id=2364, stack(0x000000953e900000,0x000000953ea00000)]
  0x0000026c00642000 JavaThread "Unconstrained build operations Thread 19" [_thread_blocked, id=12436, stack(0x000000953ea00000,0x000000953eb00000)]
  0x0000026c0064d800 JavaThread "Unconstrained build operations Thread 20" [_thread_blocked, id=13436, stack(0x000000953eb00000,0x000000953ec00000)]
  0x0000026c0064c000 JavaThread "Unconstrained build operations Thread 21" [_thread_blocked, id=5440, stack(0x000000953ec00000,0x000000953ed00000)]
  0x0000026c00649800 JavaThread "Unconstrained build operations Thread 22" [_thread_blocked, id=11200, stack(0x000000953ed00000,0x000000953ee00000)]
  0x0000026c0064a800 JavaThread "Unconstrained build operations Thread 23" [_thread_blocked, id=10624, stack(0x000000953ee00000,0x000000953ef00000)]
  0x0000026c00648800 JavaThread "Unconstrained build operations Thread 24" [_thread_blocked, id=11304, stack(0x000000953ef00000,0x000000953f000000)]
  0x0000026c0064b000 JavaThread "Unconstrained build operations Thread 25" [_thread_blocked, id=12896, stack(0x000000953f000000,0x000000953f100000)]
  0x0000026c0064c800 JavaThread "Unconstrained build operations Thread 26" [_thread_blocked, id=13880, stack(0x000000953f100000,0x000000953f200000)]
  0x0000026c0064e800 JavaThread "Memory manager" [_thread_blocked, id=10300, stack(0x000000953f200000,0x000000953f300000)]
  0x0000026c0064f000 JavaThread "Cache worker for Build Output Cleanup Cache (C:\Users\nana jordan\Desktop\Actif\poc_app\poc-app\android\.gradle\buildOutputCleanup)" [_thread_blocked, id=14196, stack(0x000000953f300000,0x000000953f400000)]
  0x0000026c009a7000 JavaThread "included builds" [_thread_blocked, id=14148, stack(0x000000953f400000,0x000000953f500000)]
  0x0000026c009a9800 JavaThread "Execution worker" [_thread_blocked, id=12280, stack(0x000000953f500000,0x000000953f600000)]
  0x0000026c009a7800 JavaThread "Execution worker Thread 2" [_thread_blocked, id=12456, stack(0x000000953f600000,0x000000953f700000)]
  0x0000026c009a4800 JavaThread "Execution worker Thread 3" [_thread_blocked, id=13196, stack(0x000000953f700000,0x000000953f800000)]
  0x0000026c009a5000 JavaThread "Cache worker for execution history cache (C:\Users\nana jordan\Desktop\Actif\poc_app\poc-app\node_modules\@react-native\gradle-plugin\.gradle\8.0.1\executionHistory)" [_thread_blocked, id=12984, stack(0x000000953f800000,0x000000953f900000)]
  0x0000026c009a6000 JavaThread "Unconstrained build operations Thread 27" [_thread_blocked, id=12968, stack(0x000000953f900000,0x000000953fa00000)]
  0x0000026c009a3800 JavaThread "Unconstrained build operations Thread 28" [_thread_blocked, id=6464, stack(0x000000953fa00000,0x000000953fb00000)]
  0x0000026c009a8800 JavaThread "Unconstrained build operations Thread 29" [_thread_blocked, id=10492, stack(0x000000953fb00000,0x000000953fc00000)]
  0x0000026c009aa000 JavaThread "Unconstrained build operations Thread 30" [_thread_blocked, id=10552, stack(0x000000953fc00000,0x000000953fd00000)]
  0x0000026c03a4f800 JavaThread "Unconstrained build operations Thread 31" [_thread_blocked, id=7144, stack(0x000000953fd00000,0x000000953fe00000)]
  0x0000026c03a52000 JavaThread "Unconstrained build operations Thread 32" [_thread_blocked, id=4620, stack(0x000000953fe00000,0x000000953ff00000)]
  0x0000026c03a53800 JavaThread "Unconstrained build operations Thread 33" [_thread_blocked, id=5088, stack(0x000000953ff00000,0x0000009540000000)]
  0x0000026c03a4d800 JavaThread "Unconstrained build operations Thread 34" [_thread_blocked, id=14088, stack(0x0000009540000000,0x0000009540100000)]
  0x0000026c03a52800 JavaThread "Unconstrained build operations Thread 35" [_thread_blocked, id=11728, stack(0x0000009540100000,0x0000009540200000)]
  0x0000026c03a50000 JavaThread "Unconstrained build operations Thread 36" [_thread_blocked, id=14112, stack(0x0000009540200000,0x0000009540300000)]
  0x0000026c03a51000 JavaThread "Unconstrained build operations Thread 37" [_thread_blocked, id=11672, stack(0x0000009540300000,0x0000009540400000)]
  0x0000026c03a54000 JavaThread "Unconstrained build operations Thread 38" [_thread_blocked, id=12572, stack(0x0000009540400000,0x0000009540500000)]
  0x0000026c03a4e800 JavaThread "Unconstrained build operations Thread 39" [_thread_blocked, id=13756, stack(0x0000009540500000,0x0000009540600000)]
  0x0000026c03a5a800 JavaThread "Unconstrained build operations Thread 40" [_thread_blocked, id=5216, stack(0x0000009540600000,0x0000009540700000)]
  0x0000026c01a8c000 JavaThread "C2 CompilerThread1" daemon [_thread_blocked, id=9292, stack(0x000000953a400000,0x000000953a500000)]

Other Threads:
=>0x0000026c7ba0e800 VMThread "VM Thread" [stack: 0x000000953ad00000,0x000000953ae00000] [id=14008]
  0x0000026c7bd5b800 WatcherThread [stack: 0x000000953b700000,0x000000953b800000] [id=10656]
  0x0000026c5aacb000 GCTaskThread "GC Thread#0" [stack: 0x000000953a800000,0x000000953a900000] [id=13916]
  0x0000026c7c335000 GCTaskThread "GC Thread#1" [stack: 0x000000953b800000,0x000000953b900000] [id=13156]
  0x0000026c7d0fb000 GCTaskThread "GC Thread#2" [stack: 0x000000953ba00000,0x000000953bb00000] [id=11252]
  0x0000026c7d0ab000 GCTaskThread "GC Thread#3" [stack: 0x000000953bb00000,0x000000953bc00000] [id=11776]
  0x0000026c5ab01000 ConcurrentGCThread "G1 Main Marker" [stack: 0x000000953a900000,0x000000953aa00000] [id=13760]
  0x0000026c5ab03000 ConcurrentGCThread "G1 Conc#0" [stack: 0x000000953aa00000,0x000000953ab00000] [id=14044]
  0x0000026c5ab4b000 ConcurrentGCThread "G1 Refine#0" [stack: 0x000000953ab00000,0x000000953ac00000] [id=14012]
  0x0000026c5ab4c000 ConcurrentGCThread "G1 Young RemSet Sampling" [stack: 0x000000953ac00000,0x000000953ad00000] [id=13996]

Threads with active compile tasks:
C2 CompilerThread0    69565 14420       4       org.gradle.api.internal.artifacts.transform.ConsumerProvidedVariantFinder$TransformationCache::query (180 bytes)
C2 CompilerThread1    69566 14372       4       org.gradle.api.internal.artifacts.transform.AttributeMatchingVariantSelector::doSelect (365 bytes)

VM state:at safepoint (normal execution)

VM Mutex/Monitor currently owned by a thread:  ([mutex/lock_event])
[0x0000026c5aaaef60] Threads_lock - owner thread: 0x0000026c7ba0e800
[0x0000026c5aaae930] Heap_lock - owner thread: 0x0000026c009a7800

Heap address: 0x0000000080000000, size: 2048 MB, Compressed Oops mode: 32-bit
Narrow klass base: 0x0000000000000000, Narrow klass shift: 3
Compressed class space size: 528482304 Address: 0x0000000100000000

Heap:
 garbage-first heap   total 292864K, used 177750K [0x0000000080000000, 0x0000000100000000)
  region size 1024K, 2 young (2048K), 2 survivors (2048K)
 Metaspace       used 113037K, capacity 116865K, committed 117020K, reserved 618496K
  class space    used 14725K, capacity 16251K, committed 16332K, reserved 516096K
Heap Regions: E=young(eden), S=young(survivor), O=old, HS=humongous(starts), HC=humongous(continues), CS=collection set, F=free, A=archive, TAMS=top-at-mark-start (previous, next)
|   0|0x0000000080000000, 0x0000000080100000, 0x0000000080100000|100%| O|  |TAMS 0x0000000080100000, 0x0000000080100000| Untracked 
|   1|0x0000000080100000, 0x0000000080200000, 0x0000000080200000|100%| O|  |TAMS 0x0000000080200000, 0x0000000080200000| Untracked 
|   2|0x0000000080200000, 0x0000000080300000, 0x0000000080300000|100%|HS|  |TAMS 0x0000000080300000, 0x0000000080300000| Complete 
|   3|0x0000000080300000, 0x0000000080400000, 0x0000000080400000|100%|HC|  |TAMS 0x0000000080400000, 0x0000000080400000| Complete 
|   4|0x0000000080400000, 0x0000000080500000, 0x0000000080500000|100%|HC|  |TAMS 0x0000000080500000, 0x0000000080500000| Complete 
|   5|0x0000000080500000, 0x0000000080600000, 0x0000000080600000|100%|HC|  |TAMS 0x0000000080600000, 0x0000000080600000| Complete 
|   6|0x0000000080600000, 0x0000000080700000, 0x0000000080700000|100%| O|  |TAMS 0x0000000080700000, 0x0000000080700000| Untracked 
|   7|0x0000000080700000, 0x0000000080800000, 0x0000000080800000|100%| O|  |TAMS 0x0000000080800000, 0x0000000080800000| Untracked 
|   8|0x0000000080800000, 0x0000000080900000, 0x0000000080900000|100%| O|  |TAMS 0x0000000080900000, 0x0000000080900000| Untracked 
|   9|0x0000000080900000, 0x0000000080a00000, 0x0000000080a00000|100%| O|  |TAMS 0x0000000080a00000, 0x0000000080a00000| Untracked 
|  10|0x0000000080a00000, 0x0000000080b00000, 0x0000000080b00000|100%| O|  |TAMS 0x0000000080b00000, 0x0000000080b00000| Untracked 
|  11|0x0000000080b00000, 0x0000000080c00000, 0x0000000080c00000|100%| O|  |TAMS 0x0000000080c00000, 0x0000000080c00000| Untracked 
|  12|0x0000000080c00000, 0x0000000080d00000, 0x0000000080d00000|100%| O|  |TAMS 0x0000000080d00000, 0x0000000080d00000| Untracked 
|  13|0x0000000080d00000, 0x0000000080e00000, 0x0000000080e00000|100%| O|  |TAMS 0x0000000080e00000, 0x0000000080e00000| Untracked 
|  14|0x0000000080e00000, 0x0000000080f00000, 0x0000000080f00000|100%| O|  |TAMS 0x0000000080f00000, 0x0000000080f00000| Untracked 
|  15|0x0000000080f00000, 0x0000000081000000, 0x0000000081000000|100%| O|  |TAMS 0x0000000081000000, 0x0000000081000000| Untracked 
|  16|0x0000000081000000, 0x0000000081100000, 0x0000000081100000|100%| O|  |TAMS 0x0000000081100000, 0x0000000081100000| Untracked 
|  17|0x0000000081100000, 0x0000000081200000, 0x0000000081200000|100%| O|  |TAMS 0x0000000081200000, 0x0000000081200000| Untracked 
|  18|0x0000000081200000, 0x0000000081300000, 0x0000000081300000|100%| O|  |TAMS 0x0000000081300000, 0x0000000081300000| Untracked 
|  19|0x0000000081300000, 0x0000000081400000, 0x0000000081400000|100%| O|  |TAMS 0x0000000081400000, 0x0000000081400000| Untracked 
|  20|0x0000000081400000, 0x0000000081500000, 0x0000000081500000|100%| O|  |TAMS 0x0000000081500000, 0x0000000081500000| Untracked 
|  21|0x0000000081500000, 0x0000000081600000, 0x0000000081600000|100%| O|  |TAMS 0x0000000081600000, 0x0000000081600000| Untracked 
|  22|0x0000000081600000, 0x0000000081700000, 0x0000000081700000|100%| O|  |TAMS 0x0000000081700000, 0x0000000081700000| Untracked 
|  23|0x0000000081700000, 0x0000000081800000, 0x0000000081800000|100%| O|  |TAMS 0x0000000081800000, 0x0000000081800000| Untracked 
|  24|0x0000000081800000, 0x0000000081900000, 0x0000000081900000|100%| O|  |TAMS 0x0000000081900000, 0x0000000081900000| Untracked 
|  25|0x0000000081900000, 0x0000000081a00000, 0x0000000081a00000|100%| O|  |TAMS 0x0000000081a00000, 0x0000000081a00000| Untracked 
|  26|0x0000000081a00000, 0x0000000081b00000, 0x0000000081b00000|100%| O|  |TAMS 0x0000000081b00000, 0x0000000081b00000| Untracked 
|  27|0x0000000081b00000, 0x0000000081c00000, 0x0000000081c00000|100%| O|  |TAMS 0x0000000081c00000, 0x0000000081c00000| Untracked 
|  28|0x0000000081c00000, 0x0000000081d00000, 0x0000000081d00000|100%| O|  |TAMS 0x0000000081d00000, 0x0000000081d00000| Untracked 
|  29|0x0000000081d00000, 0x0000000081e00000, 0x0000000081e00000|100%| O|  |TAMS 0x0000000081e00000, 0x0000000081e00000| Untracked 
|  30|0x0000000081e00000, 0x0000000081f00000, 0x0000000081f00000|100%| O|  |TAMS 0x0000000081f00000, 0x0000000081f00000| Untracked 
|  31|0x0000000081f00000, 0x0000000082000000, 0x0000000082000000|100%| O|  |TAMS 0x0000000082000000, 0x0000000082000000| Untracked 
|  32|0x0000000082000000, 0x0000000082100000, 0x0000000082100000|100%| O|  |TAMS 0x0000000082100000, 0x0000000082100000| Untracked 
|  33|0x0000000082100000, 0x0000000082200000, 0x0000000082200000|100%| O|  |TAMS 0x0000000082200000, 0x0000000082200000| Untracked 
|  34|0x0000000082200000, 0x0000000082300000, 0x0000000082300000|100%|HS|  |TAMS 0x0000000082300000, 0x0000000082300000| Complete 
|  35|0x0000000082300000, 0x0000000082400000, 0x0000000082400000|100%|HC|  |TAMS 0x0000000082400000, 0x0000000082400000| Complete 
|  36|0x0000000082400000, 0x0000000082500000, 0x0000000082500000|100%|HS|  |TAMS 0x0000000082500000, 0x0000000082500000| Complete 
|  37|0x0000000082500000, 0x0000000082600000, 0x0000000082600000|100%|HC|  |TAMS 0x0000000082600000, 0x0000000082600000| Complete 
|  38|0x0000000082600000, 0x0000000082700000, 0x0000000082700000|100%|HC|  |TAMS 0x0000000082700000, 0x0000000082700000| Complete 
|  39|0x0000000082700000, 0x0000000082800000, 0x0000000082800000|100%|HC|  |TAMS 0x0000000082800000, 0x0000000082800000| Complete 
|  40|0x0000000082800000, 0x0000000082900000, 0x0000000082900000|100%| O|  |TAMS 0x0000000082900000, 0x0000000082900000| Untracked 
|  41|0x0000000082900000, 0x0000000082a00000, 0x0000000082a00000|100%| O|  |TAMS 0x0000000082a00000, 0x0000000082a00000| Untracked 
|  42|0x0000000082a00000, 0x0000000082b00000, 0x0000000082b00000|100%| O|  |TAMS 0x0000000082b00000, 0x0000000082b00000| Untracked 
|  43|0x0000000082b00000, 0x0000000082c00000, 0x0000000082c00000|100%| O|  |TAMS 0x0000000082c00000, 0x0000000082c00000| Untracked 
|  44|0x0000000082c00000, 0x0000000082d00000, 0x0000000082d00000|100%| O|  |TAMS 0x0000000082d00000, 0x0000000082d00000| Untracked 
|  45|0x0000000082d00000, 0x0000000082e00000, 0x0000000082e00000|100%| O|  |TAMS 0x0000000082e00000, 0x0000000082e00000| Untracked 
|  46|0x0000000082e00000, 0x0000000082f00000, 0x0000000082f00000|100%| O|  |TAMS 0x0000000082f00000, 0x0000000082f00000| Untracked 
|  47|0x0000000082f00000, 0x0000000083000000, 0x0000000083000000|100%| O|  |TAMS 0x0000000083000000, 0x0000000083000000| Untracked 
|  48|0x0000000083000000, 0x0000000083100000, 0x0000000083100000|100%| O|  |TAMS 0x0000000083100000, 0x0000000083100000| Untracked 
|  49|0x0000000083100000, 0x0000000083200000, 0x0000000083200000|100%| O|  |TAMS 0x0000000083200000, 0x0000000083200000| Untracked 
|  50|0x0000000083200000, 0x0000000083300000, 0x0000000083300000|100%| O|  |TAMS 0x0000000083300000, 0x0000000083300000| Untracked 
|  51|0x0000000083300000, 0x0000000083400000, 0x0000000083400000|100%| O|  |TAMS 0x0000000083400000, 0x0000000083400000| Untracked 
|  52|0x0000000083400000, 0x0000000083500000, 0x0000000083500000|100%| O|  |TAMS 0x0000000083500000, 0x0000000083500000| Untracked 
|  53|0x0000000083500000, 0x0000000083600000, 0x0000000083600000|100%| O|  |TAMS 0x0000000083600000, 0x0000000083600000| Untracked 
|  54|0x0000000083600000, 0x0000000083700000, 0x0000000083700000|100%|HS|  |TAMS 0x0000000083700000, 0x0000000083700000| Complete 
|  55|0x0000000083700000, 0x0000000083800000, 0x0000000083800000|100%|HS|  |TAMS 0x0000000083800000, 0x0000000083800000| Complete 
|  56|0x0000000083800000, 0x0000000083900000, 0x0000000083900000|100%| O|  |TAMS 0x0000000083900000, 0x0000000083900000| Untracked 
|  57|0x0000000083900000, 0x0000000083a00000, 0x0000000083a00000|100%| O|  |TAMS 0x0000000083a00000, 0x0000000083a00000| Untracked 
|  58|0x0000000083a00000, 0x0000000083b00000, 0x0000000083b00000|100%| O|  |TAMS 0x0000000083b00000, 0x0000000083b00000| Untracked 
|  59|0x0000000083b00000, 0x0000000083c00000, 0x0000000083c00000|100%| O|  |TAMS 0x0000000083c00000, 0x0000000083c00000| Untracked 
|  60|0x0000000083c00000, 0x0000000083d00000, 0x0000000083d00000|100%| O|  |TAMS 0x0000000083d00000, 0x0000000083d00000| Untracked 
|  61|0x0000000083d00000, 0x0000000083e00000, 0x0000000083e00000|100%| O|  |TAMS 0x0000000083e00000, 0x0000000083e00000| Untracked 
|  62|0x0000000083e00000, 0x0000000083f00000, 0x0000000083f00000|100%| O|  |TAMS 0x0000000083f00000, 0x0000000083f00000| Untracked 
|  63|0x0000000083f00000, 0x0000000084000000, 0x0000000084000000|100%| O|  |TAMS 0x0000000084000000, 0x0000000084000000| Untracked 
|  64|0x0000000084000000, 0x0000000084100000, 0x0000000084100000|100%| O|  |TAMS 0x0000000084100000, 0x0000000084100000| Untracked 
|  65|0x0000000084100000, 0x0000000084200000, 0x0000000084200000|100%| O|  |TAMS 0x0000000084200000, 0x0000000084200000| Untracked 
|  66|0x0000000084200000, 0x0000000084300000, 0x0000000084300000|100%| O|  |TAMS 0x0000000084300000, 0x0000000084300000| Untracked 
|  67|0x0000000084300000, 0x0000000084400000, 0x0000000084400000|100%| O|  |TAMS 0x0000000084400000, 0x0000000084400000| Untracked 
|  68|0x0000000084400000, 0x0000000084500000, 0x0000000084500000|100%| O|  |TAMS 0x0000000084500000, 0x0000000084500000| Untracked 
|  69|0x0000000084500000, 0x0000000084600000, 0x0000000084600000|100%| O|  |TAMS 0x0000000084600000, 0x0000000084600000| Untracked 
|  70|0x0000000084600000, 0x0000000084700000, 0x0000000084700000|100%| O|  |TAMS 0x0000000084700000, 0x0000000084700000| Untracked 
|  71|0x0000000084700000, 0x0000000084800000, 0x0000000084800000|100%| O|  |TAMS 0x0000000084800000, 0x0000000084800000| Untracked 
|  72|0x0000000084800000, 0x0000000084900000, 0x0000000084900000|100%| O|  |TAMS 0x0000000084900000, 0x0000000084900000| Untracked 
|  73|0x0000000084900000, 0x0000000084a00000, 0x0000000084a00000|100%| O|  |TAMS 0x0000000084a00000, 0x0000000084a00000| Untracked 
|  74|0x0000000084a00000, 0x0000000084b00000, 0x0000000084b00000|100%| O|  |TAMS 0x0000000084b00000, 0x0000000084b00000| Untracked 
|  75|0x0000000084b00000, 0x0000000084c00000, 0x0000000084c00000|100%| O|  |TAMS 0x0000000084c00000, 0x0000000084c00000| Untracked 
|  76|0x0000000084c00000, 0x0000000084d00000, 0x0000000084d00000|100%| O|  |TAMS 0x0000000084d00000, 0x0000000084d00000| Untracked 
|  77|0x0000000084d00000, 0x0000000084e00000, 0x0000000084e00000|100%| O|  |TAMS 0x0000000084e00000, 0x0000000084e00000| Untracked 
|  78|0x0000000084e00000, 0x0000000084f00000, 0x0000000084f00000|100%| O|  |TAMS 0x0000000084f00000, 0x0000000084f00000| Untracked 
|  79|0x0000000084f00000, 0x0000000085000000, 0x0000000085000000|100%| O|  |TAMS 0x0000000085000000, 0x0000000085000000| Untracked 
|  80|0x0000000085000000, 0x0000000085100000, 0x0000000085100000|100%| O|  |TAMS 0x0000000085100000, 0x0000000085100000| Untracked 
|  81|0x0000000085100000, 0x0000000085200000, 0x0000000085200000|100%| O|  |TAMS 0x0000000085200000, 0x0000000085200000| Untracked 
|  82|0x0000000085200000, 0x0000000085300000, 0x0000000085300000|100%| O|  |TAMS 0x0000000085300000, 0x0000000085300000| Untracked 
|  83|0x0000000085300000, 0x0000000085400000, 0x0000000085400000|100%|HS|  |TAMS 0x0000000085400000, 0x0000000085400000| Complete 
|  84|0x0000000085400000, 0x0000000085500000, 0x0000000085500000|100%|HS|  |TAMS 0x0000000085500000, 0x0000000085500000| Complete 
|  85|0x0000000085500000, 0x0000000085600000, 0x0000000085600000|100%|HS|  |TAMS 0x0000000085600000, 0x0000000085600000| Complete 
|  86|0x0000000085600000, 0x0000000085700000, 0x0000000085700000|100%|HC|  |TAMS 0x0000000085700000, 0x0000000085700000| Complete 
|  87|0x0000000085700000, 0x0000000085800000, 0x0000000085800000|100%|HC|  |TAMS 0x0000000085800000, 0x0000000085800000| Complete 
|  88|0x0000000085800000, 0x0000000085900000, 0x0000000085900000|100%|HS|  |TAMS 0x0000000085900000, 0x0000000085900000| Complete 
|  89|0x0000000085900000, 0x0000000085a00000, 0x0000000085a00000|100%|HC|  |TAMS 0x0000000085a00000, 0x0000000085a00000| Complete 
|  90|0x0000000085a00000, 0x0000000085b00000, 0x0000000085b00000|100%| O|  |TAMS 0x0000000085b00000, 0x0000000085b00000| Untracked 
|  91|0x0000000085b00000, 0x0000000085c00000, 0x0000000085c00000|100%| O|  |TAMS 0x0000000085c00000, 0x0000000085c00000| Untracked 
|  92|0x0000000085c00000, 0x0000000085d00000, 0x0000000085d00000|100%| O|  |TAMS 0x0000000085d00000, 0x0000000085d00000| Untracked 
|  93|0x0000000085d00000, 0x0000000085e00000, 0x0000000085e00000|100%| O|  |TAMS 0x0000000085e00000, 0x0000000085e00000| Untracked 
|  94|0x0000000085e00000, 0x0000000085f00000, 0x0000000085f00000|100%| O|  |TAMS 0x0000000085f00000, 0x0000000085f00000| Untracked 
|  95|0x0000000085f00000, 0x0000000086000000, 0x0000000086000000|100%| O|  |TAMS 0x0000000086000000, 0x0000000086000000| Untracked 
|  96|0x0000000086000000, 0x0000000086100000, 0x0000000086100000|100%| O|  |TAMS 0x0000000086100000, 0x0000000086100000| Untracked 
|  97|0x0000000086100000, 0x0000000086200000, 0x0000000086200000|100%| O|  |TAMS 0x0000000086200000, 0x0000000086200000| Untracked 
|  98|0x0000000086200000, 0x0000000086300000, 0x0000000086300000|100%| O|  |TAMS 0x0000000086300000, 0x0000000086300000| Untracked 
|  99|0x0000000086300000, 0x0000000086400000, 0x0000000086400000|100%| O|  |TAMS 0x0000000086400000, 0x0000000086400000| Untracked 
| 100|0x0000000086400000, 0x0000000086500000, 0x0000000086500000|100%| O|  |TAMS 0x0000000086500000, 0x0000000086500000| Untracked 
| 101|0x0000000086500000, 0x0000000086600000, 0x0000000086600000|100%| O|  |TAMS 0x0000000086600000, 0x0000000086600000| Untracked 
| 102|0x0000000086600000, 0x0000000086700000, 0x0000000086700000|100%| O|  |TAMS 0x0000000086700000, 0x0000000086700000| Untracked 
| 103|0x0000000086700000, 0x0000000086800000, 0x0000000086800000|100%| O|  |TAMS 0x0000000086800000, 0x0000000086800000| Untracked 
| 104|0x0000000086800000, 0x0000000086900000, 0x0000000086900000|100%|HS|  |TAMS 0x0000000086900000, 0x0000000086900000| Complete 
| 105|0x0000000086900000, 0x0000000086a00000, 0x0000000086a00000|100%|HS|  |TAMS 0x0000000086a00000, 0x0000000086a00000| Complete 
| 106|0x0000000086a00000, 0x0000000086b00000, 0x0000000086b00000|100%|HS|  |TAMS 0x0000000086b00000, 0x0000000086b00000| Complete 
| 107|0x0000000086b00000, 0x0000000086c00000, 0x0000000086c00000|100%|HS|  |TAMS 0x0000000086c00000, 0x0000000086c00000| Complete 
| 108|0x0000000086c00000, 0x0000000086d00000, 0x0000000086d00000|100%|HC|  |TAMS 0x0000000086d00000, 0x0000000086d00000| Complete 
| 109|0x0000000086d00000, 0x0000000086e00000, 0x0000000086e00000|100%|HC|  |TAMS 0x0000000086e00000, 0x0000000086e00000| Complete 
| 110|0x0000000086e00000, 0x0000000086f00000, 0x0000000086f00000|100%| O|  |TAMS 0x0000000086f00000, 0x0000000086f00000| Untracked 
| 111|0x0000000086f00000, 0x0000000087000000, 0x0000000087000000|100%| O|  |TAMS 0x0000000087000000, 0x0000000087000000| Untracked 
| 112|0x0000000087000000, 0x0000000087100000, 0x0000000087100000|100%| O|  |TAMS 0x0000000087100000, 0x0000000087100000| Untracked 
| 113|0x0000000087100000, 0x0000000087200000, 0x0000000087200000|100%| O|  |TAMS 0x0000000087200000, 0x0000000087200000| Untracked 
| 114|0x0000000087200000, 0x0000000087300000, 0x0000000087300000|100%| O|  |TAMS 0x0000000087300000, 0x0000000087300000| Untracked 
| 115|0x0000000087300000, 0x0000000087400000, 0x0000000087400000|100%| O|  |TAMS 0x0000000087400000, 0x0000000087400000| Untracked 
| 116|0x0000000087400000, 0x0000000087500000, 0x0000000087500000|100%| O|  |TAMS 0x0000000087500000, 0x0000000087500000| Untracked 
| 117|0x0000000087500000, 0x0000000087600000, 0x0000000087600000|100%| O|  |TAMS 0x0000000087600000, 0x0000000087600000| Untracked 
| 118|0x0000000087600000, 0x0000000087700000, 0x0000000087700000|100%| O|  |TAMS 0x0000000087700000, 0x0000000087700000| Untracked 
| 119|0x0000000087700000, 0x0000000087800000, 0x0000000087800000|100%| O|  |TAMS 0x0000000087800000, 0x0000000087800000| Untracked 
| 120|0x0000000087800000, 0x0000000087900000, 0x0000000087900000|100%|HS|  |TAMS 0x0000000087900000, 0x0000000087900000| Complete 
| 121|0x0000000087900000, 0x0000000087a00000, 0x0000000087a00000|100%|HC|  |TAMS 0x0000000087a00000, 0x0000000087a00000| Complete 
| 122|0x0000000087a00000, 0x0000000087b00000, 0x0000000087b00000|100%|HS|  |TAMS 0x0000000087b00000, 0x0000000087b00000| Complete 
| 123|0x0000000087b00000, 0x0000000087c00000, 0x0000000087c00000|100%|HC|  |TAMS 0x0000000087c00000, 0x0000000087c00000| Complete 
| 124|0x0000000087c00000, 0x0000000087d00000, 0x0000000087d00000|100%|HC|  |TAMS 0x0000000087d00000, 0x0000000087d00000| Complete 
| 125|0x0000000087d00000, 0x0000000087e00000, 0x0000000087e00000|100%|HC|  |TAMS 0x0000000087e00000, 0x0000000087e00000| Complete 
| 126|0x0000000087e00000, 0x0000000087f00000, 0x0000000087f00000|100%| O|  |TAMS 0x0000000087f00000, 0x0000000087f00000| Untracked 
| 127|0x0000000087f00000, 0x0000000088000000, 0x0000000088000000|100%| O|  |TAMS 0x0000000088000000, 0x0000000088000000| Untracked 
| 128|0x0000000088000000, 0x0000000088100000, 0x0000000088100000|100%| O|  |TAMS 0x0000000088100000, 0x0000000088100000| Untracked 
| 129|0x0000000088100000, 0x0000000088200000, 0x0000000088200000|100%| O|  |TAMS 0x0000000088200000, 0x0000000088200000| Untracked 
| 130|0x0000000088200000, 0x0000000088300000, 0x0000000088300000|100%| O|  |TAMS 0x0000000088300000, 0x0000000088300000| Untracked 
| 131|0x0000000088300000, 0x0000000088400000, 0x0000000088400000|100%| O|  |TAMS 0x0000000088400000, 0x0000000088400000| Untracked 
| 132|0x0000000088400000, 0x0000000088500000, 0x0000000088500000|100%| O|  |TAMS 0x0000000088500000, 0x0000000088500000| Untracked 
| 133|0x0000000088500000, 0x0000000088600000, 0x0000000088600000|100%| O|  |TAMS 0x0000000088600000, 0x0000000088600000| Untracked 
| 134|0x0000000088600000, 0x0000000088700000, 0x0000000088700000|100%| O|  |TAMS 0x0000000088700000, 0x0000000088700000| Untracked 
| 135|0x0000000088700000, 0x0000000088800000, 0x0000000088800000|100%|HS|  |TAMS 0x0000000088800000, 0x0000000088800000| Complete 
| 136|0x0000000088800000, 0x0000000088900000, 0x0000000088900000|100%|HS|  |TAMS 0x0000000088900000, 0x0000000088900000| Complete 
| 137|0x0000000088900000, 0x0000000088a00000, 0x0000000088a00000|100%| O|  |TAMS 0x0000000088a00000, 0x0000000088a00000| Untracked 
| 138|0x0000000088a00000, 0x0000000088b00000, 0x0000000088b00000|100%| O|  |TAMS 0x0000000088b00000, 0x0000000088b00000| Untracked 
| 139|0x0000000088b00000, 0x0000000088c00000, 0x0000000088c00000|100%| O|  |TAMS 0x0000000088c00000, 0x0000000088c00000| Untracked 
| 140|0x0000000088c00000, 0x0000000088d00000, 0x0000000088d00000|100%| O|  |TAMS 0x0000000088d00000, 0x0000000088d00000| Untracked 
| 141|0x0000000088d00000, 0x0000000088e00000, 0x0000000088e00000|100%| O|  |TAMS 0x0000000088e00000, 0x0000000088e00000| Untracked 
| 142|0x0000000088e00000, 0x0000000088f00000, 0x0000000088f00000|100%| O|  |TAMS 0x0000000088f00000, 0x0000000088f00000| Untracked 
| 143|0x0000000088f00000, 0x0000000089000000, 0x0000000089000000|100%| O|  |TAMS 0x0000000089000000, 0x0000000089000000| Untracked 
| 144|0x0000000089000000, 0x0000000089100000, 0x0000000089100000|100%| O|  |TAMS 0x0000000089100000, 0x0000000089100000| Untracked 
| 145|0x0000000089100000, 0x0000000089200000, 0x0000000089200000|100%| O|  |TAMS 0x0000000089200000, 0x0000000089200000| Untracked 
| 146|0x0000000089200000, 0x0000000089300000, 0x0000000089300000|100%| O|  |TAMS 0x0000000089300000, 0x0000000089300000| Untracked 
| 147|0x0000000089300000, 0x0000000089400000, 0x0000000089400000|100%| O|  |TAMS 0x0000000089400000, 0x0000000089400000| Untracked 
| 148|0x0000000089400000, 0x0000000089500000, 0x0000000089500000|100%| O|  |TAMS 0x0000000089500000, 0x0000000089500000| Untracked 
| 149|0x0000000089500000, 0x0000000089600000, 0x0000000089600000|100%| O|  |TAMS 0x0000000089600000, 0x0000000089600000| Untracked 
| 150|0x0000000089600000, 0x0000000089700000, 0x0000000089700000|100%| O|  |TAMS 0x0000000089700000, 0x0000000089700000| Untracked 
| 151|0x0000000089700000, 0x0000000089800000, 0x0000000089800000|100%| O|  |TAMS 0x0000000089800000, 0x0000000089800000| Untracked 
| 152|0x0000000089800000, 0x0000000089900000, 0x0000000089900000|100%| O|  |TAMS 0x0000000089900000, 0x0000000089900000| Untracked 
| 153|0x0000000089900000, 0x0000000089a00000, 0x0000000089a00000|100%| O|  |TAMS 0x0000000089a00000, 0x0000000089a00000| Untracked 
| 154|0x0000000089a00000, 0x0000000089b00000, 0x0000000089b00000|100%| O|  |TAMS 0x0000000089b00000, 0x0000000089b00000| Untracked 
| 155|0x0000000089b00000, 0x0000000089c00000, 0x0000000089c00000|100%| O|  |TAMS 0x0000000089c00000, 0x0000000089c00000| Untracked 
| 156|0x0000000089c00000, 0x0000000089d00000, 0x0000000089d00000|100%| O|  |TAMS 0x0000000089d00000, 0x0000000089d00000| Untracked 
| 157|0x0000000089d00000, 0x0000000089e00000, 0x0000000089e00000|100%| O|  |TAMS 0x0000000089e00000, 0x0000000089e00000| Untracked 
| 158|0x0000000089e00000, 0x0000000089f00000, 0x0000000089f00000|100%| O|  |TAMS 0x0000000089f00000, 0x0000000089f00000| Untracked 
| 159|0x0000000089f00000, 0x000000008a000000, 0x000000008a000000|100%| O|  |TAMS 0x000000008a000000, 0x000000008a000000| Untracked 
| 160|0x000000008a000000, 0x000000008a100000, 0x000000008a100000|100%| O|  |TAMS 0x000000008a100000, 0x000000008a100000| Untracked 
| 161|0x000000008a100000, 0x000000008a200000, 0x000000008a200000|100%| O|  |TAMS 0x000000008a200000, 0x000000008a200000| Untracked 
| 162|0x000000008a200000, 0x000000008a300000, 0x000000008a300000|100%| O|  |TAMS 0x000000008a300000, 0x000000008a300000| Untracked 
| 163|0x000000008a300000, 0x000000008a400000, 0x000000008a400000|100%| O|  |TAMS 0x000000008a400000, 0x000000008a400000| Untracked 
| 164|0x000000008a400000, 0x000000008a500000, 0x000000008a500000|100%| O|  |TAMS 0x000000008a500000, 0x000000008a500000| Untracked 
| 165|0x000000008a500000, 0x000000008a600000, 0x000000008a600000|100%| O|  |TAMS 0x000000008a600000, 0x000000008a600000| Untracked 
| 166|0x000000008a600000, 0x000000008a700000, 0x000000008a700000|100%| O|  |TAMS 0x000000008a61c200, 0x000000008a700000| Untracked 
| 167|0x000000008a700000, 0x000000008a800000, 0x000000008a800000|100%| O|  |TAMS 0x000000008a700000, 0x000000008a800000| Untracked 
| 168|0x000000008a800000, 0x000000008a900000, 0x000000008a900000|100%| O|  |TAMS 0x000000008a800000, 0x000000008a900000| Untracked 
| 169|0x000000008a900000, 0x000000008aa00000, 0x000000008aa00000|100%| O|  |TAMS 0x000000008a900000, 0x000000008aa00000| Untracked 
| 170|0x000000008aa00000, 0x000000008ab00000, 0x000000008ab00000|100%| O|  |TAMS 0x000000008aa00000, 0x000000008ab00000| Untracked 
| 171|0x000000008ab00000, 0x000000008abe3800, 0x000000008ac00000| 88%| O|  |TAMS 0x000000008ab00000, 0x000000008abe3800| Untracked 
| 172|0x000000008ac00000, 0x000000008ac00000, 0x000000008ad00000|  0%| F|  |TAMS 0x000000008ac00000, 0x000000008ac00000| Untracked 
| 173|0x000000008ad00000, 0x000000008ad00000, 0x000000008ae00000|  0%| F|  |TAMS 0x000000008ad00000, 0x000000008ad00000| Untracked 
| 174|0x000000008ae00000, 0x000000008ae00000, 0x000000008af00000|  0%| F|  |TAMS 0x000000008ae00000, 0x000000008ae00000| Untracked 
| 175|0x000000008af00000, 0x000000008af00000, 0x000000008b000000|  0%| F|  |TAMS 0x000000008af00000, 0x000000008af00000| Untracked 
| 176|0x000000008b000000, 0x000000008b000000, 0x000000008b100000|  0%| F|  |TAMS 0x000000008b000000, 0x000000008b000000| Untracked 
| 177|0x000000008b100000, 0x000000008b100000, 0x000000008b200000|  0%| F|  |TAMS 0x000000008b100000, 0x000000008b100000| Untracked 
| 178|0x000000008b200000, 0x000000008b200000, 0x000000008b300000|  0%| F|  |TAMS 0x000000008b200000, 0x000000008b200000| Untracked 
| 179|0x000000008b300000, 0x000000008b300000, 0x000000008b400000|  0%| F|  |TAMS 0x000000008b300000, 0x000000008b300000| Untracked 
| 180|0x000000008b400000, 0x000000008b400000, 0x000000008b500000|  0%| F|  |TAMS 0x000000008b400000, 0x000000008b400000| Untracked 
| 181|0x000000008b500000, 0x000000008b500000, 0x000000008b600000|  0%| F|  |TAMS 0x000000008b500000, 0x000000008b500000| Untracked 
| 182|0x000000008b600000, 0x000000008b600000, 0x000000008b700000|  0%| F|  |TAMS 0x000000008b600000, 0x000000008b600000| Untracked 
| 183|0x000000008b700000, 0x000000008b700000, 0x000000008b800000|  0%| F|  |TAMS 0x000000008b700000, 0x000000008b700000| Untracked 
| 184|0x000000008b800000, 0x000000008b800000, 0x000000008b900000|  0%| F|  |TAMS 0x000000008b800000, 0x000000008b800000| Untracked 
| 185|0x000000008b900000, 0x000000008b900000, 0x000000008ba00000|  0%| F|  |TAMS 0x000000008b900000, 0x000000008b900000| Untracked 
| 186|0x000000008ba00000, 0x000000008ba00000, 0x000000008bb00000|  0%| F|  |TAMS 0x000000008ba00000, 0x000000008ba00000| Untracked 
| 187|0x000000008bb00000, 0x000000008bb00000, 0x000000008bc00000|  0%| F|  |TAMS 0x000000008bb00000, 0x000000008bb00000| Untracked 
| 188|0x000000008bc00000, 0x000000008bc00000, 0x000000008bd00000|  0%| F|  |TAMS 0x000000008bc00000, 0x000000008bc00000| Untracked 
| 189|0x000000008bd00000, 0x000000008bd00000, 0x000000008be00000|  0%| F|  |TAMS 0x000000008bd00000, 0x000000008bd00000| Untracked 
| 190|0x000000008be00000, 0x000000008be00000, 0x000000008bf00000|  0%| F|  |TAMS 0x000000008be00000, 0x000000008be00000| Untracked 
| 191|0x000000008bf00000, 0x000000008bf00000, 0x000000008c000000|  0%| F|  |TAMS 0x000000008bf00000, 0x000000008bf00000| Untracked 
| 192|0x000000008c000000, 0x000000008c000000, 0x000000008c100000|  0%| F|  |TAMS 0x000000008c000000, 0x000000008c000000| Untracked 
| 193|0x000000008c100000, 0x000000008c100000, 0x000000008c200000|  0%| F|  |TAMS 0x000000008c100000, 0x000000008c100000| Untracked 
| 194|0x000000008c200000, 0x000000008c200000, 0x000000008c300000|  0%| F|  |TAMS 0x000000008c200000, 0x000000008c200000| Untracked 
| 195|0x000000008c300000, 0x000000008c300000, 0x000000008c400000|  0%| F|  |TAMS 0x000000008c300000, 0x000000008c300000| Untracked 
| 196|0x000000008c400000, 0x000000008c400000, 0x000000008c500000|  0%| F|  |TAMS 0x000000008c400000, 0x000000008c400000| Untracked 
| 197|0x000000008c500000, 0x000000008c500000, 0x000000008c600000|  0%| F|  |TAMS 0x000000008c500000, 0x000000008c500000| Untracked 
| 198|0x000000008c600000, 0x000000008c600000, 0x000000008c700000|  0%| F|  |TAMS 0x000000008c600000, 0x000000008c600000| Untracked 
| 199|0x000000008c700000, 0x000000008c700000, 0x000000008c800000|  0%| F|  |TAMS 0x000000008c700000, 0x000000008c700000| Untracked 
| 200|0x000000008c800000, 0x000000008c800000, 0x000000008c900000|  0%| F|  |TAMS 0x000000008c800000, 0x000000008c800000| Untracked 
| 201|0x000000008c900000, 0x000000008c900000, 0x000000008ca00000|  0%| F|  |TAMS 0x000000008c900000, 0x000000008c900000| Untracked 
| 202|0x000000008ca00000, 0x000000008ca00000, 0x000000008cb00000|  0%| F|  |TAMS 0x000000008ca00000, 0x000000008ca00000| Untracked 
| 203|0x000000008cb00000, 0x000000008cb00000, 0x000000008cc00000|  0%| F|  |TAMS 0x000000008cb00000, 0x000000008cb00000| Untracked 
| 204|0x000000008cc00000, 0x000000008cc00000, 0x000000008cd00000|  0%| F|  |TAMS 0x000000008cc00000, 0x000000008cc00000| Untracked 
| 205|0x000000008cd00000, 0x000000008cd00000, 0x000000008ce00000|  0%| F|  |TAMS 0x000000008cd00000, 0x000000008cd00000| Untracked 
| 206|0x000000008ce00000, 0x000000008ce00000, 0x000000008cf00000|  0%| F|  |TAMS 0x000000008ce00000, 0x000000008ce00000| Untracked 
| 207|0x000000008cf00000, 0x000000008cf00000, 0x000000008d000000|  0%| F|  |TAMS 0x000000008cf00000, 0x000000008cf00000| Untracked 
| 208|0x000000008d000000, 0x000000008d000000, 0x000000008d100000|  0%| F|  |TAMS 0x000000008d000000, 0x000000008d000000| Untracked 
| 209|0x000000008d100000, 0x000000008d1b2000, 0x000000008d200000| 69%| S|CS|TAMS 0x000000008d100000, 0x000000008d100000| Complete 
| 210|0x000000008d200000, 0x000000008d300000, 0x000000008d300000|100%| S|CS|TAMS 0x000000008d200000, 0x000000008d200000| Complete 
| 211|0x000000008d300000, 0x000000008d300000, 0x000000008d400000|  0%| F|  |TAMS 0x000000008d300000, 0x000000008d300000| Untracked 
| 212|0x000000008d400000, 0x000000008d400000, 0x000000008d500000|  0%| F|  |TAMS 0x000000008d400000, 0x000000008d400000| Untracked 
| 213|0x000000008d500000, 0x000000008d500000, 0x000000008d600000|  0%| F|  |TAMS 0x000000008d500000, 0x000000008d500000| Untracked 
| 214|0x000000008d600000, 0x000000008d600000, 0x000000008d700000|  0%| F|  |TAMS 0x000000008d600000, 0x000000008d600000| Untracked 
| 215|0x000000008d700000, 0x000000008d700000, 0x000000008d800000|  0%| F|  |TAMS 0x000000008d700000, 0x000000008d700000| Untracked 
| 216|0x000000008d800000, 0x000000008d800000, 0x000000008d900000|  0%| F|  |TAMS 0x000000008d800000, 0x000000008d800000| Untracked 
| 217|0x000000008d900000, 0x000000008d900000, 0x000000008da00000|  0%| F|  |TAMS 0x000000008d900000, 0x000000008d900000| Untracked 
| 218|0x000000008da00000, 0x000000008da00000, 0x000000008db00000|  0%| F|  |TAMS 0x000000008da00000, 0x000000008da00000| Untracked 
| 219|0x000000008db00000, 0x000000008db00000, 0x000000008dc00000|  0%| F|  |TAMS 0x000000008db00000, 0x000000008db00000| Untracked 
| 220|0x000000008dc00000, 0x000000008dc00000, 0x000000008dd00000|  0%| F|  |TAMS 0x000000008dc00000, 0x000000008dc00000| Untracked 
| 221|0x000000008dd00000, 0x000000008dd00000, 0x000000008de00000|  0%| F|  |TAMS 0x000000008dd00000, 0x000000008dd00000| Untracked 
| 222|0x000000008de00000, 0x000000008de00000, 0x000000008df00000|  0%| F|  |TAMS 0x000000008de00000, 0x000000008de00000| Untracked 
| 223|0x000000008df00000, 0x000000008df00000, 0x000000008e000000|  0%| F|  |TAMS 0x000000008df00000, 0x000000008df00000| Untracked 
| 224|0x000000008e000000, 0x000000008e000000, 0x000000008e100000|  0%| F|  |TAMS 0x000000008e000000, 0x000000008e000000| Untracked 
| 225|0x000000008e100000, 0x000000008e100000, 0x000000008e200000|  0%| F|  |TAMS 0x000000008e100000, 0x000000008e100000| Untracked 
| 226|0x000000008e200000, 0x000000008e200000, 0x000000008e300000|  0%| F|  |TAMS 0x000000008e200000, 0x000000008e200000| Untracked 
| 227|0x000000008e300000, 0x000000008e300000, 0x000000008e400000|  0%| F|  |TAMS 0x000000008e300000, 0x000000008e300000| Untracked 
| 228|0x000000008e400000, 0x000000008e400000, 0x000000008e500000|  0%| F|  |TAMS 0x000000008e400000, 0x000000008e400000| Untracked 
| 229|0x000000008e500000, 0x000000008e500000, 0x000000008e600000|  0%| F|  |TAMS 0x000000008e500000, 0x000000008e500000| Untracked 
| 230|0x000000008e600000, 0x000000008e600000, 0x000000008e700000|  0%| F|  |TAMS 0x000000008e600000, 0x000000008e600000| Untracked 
| 231|0x000000008e700000, 0x000000008e700000, 0x000000008e800000|  0%| F|  |TAMS 0x000000008e700000, 0x000000008e700000| Untracked 
| 232|0x000000008e800000, 0x000000008e800000, 0x000000008e900000|  0%| F|  |TAMS 0x000000008e800000, 0x000000008e800000| Untracked 
| 233|0x000000008e900000, 0x000000008e900000, 0x000000008ea00000|  0%| F|  |TAMS 0x000000008e900000, 0x000000008e900000| Untracked 
| 234|0x000000008ea00000, 0x000000008ea00000, 0x000000008eb00000|  0%| F|  |TAMS 0x000000008ea00000, 0x000000008ea00000| Untracked 
| 235|0x000000008eb00000, 0x000000008eb00000, 0x000000008ec00000|  0%| F|  |TAMS 0x000000008eb00000, 0x000000008eb00000| Untracked 
| 236|0x000000008ec00000, 0x000000008ec00000, 0x000000008ed00000|  0%| F|  |TAMS 0x000000008ec00000, 0x000000008ec00000| Untracked 
| 237|0x000000008ed00000, 0x000000008ed00000, 0x000000008ee00000|  0%| F|  |TAMS 0x000000008ed00000, 0x000000008ed00000| Untracked 

Card table byte_map: [0x0000026c74430000,0x0000026c74830000] _byte_map_base: 0x0000026c74030000

Marking Bits (Prev, Next): (CMBitMap*) 0x0000026c5aaf8048, (CMBitMap*) 0x0000026c5aaf8080
 Prev Bits: [0x0000026c74c30000, 0x0000026c76c30000)
 Next Bits: [0x0000026c76c30000, 0x0000026c78c30000)

Polling page: 0x0000026c649e0000

Metaspace:

Usage:
  Non-class:     98.26 MB capacity,    96.01 MB ( 98%) used,     1.90 MB (  2%) free+waste,   358.13 KB ( <1%) overhead. 
      Class:     15.87 MB capacity,    14.38 MB ( 91%) used,     1.33 MB (  8%) free+waste,   163.06 KB (  1%) overhead. 
       Both:    114.13 MB capacity,   110.39 MB ( 97%) used,     3.23 MB (  3%) free+waste,   521.19 KB ( <1%) overhead. 

Virtual space:
  Non-class space:      100.00 MB reserved,      98.33 MB ( 98%) committed 
      Class space:      504.00 MB reserved,      15.95 MB (  3%) committed 
             Both:      604.00 MB reserved,     114.28 MB ( 19%) committed 

Chunk freelists:
   Non-Class:  10.00 KB
       Class:  5.00 KB
        Both:  15.00 KB

MaxMetaspaceSize: 512.00 MB
CompressedClassSpaceSize: 504.00 MB
Initial GC threshold: 20.80 MB
Current GC threshold: 189.42 MB
CDS: off

CodeHeap 'non-profiled nmethods': size=120064Kb used=9115Kb max_used=9115Kb free=110948Kb
 bounds [0x0000026c6c4c0000, 0x0000026c6cdb0000, 0x0000026c73a00000]
CodeHeap 'profiled nmethods': size=120000Kb used=32693Kb max_used=32693Kb free=87306Kb
 bounds [0x0000026c64f90000, 0x0000026c66f80000, 0x0000026c6c4c0000]
CodeHeap 'non-nmethods': size=5696Kb used=2402Kb max_used=2491Kb free=3293Kb
 bounds [0x0000026c64a00000, 0x0000026c64c80000, 0x0000026c64f90000]
 total_blobs=15273 nmethods=14342 adapters=843
 compilation: enabled
              stopped_count=0, restarted_count=0
 full_count=0

Compilation events (20 events):
Event: 69.439 Thread 0x0000026c7baa3800 14490       3       org.gradle.api.internal.artifacts.ivyservice.resolveengine.result.StreamingResolutionResultBuilder$RootFactory$$Lambda$1261/0x0000000100e7f840::get$Lambda (9 bytes)
Event: 69.439 Thread 0x0000026c7baa3800 nmethod 14490 0x0000026c66f77090 code [0x0000026c66f77260, 0x0000026c66f774b8]
Event: 69.440 Thread 0x0000026c7baa3800 14492       3       org.gradle.internal.operations.DefaultBuildOperationQueue$WorkerRunnable::doRunBatch (26 bytes)
Event: 69.442 Thread 0x0000026c7baa3800 nmethod 14492 0x0000026c66f77590 code [0x0000026c66f777a0, 0x0000026c66f77c88]
Event: 69.442 Thread 0x0000026c7baa3800 14491       3       org.gradle.internal.operations.DefaultBuildOperationQueue$WorkerRunnable::lambda$runBatch$0 (9 bytes)
Event: 69.443 Thread 0x0000026c7baa3800 nmethod 14491 0x0000026c66f78010 code [0x0000026c66f78260, 0x0000026c66f78a48]
Event: 69.443 Thread 0x0000026c7baa3800 14493       3       org.gradle.internal.Deferrable::deferred (9 bytes)
Event: 69.443 Thread 0x0000026c7baa3800 nmethod 14493 0x0000026c66f78f10 code [0x0000026c66f790e0, 0x0000026c66f79338]
Event: 69.444 Thread 0x0000026c7baa3800 14494       3       org.gradle.api.internal.artifacts.transform.DefaultTransformerInvocationFactory$AbstractTransformerExecution::getOutputDir (11 bytes)
Event: 69.444 Thread 0x0000026c7baa3800 nmethod 14494 0x0000026c66f79410 code [0x0000026c66f795c0, 0x0000026c66f79748]
Event: 69.445 Thread 0x0000026c7baa3800 14495   !   3       org.gradle.internal.Deferrable$3::completeAndGet (46 bytes)
Event: 69.446 Thread 0x0000026c7baa3800 nmethod 14495 0x0000026c66f79810 code [0x0000026c66f799e0, 0x0000026c66f79e28]
Event: 69.446 Thread 0x0000026c7baa3800 14496       3       org.gradle.internal.Deferrable::map (10 bytes)
Event: 69.447 Thread 0x0000026c7baa3800 nmethod 14496 0x0000026c66f79f90 code [0x0000026c66f7a160, 0x0000026c66f7a438]
Event: 69.449 Thread 0x0000026c7baa3800 14497   !   3       com.google.common.collect.RegularImmutableSortedSet::equals (133 bytes)
Event: 69.451 Thread 0x0000026c7baa3800 nmethod 14497 0x0000026c66f7a590 code [0x0000026c66f7a860, 0x0000026c66f7b9a8]
Event: 69.453 Thread 0x0000026c7baa3800 14498       3       org.gradle.internal.operations.DefaultBuildOperationQueue$WorkerRunnable$$Lambda$741/0x0000000100718040::create (12 bytes)
Event: 69.454 Thread 0x0000026c7baa3800 nmethod 14498 0x0000026c66f7bf90 code [0x0000026c66f7c1c0, 0x0000026c66f7c7b8]
Event: 69.470 Thread 0x0000026c7baa3800 14500       3       org.gradle.internal.work.DefaultWorkerLeaseService::acquireLocks (42 bytes)
Event: 69.472 Thread 0x0000026c7baa3800 nmethod 14500 0x0000026c66f7cb90 code [0x0000026c66f7cdc0, 0x0000026c66f7d3e8]

GC Heap History (20 events):
Event: 61.293 GC heap after
{Heap after GC invocations=80 (full 0):
 garbage-first heap   total 202752K, used 150487K [0x0000000080000000, 0x0000000100000000)
  region size 1024K, 4 young (4096K), 4 survivors (4096K)
 Metaspace       used 103082K, capacity 106744K, committed 107036K, reserved 608256K
  class space    used 13500K, capacity 14962K, committed 15052K, reserved 516096K
}
Event: 61.835 GC heap before
{Heap before GC invocations=80 (full 0):
 garbage-first heap   total 202752K, used 173015K [0x0000000080000000, 0x0000000100000000)
  region size 1024K, 26 young (26624K), 4 survivors (4096K)
 Metaspace       used 105009K, capacity 108710K, committed 108828K, reserved 610304K
  class space    used 13774K, capacity 15228K, committed 15308K, reserved 516096K
}
Event: 61.849 GC heap after
{Heap after GC invocations=81 (full 0):
 garbage-first heap   total 202752K, used 152603K [0x0000000080000000, 0x0000000100000000)
  region size 1024K, 2 young (2048K), 2 survivors (2048K)
 Metaspace       used 105009K, capacity 108710K, committed 108828K, reserved 610304K
  class space    used 13774K, capacity 15228K, committed 15308K, reserved 516096K
}
Event: 62.985 GC heap before
{Heap before GC invocations=82 (full 0):
 garbage-first heap   total 202752K, used 174107K [0x0000000080000000, 0x0000000100000000)
  region size 1024K, 23 young (23552K), 2 survivors (2048K)
 Metaspace       used 107797K, capacity 111552K, committed 111772K, reserved 612352K
  class space    used 14157K, capacity 15631K, committed 15692K, reserved 516096K
}
Event: 62.997 GC heap after
{Heap after GC invocations=83 (full 0):
 garbage-first heap   total 202752K, used 153972K [0x0000000080000000, 0x0000000100000000)
  region size 1024K, 3 young (3072K), 3 survivors (3072K)
 Metaspace       used 107797K, capacity 111552K, committed 111772K, reserved 612352K
  class space    used 14157K, capacity 15631K, committed 15692K, reserved 516096K
}
Event: 63.729 GC heap before
{Heap before GC invocations=83 (full 0):
 garbage-first heap   total 202752K, used 174452K [0x0000000080000000, 0x0000000100000000)
  region size 1024K, 23 young (23552K), 3 survivors (3072K)
 Metaspace       used 108229K, capacity 111950K, committed 112028K, reserved 614400K
  class space    used 14212K, capacity 15674K, committed 15692K, reserved 516096K
}
Event: 63.768 GC heap after
{Heap after GC invocations=84 (full 0):
 garbage-first heap   total 202752K, used 157216K [0x0000000080000000, 0x0000000100000000)
  region size 1024K, 3 young (3072K), 3 survivors (3072K)
 Metaspace       used 108229K, capacity 111950K, committed 112028K, reserved 614400K
  class space    used 14212K, capacity 15674K, committed 15692K, reserved 516096K
}
Event: 64.601 GC heap before
{Heap before GC invocations=84 (full 0):
 garbage-first heap   total 202752K, used 175648K [0x0000000080000000, 0x0000000100000000)
  region size 1024K, 21 young (21504K), 3 survivors (3072K)
 Metaspace       used 108958K, capacity 112712K, committed 112924K, reserved 614400K
  class space    used 14288K, capacity 15744K, committed 15820K, reserved 516096K
}
Event: 64.623 GC heap after
{Heap after GC invocations=85 (full 0):
 garbage-first heap   total 202752K, used 160883K [0x0000000080000000, 0x0000000100000000)
  region size 1024K, 3 young (3072K), 3 survivors (3072K)
 Metaspace       used 108958K, capacity 112712K, committed 112924K, reserved 614400K
  class space    used 14288K, capacity 15744K, committed 15820K, reserved 516096K
}
Event: 65.053 GC heap before
{Heap before GC invocations=86 (full 0):
 garbage-first heap   total 202752K, used 175219K [0x0000000080000000, 0x0000000100000000)
  region size 1024K, 17 young (17408K), 3 survivors (3072K)
 Metaspace       used 109328K, capacity 113087K, committed 113308K, reserved 614400K
  class space    used 14335K, capacity 15820K, committed 15948K, reserved 516096K
}
Event: 65.068 GC heap after
{Heap after GC invocations=87 (full 0):
 garbage-first heap   total 202752K, used 162707K [0x0000000080000000, 0x0000000100000000)
  region size 1024K, 3 young (3072K), 3 survivors (3072K)
 Metaspace       used 109328K, capacity 113087K, committed 113308K, reserved 614400K
  class space    used 14335K, capacity 15820K, committed 15948K, reserved 516096K
}
Event: 65.555 GC heap before
{Heap before GC invocations=87 (full 0):
 garbage-first heap   total 202752K, used 176019K [0x0000000080000000, 0x0000000100000000)
  region size 1024K, 16 young (16384K), 3 survivors (3072K)
 Metaspace       used 109420K, capacity 113173K, committed 113308K, reserved 614400K
  class space    used 14337K, capacity 15823K, committed 15948K, reserved 516096K
}
Event: 65.575 GC heap after
{Heap after GC invocations=88 (full 0):
 garbage-first heap   total 243712K, used 165543K [0x0000000080000000, 0x0000000100000000)
  region size 1024K, 2 young (2048K), 2 survivors (2048K)
 Metaspace       used 109420K, capacity 113173K, committed 113308K, reserved 614400K
  class space    used 14337K, capacity 15823K, committed 15948K, reserved 516096K
}
Event: 66.627 GC heap before
{Heap before GC invocations=89 (full 0):
 garbage-first heap   total 243712K, used 195239K [0x0000000080000000, 0x0000000100000000)
  region size 1024K, 31 young (31744K), 2 survivors (2048K)
 Metaspace       used 110161K, capacity 113951K, committed 114076K, reserved 614400K
  class space    used 14392K, capacity 15862K, committed 15948K, reserved 516096K
}
Event: 66.652 GC heap after
{Heap after GC invocations=90 (full 0):
 garbage-first heap   total 243712K, used 169899K [0x0000000080000000, 0x0000000100000000)
  region size 1024K, 4 young (4096K), 4 survivors (4096K)
 Metaspace       used 110161K, capacity 113951K, committed 114076K, reserved 614400K
  class space    used 14392K, capacity 15862K, committed 15948K, reserved 516096K
}
Event: 67.265 GC heap before
{Heap before GC invocations=90 (full 0):
 garbage-first heap   total 243712K, used 198571K [0x0000000080000000, 0x0000000100000000)
  region size 1024K, 32 young (32768K), 4 survivors (4096K)
 Metaspace       used 111773K, capacity 115620K, committed 115868K, reserved 616448K
  class space    used 14596K, capacity 16092K, committed 16204K, reserved 516096K
}
Event: 67.283 GC heap after
{Heap after GC invocations=91 (full 0):
 garbage-first heap   total 243712K, used 172018K [0x0000000080000000, 0x0000000100000000)
  region size 1024K, 2 young (2048K), 2 survivors (2048K)
 Metaspace       used 111773K, capacity 115620K, committed 115868K, reserved 616448K
  class space    used 14596K, capacity 16092K, committed 16204K, reserved 516096K
}
Event: 68.376 GC heap before
{Heap before GC invocations=92 (full 0):
 garbage-first heap   total 243712K, used 200690K [0x0000000080000000, 0x0000000100000000)
  region size 1024K, 30 young (30720K), 2 survivors (2048K)
 Metaspace       used 112575K, capacity 116315K, committed 116380K, reserved 616448K
  class space    used 14683K, capacity 16182K, committed 16204K, reserved 516096K
}
Event: 68.396 GC heap after
{Heap after GC invocations=93 (full 0):
 garbage-first heap   total 243712K, used 175824K [0x0000000080000000, 0x0000000100000000)
  region size 1024K, 4 young (4096K), 4 survivors (4096K)
 Metaspace       used 112575K, capacity 116315K, committed 116380K, reserved 616448K
  class space    used 14683K, capacity 16182K, committed 16204K, reserved 516096K
}
Event: 69.485 GC heap before
{Heap before GC invocations=93 (full 0):
 garbage-first heap   total 243712K, used 202448K [0x0000000080000000, 0x0000000100000000)
  region size 1024K, 31 young (31744K), 4 survivors (4096K)
 Metaspace       used 113037K, capacity 116865K, committed 117020K, reserved 618496K
  class space    used 14725K, capacity 16251K, committed 16332K, reserved 516096K
}

Deoptimization events (20 events):
Event: 68.639 Thread 0x0000026c009a7000 DEOPT PACKING pc=0x0000026c6c99bb20 sp=0x000000953f4fc1c0
Event: 68.640 Thread 0x0000026c009a7000 DEOPT UNPACKING pc=0x0000026c64a4a1af sp=0x000000953f4fc160 mode 2
Event: 68.644 Thread 0x0000026c009a7000 Uncommon trap: trap_request=0xffffffc6 fr.pc=0x0000026c6c99bb20 relative=0x00000000000017a0
Event: 68.644 Thread 0x0000026c009a7000 Uncommon trap: reason=bimorphic_or_optimized_type_check action=maybe_recompile pc=0x0000026c6c99bb20 method=java.util.concurrent.ConcurrentHashMap.putVal(Ljava/lang/Object;Ljava/lang/Object;Z)Ljava/lang/Object; @ 242 c2
Event: 68.644 Thread 0x0000026c009a7000 DEOPT PACKING pc=0x0000026c6c99bb20 sp=0x000000953f4fc1c0
Event: 68.644 Thread 0x0000026c009a7000 DEOPT UNPACKING pc=0x0000026c64a4a1af sp=0x000000953f4fc160 mode 2
Event: 68.817 Thread 0x0000026c03a52000 DEOPT PACKING pc=0x0000026c66b562c4 sp=0x000000953fefd6a0
Event: 68.817 Thread 0x0000026c03a52000 DEOPT UNPACKING pc=0x0000026c64a4a95e sp=0x000000953fefcc40 mode 0
Event: 69.004 Thread 0x0000026c009a4800 DEOPT PACKING pc=0x0000026c66b562c4 sp=0x000000953f7fca50
Event: 69.004 Thread 0x0000026c009a4800 DEOPT UNPACKING pc=0x0000026c64a4a95e sp=0x000000953f7fbff0 mode 0
Event: 69.120 Thread 0x0000026c009a7000 DEOPT PACKING pc=0x0000026c66b562c4 sp=0x000000953f4f9d40
Event: 69.120 Thread 0x0000026c009a7000 DEOPT UNPACKING pc=0x0000026c64a4a95e sp=0x000000953f4f92e0 mode 0
Event: 69.259 Thread 0x0000026c009a9800 DEOPT PACKING pc=0x0000026c66b562c4 sp=0x000000953f5fc4c0
Event: 69.259 Thread 0x0000026c009a9800 DEOPT UNPACKING pc=0x0000026c64a4a95e sp=0x000000953f5fba60 mode 0
Event: 69.365 Thread 0x0000026c009a9800 DEOPT PACKING pc=0x0000026c66b562c4 sp=0x000000953f5fc6d0
Event: 69.365 Thread 0x0000026c009a9800 DEOPT UNPACKING pc=0x0000026c64a4a95e sp=0x000000953f5fbc70 mode 0
Event: 69.437 Thread 0x0000026c009a4800 DEOPT PACKING pc=0x0000026c66e32577 sp=0x000000953f7fecc0
Event: 69.437 Thread 0x0000026c009a4800 DEOPT UNPACKING pc=0x0000026c64a4a95e sp=0x000000953f7fe258 mode 0
Event: 69.481 Thread 0x0000026c009a9800 DEOPT PACKING pc=0x0000026c66e3096b sp=0x000000953f5fe770
Event: 69.481 Thread 0x0000026c009a9800 DEOPT UNPACKING pc=0x0000026c64a4a95e sp=0x000000953f5fdcd8 mode 0

Classes redefined (0 events):
No events

Internal exceptions (20 events):
Event: 61.574 Thread 0x0000026c7e005000 Exception <a 'sun/nio/fs/WindowsException'{0x000000008bbf8ba0}> (0x000000008bbf8ba0) thrown at [s\src\hotspot\share\prims\jni.cpp, line 617]
Event: 61.821 Thread 0x0000026c7e005000 Exception <a 'java/lang/NullPointerException'{0x000000008b073c60}> (0x000000008b073c60) thrown at [s\src\hotspot\share\interpreter\linkResolver.cpp, line 1440]
Event: 62.004 Thread 0x0000026c7e005000 Implicit null exception at 0x0000026c6c7c6a47 to 0x0000026c6c7c893c
Event: 62.826 Thread 0x0000026c7e005000 Exception <a 'sun/nio/fs/WindowsException'{0x000000008b3344c8}> (0x000000008b3344c8) thrown at [s\src\hotspot\share\prims\jni.cpp, line 617]
Event: 62.827 Thread 0x0000026c7e005000 Exception <a 'sun/nio/fs/WindowsException'{0x000000008b335b18}> (0x000000008b335b18) thrown at [s\src\hotspot\share\prims\jni.cpp, line 617]
Event: 62.827 Thread 0x0000026c7e005000 Exception <a 'sun/nio/fs/WindowsException'{0x000000008b3371b8}> (0x000000008b3371b8) thrown at [s\src\hotspot\share\prims\jni.cpp, line 617]
Event: 62.827 Thread 0x0000026c7e005000 Exception <a 'sun/nio/fs/WindowsException'{0x000000008b338858}> (0x000000008b338858) thrown at [s\src\hotspot\share\prims\jni.cpp, line 617]
Event: 62.936 Thread 0x0000026c7e005000 Implicit null exception at 0x0000026c6cc388ce to 0x0000026c6cc39040
Event: 62.998 Thread 0x0000026c7ba19800 Implicit null exception at 0x0000026c6cb300ad to 0x0000026c6cb307f0
Event: 63.236 Thread 0x0000026c7e005000 Implicit null exception at 0x0000026c6c9a5514 to 0x0000026c6c9a5b60
Event: 65.033 Thread 0x0000026c7e005000 Exception <a 'sun/nio/fs/WindowsException'{0x000000008b806348}> (0x000000008b806348) thrown at [s\src\hotspot\share\prims\jni.cpp, line 617]
Event: 65.034 Thread 0x0000026c7e005000 Exception <a 'sun/nio/fs/WindowsException'{0x000000008b8076f0}> (0x000000008b8076f0) thrown at [s\src\hotspot\share\prims\jni.cpp, line 617]
Event: 65.034 Thread 0x0000026c7e005000 Exception <a 'sun/nio/fs/WindowsException'{0x000000008b808ae8}> (0x000000008b808ae8) thrown at [s\src\hotspot\share\prims\jni.cpp, line 617]
Event: 65.034 Thread 0x0000026c7e005000 Exception <a 'sun/nio/fs/WindowsException'{0x000000008b809ee0}> (0x000000008b809ee0) thrown at [s\src\hotspot\share\prims\jni.cpp, line 617]
Event: 65.890 Thread 0x0000026c7e005000 Exception <a 'java/lang/IncompatibleClassChangeError'{0x000000008e582760}: Found class java.lang.Object, but interface was expected> (0x000000008e582760) thrown at [s\src\hotspot\share\interpreter\linkResolver.cpp, line 839]
Event: 67.410 Thread 0x0000026c7e005000 Implicit null exception at 0x0000026c6c4f3cf4 to 0x0000026c6c4f4278
Event: 67.724 Thread 0x0000026c7e005000 Implicit null exception at 0x0000026c6cd3ed08 to 0x0000026c6cd3f37c
Event: 68.424 Thread 0x0000026c009a4800 Exception <a 'java/lang/NoSuchMethodError'{0x000000008edb2c10}: 'void java.lang.invoke.DirectMethodHandle$Holder.invokeStatic(java.lang.Object, java.lang.Object, java.lang.Object, java.lang.Object, int, java.lang.Object, java.lang.Object)'> (0x000000008edb2c10) thrown at [s\src\hotspot\share\interpreter\linkResolver.cpp, line 773]
Event: 68.477 Thread 0x0000026c009a4800 Exception <a 'java/lang/NoSuchMethodError'{0x000000008eb3e598}: 'java.lang.Object java.lang.invoke.DirectMethodHandle$Holder.invokeSpecialIFC(java.lang.Object, java.lang.Object, java.lang.Object)'> (0x000000008eb3e598) thrown at [s\src\hotspot\share\interpreter\linkResolver.cpp, line 773]
Event: 68.755 Thread 0x0000026c00643000 Exception <a 'java/lang/NoSuchMethodError'{0x000000008e5cc328}: 'void java.lang.invoke.DirectMethodHandle$Holder.invokeVirtual(java.lang.Object, java.lang.Object)'> (0x000000008e5cc328) thrown at [s\src\hotspot\share\interpreter\linkResolver.cpp, line 773]

Events (20 events):
Event: 69.201 Executing VM operation: RevokeBias done
Event: 69.206 Executing VM operation: RevokeBias
Event: 69.206 Executing VM operation: RevokeBias done
Event: 69.317 Executing VM operation: RevokeBias
Event: 69.317 Executing VM operation: RevokeBias done
Event: 69.348 Executing VM operation: RevokeBias
Event: 69.349 Executing VM operation: RevokeBias done
Event: 69.400 Executing VM operation: RevokeBias
Event: 69.401 Executing VM operation: RevokeBias done
Event: 69.415 Executing VM operation: RevokeBias
Event: 69.415 Executing VM operation: RevokeBias done
Event: 69.429 Executing VM operation: RevokeBias
Event: 69.430 Executing VM operation: RevokeBias done
Event: 69.430 Executing VM operation: RevokeBias
Event: 69.431 Executing VM operation: RevokeBias done
Event: 69.445 Executing VM operation: RevokeBias
Event: 69.445 Executing VM operation: RevokeBias done
Event: 69.462 Executing VM operation: RevokeBias
Event: 69.463 Executing VM operation: RevokeBias done
Event: 69.485 Executing VM operation: G1CollectForAllocation


Dynamic libraries:
0x00007ff65b300000 - 0x00007ff65b30d000 	C:\Program Files\Microsoft\jdk-11.0.20.8-hotspot\bin\java.exe
0x00007ffe023f0000 - 0x00007ffe025e8000 	C:\WINDOWS\SYSTEM32\ntdll.dll
0x00007ffe00c10000 - 0x00007ffe00ccd000 	C:\WINDOWS\System32\KERNEL32.DLL
0x00007ffdffeb0000 - 0x00007ffe001a6000 	C:\WINDOWS\System32\KERNELBASE.dll
0x00007ffdffb80000 - 0x00007ffdffc80000 	C:\WINDOWS\System32\ucrtbase.dll
0x00007ffdf5770000 - 0x00007ffdf5787000 	C:\Program Files\Microsoft\jdk-11.0.20.8-hotspot\bin\jli.dll
0x00007ffdf5880000 - 0x00007ffdf5895000 	C:\Program Files\Microsoft\jdk-11.0.20.8-hotspot\bin\VCRUNTIME140.dll
0x00007ffe011e0000 - 0x00007ffe0137e000 	C:\WINDOWS\System32\USER32.dll
0x00007ffdffdf0000 - 0x00007ffdffe12000 	C:\WINDOWS\System32\win32u.dll
0x00007ffdeb420000 - 0x00007ffdeb6ba000 	C:\WINDOWS\WinSxS\amd64_microsoft.windows.common-controls_6595b64144ccf1df_6.0.19041.3636_none_60b6a03d71f818d5\COMCTL32.dll
0x00007ffe022d0000 - 0x00007ffe022fc000 	C:\WINDOWS\System32\GDI32.dll
0x00007ffe00f20000 - 0x00007ffe00fbe000 	C:\WINDOWS\System32\msvcrt.dll
0x00007ffdffc80000 - 0x00007ffdffd9a000 	C:\WINDOWS\System32\gdi32full.dll
0x00007ffe001b0000 - 0x00007ffe0024d000 	C:\WINDOWS\System32\msvcp_win.dll
0x00007ffe00be0000 - 0x00007ffe00c10000 	C:\WINDOWS\System32\IMM32.DLL
0x00007ffdeefe0000 - 0x00007ffdef07b000 	C:\Program Files\Microsoft\jdk-11.0.20.8-hotspot\bin\msvcp140.dll
0x00007ffdbc750000 - 0x00007ffdbd2e6000 	C:\Program Files\Microsoft\jdk-11.0.20.8-hotspot\bin\server\jvm.dll
0x00007ffe01ad0000 - 0x00007ffe01b7f000 	C:\WINDOWS\System32\ADVAPI32.dll
0x00007ffe00cd0000 - 0x00007ffe00d6c000 	C:\WINDOWS\System32\sechost.dll
0x00007ffe00530000 - 0x00007ffe00656000 	C:\WINDOWS\System32\RPCRT4.dll
0x00007ffe01820000 - 0x00007ffe01828000 	C:\WINDOWS\System32\PSAPI.DLL
0x00007ffdfa840000 - 0x00007ffdfa849000 	C:\WINDOWS\SYSTEM32\WSOCK32.dll
0x00007ffdf6340000 - 0x00007ffdf6367000 	C:\WINDOWS\SYSTEM32\WINMM.dll
0x00007ffe01170000 - 0x00007ffe011db000 	C:\WINDOWS\System32\WS2_32.dll
0x00007ffdf6330000 - 0x00007ffdf633a000 	C:\WINDOWS\SYSTEM32\VERSION.dll
0x00007ffdfd990000 - 0x00007ffdfd9a2000 	C:\WINDOWS\SYSTEM32\kernel.appcore.dll
0x00007ffdf90d0000 - 0x00007ffdf90e0000 	C:\Program Files\Microsoft\jdk-11.0.20.8-hotspot\bin\verify.dll
0x00007ffdf3d70000 - 0x00007ffdf3f54000 	C:\WINDOWS\SYSTEM32\DBGHELP.DLL
0x00007ffdf3d30000 - 0x00007ffdf3d64000 	C:\WINDOWS\SYSTEM32\dbgcore.DLL
0x00007ffdffe20000 - 0x00007ffdffea2000 	C:\WINDOWS\System32\bcryptPrimitives.dll
0x00007ffdf4ea0000 - 0x00007ffdf4ec8000 	C:\Program Files\Microsoft\jdk-11.0.20.8-hotspot\bin\java.dll
0x00007ffdf8fa0000 - 0x00007ffdf8faa000 	C:\Program Files\Microsoft\jdk-11.0.20.8-hotspot\bin\jimage.dll
0x00007ffdf4f30000 - 0x00007ffdf4f48000 	C:\Program Files\Microsoft\jdk-11.0.20.8-hotspot\bin\zip.dll
0x00007ffe01b80000 - 0x00007ffe022c4000 	C:\WINDOWS\System32\SHELL32.dll
0x00007ffdfdb90000 - 0x00007ffdfe32b000 	C:\WINDOWS\SYSTEM32\windows.storage.dll
0x00007ffe014a0000 - 0x00007ffe017f4000 	C:\WINDOWS\System32\combase.dll
0x00007ffdff440000 - 0x00007ffdff46d000 	C:\WINDOWS\SYSTEM32\Wldp.dll
0x00007ffe02300000 - 0x00007ffe023ad000 	C:\WINDOWS\System32\SHCORE.dll
0x00007ffe013e0000 - 0x00007ffe01435000 	C:\WINDOWS\System32\shlwapi.dll
0x00007ffdffa00000 - 0x00007ffdffa25000 	C:\WINDOWS\SYSTEM32\profapi.dll
0x00007ffdef270000 - 0x00007ffdef289000 	C:\Program Files\Microsoft\jdk-11.0.20.8-hotspot\bin\net.dll
0x00007ffdf5cc0000 - 0x00007ffdf5dca000 	C:\WINDOWS\SYSTEM32\WINHTTP.dll
0x00007ffdff1a0000 - 0x00007ffdff20a000 	C:\WINDOWS\system32\mswsock.dll
0x00007ffdeefc0000 - 0x00007ffdeefd3000 	C:\Program Files\Microsoft\jdk-11.0.20.8-hotspot\bin\nio.dll
0x00007ffde7c30000 - 0x00007ffde7c57000 	C:\Users\nana jordan\.gradle\native\68d5fa5c4cc2d200863cafc0d521ce42e7d3e7ee720ec0a83991735586a16f82\windows-amd64\native-platform.dll
0x00007ffdc1eb0000 - 0x00007ffdc1ff4000 	C:\Users\nana jordan\.gradle\native\e376f236ea51e6404a007f0833ffe2c6e607c4080706a723a18a27aeea778392\windows-amd64\native-platform-file-events.dll
0x00007ffdf8ad0000 - 0x00007ffdf8ad9000 	C:\Program Files\Microsoft\jdk-11.0.20.8-hotspot\bin\management.dll
0x00007ffdf5f90000 - 0x00007ffdf5f9b000 	C:\Program Files\Microsoft\jdk-11.0.20.8-hotspot\bin\management_ext.dll
0x00007ffdff390000 - 0x00007ffdff3a8000 	C:\WINDOWS\SYSTEM32\CRYPTSP.dll
0x00007ffdfead0000 - 0x00007ffdfeb04000 	C:\WINDOWS\system32\rsaenh.dll
0x00007ffe00420000 - 0x00007ffe00447000 	C:\WINDOWS\System32\bcrypt.dll
0x00007ffdff9c0000 - 0x00007ffdff9ee000 	C:\WINDOWS\SYSTEM32\USERENV.dll
0x00007ffdff3b0000 - 0x00007ffdff3bc000 	C:\WINDOWS\SYSTEM32\CRYPTBASE.dll
0x00007ffdfee90000 - 0x00007ffdfeecb000 	C:\WINDOWS\SYSTEM32\IPHLPAPI.DLL
0x00007ffe00450000 - 0x00007ffe00458000 	C:\WINDOWS\System32\NSI.dll
0x00007ffdf6940000 - 0x00007ffdf6957000 	C:\WINDOWS\SYSTEM32\dhcpcsvc6.DLL
0x00007ffdf6920000 - 0x00007ffdf693d000 	C:\WINDOWS\SYSTEM32\dhcpcsvc.DLL
0x00007ffdfeed0000 - 0x00007ffdfef9a000 	C:\WINDOWS\SYSTEM32\DNSAPI.dll
0x00007ffdfab10000 - 0x00007ffdfab27000 	C:\WINDOWS\system32\napinsp.dll
0x00007ffdfaae0000 - 0x00007ffdfaafb000 	C:\WINDOWS\system32\pnrpnsp.dll
0x00007ffdf8730000 - 0x00007ffdf8745000 	C:\WINDOWS\system32\wshbth.dll
0x00007ffdf6aa0000 - 0x00007ffdf6abd000 	C:\WINDOWS\system32\NLAapi.dll
0x00007ffdf6510000 - 0x00007ffdf6522000 	C:\WINDOWS\System32\winrnr.dll
0x00007ffdef530000 - 0x00007ffdef53a000 	C:\Windows\System32\rasadhlp.dll
0x00007ffdef550000 - 0x00007ffdef5d0000 	C:\WINDOWS\System32\fwpuclnt.dll

dbghelp: loaded successfully - version: 4.0.5 - missing functions: none
symbol engine: initialized successfully - sym options: 0x614 - pdb path: .;C:\Program Files\Microsoft\jdk-11.0.20.8-hotspot\bin;C:\WINDOWS\SYSTEM32;C:\WINDOWS\WinSxS\amd64_microsoft.windows.common-controls_6595b64144ccf1df_6.0.19041.3636_none_60b6a03d71f818d5;C:\Program Files\Microsoft\jdk-11.0.20.8-hotspot\bin\server;C:\Users\nana jordan\.gradle\native\68d5fa5c4cc2d200863cafc0d521ce42e7d3e7ee720ec0a83991735586a16f82\windows-amd64;C:\Users\nana jordan\.gradle\native\e376f236ea51e6404a007f0833ffe2c6e607c4080706a723a18a27aeea778392\windows-amd64

VM Arguments:
jvm_args: -XX:MaxMetaspaceSize=512m --add-opens=java.base/java.util=ALL-UNNAMED --add-opens=java.base/java.lang=ALL-UNNAMED --add-opens=java.base/java.lang.invoke=ALL-UNNAMED --add-opens=java.prefs/java.util.prefs=ALL-UNNAMED --add-opens=java.base/java.nio.charset=ALL-UNNAMED --add-opens=java.base/java.net=ALL-UNNAMED --add-opens=java.base/java.util.concurrent.atomic=ALL-UNNAMED -Xmx2048m -Dfile.encoding=windows-1252 -Duser.country=FR -Duser.language=fr -Duser.variant 
java_command: org.gradle.launcher.daemon.bootstrap.GradleDaemon 8.0.1
java_class_path (initial): C:\Users\nana jordan\.gradle\wrapper\dists\gradle-8.0.1-all\aro4hu1c3oeioove7l0i4i14o\gradle-8.0.1\lib\gradle-launcher-8.0.1.jar
Launcher Type: SUN_STANDARD

[Global flags]
     intx CICompilerCount                          = 3                                         {product} {ergonomic}
   size_t CompressedClassSpaceSize                 = 528482304                                 {product} {ergonomic}
     uint ConcGCThreads                            = 1                                         {product} {ergonomic}
     uint G1ConcRefinementThreads                  = 4                                         {product} {ergonomic}
   size_t G1HeapRegionSize                         = 1048576                                   {product} {ergonomic}
    uintx GCDrainStackTargetSize                   = 64                                        {product} {ergonomic}
   size_t InitialHeapSize                          = 58720256                                  {product} {ergonomic}
   size_t MarkStackSize                            = 4194304                                   {product} {ergonomic}
   size_t MaxHeapSize                              = 2147483648                                {product} {command line}
   size_t MaxMetaspaceSize                         = 536870912                                 {product} {command line}
   size_t MaxNewSize                               = 1287651328                                {product} {ergonomic}
   size_t MinHeapDeltaBytes                        = 1048576                                   {product} {ergonomic}
    uintx NonNMethodCodeHeapSize                   = 5830732                                {pd product} {ergonomic}
    uintx NonProfiledCodeHeapSize                  = 122913754                              {pd product} {ergonomic}
    uintx ProfiledCodeHeapSize                     = 122913754                              {pd product} {ergonomic}
    uintx ReservedCodeCacheSize                    = 251658240                              {pd product} {ergonomic}
     bool SegmentedCodeCache                       = true                                      {product} {ergonomic}
     bool UseCompressedClassPointers               = true                                 {lp64_product} {ergonomic}
     bool UseCompressedOops                        = true                                 {lp64_product} {ergonomic}
     bool UseG1GC                                  = true                                      {product} {ergonomic}
     bool UseLargePagesIndividualAllocation        = false                                  {pd product} {ergonomic}

Logging:
Log output configuration:
 #0: stdout all=warning uptime,level,tags
 #1: stderr all=off uptime,level,tags

Environment Variables:
JAVA_HOME=C:\Program Files\Microsoft\jdk-11.0.20.8-hotspot\
CLASSPATH=C:\Users\nana jordan\Desktop\Actif\poc_app\poc-app\android\\gradle\wrapper\gradle-wrapper.jar
PATH=C:\Users\nana jordan\Desktop\Actif\poc_app\poc-app\node_modules\.bin;C:\Users\nana jordan\Desktop\Actif\poc_app\node_modules\.bin;C:\Users\nana jordan\Desktop\Actif\node_modules\.bin;C:\Users\nana jordan\Desktop\node_modules\.bin;C:\Users\nana jordan\node_modules\.bin;C:\Users\node_modules\.bin;C:\node_modules\.bin;C:\Users\nana jordan\AppData\Roaming\npm\node_modules\npm\node_modules\@npmcli\run-script\lib\node-gyp-bin;C:\Program Files\Microsoft\jdk-11.0.20.8-hotspot\bin;C:\Program Files (x86)\NVIDIA Corporation\PhysX\Common;C:\Program Files\Python311\Scripts\;C:\Program Files\Python311\;C:\ProgramData\Oracle\Java\javapath;C:\WINDOWS\system32;C:\WINDOWS;C:\WINDOWS\System32\Wbem;C:\WINDOWS\System32\WindowsPowerShell\v1.0\;C:\WINDOWS\System32\OpenSSH\;C:\Users\nana jordan\AppData\Local\Programs\Python\Python311\Scripts;C:\Users\nana jordan\AppData\Local\Programs\Python\Python311\include;C:\Users\nana jordan\AppData\Local\Programs\Python\Python310\Scripts;C:\Users\nana jordan\AppData\Local\Programs\Python\Python310;C:\Program Files\Git\cmd;C:\Program Files\nodejs\;C:\ProgramData\chocolatey\bin;C:\composer;C:\wamp\bin\php\php8.2.0;C:\Users\nana jordan\AppData\Roaming\npm;C:\Users\nana jordan\AppData\Roaming\npm\node_modules\@angular\cli;C:\Users\nana jordan\AppData\Roaming\npm\node_modules\@angular;C:\Users\nana jordan\AppData\Local\Android\Sdk;C:\Users\nana jordan\AppData\Local\Android\Sdk\platform-tools;C:\Users\nana jordan\AppData\Local\Android\Sdk\platforms;C:\tools\php83;C:\Users\nana jordan\AppData\Local\Android\Sdk\tools;C:\Users\nana jordan\AppData\Local\Programs\Python\Python311\Scripts\;C:\Users\nana jordan\AppData\Local\Programs\Python\Python311\;C:\Users\nana jordan\AppData\Local\Programs\Microsoft VS Code\bin;C:\Users\nana jordan\AppData\Roaming\Composer\vendor\bin;C:\Users\nana jordan\AppData\Local\Android\Sdk\platform-tools;C:\Users\nana jordan\AppData\Local\Android\Sdk\platforms;
USERNAME=nana jordan
LANG=en_US.UTF-8
OS=Windows_NT
PROCESSOR_IDENTIFIER=AMD64 Family 23 Model 32 Stepping 1, AuthenticAMD
TMP=C:\Users\NANAJO~1\AppData\Local\Temp
TEMP=C:\Users\NANAJO~1\AppData\Local\Temp



---------------  S Y S T E M  ---------------

OS: Windows 10 , 64 bit Build 19041 (10.0.19041.3636)
OS uptime: 0 days 0:58 hours

CPU:total 4 (initial active 4) (4 cores per cpu, 2 threads per core) family 23 model 32 stepping 1 microcode 0x0, cmov, cx8, fxsr, mmx, sse, sse2, sse3, ssse3, sse4.1, sse4.2, popcnt, avx, avx2, aes, clmul, mmxext, 3dnowpref, lzcnt, sse4a, ht, tsc, tscinvbit, tscinv, bmi1, bmi2, adx, sha, fma

Memory: 4k page, system-wide physical 3467M (392M free)
TotalPageFile size 9267M (AvailPageFile size 40M)
current process WorkingSet (physical memory assigned to process): 509M, peak: 512M
current process commit charge ("private bytes"): 600M, peak: 648M

vm_info: OpenJDK 64-Bit Server VM (11.0.20+8-LTS) for windows-amd64 JRE (11.0.20+8-LTS), built on Jul  7 2023 17:05:21 by "MicrosoftCorporation" with MS VC++ 15.9 (VS2017)

END.
